ARM GAS  C:\Users\marie\AppData\Local\Temp\cc23gRj0.s 			page 1


   1              		.syntax unified
   2              		.cpu cortex-m0plus
   3              		.fpu softvfp
   4              		.eabi_attribute 20, 1
   5              		.eabi_attribute 21, 1
   6              		.eabi_attribute 23, 3
   7              		.eabi_attribute 24, 1
   8              		.eabi_attribute 25, 1
   9              		.eabi_attribute 26, 1
  10              		.eabi_attribute 30, 1
  11              		.eabi_attribute 34, 0
  12              		.eabi_attribute 18, 4
  13              		.thumb
  14              		.syntax unified
  15              		.file	"cy_ipc_config.c"
  16              		.text
  17              	.Ltext0:
  18              		.cfi_sections	.debug_frame
  19              		.section	.text.Cy_IPC_SystemSemaInit,"ax",%progbits
  20              		.align	2
  21              		.global	Cy_IPC_SystemSemaInit
  22              		.code	16
  23              		.thumb_func
  24              		.type	Cy_IPC_SystemSemaInit, %function
  25              	Cy_IPC_SystemSemaInit:
  26              	.LFB66:
  27              		.file 1 "cy_ipc_config.c"
   1:cy_ipc_config.c **** /***************************************************************************//**
   2:cy_ipc_config.c **** * \file cy_ipc_config.c
   3:cy_ipc_config.c **** * \version 1.20
   4:cy_ipc_config.c **** *
   5:cy_ipc_config.c **** *  Description:
   6:cy_ipc_config.c **** *  This C file is not intended to be part of the IPC driver. It is the code
   7:cy_ipc_config.c **** *  required to configure the device specific IPC channels for semaphores
   8:cy_ipc_config.c **** *  and pipes.
   9:cy_ipc_config.c **** *
  10:cy_ipc_config.c **** ********************************************************************************
  11:cy_ipc_config.c **** * Copyright 2016-2018, Cypress Semiconductor Corporation.  All rights reserved.
  12:cy_ipc_config.c **** * You may use this file only in accordance with the license, terms, conditions,
  13:cy_ipc_config.c **** * disclaimers, and limitations in the end user license agreement accompanying
  14:cy_ipc_config.c **** * the software package with which this file was provided.
  15:cy_ipc_config.c **** *******************************************************************************/
  16:cy_ipc_config.c **** 
  17:cy_ipc_config.c **** #include "ipc/cy_ipc_drv.h"
  18:cy_ipc_config.c **** #include "ipc/cy_ipc_pipe.h"
  19:cy_ipc_config.c **** #include "ipc/cy_ipc_sema.h"
  20:cy_ipc_config.c **** 
  21:cy_ipc_config.c **** #include "cy_ipc_config.h"
  22:cy_ipc_config.c **** 
  23:cy_ipc_config.c **** #if (CY_IPC_CYPIPE_ENABLE)
  24:cy_ipc_config.c **** static void Cy_IPC_SystemPipeIsr(void);
  25:cy_ipc_config.c **** 
  26:cy_ipc_config.c **** #define CY_CYPIPE_DEFAULT_CONFIG    \
  27:cy_ipc_config.c **** {\
  28:cy_ipc_config.c ****     /* .ep0ConfigData */ {\
  29:cy_ipc_config.c ****         /* .ipcNotifierNumber    */  CY_IPC_INTR_CYPIPE_EP0,\
  30:cy_ipc_config.c ****         /* .ipcNotifierPriority  */  CY_IPC_INTR_CYPIPE_PRIOR_EP0,\
ARM GAS  C:\Users\marie\AppData\Local\Temp\cc23gRj0.s 			page 2


  31:cy_ipc_config.c ****         /* .ipcNotifierMuxNumber */  CY_IPC_INTR_CYPIPE_MUX_EP0,\
  32:cy_ipc_config.c ****         /* .epAddress            */  CY_IPC_EP_CYPIPE_CM0_ADDR,\
  33:cy_ipc_config.c ****         /* .epConfig             */  CY_IPC_CYPIPE_CONFIG_EP0\
  34:cy_ipc_config.c ****     },\
  35:cy_ipc_config.c ****     /* .ep1ConfigData */ {\
  36:cy_ipc_config.c ****         /* .ipcNotifierNumber    */  CY_IPC_INTR_CYPIPE_EP1,\
  37:cy_ipc_config.c ****         /* .ipcNotifierPriority  */  CY_IPC_INTR_CYPIPE_PRIOR_EP1,\
  38:cy_ipc_config.c ****         /* .ipcNotifierMuxNumber */  0u,\
  39:cy_ipc_config.c ****         /* .epAddress            */  CY_IPC_EP_CYPIPE_CM4_ADDR,\
  40:cy_ipc_config.c ****         /* .epConfig             */  CY_IPC_CYPIPE_CONFIG_EP1\
  41:cy_ipc_config.c ****     },\
  42:cy_ipc_config.c ****     /* .endpointClientsCount     */  CY_IPC_CYPIPE_CLIENT_CNT,\
  43:cy_ipc_config.c ****     /* .endpointsCallbacksArray  */  cy_ipc_pipe_sysCbArray,\
  44:cy_ipc_config.c ****     /* .userPipeIsrHandler       */  &Cy_IPC_SystemPipeIsr\
  45:cy_ipc_config.c **** }
  46:cy_ipc_config.c **** #endif /* CY_IPC_CYPIPE_ENABLE */
  47:cy_ipc_config.c **** 
  48:cy_ipc_config.c **** /*******************************************************************************
  49:cy_ipc_config.c **** * Function Name: Cy_IPC_SystemSemaInit
  50:cy_ipc_config.c **** ****************************************************************************//**
  51:cy_ipc_config.c **** *
  52:cy_ipc_config.c **** * Initializes the system semaphores. The system semaphores are used by Flash.
  53:cy_ipc_config.c **** *
  54:cy_ipc_config.c **** * This function is called in the SystemInit() function. If the default startup
  55:cy_ipc_config.c **** * file is not used, or SystemInit() is not called in your project,
  56:cy_ipc_config.c **** * call the following three functions prior to executing any flash or EmEEPROM
  57:cy_ipc_config.c **** * write or erase operation:
  58:cy_ipc_config.c **** *  -# Cy_IPC_SystemSemaInit()
  59:cy_ipc_config.c **** *  -# Cy_IPC_SystemPipeInit()
  60:cy_ipc_config.c **** *  -# Cy_Flash_Init()
  61:cy_ipc_config.c **** *
  62:cy_ipc_config.c **** *******************************************************************************/
  63:cy_ipc_config.c **** void Cy_IPC_SystemSemaInit(void)
  64:cy_ipc_config.c **** {
  28              		.loc 1 64 0
  29              		.cfi_startproc
  30              		@ args = 0, pretend = 0, frame = 0
  31              		@ frame_needed = 0, uses_anonymous_args = 0
  32 0000 10B5     		push	{r4, lr}
  33              		.cfi_def_cfa_offset 8
  34              		.cfi_offset 4, -8
  35              		.cfi_offset 14, -4
  65:cy_ipc_config.c **** /* Create array used for semaphores */
  66:cy_ipc_config.c **** #if ((CY_CPU_CORTEX_M0P) || !(__CM0P_PRESENT))
  67:cy_ipc_config.c ****     static uint32_t ipcSemaArray[CY_IPC_SEMA_COUNT / CY_IPC_SEMA_PER_WORD];
  68:cy_ipc_config.c ****     (void) Cy_IPC_Sema_Init(CY_IPC_CHAN_SEMA, CY_IPC_SEMA_COUNT, ipcSemaArray);
  36              		.loc 1 68 0
  37 0002 034A     		ldr	r2, .L2
  38 0004 8021     		movs	r1, #128
  39 0006 0420     		movs	r0, #4
  40 0008 FFF7FEFF 		bl	Cy_IPC_Sema_Init
  41              	.LVL0:
  69:cy_ipc_config.c **** #else
  70:cy_ipc_config.c ****     (void) Cy_IPC_Sema_Init(CY_IPC_CHAN_SEMA, 0ul, NULL);
  71:cy_ipc_config.c **** #endif
  72:cy_ipc_config.c **** }
  42              		.loc 1 72 0
ARM GAS  C:\Users\marie\AppData\Local\Temp\cc23gRj0.s 			page 3


  43              		@ sp needed
  44 000c 10BD     		pop	{r4, pc}
  45              	.L3:
  46 000e C046     		.align	2
  47              	.L2:
  48 0010 00000000 		.word	.LANCHOR0
  49              		.cfi_endproc
  50              	.LFE66:
  51              		.size	Cy_IPC_SystemSemaInit, .-Cy_IPC_SystemSemaInit
  52              		.section	.text.Cy_IPC_SystemPipeInit,"ax",%progbits
  53              		.align	2
  54              		.global	Cy_IPC_SystemPipeInit
  55              		.code	16
  56              		.thumb_func
  57              		.type	Cy_IPC_SystemPipeInit, %function
  58              	Cy_IPC_SystemPipeInit:
  59              	.LFB67:
  73:cy_ipc_config.c **** 
  74:cy_ipc_config.c **** /*******************************************************************************
  75:cy_ipc_config.c **** * Function Name: Cy_IPC_SystemPipeInit
  76:cy_ipc_config.c **** ****************************************************************************//**
  77:cy_ipc_config.c **** *
  78:cy_ipc_config.c **** * Initializes the system pipes. The system pipes are used by BLE and Flash.
  79:cy_ipc_config.c **** * \note The function should be called on all CPUs.
  80:cy_ipc_config.c **** *
  81:cy_ipc_config.c **** * This function is called in the SystemInit() function. If the default startup
  82:cy_ipc_config.c **** * file is not used, or SystemInit() is not called in your project,
  83:cy_ipc_config.c **** * call the following three functions prior to executing any flash or EmEEPROM
  84:cy_ipc_config.c **** * write or erase operation:
  85:cy_ipc_config.c **** *  -# Cy_IPC_SystemSemaInit()
  86:cy_ipc_config.c **** *  -# Cy_IPC_SystemPipeInit()
  87:cy_ipc_config.c **** *  -# Cy_Flash_Init()
  88:cy_ipc_config.c **** *
  89:cy_ipc_config.c **** * Also this function is called to support BLE host/controller communication.
  90:cy_ipc_config.c **** *
  91:cy_ipc_config.c **** *******************************************************************************/
  92:cy_ipc_config.c **** void Cy_IPC_SystemPipeInit(void)
  93:cy_ipc_config.c **** {
  60              		.loc 1 93 0
  61              		.cfi_startproc
  62              		@ args = 0, pretend = 0, frame = 0
  63              		@ frame_needed = 0, uses_anonymous_args = 0
  64 0000 10B5     		push	{r4, lr}
  65              		.cfi_def_cfa_offset 8
  66              		.cfi_offset 4, -8
  67              		.cfi_offset 14, -4
  94:cy_ipc_config.c ****     /* Create an array of endpoint structures */
  95:cy_ipc_config.c ****     static cy_stc_ipc_pipe_ep_t cy_ipc_pipe_sysEpArray[CY_IPC_MAX_ENDPOINTS];
  96:cy_ipc_config.c **** 
  97:cy_ipc_config.c ****     Cy_IPC_Pipe_Config(cy_ipc_pipe_sysEpArray);
  68              		.loc 1 97 0
  69 0002 0248     		ldr	r0, .L5
  70 0004 1030     		adds	r0, r0, #16
  71 0006 FFF7FEFF 		bl	Cy_IPC_Pipe_Config
  72              	.LVL1:
  98:cy_ipc_config.c **** 
  99:cy_ipc_config.c **** #if (CY_IPC_CYPIPE_ENABLE)
ARM GAS  C:\Users\marie\AppData\Local\Temp\cc23gRj0.s 			page 4


 100:cy_ipc_config.c ****     uint32_t intr;
 101:cy_ipc_config.c **** 
 102:cy_ipc_config.c ****     static cy_ipc_pipe_callback_ptr_t cy_ipc_pipe_sysCbArray[CY_IPC_CYPIPE_CLIENT_CNT];
 103:cy_ipc_config.c **** 
 104:cy_ipc_config.c ****     static const cy_stc_ipc_pipe_config_t systemPipeConfig = CY_CYPIPE_DEFAULT_CONFIG;
 105:cy_ipc_config.c **** 
 106:cy_ipc_config.c ****     intr = Cy_SysLib_EnterCriticalSection();
 107:cy_ipc_config.c **** 
 108:cy_ipc_config.c ****     Cy_IPC_Pipe_Init(&systemPipeConfig);
 109:cy_ipc_config.c **** 
 110:cy_ipc_config.c ****     Cy_SysLib_ExitCriticalSection(intr);
 111:cy_ipc_config.c **** #endif /* CY_IPC_CYPIPE_ENABLE */
 112:cy_ipc_config.c **** }
  73              		.loc 1 112 0
  74              		@ sp needed
  75 000a 10BD     		pop	{r4, pc}
  76              	.L6:
  77              		.align	2
  78              	.L5:
  79 000c 00000000 		.word	.LANCHOR0
  80              		.cfi_endproc
  81              	.LFE67:
  82              		.size	Cy_IPC_SystemPipeInit, .-Cy_IPC_SystemPipeInit
  83              		.bss
  84              		.align	2
  85              		.set	.LANCHOR0,. + 0
  86              		.type	ipcSemaArray.10508, %object
  87              		.size	ipcSemaArray.10508, 16
  88              	ipcSemaArray.10508:
  89 0000 00000000 		.space	16
  89      00000000 
  89      00000000 
  89      00000000 
  90              		.type	cy_ipc_pipe_sysEpArray.10512, %object
  91              		.size	cy_ipc_pipe_sysEpArray.10512, 352
  92              	cy_ipc_pipe_sysEpArray.10512:
  93 0010 00000000 		.space	352
  93      00000000 
  93      00000000 
  93      00000000 
  93      00000000 
  94              		.text
  95              	.Letext0:
  96              		.file 2 "c:\\program files (x86)\\cypress\\psoc creator\\4.4\\psoc creator\\import\\gnu\\arm\\5.4.
  97              		.file 3 "c:\\program files (x86)\\cypress\\psoc creator\\4.4\\psoc creator\\import\\gnu\\arm\\5.4.
  98              		.file 4 "Generated_Source\\PSoC6\\pdl\\devices/psoc6/include/ip/cyip_ipc.h"
  99              		.file 5 "Generated_Source\\PSoC6\\pdl\\drivers/peripheral/device/cy_device.h"
 100              		.file 6 "Generated_Source\\PSoC6\\pdl\\devices/psoc6/include/cy8c6347bzi_bld53.h"
 101              		.file 7 "Generated_Source\\PSoC6\\pdl\\devices/psoc6/include/psoc6_01_config.h"
 102              		.file 8 "Generated_Source\\PSoC6\\pdl\\drivers/peripheral/ipc/cy_ipc_pipe.h"
 103              		.file 9 "Generated_Source\\PSoC6\\pdl\\drivers/peripheral/ipc/cy_ipc_sema.h"
 104              		.section	.debug_info,"",%progbits
 105              	.Ldebug_info0:
 106 0000 B8080000 		.4byte	0x8b8
 107 0004 0400     		.2byte	0x4
 108 0006 00000000 		.4byte	.Ldebug_abbrev0
 109 000a 04       		.byte	0x4
ARM GAS  C:\Users\marie\AppData\Local\Temp\cc23gRj0.s 			page 5


 110 000b 01       		.uleb128 0x1
 111 000c 9B080000 		.4byte	.LASF184
 112 0010 0C       		.byte	0xc
 113 0011 A1050000 		.4byte	.LASF185
 114 0015 B9040000 		.4byte	.LASF186
 115 0019 00000000 		.4byte	.Ldebug_ranges0+0
 116 001d 00000000 		.4byte	0
 117 0021 00000000 		.4byte	.Ldebug_line0
 118 0025 02       		.uleb128 0x2
 119 0026 01       		.byte	0x1
 120 0027 06       		.byte	0x6
 121 0028 D0010000 		.4byte	.LASF0
 122 002c 03       		.uleb128 0x3
 123 002d AB000000 		.4byte	.LASF2
 124 0031 02       		.byte	0x2
 125 0032 1D       		.byte	0x1d
 126 0033 37000000 		.4byte	0x37
 127 0037 02       		.uleb128 0x2
 128 0038 01       		.byte	0x1
 129 0039 08       		.byte	0x8
 130 003a A1070000 		.4byte	.LASF1
 131 003e 03       		.uleb128 0x3
 132 003f 70030000 		.4byte	.LASF3
 133 0043 02       		.byte	0x2
 134 0044 29       		.byte	0x29
 135 0045 49000000 		.4byte	0x49
 136 0049 02       		.uleb128 0x2
 137 004a 02       		.byte	0x2
 138 004b 05       		.byte	0x5
 139 004c F5070000 		.4byte	.LASF4
 140 0050 03       		.uleb128 0x3
 141 0051 84090000 		.4byte	.LASF5
 142 0055 02       		.byte	0x2
 143 0056 2B       		.byte	0x2b
 144 0057 5B000000 		.4byte	0x5b
 145 005b 02       		.uleb128 0x2
 146 005c 02       		.byte	0x2
 147 005d 07       		.byte	0x7
 148 005e FF090000 		.4byte	.LASF6
 149 0062 02       		.uleb128 0x2
 150 0063 04       		.byte	0x4
 151 0064 05       		.byte	0x5
 152 0065 56020000 		.4byte	.LASF7
 153 0069 03       		.uleb128 0x3
 154 006a 49030000 		.4byte	.LASF8
 155 006e 02       		.byte	0x2
 156 006f 41       		.byte	0x41
 157 0070 74000000 		.4byte	0x74
 158 0074 02       		.uleb128 0x2
 159 0075 04       		.byte	0x4
 160 0076 07       		.byte	0x7
 161 0077 FD030000 		.4byte	.LASF9
 162 007b 02       		.uleb128 0x2
 163 007c 08       		.byte	0x8
 164 007d 05       		.byte	0x5
 165 007e C2010000 		.4byte	.LASF10
 166 0082 02       		.uleb128 0x2
ARM GAS  C:\Users\marie\AppData\Local\Temp\cc23gRj0.s 			page 6


 167 0083 08       		.byte	0x8
 168 0084 07       		.byte	0x7
 169 0085 2B010000 		.4byte	.LASF11
 170 0089 04       		.uleb128 0x4
 171 008a 04       		.byte	0x4
 172 008b 05       		.byte	0x5
 173 008c 696E7400 		.ascii	"int\000"
 174 0090 02       		.uleb128 0x2
 175 0091 04       		.byte	0x4
 176 0092 07       		.byte	0x7
 177 0093 BD030000 		.4byte	.LASF12
 178 0097 03       		.uleb128 0x3
 179 0098 AD0A0000 		.4byte	.LASF13
 180 009c 03       		.byte	0x3
 181 009d 18       		.byte	0x18
 182 009e 2C000000 		.4byte	0x2c
 183 00a2 03       		.uleb128 0x3
 184 00a3 BA010000 		.4byte	.LASF14
 185 00a7 03       		.byte	0x3
 186 00a8 20       		.byte	0x20
 187 00a9 3E000000 		.4byte	0x3e
 188 00ad 03       		.uleb128 0x3
 189 00ae D9030000 		.4byte	.LASF15
 190 00b2 03       		.byte	0x3
 191 00b3 24       		.byte	0x24
 192 00b4 50000000 		.4byte	0x50
 193 00b8 03       		.uleb128 0x3
 194 00b9 86080000 		.4byte	.LASF16
 195 00bd 03       		.byte	0x3
 196 00be 30       		.byte	0x30
 197 00bf 69000000 		.4byte	0x69
 198 00c3 02       		.uleb128 0x2
 199 00c4 08       		.byte	0x8
 200 00c5 04       		.byte	0x4
 201 00c6 2D090000 		.4byte	.LASF17
 202 00ca 05       		.uleb128 0x5
 203 00cb B8000000 		.4byte	0xb8
 204 00cf 06       		.uleb128 0x6
 205 00d0 CA000000 		.4byte	0xca
 206 00d4 07       		.uleb128 0x7
 207 00d5 CF000000 		.4byte	0xcf
 208 00d9 E4000000 		.4byte	0xe4
 209 00dd 08       		.uleb128 0x8
 210 00de E4000000 		.4byte	0xe4
 211 00e2 02       		.byte	0x2
 212 00e3 00       		.byte	0
 213 00e4 02       		.uleb128 0x2
 214 00e5 04       		.byte	0x4
 215 00e6 07       		.byte	0x7
 216 00e7 F5050000 		.4byte	.LASF18
 217 00eb 07       		.uleb128 0x7
 218 00ec CF000000 		.4byte	0xcf
 219 00f0 FB000000 		.4byte	0xfb
 220 00f4 08       		.uleb128 0x8
 221 00f5 E4000000 		.4byte	0xe4
 222 00f9 03       		.byte	0x3
 223 00fa 00       		.byte	0
ARM GAS  C:\Users\marie\AppData\Local\Temp\cc23gRj0.s 			page 7


 224 00fb 09       		.uleb128 0x9
 225 00fc 20       		.byte	0x20
 226 00fd 04       		.byte	0x4
 227 00fe 23       		.byte	0x23
 228 00ff 4C010000 		.4byte	0x14c
 229 0103 0A       		.uleb128 0xa
 230 0104 00020000 		.4byte	.LASF19
 231 0108 04       		.byte	0x4
 232 0109 24       		.byte	0x24
 233 010a CF000000 		.4byte	0xcf
 234 010e 00       		.byte	0
 235 010f 0A       		.uleb128 0xa
 236 0110 E1000000 		.4byte	.LASF20
 237 0114 04       		.byte	0x4
 238 0115 25       		.byte	0x25
 239 0116 CA000000 		.4byte	0xca
 240 011a 04       		.byte	0x4
 241 011b 0A       		.uleb128 0xa
 242 011c 39050000 		.4byte	.LASF21
 243 0120 04       		.byte	0x4
 244 0121 26       		.byte	0x26
 245 0122 CA000000 		.4byte	0xca
 246 0126 08       		.byte	0x8
 247 0127 0A       		.uleb128 0xa
 248 0128 A3040000 		.4byte	.LASF22
 249 012c 04       		.byte	0x4
 250 012d 27       		.byte	0x27
 251 012e CA000000 		.4byte	0xca
 252 0132 0C       		.byte	0xc
 253 0133 0A       		.uleb128 0xa
 254 0134 64030000 		.4byte	.LASF23
 255 0138 04       		.byte	0x4
 256 0139 28       		.byte	0x28
 257 013a CF000000 		.4byte	0xcf
 258 013e 10       		.byte	0x10
 259 013f 0A       		.uleb128 0xa
 260 0140 27080000 		.4byte	.LASF24
 261 0144 04       		.byte	0x4
 262 0145 29       		.byte	0x29
 263 0146 51010000 		.4byte	0x151
 264 014a 14       		.byte	0x14
 265 014b 00       		.byte	0
 266 014c 05       		.uleb128 0x5
 267 014d D4000000 		.4byte	0xd4
 268 0151 06       		.uleb128 0x6
 269 0152 4C010000 		.4byte	0x14c
 270 0156 03       		.uleb128 0x3
 271 0157 FF070000 		.4byte	.LASF25
 272 015b 04       		.byte	0x4
 273 015c 2A       		.byte	0x2a
 274 015d FB000000 		.4byte	0xfb
 275 0161 09       		.uleb128 0x9
 276 0162 20       		.byte	0x20
 277 0163 04       		.byte	0x4
 278 0164 2F       		.byte	0x2f
 279 0165 A6010000 		.4byte	0x1a6
 280 0169 0A       		.uleb128 0xa
ARM GAS  C:\Users\marie\AppData\Local\Temp\cc23gRj0.s 			page 8


 281 016a 26010000 		.4byte	.LASF26
 282 016e 04       		.byte	0x4
 283 016f 30       		.byte	0x30
 284 0170 CA000000 		.4byte	0xca
 285 0174 00       		.byte	0
 286 0175 0A       		.uleb128 0xa
 287 0176 B1050000 		.4byte	.LASF27
 288 017a 04       		.byte	0x4
 289 017b 31       		.byte	0x31
 290 017c CA000000 		.4byte	0xca
 291 0180 04       		.byte	0x4
 292 0181 0A       		.uleb128 0xa
 293 0182 29040000 		.4byte	.LASF28
 294 0186 04       		.byte	0x4
 295 0187 32       		.byte	0x32
 296 0188 CA000000 		.4byte	0xca
 297 018c 08       		.byte	0x8
 298 018d 0A       		.uleb128 0xa
 299 018e 2F070000 		.4byte	.LASF29
 300 0192 04       		.byte	0x4
 301 0193 33       		.byte	0x33
 302 0194 CF000000 		.4byte	0xcf
 303 0198 0C       		.byte	0xc
 304 0199 0A       		.uleb128 0xa
 305 019a 27080000 		.4byte	.LASF24
 306 019e 04       		.byte	0x4
 307 019f 34       		.byte	0x34
 308 01a0 AB010000 		.4byte	0x1ab
 309 01a4 10       		.byte	0x10
 310 01a5 00       		.byte	0
 311 01a6 05       		.uleb128 0x5
 312 01a7 EB000000 		.4byte	0xeb
 313 01ab 06       		.uleb128 0x6
 314 01ac A6010000 		.4byte	0x1a6
 315 01b0 03       		.uleb128 0x3
 316 01b1 21050000 		.4byte	.LASF30
 317 01b5 04       		.byte	0x4
 318 01b6 35       		.byte	0x35
 319 01b7 61010000 		.4byte	0x161
 320 01bb 09       		.uleb128 0x9
 321 01bc B8       		.byte	0xb8
 322 01bd 05       		.byte	0x5
 323 01be 34       		.byte	0x34
 324 01bf CC050000 		.4byte	0x5cc
 325 01c3 0A       		.uleb128 0xa
 326 01c4 FE000000 		.4byte	.LASF31
 327 01c8 05       		.byte	0x5
 328 01c9 37       		.byte	0x37
 329 01ca B8000000 		.4byte	0xb8
 330 01ce 00       		.byte	0
 331 01cf 0A       		.uleb128 0xa
 332 01d0 3E030000 		.4byte	.LASF32
 333 01d4 05       		.byte	0x5
 334 01d5 38       		.byte	0x38
 335 01d6 B8000000 		.4byte	0xb8
 336 01da 04       		.byte	0x4
 337 01db 0A       		.uleb128 0xa
ARM GAS  C:\Users\marie\AppData\Local\Temp\cc23gRj0.s 			page 9


 338 01dc A7020000 		.4byte	.LASF33
 339 01e0 05       		.byte	0x5
 340 01e1 39       		.byte	0x39
 341 01e2 B8000000 		.4byte	0xb8
 342 01e6 08       		.byte	0x8
 343 01e7 0A       		.uleb128 0xa
 344 01e8 8D070000 		.4byte	.LASF34
 345 01ec 05       		.byte	0x5
 346 01ed 3A       		.byte	0x3a
 347 01ee B8000000 		.4byte	0xb8
 348 01f2 0C       		.byte	0xc
 349 01f3 0A       		.uleb128 0xa
 350 01f4 700A0000 		.4byte	.LASF35
 351 01f8 05       		.byte	0x5
 352 01f9 3B       		.byte	0x3b
 353 01fa B8000000 		.4byte	0xb8
 354 01fe 10       		.byte	0x10
 355 01ff 0A       		.uleb128 0xa
 356 0200 4C020000 		.4byte	.LASF36
 357 0204 05       		.byte	0x5
 358 0205 3C       		.byte	0x3c
 359 0206 B8000000 		.4byte	0xb8
 360 020a 14       		.byte	0x14
 361 020b 0A       		.uleb128 0xa
 362 020c 33040000 		.4byte	.LASF37
 363 0210 05       		.byte	0x5
 364 0211 3D       		.byte	0x3d
 365 0212 B8000000 		.4byte	0xb8
 366 0216 18       		.byte	0x18
 367 0217 0A       		.uleb128 0xa
 368 0218 7C000000 		.4byte	.LASF38
 369 021c 05       		.byte	0x5
 370 021d 3E       		.byte	0x3e
 371 021e B8000000 		.4byte	0xb8
 372 0222 1C       		.byte	0x1c
 373 0223 0A       		.uleb128 0xa
 374 0224 400B0000 		.4byte	.LASF39
 375 0228 05       		.byte	0x5
 376 0229 3F       		.byte	0x3f
 377 022a B8000000 		.4byte	0xb8
 378 022e 20       		.byte	0x20
 379 022f 0A       		.uleb128 0xa
 380 0230 BA050000 		.4byte	.LASF40
 381 0234 05       		.byte	0x5
 382 0235 40       		.byte	0x40
 383 0236 B8000000 		.4byte	0xb8
 384 023a 24       		.byte	0x24
 385 023b 0A       		.uleb128 0xa
 386 023c 7D050000 		.4byte	.LASF41
 387 0240 05       		.byte	0x5
 388 0241 43       		.byte	0x43
 389 0242 97000000 		.4byte	0x97
 390 0246 28       		.byte	0x28
 391 0247 0A       		.uleb128 0xa
 392 0248 62000000 		.4byte	.LASF42
 393 024c 05       		.byte	0x5
 394 024d 44       		.byte	0x44
ARM GAS  C:\Users\marie\AppData\Local\Temp\cc23gRj0.s 			page 10


 395 024e 97000000 		.4byte	0x97
 396 0252 29       		.byte	0x29
 397 0253 0A       		.uleb128 0xa
 398 0254 360B0000 		.4byte	.LASF43
 399 0258 05       		.byte	0x5
 400 0259 45       		.byte	0x45
 401 025a 97000000 		.4byte	0x97
 402 025e 2A       		.byte	0x2a
 403 025f 0A       		.uleb128 0xa
 404 0260 F6060000 		.4byte	.LASF44
 405 0264 05       		.byte	0x5
 406 0265 46       		.byte	0x46
 407 0266 97000000 		.4byte	0x97
 408 026a 2B       		.byte	0x2b
 409 026b 0A       		.uleb128 0xa
 410 026c 15050000 		.4byte	.LASF45
 411 0270 05       		.byte	0x5
 412 0271 47       		.byte	0x47
 413 0272 97000000 		.4byte	0x97
 414 0276 2C       		.byte	0x2c
 415 0277 0A       		.uleb128 0xa
 416 0278 CF090000 		.4byte	.LASF46
 417 027c 05       		.byte	0x5
 418 027d 48       		.byte	0x48
 419 027e 97000000 		.4byte	0x97
 420 0282 2D       		.byte	0x2d
 421 0283 0A       		.uleb128 0xa
 422 0284 1E020000 		.4byte	.LASF47
 423 0288 05       		.byte	0x5
 424 0289 49       		.byte	0x49
 425 028a 97000000 		.4byte	0x97
 426 028e 2E       		.byte	0x2e
 427 028f 0A       		.uleb128 0xa
 428 0290 D4050000 		.4byte	.LASF48
 429 0294 05       		.byte	0x5
 430 0295 4A       		.byte	0x4a
 431 0296 97000000 		.4byte	0x97
 432 029a 2F       		.byte	0x2f
 433 029b 0A       		.uleb128 0xa
 434 029c A0060000 		.4byte	.LASF49
 435 02a0 05       		.byte	0x5
 436 02a1 4B       		.byte	0x4b
 437 02a2 97000000 		.4byte	0x97
 438 02a6 30       		.byte	0x30
 439 02a7 0A       		.uleb128 0xa
 440 02a8 1E040000 		.4byte	.LASF50
 441 02ac 05       		.byte	0x5
 442 02ad 4E       		.byte	0x4e
 443 02ae 97000000 		.4byte	0x97
 444 02b2 31       		.byte	0x31
 445 02b3 0A       		.uleb128 0xa
 446 02b4 9D000000 		.4byte	.LASF51
 447 02b8 05       		.byte	0x5
 448 02b9 4F       		.byte	0x4f
 449 02ba 97000000 		.4byte	0x97
 450 02be 32       		.byte	0x32
 451 02bf 0A       		.uleb128 0xa
ARM GAS  C:\Users\marie\AppData\Local\Temp\cc23gRj0.s 			page 11


 452 02c0 B1030000 		.4byte	.LASF52
 453 02c4 05       		.byte	0x5
 454 02c5 50       		.byte	0x50
 455 02c6 97000000 		.4byte	0x97
 456 02ca 33       		.byte	0x33
 457 02cb 0A       		.uleb128 0xa
 458 02cc 31060000 		.4byte	.LASF53
 459 02d0 05       		.byte	0x5
 460 02d1 51       		.byte	0x51
 461 02d2 97000000 		.4byte	0x97
 462 02d6 34       		.byte	0x34
 463 02d7 0A       		.uleb128 0xa
 464 02d8 430A0000 		.4byte	.LASF54
 465 02dc 05       		.byte	0x5
 466 02dd 52       		.byte	0x52
 467 02de A2000000 		.4byte	0xa2
 468 02e2 36       		.byte	0x36
 469 02e3 0A       		.uleb128 0xa
 470 02e4 7B080000 		.4byte	.LASF55
 471 02e8 05       		.byte	0x5
 472 02e9 53       		.byte	0x53
 473 02ea A2000000 		.4byte	0xa2
 474 02ee 38       		.byte	0x38
 475 02ef 0A       		.uleb128 0xa
 476 02f0 880A0000 		.4byte	.LASF56
 477 02f4 05       		.byte	0x5
 478 02f5 54       		.byte	0x54
 479 02f6 A2000000 		.4byte	0xa2
 480 02fa 3A       		.byte	0x3a
 481 02fb 0A       		.uleb128 0xa
 482 02fc 270B0000 		.4byte	.LASF57
 483 0300 05       		.byte	0x5
 484 0301 55       		.byte	0x55
 485 0302 97000000 		.4byte	0x97
 486 0306 3C       		.byte	0x3c
 487 0307 0A       		.uleb128 0xa
 488 0308 E5020000 		.4byte	.LASF58
 489 030c 05       		.byte	0x5
 490 030d 56       		.byte	0x56
 491 030e 97000000 		.4byte	0x97
 492 0312 3D       		.byte	0x3d
 493 0313 0A       		.uleb128 0xa
 494 0314 52080000 		.4byte	.LASF59
 495 0318 05       		.byte	0x5
 496 0319 57       		.byte	0x57
 497 031a 97000000 		.4byte	0x97
 498 031e 3E       		.byte	0x3e
 499 031f 0A       		.uleb128 0xa
 500 0320 70000000 		.4byte	.LASF60
 501 0324 05       		.byte	0x5
 502 0325 58       		.byte	0x58
 503 0326 97000000 		.4byte	0x97
 504 032a 3F       		.byte	0x3f
 505 032b 0A       		.uleb128 0xa
 506 032c 04070000 		.4byte	.LASF61
 507 0330 05       		.byte	0x5
 508 0331 59       		.byte	0x59
ARM GAS  C:\Users\marie\AppData\Local\Temp\cc23gRj0.s 			page 12


 509 0332 97000000 		.4byte	0x97
 510 0336 40       		.byte	0x40
 511 0337 0A       		.uleb128 0xa
 512 0338 54030000 		.4byte	.LASF62
 513 033c 05       		.byte	0x5
 514 033d 5A       		.byte	0x5a
 515 033e 97000000 		.4byte	0x97
 516 0342 41       		.byte	0x41
 517 0343 0A       		.uleb128 0xa
 518 0344 4F050000 		.4byte	.LASF63
 519 0348 05       		.byte	0x5
 520 0349 5B       		.byte	0x5b
 521 034a 97000000 		.4byte	0x97
 522 034e 42       		.byte	0x42
 523 034f 0A       		.uleb128 0xa
 524 0350 D8060000 		.4byte	.LASF64
 525 0354 05       		.byte	0x5
 526 0355 5C       		.byte	0x5c
 527 0356 97000000 		.4byte	0x97
 528 035a 43       		.byte	0x43
 529 035b 0A       		.uleb128 0xa
 530 035c B0020000 		.4byte	.LASF65
 531 0360 05       		.byte	0x5
 532 0361 5D       		.byte	0x5d
 533 0362 97000000 		.4byte	0x97
 534 0366 44       		.byte	0x44
 535 0367 0A       		.uleb128 0xa
 536 0368 00000000 		.4byte	.LASF66
 537 036c 05       		.byte	0x5
 538 036d 5E       		.byte	0x5e
 539 036e B8000000 		.4byte	0xb8
 540 0372 48       		.byte	0x48
 541 0373 0A       		.uleb128 0xa
 542 0374 8A020000 		.4byte	.LASF67
 543 0378 05       		.byte	0x5
 544 0379 5F       		.byte	0x5f
 545 037a B8000000 		.4byte	0xb8
 546 037e 4C       		.byte	0x4c
 547 037f 0A       		.uleb128 0xa
 548 0380 940B0000 		.4byte	.LASF68
 549 0384 05       		.byte	0x5
 550 0385 60       		.byte	0x60
 551 0386 97000000 		.4byte	0x97
 552 038a 50       		.byte	0x50
 553 038b 0A       		.uleb128 0xa
 554 038c 94010000 		.4byte	.LASF69
 555 0390 05       		.byte	0x5
 556 0391 61       		.byte	0x61
 557 0392 97000000 		.4byte	0x97
 558 0396 51       		.byte	0x51
 559 0397 0A       		.uleb128 0xa
 560 0398 9D0A0000 		.4byte	.LASF70
 561 039c 05       		.byte	0x5
 562 039d 62       		.byte	0x62
 563 039e 97000000 		.4byte	0x97
 564 03a2 52       		.byte	0x52
 565 03a3 0A       		.uleb128 0xa
ARM GAS  C:\Users\marie\AppData\Local\Temp\cc23gRj0.s 			page 13


 566 03a4 820B0000 		.4byte	.LASF71
 567 03a8 05       		.byte	0x5
 568 03a9 63       		.byte	0x63
 569 03aa 97000000 		.4byte	0x97
 570 03ae 53       		.byte	0x53
 571 03af 0A       		.uleb128 0xa
 572 03b0 6B080000 		.4byte	.LASF72
 573 03b4 05       		.byte	0x5
 574 03b5 64       		.byte	0x64
 575 03b6 97000000 		.4byte	0x97
 576 03ba 54       		.byte	0x54
 577 03bb 0A       		.uleb128 0xa
 578 03bc A6010000 		.4byte	.LASF73
 579 03c0 05       		.byte	0x5
 580 03c1 65       		.byte	0x65
 581 03c2 97000000 		.4byte	0x97
 582 03c6 55       		.byte	0x55
 583 03c7 0A       		.uleb128 0xa
 584 03c8 EB090000 		.4byte	.LASF74
 585 03cc 05       		.byte	0x5
 586 03cd 66       		.byte	0x66
 587 03ce 97000000 		.4byte	0x97
 588 03d2 56       		.byte	0x56
 589 03d3 0A       		.uleb128 0xa
 590 03d4 5D040000 		.4byte	.LASF75
 591 03d8 05       		.byte	0x5
 592 03d9 67       		.byte	0x67
 593 03da 97000000 		.4byte	0x97
 594 03de 57       		.byte	0x57
 595 03df 0A       		.uleb128 0xa
 596 03e0 2C000000 		.4byte	.LASF76
 597 03e4 05       		.byte	0x5
 598 03e5 68       		.byte	0x68
 599 03e6 97000000 		.4byte	0x97
 600 03ea 58       		.byte	0x58
 601 03eb 0A       		.uleb128 0xa
 602 03ec BC070000 		.4byte	.LASF77
 603 03f0 05       		.byte	0x5
 604 03f1 69       		.byte	0x69
 605 03f2 97000000 		.4byte	0x97
 606 03f6 59       		.byte	0x59
 607 03f7 0A       		.uleb128 0xa
 608 03f8 0C060000 		.4byte	.LASF78
 609 03fc 05       		.byte	0x5
 610 03fd 6E       		.byte	0x6e
 611 03fe AD000000 		.4byte	0xad
 612 0402 5A       		.byte	0x5a
 613 0403 0A       		.uleb128 0xa
 614 0404 120A0000 		.4byte	.LASF79
 615 0408 05       		.byte	0x5
 616 0409 6F       		.byte	0x6f
 617 040a AD000000 		.4byte	0xad
 618 040e 5C       		.byte	0x5c
 619 040f 0A       		.uleb128 0xa
 620 0410 17010000 		.4byte	.LASF80
 621 0414 05       		.byte	0x5
 622 0415 70       		.byte	0x70
ARM GAS  C:\Users\marie\AppData\Local\Temp\cc23gRj0.s 			page 14


 623 0416 97000000 		.4byte	0x97
 624 041a 5E       		.byte	0x5e
 625 041b 0A       		.uleb128 0xa
 626 041c 77070000 		.4byte	.LASF81
 627 0420 05       		.byte	0x5
 628 0421 71       		.byte	0x71
 629 0422 97000000 		.4byte	0x97
 630 0426 5F       		.byte	0x5f
 631 0427 0A       		.uleb128 0xa
 632 0428 AC060000 		.4byte	.LASF82
 633 042c 05       		.byte	0x5
 634 042d 72       		.byte	0x72
 635 042e 97000000 		.4byte	0x97
 636 0432 60       		.byte	0x60
 637 0433 0A       		.uleb128 0xa
 638 0434 41070000 		.4byte	.LASF83
 639 0438 05       		.byte	0x5
 640 0439 73       		.byte	0x73
 641 043a B8000000 		.4byte	0xb8
 642 043e 64       		.byte	0x64
 643 043f 0A       		.uleb128 0xa
 644 0440 42010000 		.4byte	.LASF84
 645 0444 05       		.byte	0x5
 646 0445 76       		.byte	0x76
 647 0446 AD000000 		.4byte	0xad
 648 044a 68       		.byte	0x68
 649 044b 0A       		.uleb128 0xa
 650 044c EB030000 		.4byte	.LASF85
 651 0450 05       		.byte	0x5
 652 0451 77       		.byte	0x77
 653 0452 AD000000 		.4byte	0xad
 654 0456 6A       		.byte	0x6a
 655 0457 0A       		.uleb128 0xa
 656 0458 7F040000 		.4byte	.LASF86
 657 045c 05       		.byte	0x5
 658 045d 78       		.byte	0x78
 659 045e AD000000 		.4byte	0xad
 660 0462 6C       		.byte	0x6c
 661 0463 0A       		.uleb128 0xa
 662 0464 85000000 		.4byte	.LASF87
 663 0468 05       		.byte	0x5
 664 0469 79       		.byte	0x79
 665 046a AD000000 		.4byte	0xad
 666 046e 6E       		.byte	0x6e
 667 046f 0A       		.uleb128 0xa
 668 0470 30080000 		.4byte	.LASF88
 669 0474 05       		.byte	0x5
 670 0475 7B       		.byte	0x7b
 671 0476 97000000 		.4byte	0x97
 672 047a 70       		.byte	0x70
 673 047b 0A       		.uleb128 0xa
 674 047c DC010000 		.4byte	.LASF89
 675 0480 05       		.byte	0x5
 676 0481 7C       		.byte	0x7c
 677 0482 97000000 		.4byte	0x97
 678 0486 71       		.byte	0x71
 679 0487 0A       		.uleb128 0xa
ARM GAS  C:\Users\marie\AppData\Local\Temp\cc23gRj0.s 			page 15


 680 0488 6C0B0000 		.4byte	.LASF90
 681 048c 05       		.byte	0x5
 682 048d 7D       		.byte	0x7d
 683 048e 97000000 		.4byte	0x97
 684 0492 72       		.byte	0x72
 685 0493 0A       		.uleb128 0xa
 686 0494 4E060000 		.4byte	.LASF91
 687 0498 05       		.byte	0x5
 688 0499 7E       		.byte	0x7e
 689 049a 97000000 		.4byte	0x97
 690 049e 73       		.byte	0x73
 691 049f 0A       		.uleb128 0xa
 692 04a0 FF020000 		.4byte	.LASF92
 693 04a4 05       		.byte	0x5
 694 04a5 80       		.byte	0x80
 695 04a6 AD000000 		.4byte	0xad
 696 04aa 74       		.byte	0x74
 697 04ab 0A       		.uleb128 0xa
 698 04ac 99090000 		.4byte	.LASF93
 699 04b0 05       		.byte	0x5
 700 04b1 81       		.byte	0x81
 701 04b2 AD000000 		.4byte	0xad
 702 04b6 76       		.byte	0x76
 703 04b7 0A       		.uleb128 0xa
 704 04b8 D0020000 		.4byte	.LASF94
 705 04bc 05       		.byte	0x5
 706 04bd 82       		.byte	0x82
 707 04be AD000000 		.4byte	0xad
 708 04c2 78       		.byte	0x78
 709 04c3 0A       		.uleb128 0xa
 710 04c4 B5000000 		.4byte	.LASF95
 711 04c8 05       		.byte	0x5
 712 04c9 83       		.byte	0x83
 713 04ca AD000000 		.4byte	0xad
 714 04ce 7A       		.byte	0x7a
 715 04cf 0A       		.uleb128 0xa
 716 04d0 CF0A0000 		.4byte	.LASF96
 717 04d4 05       		.byte	0x5
 718 04d5 86       		.byte	0x86
 719 04d6 97000000 		.4byte	0x97
 720 04da 7C       		.byte	0x7c
 721 04db 0A       		.uleb128 0xa
 722 04dc 5F0A0000 		.4byte	.LASF97
 723 04e0 05       		.byte	0x5
 724 04e1 87       		.byte	0x87
 725 04e2 97000000 		.4byte	0x97
 726 04e6 7D       		.byte	0x7d
 727 04e7 0A       		.uleb128 0xa
 728 04e8 40000000 		.4byte	.LASF98
 729 04ec 05       		.byte	0x5
 730 04ed 88       		.byte	0x88
 731 04ee 97000000 		.4byte	0x97
 732 04f2 7E       		.byte	0x7e
 733 04f3 0A       		.uleb128 0xa
 734 04f4 76020000 		.4byte	.LASF99
 735 04f8 05       		.byte	0x5
 736 04f9 89       		.byte	0x89
ARM GAS  C:\Users\marie\AppData\Local\Temp\cc23gRj0.s 			page 16


 737 04fa 97000000 		.4byte	0x97
 738 04fe 7F       		.byte	0x7f
 739 04ff 0A       		.uleb128 0xa
 740 0500 9D030000 		.4byte	.LASF100
 741 0504 05       		.byte	0x5
 742 0505 8A       		.byte	0x8a
 743 0506 97000000 		.4byte	0x97
 744 050a 80       		.byte	0x80
 745 050b 0A       		.uleb128 0xa
 746 050c 8A050000 		.4byte	.LASF101
 747 0510 05       		.byte	0x5
 748 0511 8D       		.byte	0x8d
 749 0512 B8000000 		.4byte	0xb8
 750 0516 84       		.byte	0x84
 751 0517 0A       		.uleb128 0xa
 752 0518 5F020000 		.4byte	.LASF102
 753 051c 05       		.byte	0x5
 754 051d 8E       		.byte	0x8e
 755 051e B8000000 		.4byte	0xb8
 756 0522 88       		.byte	0x88
 757 0523 0A       		.uleb128 0xa
 758 0524 BA0A0000 		.4byte	.LASF103
 759 0528 05       		.byte	0x5
 760 0529 8F       		.byte	0x8f
 761 052a B8000000 		.4byte	0xb8
 762 052e 8C       		.byte	0x8c
 763 052f 0A       		.uleb128 0xa
 764 0530 E0050000 		.4byte	.LASF104
 765 0534 05       		.byte	0x5
 766 0535 90       		.byte	0x90
 767 0536 B8000000 		.4byte	0xb8
 768 053a 90       		.byte	0x90
 769 053b 0A       		.uleb128 0xa
 770 053c 88030000 		.4byte	.LASF105
 771 0540 05       		.byte	0x5
 772 0541 91       		.byte	0x91
 773 0542 B8000000 		.4byte	0xb8
 774 0546 94       		.byte	0x94
 775 0547 0A       		.uleb128 0xa
 776 0548 08020000 		.4byte	.LASF106
 777 054c 05       		.byte	0x5
 778 054d 92       		.byte	0x92
 779 054e B8000000 		.4byte	0xb8
 780 0552 98       		.byte	0x98
 781 0553 0A       		.uleb128 0xa
 782 0554 010B0000 		.4byte	.LASF107
 783 0558 05       		.byte	0x5
 784 0559 93       		.byte	0x93
 785 055a B8000000 		.4byte	0xb8
 786 055e 9C       		.byte	0x9c
 787 055f 0A       		.uleb128 0xa
 788 0560 61010000 		.4byte	.LASF108
 789 0564 05       		.byte	0x5
 790 0565 94       		.byte	0x94
 791 0566 B8000000 		.4byte	0xb8
 792 056a A0       		.byte	0xa0
 793 056b 0A       		.uleb128 0xa
ARM GAS  C:\Users\marie\AppData\Local\Temp\cc23gRj0.s 			page 17


 794 056c 29020000 		.4byte	.LASF109
 795 0570 05       		.byte	0x5
 796 0571 95       		.byte	0x95
 797 0572 AD000000 		.4byte	0xad
 798 0576 A4       		.byte	0xa4
 799 0577 0A       		.uleb128 0xa
 800 0578 5B050000 		.4byte	.LASF110
 801 057c 05       		.byte	0x5
 802 057d 96       		.byte	0x96
 803 057e AD000000 		.4byte	0xad
 804 0582 A6       		.byte	0xa6
 805 0583 0A       		.uleb128 0xa
 806 0584 6B070000 		.4byte	.LASF111
 807 0588 05       		.byte	0x5
 808 0589 97       		.byte	0x97
 809 058a AD000000 		.4byte	0xad
 810 058e A8       		.byte	0xa8
 811 058f 0A       		.uleb128 0xa
 812 0590 76090000 		.4byte	.LASF112
 813 0594 05       		.byte	0x5
 814 0595 98       		.byte	0x98
 815 0596 AD000000 		.4byte	0xad
 816 059a AA       		.byte	0xaa
 817 059b 0A       		.uleb128 0xa
 818 059c 95040000 		.4byte	.LASF113
 819 05a0 05       		.byte	0x5
 820 05a1 99       		.byte	0x99
 821 05a2 AD000000 		.4byte	0xad
 822 05a6 AC       		.byte	0xac
 823 05a7 0A       		.uleb128 0xa
 824 05a8 83060000 		.4byte	.LASF114
 825 05ac 05       		.byte	0x5
 826 05ad 9A       		.byte	0x9a
 827 05ae AD000000 		.4byte	0xad
 828 05b2 AE       		.byte	0xae
 829 05b3 0A       		.uleb128 0xa
 830 05b4 1B0A0000 		.4byte	.LASF115
 831 05b8 05       		.byte	0x5
 832 05b9 9D       		.byte	0x9d
 833 05ba AD000000 		.4byte	0xad
 834 05be B0       		.byte	0xb0
 835 05bf 0A       		.uleb128 0xa
 836 05c0 D0070000 		.4byte	.LASF116
 837 05c4 05       		.byte	0x5
 838 05c5 9E       		.byte	0x9e
 839 05c6 B8000000 		.4byte	0xb8
 840 05ca B4       		.byte	0xb4
 841 05cb 00       		.byte	0
 842 05cc 03       		.uleb128 0x3
 843 05cd 11070000 		.4byte	.LASF117
 844 05d1 05       		.byte	0x5
 845 05d2 9F       		.byte	0x9f
 846 05d3 BB010000 		.4byte	0x1bb
 847 05d7 0B       		.uleb128 0xb
 848 05d8 02       		.byte	0x2
 849 05d9 49000000 		.4byte	0x49
 850 05dd 06       		.byte	0x6
ARM GAS  C:\Users\marie\AppData\Local\Temp\cc23gRj0.s 			page 18


 851 05de 24       		.byte	0x24
 852 05df CE060000 		.4byte	0x6ce
 853 05e3 0C       		.uleb128 0xc
 854 05e4 92000000 		.4byte	.LASF118
 855 05e8 71       		.sleb128 -15
 856 05e9 0C       		.uleb128 0xc
 857 05ea BB090000 		.4byte	.LASF119
 858 05ee 72       		.sleb128 -14
 859 05ef 0C       		.uleb128 0xc
 860 05f0 11030000 		.4byte	.LASF120
 861 05f4 73       		.sleb128 -13
 862 05f5 0C       		.uleb128 0xc
 863 05f6 25060000 		.4byte	.LASF121
 864 05fa 7B       		.sleb128 -5
 865 05fb 0C       		.uleb128 0xc
 866 05fc 8F080000 		.4byte	.LASF122
 867 0600 7E       		.sleb128 -2
 868 0601 0C       		.uleb128 0xc
 869 0602 70050000 		.4byte	.LASF123
 870 0606 7F       		.sleb128 -1
 871 0607 0D       		.uleb128 0xd
 872 0608 FE050000 		.4byte	.LASF124
 873 060c 00       		.byte	0
 874 060d 0D       		.uleb128 0xd
 875 060e E40A0000 		.4byte	.LASF125
 876 0612 01       		.byte	0x1
 877 0613 0D       		.uleb128 0xd
 878 0614 21070000 		.4byte	.LASF126
 879 0618 02       		.byte	0x2
 880 0619 0D       		.uleb128 0xd
 881 061a 3E020000 		.4byte	.LASF127
 882 061e 03       		.byte	0x3
 883 061f 0D       		.uleb128 0xd
 884 0620 7A030000 		.4byte	.LASF128
 885 0624 04       		.byte	0x4
 886 0625 0D       		.uleb128 0xd
 887 0626 44080000 		.4byte	.LASF129
 888 062a 05       		.byte	0x5
 889 062b 0D       		.uleb128 0xd
 890 062c 350A0000 		.4byte	.LASF130
 891 0630 06       		.byte	0x6
 892 0631 0D       		.uleb128 0xd
 893 0632 480B0000 		.4byte	.LASF131
 894 0636 07       		.byte	0x7
 895 0637 0D       		.uleb128 0xd
 896 0638 71040000 		.4byte	.LASF132
 897 063c 08       		.byte	0x8
 898 063d 0D       		.uleb128 0xd
 899 063e 17060000 		.4byte	.LASF133
 900 0642 09       		.byte	0x9
 901 0643 0D       		.uleb128 0xd
 902 0644 DC090000 		.4byte	.LASF134
 903 0648 0A       		.byte	0xa
 904 0649 0D       		.uleb128 0xd
 905 064a F20A0000 		.4byte	.LASF135
 906 064e 0B       		.byte	0xb
 907 064f 0D       		.uleb128 0xd
ARM GAS  C:\Users\marie\AppData\Local\Temp\cc23gRj0.s 			page 19


 908 0650 0F040000 		.4byte	.LASF136
 909 0654 0C       		.byte	0xc
 910 0655 0D       		.uleb128 0xd
 911 0656 C5050000 		.4byte	.LASF137
 912 065a 0D       		.byte	0xd
 913 065b 0D       		.uleb128 0xd
 914 065c 52070000 		.4byte	.LASF138
 915 0660 0E       		.byte	0xe
 916 0661 0D       		.uleb128 0xd
 917 0662 53000000 		.4byte	.LASF139
 918 0666 0F       		.byte	0xf
 919 0667 0D       		.uleb128 0xd
 920 0668 F1010000 		.4byte	.LASF140
 921 066c 10       		.byte	0x10
 922 066d 0D       		.uleb128 0xd
 923 066e 2F030000 		.4byte	.LASF141
 924 0672 11       		.byte	0x11
 925 0673 0D       		.uleb128 0xd
 926 0674 3E090000 		.4byte	.LASF142
 927 0678 12       		.byte	0x12
 928 0679 0D       		.uleb128 0xd
 929 067a F0020000 		.4byte	.LASF143
 930 067e 13       		.byte	0x13
 931 067f 0D       		.uleb128 0xd
 932 0680 CA030000 		.4byte	.LASF144
 933 0684 14       		.byte	0x14
 934 0685 0D       		.uleb128 0xd
 935 0686 40050000 		.4byte	.LASF145
 936 068a 15       		.byte	0x15
 937 068b 0D       		.uleb128 0xd
 938 068c 790A0000 		.4byte	.LASF146
 939 0690 16       		.byte	0x16
 940 0691 0D       		.uleb128 0xd
 941 0692 A50B0000 		.4byte	.LASF147
 942 0696 17       		.byte	0x17
 943 0697 0D       		.uleb128 0xd
 944 0698 85010000 		.4byte	.LASF148
 945 069c 18       		.byte	0x18
 946 069d 0D       		.uleb128 0xd
 947 069e 91060000 		.4byte	.LASF149
 948 06a2 19       		.byte	0x19
 949 06a3 0D       		.uleb128 0xd
 950 06a4 08010000 		.4byte	.LASF150
 951 06a8 1A       		.byte	0x1a
 952 06a9 0D       		.uleb128 0xd
 953 06aa AC090000 		.4byte	.LASF151
 954 06ae 1B       		.byte	0x1b
 955 06af 0D       		.uleb128 0xd
 956 06b0 98020000 		.4byte	.LASF152
 957 06b4 1C       		.byte	0x1c
 958 06b5 0D       		.uleb128 0xd
 959 06b6 52010000 		.4byte	.LASF153
 960 06ba 1D       		.byte	0x1d
 961 06bb 0D       		.uleb128 0xd
 962 06bc 500A0000 		.4byte	.LASF154
 963 06c0 1E       		.byte	0x1e
 964 06c1 0D       		.uleb128 0xd
ARM GAS  C:\Users\marie\AppData\Local\Temp\cc23gRj0.s 			page 20


 965 06c2 20030000 		.4byte	.LASF155
 966 06c6 1F       		.byte	0x1f
 967 06c7 0D       		.uleb128 0xd
 968 06c8 E4070000 		.4byte	.LASF156
 969 06cc F0       		.byte	0xf0
 970 06cd 00       		.byte	0
 971 06ce 03       		.uleb128 0x3
 972 06cf 8F090000 		.4byte	.LASF157
 973 06d3 06       		.byte	0x6
 974 06d4 F4       		.byte	0xf4
 975 06d5 D7050000 		.4byte	0x5d7
 976 06d9 0E       		.uleb128 0xe
 977 06da 170B0000 		.4byte	.LASF158
 978 06de 07       		.byte	0x7
 979 06df 1D06     		.2byte	0x61d
 980 06e1 56010000 		.4byte	0x156
 981 06e5 0E       		.uleb128 0xe
 982 06e6 12080000 		.4byte	.LASF159
 983 06ea 07       		.byte	0x7
 984 06eb 1E06     		.2byte	0x61e
 985 06ed B0010000 		.4byte	0x1b0
 986 06f1 0F       		.uleb128 0xf
 987 06f2 04       		.byte	0x4
 988 06f3 F7060000 		.4byte	0x6f7
 989 06f7 10       		.uleb128 0x10
 990 06f8 02       		.uleb128 0x2
 991 06f9 01       		.byte	0x1
 992 06fa 08       		.byte	0x8
 993 06fb 39090000 		.4byte	.LASF160
 994 06ff 02       		.uleb128 0x2
 995 0700 04       		.byte	0x4
 996 0701 04       		.byte	0x4
 997 0702 3B070000 		.4byte	.LASF161
 998 0706 02       		.uleb128 0x2
 999 0707 08       		.byte	0x8
 1000 0708 04       		.byte	0x4
 1001 0709 C9020000 		.4byte	.LASF162
 1002 070d 03       		.uleb128 0x3
 1003 070e BD060000 		.4byte	.LASF163
 1004 0712 08       		.byte	0x8
 1005 0713 43       		.byte	0x43
 1006 0714 18070000 		.4byte	0x718
 1007 0718 0F       		.uleb128 0xf
 1008 0719 04       		.byte	0x4
 1009 071a 1E070000 		.4byte	0x71e
 1010 071e 11       		.uleb128 0x11
 1011 071f 29070000 		.4byte	0x729
 1012 0723 12       		.uleb128 0x12
 1013 0724 29070000 		.4byte	0x729
 1014 0728 00       		.byte	0
 1015 0729 0F       		.uleb128 0xf
 1016 072a 04       		.byte	0x4
 1017 072b B8000000 		.4byte	0xb8
 1018 072f 03       		.uleb128 0x3
 1019 0730 65060000 		.4byte	.LASF164
 1020 0734 08       		.byte	0x8
 1021 0735 46       		.byte	0x46
ARM GAS  C:\Users\marie\AppData\Local\Temp\cc23gRj0.s 			page 21


 1022 0736 F1060000 		.4byte	0x6f1
 1023 073a 03       		.uleb128 0x3
 1024 073b 3C040000 		.4byte	.LASF165
 1025 073f 08       		.byte	0x8
 1026 0740 49       		.byte	0x49
 1027 0741 45070000 		.4byte	0x745
 1028 0745 0F       		.uleb128 0xf
 1029 0746 04       		.byte	0x4
 1030 0747 0D070000 		.4byte	0x70d
 1031 074b 09       		.uleb128 0x9
 1032 074c 2C       		.byte	0x2c
 1033 074d 08       		.byte	0x8
 1034 074e 7D       		.byte	0x7d
 1035 074f D8070000 		.4byte	0x7d8
 1036 0753 0A       		.uleb128 0xa
 1037 0754 C1020000 		.4byte	.LASF166
 1038 0758 08       		.byte	0x8
 1039 0759 7F       		.byte	0x7f
 1040 075a B8000000 		.4byte	0xb8
 1041 075e 00       		.byte	0
 1042 075f 0A       		.uleb128 0xa
 1043 0760 E2030000 		.4byte	.LASF167
 1044 0764 08       		.byte	0x8
 1045 0765 80       		.byte	0x80
 1046 0766 B8000000 		.4byte	0xb8
 1047 076a 04       		.byte	0x4
 1048 076b 0A       		.uleb128 0xa
 1049 076c 42060000 		.4byte	.LASF168
 1050 0770 08       		.byte	0x8
 1051 0771 81       		.byte	0x81
 1052 0772 B8000000 		.4byte	0xb8
 1053 0776 08       		.byte	0x8
 1054 0777 0A       		.uleb128 0xa
 1055 0778 290A0000 		.4byte	.LASF169
 1056 077c 08       		.byte	0x8
 1057 077d 82       		.byte	0x82
 1058 077e CE060000 		.4byte	0x6ce
 1059 0782 0C       		.byte	0xc
 1060 0783 0A       		.uleb128 0xa
 1061 0784 8E040000 		.4byte	.LASF170
 1062 0788 08       		.byte	0x8
 1063 0789 84       		.byte	0x84
 1064 078a D8070000 		.4byte	0x7d8
 1065 078e 10       		.byte	0x10
 1066 078f 0A       		.uleb128 0xa
 1067 0790 60080000 		.4byte	.LASF171
 1068 0794 08       		.byte	0x8
 1069 0795 85       		.byte	0x85
 1070 0796 DE070000 		.4byte	0x7de
 1071 079a 14       		.byte	0x14
 1072 079b 0A       		.uleb128 0xa
 1073 079c B50A0000 		.4byte	.LASF172
 1074 07a0 08       		.byte	0x8
 1075 07a1 86       		.byte	0x86
 1076 07a2 B8000000 		.4byte	0xb8
 1077 07a6 18       		.byte	0x18
 1078 07a7 0A       		.uleb128 0xa
ARM GAS  C:\Users\marie\AppData\Local\Temp\cc23gRj0.s 			page 22


 1079 07a8 95070000 		.4byte	.LASF173
 1080 07ac 08       		.byte	0x8
 1081 07ad 87       		.byte	0x87
 1082 07ae B8000000 		.4byte	0xb8
 1083 07b2 1C       		.byte	0x1c
 1084 07b3 0A       		.uleb128 0xa
 1085 07b4 77010000 		.4byte	.LASF174
 1086 07b8 08       		.byte	0x8
 1087 07b9 89       		.byte	0x89
 1088 07ba 3A070000 		.4byte	0x73a
 1089 07be 20       		.byte	0x20
 1090 07bf 0A       		.uleb128 0xa
 1091 07c0 E3060000 		.4byte	.LASF175
 1092 07c4 08       		.byte	0x8
 1093 07c5 8A       		.byte	0x8a
 1094 07c6 2F070000 		.4byte	0x72f
 1095 07ca 24       		.byte	0x24
 1096 07cb 0A       		.uleb128 0xa
 1097 07cc 12000000 		.4byte	.LASF176
 1098 07d0 08       		.byte	0x8
 1099 07d1 8B       		.byte	0x8b
 1100 07d2 2F070000 		.4byte	0x72f
 1101 07d6 28       		.byte	0x28
 1102 07d7 00       		.byte	0
 1103 07d8 0F       		.uleb128 0xf
 1104 07d9 04       		.byte	0x4
 1105 07da D9060000 		.4byte	0x6d9
 1106 07de 0F       		.uleb128 0xf
 1107 07df 04       		.byte	0x4
 1108 07e0 E5060000 		.4byte	0x6e5
 1109 07e4 03       		.uleb128 0x3
 1110 07e5 E9000000 		.4byte	.LASF177
 1111 07e9 08       		.byte	0x8
 1112 07ea 8C       		.byte	0x8c
 1113 07eb 4B070000 		.4byte	0x74b
 1114 07ef 13       		.uleb128 0x13
 1115 07f0 560B0000 		.4byte	.LASF178
 1116 07f4 01       		.byte	0x1
 1117 07f5 3F       		.byte	0x3f
 1118 07f6 00000000 		.4byte	.LFB66
 1119 07fa 14000000 		.4byte	.LFE66-.LFB66
 1120 07fe 01       		.uleb128 0x1
 1121 07ff 9C       		.byte	0x9c
 1122 0800 34080000 		.4byte	0x834
 1123 0804 14       		.uleb128 0x14
 1124 0805 AF070000 		.4byte	.LASF180
 1125 0809 01       		.byte	0x1
 1126 080a 43       		.byte	0x43
 1127 080b 34080000 		.4byte	0x834
 1128 080f 05       		.uleb128 0x5
 1129 0810 03       		.byte	0x3
 1130 0811 00000000 		.4byte	ipcSemaArray.10508
 1131 0815 15       		.uleb128 0x15
 1132 0816 0C000000 		.4byte	.LVL0
 1133 081a A4080000 		.4byte	0x8a4
 1134 081e 16       		.uleb128 0x16
 1135 081f 01       		.uleb128 0x1
ARM GAS  C:\Users\marie\AppData\Local\Temp\cc23gRj0.s 			page 23


 1136 0820 50       		.byte	0x50
 1137 0821 01       		.uleb128 0x1
 1138 0822 34       		.byte	0x34
 1139 0823 16       		.uleb128 0x16
 1140 0824 01       		.uleb128 0x1
 1141 0825 51       		.byte	0x51
 1142 0826 02       		.uleb128 0x2
 1143 0827 08       		.byte	0x8
 1144 0828 80       		.byte	0x80
 1145 0829 16       		.uleb128 0x16
 1146 082a 01       		.uleb128 0x1
 1147 082b 52       		.byte	0x52
 1148 082c 05       		.uleb128 0x5
 1149 082d 03       		.byte	0x3
 1150 082e 00000000 		.4byte	.LANCHOR0
 1151 0832 00       		.byte	0
 1152 0833 00       		.byte	0
 1153 0834 07       		.uleb128 0x7
 1154 0835 B8000000 		.4byte	0xb8
 1155 0839 44080000 		.4byte	0x844
 1156 083d 08       		.uleb128 0x8
 1157 083e E4000000 		.4byte	0xe4
 1158 0842 03       		.byte	0x3
 1159 0843 00       		.byte	0
 1160 0844 13       		.uleb128 0x13
 1161 0845 60090000 		.4byte	.LASF179
 1162 0849 01       		.byte	0x1
 1163 084a 5C       		.byte	0x5c
 1164 084b 00000000 		.4byte	.LFB67
 1165 084f 10000000 		.4byte	.LFE67-.LFB67
 1166 0853 01       		.uleb128 0x1
 1167 0854 9C       		.byte	0x9c
 1168 0855 7E080000 		.4byte	0x87e
 1169 0859 14       		.uleb128 0x14
 1170 085a CA000000 		.4byte	.LASF181
 1171 085e 01       		.byte	0x1
 1172 085f 5F       		.byte	0x5f
 1173 0860 7E080000 		.4byte	0x87e
 1174 0864 05       		.uleb128 0x5
 1175 0865 03       		.byte	0x3
 1176 0866 10000000 		.4byte	cy_ipc_pipe_sysEpArray.10512
 1177 086a 15       		.uleb128 0x15
 1178 086b 0A000000 		.4byte	.LVL1
 1179 086f AF080000 		.4byte	0x8af
 1180 0873 16       		.uleb128 0x16
 1181 0874 01       		.uleb128 0x1
 1182 0875 50       		.byte	0x50
 1183 0876 05       		.uleb128 0x5
 1184 0877 03       		.byte	0x3
 1185 0878 10000000 		.4byte	.LANCHOR0+16
 1186 087c 00       		.byte	0
 1187 087d 00       		.byte	0
 1188 087e 07       		.uleb128 0x7
 1189 087f E4070000 		.4byte	0x7e4
 1190 0883 8E080000 		.4byte	0x88e
 1191 0887 08       		.uleb128 0x8
 1192 0888 E4000000 		.4byte	0xe4
ARM GAS  C:\Users\marie\AppData\Local\Temp\cc23gRj0.s 			page 24


 1193 088c 07       		.byte	0x7
 1194 088d 00       		.byte	0
 1195 088e 17       		.uleb128 0x17
 1196 088f 61070000 		.4byte	.LASF187
 1197 0893 05       		.byte	0x5
 1198 0894 A7       		.byte	0xa7
 1199 0895 99080000 		.4byte	0x899
 1200 0899 0F       		.uleb128 0xf
 1201 089a 04       		.byte	0x4
 1202 089b 9F080000 		.4byte	0x89f
 1203 089f 06       		.uleb128 0x6
 1204 08a0 CC050000 		.4byte	0x5cc
 1205 08a4 18       		.uleb128 0x18
 1206 08a5 A8040000 		.4byte	.LASF182
 1207 08a9 A8040000 		.4byte	.LASF182
 1208 08ad 09       		.byte	0x9
 1209 08ae 73       		.byte	0x73
 1210 08af 19       		.uleb128 0x19
 1211 08b0 4D090000 		.4byte	.LASF183
 1212 08b4 4D090000 		.4byte	.LASF183
 1213 08b8 08       		.byte	0x8
 1214 08b9 0801     		.2byte	0x108
 1215 08bb 00       		.byte	0
 1216              		.section	.debug_abbrev,"",%progbits
 1217              	.Ldebug_abbrev0:
 1218 0000 01       		.uleb128 0x1
 1219 0001 11       		.uleb128 0x11
 1220 0002 01       		.byte	0x1
 1221 0003 25       		.uleb128 0x25
 1222 0004 0E       		.uleb128 0xe
 1223 0005 13       		.uleb128 0x13
 1224 0006 0B       		.uleb128 0xb
 1225 0007 03       		.uleb128 0x3
 1226 0008 0E       		.uleb128 0xe
 1227 0009 1B       		.uleb128 0x1b
 1228 000a 0E       		.uleb128 0xe
 1229 000b 55       		.uleb128 0x55
 1230 000c 17       		.uleb128 0x17
 1231 000d 11       		.uleb128 0x11
 1232 000e 01       		.uleb128 0x1
 1233 000f 10       		.uleb128 0x10
 1234 0010 17       		.uleb128 0x17
 1235 0011 00       		.byte	0
 1236 0012 00       		.byte	0
 1237 0013 02       		.uleb128 0x2
 1238 0014 24       		.uleb128 0x24
 1239 0015 00       		.byte	0
 1240 0016 0B       		.uleb128 0xb
 1241 0017 0B       		.uleb128 0xb
 1242 0018 3E       		.uleb128 0x3e
 1243 0019 0B       		.uleb128 0xb
 1244 001a 03       		.uleb128 0x3
 1245 001b 0E       		.uleb128 0xe
 1246 001c 00       		.byte	0
 1247 001d 00       		.byte	0
 1248 001e 03       		.uleb128 0x3
 1249 001f 16       		.uleb128 0x16
ARM GAS  C:\Users\marie\AppData\Local\Temp\cc23gRj0.s 			page 25


 1250 0020 00       		.byte	0
 1251 0021 03       		.uleb128 0x3
 1252 0022 0E       		.uleb128 0xe
 1253 0023 3A       		.uleb128 0x3a
 1254 0024 0B       		.uleb128 0xb
 1255 0025 3B       		.uleb128 0x3b
 1256 0026 0B       		.uleb128 0xb
 1257 0027 49       		.uleb128 0x49
 1258 0028 13       		.uleb128 0x13
 1259 0029 00       		.byte	0
 1260 002a 00       		.byte	0
 1261 002b 04       		.uleb128 0x4
 1262 002c 24       		.uleb128 0x24
 1263 002d 00       		.byte	0
 1264 002e 0B       		.uleb128 0xb
 1265 002f 0B       		.uleb128 0xb
 1266 0030 3E       		.uleb128 0x3e
 1267 0031 0B       		.uleb128 0xb
 1268 0032 03       		.uleb128 0x3
 1269 0033 08       		.uleb128 0x8
 1270 0034 00       		.byte	0
 1271 0035 00       		.byte	0
 1272 0036 05       		.uleb128 0x5
 1273 0037 35       		.uleb128 0x35
 1274 0038 00       		.byte	0
 1275 0039 49       		.uleb128 0x49
 1276 003a 13       		.uleb128 0x13
 1277 003b 00       		.byte	0
 1278 003c 00       		.byte	0
 1279 003d 06       		.uleb128 0x6
 1280 003e 26       		.uleb128 0x26
 1281 003f 00       		.byte	0
 1282 0040 49       		.uleb128 0x49
 1283 0041 13       		.uleb128 0x13
 1284 0042 00       		.byte	0
 1285 0043 00       		.byte	0
 1286 0044 07       		.uleb128 0x7
 1287 0045 01       		.uleb128 0x1
 1288 0046 01       		.byte	0x1
 1289 0047 49       		.uleb128 0x49
 1290 0048 13       		.uleb128 0x13
 1291 0049 01       		.uleb128 0x1
 1292 004a 13       		.uleb128 0x13
 1293 004b 00       		.byte	0
 1294 004c 00       		.byte	0
 1295 004d 08       		.uleb128 0x8
 1296 004e 21       		.uleb128 0x21
 1297 004f 00       		.byte	0
 1298 0050 49       		.uleb128 0x49
 1299 0051 13       		.uleb128 0x13
 1300 0052 2F       		.uleb128 0x2f
 1301 0053 0B       		.uleb128 0xb
 1302 0054 00       		.byte	0
 1303 0055 00       		.byte	0
 1304 0056 09       		.uleb128 0x9
 1305 0057 13       		.uleb128 0x13
 1306 0058 01       		.byte	0x1
ARM GAS  C:\Users\marie\AppData\Local\Temp\cc23gRj0.s 			page 26


 1307 0059 0B       		.uleb128 0xb
 1308 005a 0B       		.uleb128 0xb
 1309 005b 3A       		.uleb128 0x3a
 1310 005c 0B       		.uleb128 0xb
 1311 005d 3B       		.uleb128 0x3b
 1312 005e 0B       		.uleb128 0xb
 1313 005f 01       		.uleb128 0x1
 1314 0060 13       		.uleb128 0x13
 1315 0061 00       		.byte	0
 1316 0062 00       		.byte	0
 1317 0063 0A       		.uleb128 0xa
 1318 0064 0D       		.uleb128 0xd
 1319 0065 00       		.byte	0
 1320 0066 03       		.uleb128 0x3
 1321 0067 0E       		.uleb128 0xe
 1322 0068 3A       		.uleb128 0x3a
 1323 0069 0B       		.uleb128 0xb
 1324 006a 3B       		.uleb128 0x3b
 1325 006b 0B       		.uleb128 0xb
 1326 006c 49       		.uleb128 0x49
 1327 006d 13       		.uleb128 0x13
 1328 006e 38       		.uleb128 0x38
 1329 006f 0B       		.uleb128 0xb
 1330 0070 00       		.byte	0
 1331 0071 00       		.byte	0
 1332 0072 0B       		.uleb128 0xb
 1333 0073 04       		.uleb128 0x4
 1334 0074 01       		.byte	0x1
 1335 0075 0B       		.uleb128 0xb
 1336 0076 0B       		.uleb128 0xb
 1337 0077 49       		.uleb128 0x49
 1338 0078 13       		.uleb128 0x13
 1339 0079 3A       		.uleb128 0x3a
 1340 007a 0B       		.uleb128 0xb
 1341 007b 3B       		.uleb128 0x3b
 1342 007c 0B       		.uleb128 0xb
 1343 007d 01       		.uleb128 0x1
 1344 007e 13       		.uleb128 0x13
 1345 007f 00       		.byte	0
 1346 0080 00       		.byte	0
 1347 0081 0C       		.uleb128 0xc
 1348 0082 28       		.uleb128 0x28
 1349 0083 00       		.byte	0
 1350 0084 03       		.uleb128 0x3
 1351 0085 0E       		.uleb128 0xe
 1352 0086 1C       		.uleb128 0x1c
 1353 0087 0D       		.uleb128 0xd
 1354 0088 00       		.byte	0
 1355 0089 00       		.byte	0
 1356 008a 0D       		.uleb128 0xd
 1357 008b 28       		.uleb128 0x28
 1358 008c 00       		.byte	0
 1359 008d 03       		.uleb128 0x3
 1360 008e 0E       		.uleb128 0xe
 1361 008f 1C       		.uleb128 0x1c
 1362 0090 0B       		.uleb128 0xb
 1363 0091 00       		.byte	0
ARM GAS  C:\Users\marie\AppData\Local\Temp\cc23gRj0.s 			page 27


 1364 0092 00       		.byte	0
 1365 0093 0E       		.uleb128 0xe
 1366 0094 16       		.uleb128 0x16
 1367 0095 00       		.byte	0
 1368 0096 03       		.uleb128 0x3
 1369 0097 0E       		.uleb128 0xe
 1370 0098 3A       		.uleb128 0x3a
 1371 0099 0B       		.uleb128 0xb
 1372 009a 3B       		.uleb128 0x3b
 1373 009b 05       		.uleb128 0x5
 1374 009c 49       		.uleb128 0x49
 1375 009d 13       		.uleb128 0x13
 1376 009e 00       		.byte	0
 1377 009f 00       		.byte	0
 1378 00a0 0F       		.uleb128 0xf
 1379 00a1 0F       		.uleb128 0xf
 1380 00a2 00       		.byte	0
 1381 00a3 0B       		.uleb128 0xb
 1382 00a4 0B       		.uleb128 0xb
 1383 00a5 49       		.uleb128 0x49
 1384 00a6 13       		.uleb128 0x13
 1385 00a7 00       		.byte	0
 1386 00a8 00       		.byte	0
 1387 00a9 10       		.uleb128 0x10
 1388 00aa 15       		.uleb128 0x15
 1389 00ab 00       		.byte	0
 1390 00ac 27       		.uleb128 0x27
 1391 00ad 19       		.uleb128 0x19
 1392 00ae 00       		.byte	0
 1393 00af 00       		.byte	0
 1394 00b0 11       		.uleb128 0x11
 1395 00b1 15       		.uleb128 0x15
 1396 00b2 01       		.byte	0x1
 1397 00b3 27       		.uleb128 0x27
 1398 00b4 19       		.uleb128 0x19
 1399 00b5 01       		.uleb128 0x1
 1400 00b6 13       		.uleb128 0x13
 1401 00b7 00       		.byte	0
 1402 00b8 00       		.byte	0
 1403 00b9 12       		.uleb128 0x12
 1404 00ba 05       		.uleb128 0x5
 1405 00bb 00       		.byte	0
 1406 00bc 49       		.uleb128 0x49
 1407 00bd 13       		.uleb128 0x13
 1408 00be 00       		.byte	0
 1409 00bf 00       		.byte	0
 1410 00c0 13       		.uleb128 0x13
 1411 00c1 2E       		.uleb128 0x2e
 1412 00c2 01       		.byte	0x1
 1413 00c3 3F       		.uleb128 0x3f
 1414 00c4 19       		.uleb128 0x19
 1415 00c5 03       		.uleb128 0x3
 1416 00c6 0E       		.uleb128 0xe
 1417 00c7 3A       		.uleb128 0x3a
 1418 00c8 0B       		.uleb128 0xb
 1419 00c9 3B       		.uleb128 0x3b
 1420 00ca 0B       		.uleb128 0xb
ARM GAS  C:\Users\marie\AppData\Local\Temp\cc23gRj0.s 			page 28


 1421 00cb 27       		.uleb128 0x27
 1422 00cc 19       		.uleb128 0x19
 1423 00cd 11       		.uleb128 0x11
 1424 00ce 01       		.uleb128 0x1
 1425 00cf 12       		.uleb128 0x12
 1426 00d0 06       		.uleb128 0x6
 1427 00d1 40       		.uleb128 0x40
 1428 00d2 18       		.uleb128 0x18
 1429 00d3 9742     		.uleb128 0x2117
 1430 00d5 19       		.uleb128 0x19
 1431 00d6 01       		.uleb128 0x1
 1432 00d7 13       		.uleb128 0x13
 1433 00d8 00       		.byte	0
 1434 00d9 00       		.byte	0
 1435 00da 14       		.uleb128 0x14
 1436 00db 34       		.uleb128 0x34
 1437 00dc 00       		.byte	0
 1438 00dd 03       		.uleb128 0x3
 1439 00de 0E       		.uleb128 0xe
 1440 00df 3A       		.uleb128 0x3a
 1441 00e0 0B       		.uleb128 0xb
 1442 00e1 3B       		.uleb128 0x3b
 1443 00e2 0B       		.uleb128 0xb
 1444 00e3 49       		.uleb128 0x49
 1445 00e4 13       		.uleb128 0x13
 1446 00e5 02       		.uleb128 0x2
 1447 00e6 18       		.uleb128 0x18
 1448 00e7 00       		.byte	0
 1449 00e8 00       		.byte	0
 1450 00e9 15       		.uleb128 0x15
 1451 00ea 898201   		.uleb128 0x4109
 1452 00ed 01       		.byte	0x1
 1453 00ee 11       		.uleb128 0x11
 1454 00ef 01       		.uleb128 0x1
 1455 00f0 31       		.uleb128 0x31
 1456 00f1 13       		.uleb128 0x13
 1457 00f2 00       		.byte	0
 1458 00f3 00       		.byte	0
 1459 00f4 16       		.uleb128 0x16
 1460 00f5 8A8201   		.uleb128 0x410a
 1461 00f8 00       		.byte	0
 1462 00f9 02       		.uleb128 0x2
 1463 00fa 18       		.uleb128 0x18
 1464 00fb 9142     		.uleb128 0x2111
 1465 00fd 18       		.uleb128 0x18
 1466 00fe 00       		.byte	0
 1467 00ff 00       		.byte	0
 1468 0100 17       		.uleb128 0x17
 1469 0101 34       		.uleb128 0x34
 1470 0102 00       		.byte	0
 1471 0103 03       		.uleb128 0x3
 1472 0104 0E       		.uleb128 0xe
 1473 0105 3A       		.uleb128 0x3a
 1474 0106 0B       		.uleb128 0xb
 1475 0107 3B       		.uleb128 0x3b
 1476 0108 0B       		.uleb128 0xb
 1477 0109 49       		.uleb128 0x49
ARM GAS  C:\Users\marie\AppData\Local\Temp\cc23gRj0.s 			page 29


 1478 010a 13       		.uleb128 0x13
 1479 010b 3F       		.uleb128 0x3f
 1480 010c 19       		.uleb128 0x19
 1481 010d 3C       		.uleb128 0x3c
 1482 010e 19       		.uleb128 0x19
 1483 010f 00       		.byte	0
 1484 0110 00       		.byte	0
 1485 0111 18       		.uleb128 0x18
 1486 0112 2E       		.uleb128 0x2e
 1487 0113 00       		.byte	0
 1488 0114 3F       		.uleb128 0x3f
 1489 0115 19       		.uleb128 0x19
 1490 0116 3C       		.uleb128 0x3c
 1491 0117 19       		.uleb128 0x19
 1492 0118 6E       		.uleb128 0x6e
 1493 0119 0E       		.uleb128 0xe
 1494 011a 03       		.uleb128 0x3
 1495 011b 0E       		.uleb128 0xe
 1496 011c 3A       		.uleb128 0x3a
 1497 011d 0B       		.uleb128 0xb
 1498 011e 3B       		.uleb128 0x3b
 1499 011f 0B       		.uleb128 0xb
 1500 0120 00       		.byte	0
 1501 0121 00       		.byte	0
 1502 0122 19       		.uleb128 0x19
 1503 0123 2E       		.uleb128 0x2e
 1504 0124 00       		.byte	0
 1505 0125 3F       		.uleb128 0x3f
 1506 0126 19       		.uleb128 0x19
 1507 0127 3C       		.uleb128 0x3c
 1508 0128 19       		.uleb128 0x19
 1509 0129 6E       		.uleb128 0x6e
 1510 012a 0E       		.uleb128 0xe
 1511 012b 03       		.uleb128 0x3
 1512 012c 0E       		.uleb128 0xe
 1513 012d 3A       		.uleb128 0x3a
 1514 012e 0B       		.uleb128 0xb
 1515 012f 3B       		.uleb128 0x3b
 1516 0130 05       		.uleb128 0x5
 1517 0131 00       		.byte	0
 1518 0132 00       		.byte	0
 1519 0133 00       		.byte	0
 1520              		.section	.debug_aranges,"",%progbits
 1521 0000 24000000 		.4byte	0x24
 1522 0004 0200     		.2byte	0x2
 1523 0006 00000000 		.4byte	.Ldebug_info0
 1524 000a 04       		.byte	0x4
 1525 000b 00       		.byte	0
 1526 000c 0000     		.2byte	0
 1527 000e 0000     		.2byte	0
 1528 0010 00000000 		.4byte	.LFB66
 1529 0014 14000000 		.4byte	.LFE66-.LFB66
 1530 0018 00000000 		.4byte	.LFB67
 1531 001c 10000000 		.4byte	.LFE67-.LFB67
 1532 0020 00000000 		.4byte	0
 1533 0024 00000000 		.4byte	0
 1534              		.section	.debug_ranges,"",%progbits
ARM GAS  C:\Users\marie\AppData\Local\Temp\cc23gRj0.s 			page 30


 1535              	.Ldebug_ranges0:
 1536 0000 00000000 		.4byte	.LFB66
 1537 0004 14000000 		.4byte	.LFE66
 1538 0008 00000000 		.4byte	.LFB67
 1539 000c 10000000 		.4byte	.LFE67
 1540 0010 00000000 		.4byte	0
 1541 0014 00000000 		.4byte	0
 1542              		.section	.debug_line,"",%progbits
 1543              	.Ldebug_line0:
 1544 0000 85020000 		.section	.debug_str,"MS",%progbits,1
 1544      02005A02 
 1544      00000201 
 1544      FB0E0D00 
 1544      01010101 
 1545              	.LASF66:
 1546 0000 70726F74 		.ascii	"protBusMasterMask\000"
 1546      4275734D 
 1546      61737465 
 1546      724D6173 
 1546      6B00
 1547              	.LASF176:
 1548 0012 64656661 		.ascii	"defaultReleaseCallbackPtr\000"
 1548      756C7452 
 1548      656C6561 
 1548      73654361 
 1548      6C6C6261 
 1549              	.LASF76:
 1550 002c 666C6173 		.ascii	"flashCtlMainWs3Freq\000"
 1550      6843746C 
 1550      4D61696E 
 1550      57733346 
 1550      72657100 
 1551              	.LASF98:
 1552 0040 6770696F 		.ascii	"gpioPrtCfgInOffset\000"
 1552      50727443 
 1552      6667496E 
 1552      4F666673 
 1552      657400
 1553              	.LASF139:
 1554 0053 4E766963 		.ascii	"NvicMux15_IRQn\000"
 1554      4D757831 
 1554      355F4952 
 1554      516E00
 1555              	.LASF42:
 1556 0062 63727970 		.ascii	"cryptoVersion\000"
 1556      746F5665 
 1556      7273696F 
 1556      6E00
 1557              	.LASF60:
 1558 0070 70657269 		.ascii	"periClockNr\000"
 1558      436C6F63 
 1558      6B4E7200 
 1559              	.LASF38:
 1560 007c 70617373 		.ascii	"passBase\000"
 1560      42617365 
 1560      00
 1561              	.LASF87:
ARM GAS  C:\Users\marie\AppData\Local\Temp\cc23gRj0.s 			page 31


 1562 0085 70657269 		.ascii	"periTrGrSize\000"
 1562      54724772 
 1562      53697A65 
 1562      00
 1563              	.LASF118:
 1564 0092 52657365 		.ascii	"Reset_IRQn\000"
 1564      745F4952 
 1564      516E00
 1565              	.LASF51:
 1566 009d 63707573 		.ascii	"cpussIpcIrqNr\000"
 1566      73497063 
 1566      4972714E 
 1566      7200
 1567              	.LASF2:
 1568 00ab 5F5F7569 		.ascii	"__uint8_t\000"
 1568      6E74385F 
 1568      7400
 1569              	.LASF95:
 1570 00b5 70657269 		.ascii	"periDiv24_5CtlOffset\000"
 1570      44697632 
 1570      345F3543 
 1570      746C4F66 
 1570      66736574 
 1571              	.LASF181:
 1572 00ca 63795F69 		.ascii	"cy_ipc_pipe_sysEpArray\000"
 1572      70635F70 
 1572      6970655F 
 1572      73797345 
 1572      70417272 
 1573              	.LASF20:
 1574 00e1 52454C45 		.ascii	"RELEASE\000"
 1574      41534500 
 1575              	.LASF177:
 1576 00e9 63795F73 		.ascii	"cy_stc_ipc_pipe_ep_t\000"
 1576      74635F69 
 1576      70635F70 
 1576      6970655F 
 1576      65705F74 
 1577              	.LASF31:
 1578 00fe 63707573 		.ascii	"cpussBase\000"
 1578      73426173 
 1578      6500
 1579              	.LASF150:
 1580 0108 4E766963 		.ascii	"NvicMux26_IRQn\000"
 1580      4D757832 
 1580      365F4952 
 1580      516E00
 1581              	.LASF80:
 1582 0117 64774368 		.ascii	"dwChCtlPrioPos\000"
 1582      43746C50 
 1582      72696F50 
 1582      6F7300
 1583              	.LASF26:
 1584 0126 494E5452 		.ascii	"INTR\000"
 1584      00
 1585              	.LASF11:
 1586 012b 6C6F6E67 		.ascii	"long long unsigned int\000"
ARM GAS  C:\Users\marie\AppData\Local\Temp\cc23gRj0.s 			page 32


 1586      206C6F6E 
 1586      6720756E 
 1586      7369676E 
 1586      65642069 
 1587              	.LASF84:
 1588 0142 70657269 		.ascii	"periTrCmdOffset\000"
 1588      5472436D 
 1588      644F6666 
 1588      73657400 
 1589              	.LASF153:
 1590 0152 4E766963 		.ascii	"NvicMux29_IRQn\000"
 1590      4D757832 
 1590      395F4952 
 1590      516E00
 1591              	.LASF108:
 1592 0161 63707573 		.ascii	"cpussSysTickCtlOffset\000"
 1592      73537973 
 1592      5469636B 
 1592      43746C4F 
 1592      66667365 
 1593              	.LASF174:
 1594 0177 63616C6C 		.ascii	"callbackArray\000"
 1594      6261636B 
 1594      41727261 
 1594      7900
 1595              	.LASF148:
 1596 0185 4E766963 		.ascii	"NvicMux24_IRQn\000"
 1596      4D757832 
 1596      345F4952 
 1596      516E00
 1597              	.LASF69:
 1598 0194 666C6173 		.ascii	"flashPipeRequired\000"
 1598      68506970 
 1598      65526571 
 1598      75697265 
 1598      6400
 1599              	.LASF73:
 1600 01a6 666C6173 		.ascii	"flashCtlMainWs0Freq\000"
 1600      6843746C 
 1600      4D61696E 
 1600      57733046 
 1600      72657100 
 1601              	.LASF14:
 1602 01ba 696E7431 		.ascii	"int16_t\000"
 1602      365F7400 
 1603              	.LASF10:
 1604 01c2 6C6F6E67 		.ascii	"long long int\000"
 1604      206C6F6E 
 1604      6720696E 
 1604      7400
 1605              	.LASF0:
 1606 01d0 7369676E 		.ascii	"signed char\000"
 1606      65642063 
 1606      68617200 
 1607              	.LASF89:
 1608 01dc 70657269 		.ascii	"periDivCmdTypeSelPos\000"
 1608      44697643 
ARM GAS  C:\Users\marie\AppData\Local\Temp\cc23gRj0.s 			page 33


 1608      6D645479 
 1608      70655365 
 1608      6C506F73 
 1609              	.LASF140:
 1610 01f1 4E766963 		.ascii	"NvicMux16_IRQn\000"
 1610      4D757831 
 1610      365F4952 
 1610      516E00
 1611              	.LASF19:
 1612 0200 41435155 		.ascii	"ACQUIRE\000"
 1612      49524500 
 1613              	.LASF106:
 1614 0208 63707573 		.ascii	"cpussTrimRamCtlOffset\000"
 1614      73547269 
 1614      6D52616D 
 1614      43746C4F 
 1614      66667365 
 1615              	.LASF47:
 1616 021e 69706356 		.ascii	"ipcVersion\000"
 1616      65727369 
 1616      6F6E00
 1617              	.LASF109:
 1618 0229 63707573 		.ascii	"cpussCm0NmiCtlOffset\000"
 1618      73436D30 
 1618      4E6D6943 
 1618      746C4F66 
 1618      66736574 
 1619              	.LASF127:
 1620 023e 4E766963 		.ascii	"NvicMux3_IRQn\000"
 1620      4D757833 
 1620      5F495251 
 1620      6E00
 1621              	.LASF36:
 1622 024c 6873696F 		.ascii	"hsiomBase\000"
 1622      6D426173 
 1622      6500
 1623              	.LASF7:
 1624 0256 6C6F6E67 		.ascii	"long int\000"
 1624      20696E74 
 1624      00
 1625              	.LASF102:
 1626 025f 63707573 		.ascii	"cpussCm4ClockCtlOffset\000"
 1626      73436D34 
 1626      436C6F63 
 1626      6B43746C 
 1626      4F666673 
 1627              	.LASF99:
 1628 0276 6770696F 		.ascii	"gpioPrtCfgOutOffset\000"
 1628      50727443 
 1628      66674F75 
 1628      744F6666 
 1628      73657400 
 1629              	.LASF67:
 1630 028a 63727970 		.ascii	"cryptoMemSize\000"
 1630      746F4D65 
 1630      6D53697A 
 1630      6500
ARM GAS  C:\Users\marie\AppData\Local\Temp\cc23gRj0.s 			page 34


 1631              	.LASF152:
 1632 0298 4E766963 		.ascii	"NvicMux28_IRQn\000"
 1632      4D757832 
 1632      385F4952 
 1632      516E00
 1633              	.LASF33:
 1634 02a7 70657269 		.ascii	"periBase\000"
 1634      42617365 
 1634      00
 1635              	.LASF65:
 1636 02b0 73797350 		.ascii	"sysPmSimoPresent\000"
 1636      6D53696D 
 1636      6F507265 
 1636      73656E74 
 1636      00
 1637              	.LASF166:
 1638 02c1 69706343 		.ascii	"ipcChan\000"
 1638      68616E00 
 1639              	.LASF162:
 1640 02c9 646F7562 		.ascii	"double\000"
 1640      6C6500
 1641              	.LASF94:
 1642 02d0 70657269 		.ascii	"periDiv16_5CtlOffset\000"
 1642      44697631 
 1642      365F3543 
 1642      746C4F66 
 1642      66736574 
 1643              	.LASF58:
 1644 02e5 73727373 		.ascii	"srssNumPll\000"
 1644      4E756D50 
 1644      6C6C00
 1645              	.LASF143:
 1646 02f0 4E766963 		.ascii	"NvicMux19_IRQn\000"
 1646      4D757831 
 1646      395F4952 
 1646      516E00
 1647              	.LASF92:
 1648 02ff 70657269 		.ascii	"periDiv8CtlOffset\000"
 1648      44697638 
 1648      43746C4F 
 1648      66667365 
 1648      7400
 1649              	.LASF120:
 1650 0311 48617264 		.ascii	"HardFault_IRQn\000"
 1650      4661756C 
 1650      745F4952 
 1650      516E00
 1651              	.LASF155:
 1652 0320 4E766963 		.ascii	"NvicMux31_IRQn\000"
 1652      4D757833 
 1652      315F4952 
 1652      516E00
 1653              	.LASF141:
 1654 032f 4E766963 		.ascii	"NvicMux17_IRQn\000"
 1654      4D757831 
 1654      375F4952 
 1654      516E00
ARM GAS  C:\Users\marie\AppData\Local\Temp\cc23gRj0.s 			page 35


 1655              	.LASF32:
 1656 033e 666C6173 		.ascii	"flashcBase\000"
 1656      68634261 
 1656      736500
 1657              	.LASF8:
 1658 0349 5F5F7569 		.ascii	"__uint32_t\000"
 1658      6E743332 
 1658      5F7400
 1659              	.LASF62:
 1660 0354 70617373 		.ascii	"passSarChannels\000"
 1660      53617243 
 1660      68616E6E 
 1660      656C7300 
 1661              	.LASF23:
 1662 0364 4C4F434B 		.ascii	"LOCK_STATUS\000"
 1662      5F535441 
 1662      54555300 
 1663              	.LASF3:
 1664 0370 5F5F696E 		.ascii	"__int16_t\000"
 1664      7431365F 
 1664      7400
 1665              	.LASF128:
 1666 037a 4E766963 		.ascii	"NvicMux4_IRQn\000"
 1666      4D757834 
 1666      5F495251 
 1666      6E00
 1667              	.LASF105:
 1668 0388 63707573 		.ascii	"cpussCm4PwrCtlOffset\000"
 1668      73436D34 
 1668      50777243 
 1668      746C4F66 
 1668      66736574 
 1669              	.LASF100:
 1670 039d 6770696F 		.ascii	"gpioPrtCfgSioOffset\000"
 1670      50727443 
 1670      66675369 
 1670      6F4F6666 
 1670      73657400 
 1671              	.LASF52:
 1672 03b1 63707573 		.ascii	"cpussDwChNr\000"
 1672      73447743 
 1672      684E7200 
 1673              	.LASF12:
 1674 03bd 756E7369 		.ascii	"unsigned int\000"
 1674      676E6564 
 1674      20696E74 
 1674      00
 1675              	.LASF144:
 1676 03ca 4E766963 		.ascii	"NvicMux20_IRQn\000"
 1676      4D757832 
 1676      305F4952 
 1676      516E00
 1677              	.LASF15:
 1678 03d9 75696E74 		.ascii	"uint16_t\000"
 1678      31365F74 
 1678      00
 1679              	.LASF167:
ARM GAS  C:\Users\marie\AppData\Local\Temp\cc23gRj0.s 			page 36


 1680 03e2 696E7472 		.ascii	"intrChan\000"
 1680      4368616E 
 1680      00
 1681              	.LASF85:
 1682 03eb 70657269 		.ascii	"periTrCmdGrSelMsk\000"
 1682      5472436D 
 1682      64477253 
 1682      656C4D73 
 1682      6B00
 1683              	.LASF9:
 1684 03fd 6C6F6E67 		.ascii	"long unsigned int\000"
 1684      20756E73 
 1684      69676E65 
 1684      6420696E 
 1684      7400
 1685              	.LASF136:
 1686 040f 4E766963 		.ascii	"NvicMux12_IRQn\000"
 1686      4D757831 
 1686      325F4952 
 1686      516E00
 1687              	.LASF50:
 1688 041e 63707573 		.ascii	"cpussIpcNr\000"
 1688      73497063 
 1688      4E7200
 1689              	.LASF28:
 1690 0429 494E5452 		.ascii	"INTR_MASK\000"
 1690      5F4D4153 
 1690      4B00
 1691              	.LASF37:
 1692 0433 6770696F 		.ascii	"gpioBase\000"
 1692      42617365 
 1692      00
 1693              	.LASF165:
 1694 043c 63795F69 		.ascii	"cy_ipc_pipe_callback_array_ptr_t\000"
 1694      70635F70 
 1694      6970655F 
 1694      63616C6C 
 1694      6261636B 
 1695              	.LASF75:
 1696 045d 666C6173 		.ascii	"flashCtlMainWs2Freq\000"
 1696      6843746C 
 1696      4D61696E 
 1696      57733246 
 1696      72657100 
 1697              	.LASF132:
 1698 0471 4E766963 		.ascii	"NvicMux8_IRQn\000"
 1698      4D757838 
 1698      5F495251 
 1698      6E00
 1699              	.LASF86:
 1700 047f 70657269 		.ascii	"periTrGrOffset\000"
 1700      54724772 
 1700      4F666673 
 1700      657400
 1701              	.LASF170:
 1702 048e 69706350 		.ascii	"ipcPtr\000"
 1702      747200
ARM GAS  C:\Users\marie\AppData\Local\Temp\cc23gRj0.s 			page 37


 1703              	.LASF113:
 1704 0495 63707573 		.ascii	"cpussRam1Ctl0\000"
 1704      7352616D 
 1704      3143746C 
 1704      3000
 1705              	.LASF22:
 1706 04a3 44415441 		.ascii	"DATA\000"
 1706      00
 1707              	.LASF182:
 1708 04a8 43795F49 		.ascii	"Cy_IPC_Sema_Init\000"
 1708      50435F53 
 1708      656D615F 
 1708      496E6974 
 1708      00
 1709              	.LASF186:
 1710 04b9 433A5C55 		.ascii	"C:\\Users\\marie\\Documents\\Polytechnique\\Session"
 1710      73657273 
 1710      5C6D6172 
 1710      69655C44 
 1710      6F63756D 
 1711 04e7 20342028 		.ascii	" 4 (hiver 2021)\\GBM2100 Projets\\GBM2100.cydsn\000"
 1711      68697665 
 1711      72203230 
 1711      3231295C 
 1711      47424D32 
 1712              	.LASF45:
 1713 0515 6770696F 		.ascii	"gpioVersion\000"
 1713      56657273 
 1713      696F6E00 
 1714              	.LASF30:
 1715 0521 4950435F 		.ascii	"IPC_INTR_STRUCT_V1_Type\000"
 1715      494E5452 
 1715      5F535452 
 1715      5543545F 
 1715      56315F54 
 1716              	.LASF21:
 1717 0539 4E4F5449 		.ascii	"NOTIFY\000"
 1717      465900
 1718              	.LASF145:
 1719 0540 4E766963 		.ascii	"NvicMux21_IRQn\000"
 1719      4D757832 
 1719      315F4952 
 1719      516E00
 1720              	.LASF63:
 1721 054f 65704D6F 		.ascii	"epMonitorNr\000"
 1721      6E69746F 
 1721      724E7200 
 1722              	.LASF110:
 1723 055b 63707573 		.ascii	"cpussCm4NmiCtlOffset\000"
 1723      73436D34 
 1723      4E6D6943 
 1723      746C4F66 
 1723      66736574 
 1724              	.LASF123:
 1725 0570 53797354 		.ascii	"SysTick_IRQn\000"
 1725      69636B5F 
 1725      4952516E 
ARM GAS  C:\Users\marie\AppData\Local\Temp\cc23gRj0.s 			page 38


 1725      00
 1726              	.LASF41:
 1727 057d 63707573 		.ascii	"cpussVersion\000"
 1727      73566572 
 1727      73696F6E 
 1727      00
 1728              	.LASF101:
 1729 058a 63707573 		.ascii	"cpussCm0ClockCtlOffset\000"
 1729      73436D30 
 1729      436C6F63 
 1729      6B43746C 
 1729      4F666673 
 1730              	.LASF185:
 1731 05a1 63795F69 		.ascii	"cy_ipc_config.c\000"
 1731      70635F63 
 1731      6F6E6669 
 1731      672E6300 
 1732              	.LASF27:
 1733 05b1 494E5452 		.ascii	"INTR_SET\000"
 1733      5F534554 
 1733      00
 1734              	.LASF40:
 1735 05ba 63727970 		.ascii	"cryptoBase\000"
 1735      746F4261 
 1735      736500
 1736              	.LASF137:
 1737 05c5 4E766963 		.ascii	"NvicMux13_IRQn\000"
 1737      4D757831 
 1737      335F4952 
 1737      516E00
 1738              	.LASF48:
 1739 05d4 70657269 		.ascii	"periVersion\000"
 1739      56657273 
 1739      696F6E00 
 1740              	.LASF104:
 1741 05e0 63707573 		.ascii	"cpussCm0StatusOffset\000"
 1741      73436D30 
 1741      53746174 
 1741      75734F66 
 1741      66736574 
 1742              	.LASF18:
 1743 05f5 73697A65 		.ascii	"sizetype\000"
 1743      74797065 
 1743      00
 1744              	.LASF124:
 1745 05fe 4E766963 		.ascii	"NvicMux0_IRQn\000"
 1745      4D757830 
 1745      5F495251 
 1745      6E00
 1746              	.LASF78:
 1747 060c 64774368 		.ascii	"dwChOffset\000"
 1747      4F666673 
 1747      657400
 1748              	.LASF133:
 1749 0617 4E766963 		.ascii	"NvicMux9_IRQn\000"
 1749      4D757839 
 1749      5F495251 
ARM GAS  C:\Users\marie\AppData\Local\Temp\cc23gRj0.s 			page 39


 1749      6E00
 1750              	.LASF121:
 1751 0625 53564361 		.ascii	"SVCall_IRQn\000"
 1751      6C6C5F49 
 1751      52516E00 
 1752              	.LASF53:
 1753 0631 63707573 		.ascii	"cpussFlashPaSize\000"
 1753      73466C61 
 1753      73685061 
 1753      53697A65 
 1753      00
 1754              	.LASF168:
 1755 0642 70697065 		.ascii	"pipeIntMask\000"
 1755      496E744D 
 1755      61736B00 
 1756              	.LASF91:
 1757 064e 70657269 		.ascii	"periDivCmdPaTypeSelPos\000"
 1757      44697643 
 1757      6D645061 
 1757      54797065 
 1757      53656C50 
 1758              	.LASF164:
 1759 0665 63795F69 		.ascii	"cy_ipc_pipe_relcallback_ptr_t\000"
 1759      70635F70 
 1759      6970655F 
 1759      72656C63 
 1759      616C6C62 
 1760              	.LASF114:
 1761 0683 63707573 		.ascii	"cpussRam2Ctl0\000"
 1761      7352616D 
 1761      3243746C 
 1761      3000
 1762              	.LASF149:
 1763 0691 4E766963 		.ascii	"NvicMux25_IRQn\000"
 1763      4D757832 
 1763      355F4952 
 1763      516E00
 1764              	.LASF49:
 1765 06a0 70726F74 		.ascii	"protVersion\000"
 1765      56657273 
 1765      696F6E00 
 1766              	.LASF82:
 1767 06ac 64775374 		.ascii	"dwStatusChIdxPos\000"
 1767      61747573 
 1767      43684964 
 1767      78506F73 
 1767      00
 1768              	.LASF163:
 1769 06bd 63795F69 		.ascii	"cy_ipc_pipe_callback_ptr_t\000"
 1769      70635F70 
 1769      6970655F 
 1769      63616C6C 
 1769      6261636B 
 1770              	.LASF64:
 1771 06d8 75646250 		.ascii	"udbPresent\000"
 1771      72657365 
 1771      6E7400
ARM GAS  C:\Users\marie\AppData\Local\Temp\cc23gRj0.s 			page 40


 1772              	.LASF175:
 1773 06e3 72656C65 		.ascii	"releaseCallbackPtr\000"
 1773      61736543 
 1773      616C6C62 
 1773      61636B50 
 1773      747200
 1774              	.LASF44:
 1775 06f6 666C6173 		.ascii	"flashcVersion\000"
 1775      68635665 
 1775      7273696F 
 1775      6E00
 1776              	.LASF61:
 1777 0704 736D6966 		.ascii	"smifDeviceNr\000"
 1777      44657669 
 1777      63654E72 
 1777      00
 1778              	.LASF117:
 1779 0711 63795F73 		.ascii	"cy_stc_device_t\000"
 1779      74635F64 
 1779      65766963 
 1779      655F7400 
 1780              	.LASF126:
 1781 0721 4E766963 		.ascii	"NvicMux2_IRQn\000"
 1781      4D757832 
 1781      5F495251 
 1781      6E00
 1782              	.LASF29:
 1783 072f 494E5452 		.ascii	"INTR_MASKED\000"
 1783      5F4D4153 
 1783      4B454400 
 1784              	.LASF161:
 1785 073b 666C6F61 		.ascii	"float\000"
 1785      7400
 1786              	.LASF83:
 1787 0741 64775374 		.ascii	"dwStatusChIdxMsk\000"
 1787      61747573 
 1787      43684964 
 1787      784D736B 
 1787      00
 1788              	.LASF138:
 1789 0752 4E766963 		.ascii	"NvicMux14_IRQn\000"
 1789      4D757831 
 1789      345F4952 
 1789      516E00
 1790              	.LASF187:
 1791 0761 63795F64 		.ascii	"cy_device\000"
 1791      65766963 
 1791      6500
 1792              	.LASF111:
 1793 076b 63707573 		.ascii	"cpussRomCtl\000"
 1793      73526F6D 
 1793      43746C00 
 1794              	.LASF81:
 1795 0777 64774368 		.ascii	"dwChCtlPreemptablePos\000"
 1795      43746C50 
 1795      7265656D 
 1795      70746162 
ARM GAS  C:\Users\marie\AppData\Local\Temp\cc23gRj0.s 			page 41


 1795      6C65506F 
 1796              	.LASF34:
 1797 078d 75646242 		.ascii	"udbBase\000"
 1797      61736500 
 1798              	.LASF173:
 1799 0795 636C6965 		.ascii	"clientCount\000"
 1799      6E74436F 
 1799      756E7400 
 1800              	.LASF1:
 1801 07a1 756E7369 		.ascii	"unsigned char\000"
 1801      676E6564 
 1801      20636861 
 1801      7200
 1802              	.LASF180:
 1803 07af 69706353 		.ascii	"ipcSemaArray\000"
 1803      656D6141 
 1803      72726179 
 1803      00
 1804              	.LASF77:
 1805 07bc 666C6173 		.ascii	"flashCtlMainWs4Freq\000"
 1805      6843746C 
 1805      4D61696E 
 1805      57733446 
 1805      72657100 
 1806              	.LASF116:
 1807 07d0 6970634C 		.ascii	"ipcLockStatusOffset\000"
 1807      6F636B53 
 1807      74617475 
 1807      734F6666 
 1807      73657400 
 1808              	.LASF156:
 1809 07e4 756E636F 		.ascii	"unconnected_IRQn\000"
 1809      6E6E6563 
 1809      7465645F 
 1809      4952516E 
 1809      00
 1810              	.LASF4:
 1811 07f5 73686F72 		.ascii	"short int\000"
 1811      7420696E 
 1811      7400
 1812              	.LASF25:
 1813 07ff 4950435F 		.ascii	"IPC_STRUCT_V1_Type\000"
 1813      53545255 
 1813      43545F56 
 1813      315F5479 
 1813      706500
 1814              	.LASF159:
 1815 0812 4950435F 		.ascii	"IPC_INTR_STRUCT_Type\000"
 1815      494E5452 
 1815      5F535452 
 1815      5543545F 
 1815      54797065 
 1816              	.LASF24:
 1817 0827 52455345 		.ascii	"RESERVED\000"
 1817      52564544 
 1817      00
 1818              	.LASF88:
ARM GAS  C:\Users\marie\AppData\Local\Temp\cc23gRj0.s 			page 42


 1819 0830 70657269 		.ascii	"periDivCmdDivSelMsk\000"
 1819      44697643 
 1819      6D644469 
 1819      7653656C 
 1819      4D736B00 
 1820              	.LASF129:
 1821 0844 4E766963 		.ascii	"NvicMux5_IRQn\000"
 1821      4D757835 
 1821      5F495251 
 1821      6E00
 1822              	.LASF59:
 1823 0852 73727373 		.ascii	"srssNumHfroot\000"
 1823      4E756D48 
 1823      66726F6F 
 1823      7400
 1824              	.LASF171:
 1825 0860 69706349 		.ascii	"ipcIntrPtr\000"
 1825      6E747250 
 1825      747200
 1826              	.LASF72:
 1827 086b 666C6173 		.ascii	"flashEraseDelay\000"
 1827      68457261 
 1827      73654465 
 1827      6C617900 
 1828              	.LASF55:
 1829 087b 63707573 		.ascii	"cpussFmIrq\000"
 1829      73466D49 
 1829      727100
 1830              	.LASF16:
 1831 0886 75696E74 		.ascii	"uint32_t\000"
 1831      33325F74 
 1831      00
 1832              	.LASF122:
 1833 088f 50656E64 		.ascii	"PendSV_IRQn\000"
 1833      53565F49 
 1833      52516E00 
 1834              	.LASF184:
 1835 089b 474E5520 		.ascii	"GNU C11 5.4.1 20160609 (release) [ARM/embedded-5-br"
 1835      43313120 
 1835      352E342E 
 1835      31203230 
 1835      31363036 
 1836 08ce 616E6368 		.ascii	"anch revision 237715] -mcpu=cortex-m0plus -mthumb -"
 1836      20726576 
 1836      6973696F 
 1836      6E203233 
 1836      37373135 
 1837 0901 67202D4F 		.ascii	"g -Og -ffunction-sections -ffat-lto-objects\000"
 1837      67202D66 
 1837      66756E63 
 1837      74696F6E 
 1837      2D736563 
 1838              	.LASF17:
 1839 092d 6C6F6E67 		.ascii	"long double\000"
 1839      20646F75 
 1839      626C6500 
 1840              	.LASF160:
ARM GAS  C:\Users\marie\AppData\Local\Temp\cc23gRj0.s 			page 43


 1841 0939 63686172 		.ascii	"char\000"
 1841      00
 1842              	.LASF142:
 1843 093e 4E766963 		.ascii	"NvicMux18_IRQn\000"
 1843      4D757831 
 1843      385F4952 
 1843      516E00
 1844              	.LASF183:
 1845 094d 43795F49 		.ascii	"Cy_IPC_Pipe_Config\000"
 1845      50435F50 
 1845      6970655F 
 1845      436F6E66 
 1845      696700
 1846              	.LASF179:
 1847 0960 43795F49 		.ascii	"Cy_IPC_SystemPipeInit\000"
 1847      50435F53 
 1847      79737465 
 1847      6D506970 
 1847      65496E69 
 1848              	.LASF112:
 1849 0976 63707573 		.ascii	"cpussRam0Ctl0\000"
 1849      7352616D 
 1849      3043746C 
 1849      3000
 1850              	.LASF5:
 1851 0984 5F5F7569 		.ascii	"__uint16_t\000"
 1851      6E743136 
 1851      5F7400
 1852              	.LASF157:
 1853 098f 4952516E 		.ascii	"IRQn_Type\000"
 1853      5F547970 
 1853      6500
 1854              	.LASF93:
 1855 0999 70657269 		.ascii	"periDiv16CtlOffset\000"
 1855      44697631 
 1855      3643746C 
 1855      4F666673 
 1855      657400
 1856              	.LASF151:
 1857 09ac 4E766963 		.ascii	"NvicMux27_IRQn\000"
 1857      4D757832 
 1857      375F4952 
 1857      516E00
 1858              	.LASF119:
 1859 09bb 4E6F6E4D 		.ascii	"NonMaskableInt_IRQn\000"
 1859      61736B61 
 1859      626C6549 
 1859      6E745F49 
 1859      52516E00 
 1860              	.LASF46:
 1861 09cf 6873696F 		.ascii	"hsiomVersion\000"
 1861      6D566572 
 1861      73696F6E 
 1861      00
 1862              	.LASF134:
 1863 09dc 4E766963 		.ascii	"NvicMux10_IRQn\000"
 1863      4D757831 
ARM GAS  C:\Users\marie\AppData\Local\Temp\cc23gRj0.s 			page 44


 1863      305F4952 
 1863      516E00
 1864              	.LASF74:
 1865 09eb 666C6173 		.ascii	"flashCtlMainWs1Freq\000"
 1865      6843746C 
 1865      4D61696E 
 1865      57733146 
 1865      72657100 
 1866              	.LASF6:
 1867 09ff 73686F72 		.ascii	"short unsigned int\000"
 1867      7420756E 
 1867      7369676E 
 1867      65642069 
 1867      6E7400
 1868              	.LASF79:
 1869 0a12 64774368 		.ascii	"dwChSize\000"
 1869      53697A65 
 1869      00
 1870              	.LASF115:
 1871 0a1b 69706353 		.ascii	"ipcStructSize\000"
 1871      74727563 
 1871      7453697A 
 1871      6500
 1872              	.LASF169:
 1873 0a29 70697065 		.ascii	"pipeIntrSrc\000"
 1873      496E7472 
 1873      53726300 
 1874              	.LASF130:
 1875 0a35 4E766963 		.ascii	"NvicMux6_IRQn\000"
 1875      4D757836 
 1875      5F495251 
 1875      6E00
 1876              	.LASF54:
 1877 0a43 63707573 		.ascii	"cpussIpc0Irq\000"
 1877      73497063 
 1877      30497271 
 1877      00
 1878              	.LASF154:
 1879 0a50 4E766963 		.ascii	"NvicMux30_IRQn\000"
 1879      4D757833 
 1879      305F4952 
 1879      516E00
 1880              	.LASF97:
 1881 0a5f 6770696F 		.ascii	"gpioPrtCfgOffset\000"
 1881      50727443 
 1881      66674F66 
 1881      66736574 
 1881      00
 1882              	.LASF35:
 1883 0a70 70726F74 		.ascii	"protBase\000"
 1883      42617365 
 1883      00
 1884              	.LASF146:
 1885 0a79 4E766963 		.ascii	"NvicMux22_IRQn\000"
 1885      4D757832 
 1885      325F4952 
 1885      516E00
ARM GAS  C:\Users\marie\AppData\Local\Temp\cc23gRj0.s 			page 45


 1886              	.LASF56:
 1887 0a88 63707573 		.ascii	"cpussNotConnectedIrq\000"
 1887      734E6F74 
 1887      436F6E6E 
 1887      65637465 
 1887      64497271 
 1888              	.LASF70:
 1889 0a9d 666C6173 		.ascii	"flashWriteDelay\000"
 1889      68577269 
 1889      74654465 
 1889      6C617900 
 1890              	.LASF13:
 1891 0aad 75696E74 		.ascii	"uint8_t\000"
 1891      385F7400 
 1892              	.LASF172:
 1893 0ab5 62757379 		.ascii	"busy\000"
 1893      00
 1894              	.LASF103:
 1895 0aba 63707573 		.ascii	"cpussCm4StatusOffset\000"
 1895      73436D34 
 1895      53746174 
 1895      75734F66 
 1895      66736574 
 1896              	.LASF96:
 1897 0acf 6770696F 		.ascii	"gpioPrtIntrCfgOffset\000"
 1897      50727449 
 1897      6E747243 
 1897      66674F66 
 1897      66736574 
 1898              	.LASF125:
 1899 0ae4 4E766963 		.ascii	"NvicMux1_IRQn\000"
 1899      4D757831 
 1899      5F495251 
 1899      6E00
 1900              	.LASF135:
 1901 0af2 4E766963 		.ascii	"NvicMux11_IRQn\000"
 1901      4D757831 
 1901      315F4952 
 1901      516E00
 1902              	.LASF107:
 1903 0b01 63707573 		.ascii	"cpussTrimRomCtlOffset\000"
 1903      73547269 
 1903      6D526F6D 
 1903      43746C4F 
 1903      66667365 
 1904              	.LASF158:
 1905 0b17 4950435F 		.ascii	"IPC_STRUCT_Type\000"
 1905      53545255 
 1905      43545F54 
 1905      79706500 
 1906              	.LASF57:
 1907 0b27 73727373 		.ascii	"srssNumClkpath\000"
 1907      4E756D43 
 1907      6C6B7061 
 1907      746800
 1908              	.LASF43:
 1909 0b36 64775665 		.ascii	"dwVersion\000"
ARM GAS  C:\Users\marie\AppData\Local\Temp\cc23gRj0.s 			page 46


 1909      7273696F 
 1909      6E00
 1910              	.LASF39:
 1911 0b40 69706342 		.ascii	"ipcBase\000"
 1911      61736500 
 1912              	.LASF131:
 1913 0b48 4E766963 		.ascii	"NvicMux7_IRQn\000"
 1913      4D757837 
 1913      5F495251 
 1913      6E00
 1914              	.LASF178:
 1915 0b56 43795F49 		.ascii	"Cy_IPC_SystemSemaInit\000"
 1915      50435F53 
 1915      79737465 
 1915      6D53656D 
 1915      61496E69 
 1916              	.LASF90:
 1917 0b6c 70657269 		.ascii	"periDivCmdPaDivSelPos\000"
 1917      44697643 
 1917      6D645061 
 1917      44697653 
 1917      656C506F 
 1918              	.LASF71:
 1919 0b82 666C6173 		.ascii	"flashProgramDelay\000"
 1919      6850726F 
 1919      6772616D 
 1919      44656C61 
 1919      7900
 1920              	.LASF68:
 1921 0b94 666C6173 		.ascii	"flashRwwRequired\000"
 1921      68527777 
 1921      52657175 
 1921      69726564 
 1921      00
 1922              	.LASF147:
 1923 0ba5 4E766963 		.ascii	"NvicMux23_IRQn\000"
 1923      4D757832 
 1923      335F4952 
 1923      516E00
 1924              		.ident	"GCC: (GNU Tools for ARM Embedded Processors) 5.4.1 20160609 (release) [ARM/embedded-5-bran
