ARM GAS  C:\Users\fatim\AppData\Local\Temp\ccbgHeRh.s 			page 1


   1              		.syntax unified
   2              		.cpu cortex-m0plus
   3              		.fpu softvfp
   4              		.eabi_attribute 20, 1
   5              		.eabi_attribute 21, 1
   6              		.eabi_attribute 23, 3
   7              		.eabi_attribute 24, 1
   8              		.eabi_attribute 25, 1
   9              		.eabi_attribute 26, 1
  10              		.eabi_attribute 30, 1
  11              		.eabi_attribute 34, 0
  12              		.eabi_attribute 18, 4
  13              		.thumb
  14              		.syntax unified
  15              		.file	"main_cm0p.c"
  16              		.text
  17              	.Ltext0:
  18              		.cfi_sections	.debug_frame
  19              		.section	.text.main,"ax",%progbits
  20              		.align	2
  21              		.global	main
  22              		.code	16
  23              		.thumb_func
  24              		.type	main, %function
  25              	main:
  26              	.LFB405:
  27              		.file 1 "main_cm0p.c"
   1:main_cm0p.c   **** /******************************************************************************
   2:main_cm0p.c   **** * File Name: main_cm0p.c
   3:main_cm0p.c   **** *
   4:main_cm0p.c   **** * Version: 1.10
   5:main_cm0p.c   **** *
   6:main_cm0p.c   **** * Description: This file main application code for the CE223727 EmWin Graphics
   7:main_cm0p.c   **** *				library EInk Display, for the CM0+ processor.  The only action
   8:main_cm0p.c   **** *				this file performs is to start the CM4 processor.
   9:main_cm0p.c   **** *
  10:main_cm0p.c   **** * Hardware Dependency: CY8CKIT-028-EPD E-Ink Display Shield
  11:main_cm0p.c   **** *					   CY8CKIT-062-BLE PSoC6 BLE Pioneer Kit
  12:main_cm0p.c   **** *
  13:main_cm0p.c   **** *******************************************************************************
  14:main_cm0p.c   **** * Copyright (2018), Cypress Semiconductor Corporation. All rights reserved.
  15:main_cm0p.c   **** *******************************************************************************
  16:main_cm0p.c   **** * This software, including source code, documentation and related materials
  17:main_cm0p.c   **** * (“Software”), is owned by Cypress Semiconductor Corporation or one of its
  18:main_cm0p.c   **** * subsidiaries (“Cypress”) and is protected by and subject to worldwide patent
  19:main_cm0p.c   **** * protection (United States and foreign), United States copyright laws and
  20:main_cm0p.c   **** * international treaty provisions. Therefore, you may use this Software only
  21:main_cm0p.c   **** * as provided in the license agreement accompanying the software package from
  22:main_cm0p.c   **** * which you obtained this Software (“EULA”).
  23:main_cm0p.c   **** *
  24:main_cm0p.c   **** * If no EULA applies, Cypress hereby grants you a personal, nonexclusive,
  25:main_cm0p.c   **** * non-transferable license to copy, modify, and compile the Software source
  26:main_cm0p.c   **** * code solely for use in connection with Cypress’s integrated circuit products.
  27:main_cm0p.c   **** * Any reproduction, modification, translation, compilation, or representation
  28:main_cm0p.c   **** * of this Software except as specified above is prohibited without the express
  29:main_cm0p.c   **** * written permission of Cypress.
  30:main_cm0p.c   **** *
ARM GAS  C:\Users\fatim\AppData\Local\Temp\ccbgHeRh.s 			page 2


  31:main_cm0p.c   **** * Disclaimer: THIS SOFTWARE IS PROVIDED AS-IS, WITH NO WARRANTY OF ANY KIND, 
  32:main_cm0p.c   **** * EXPRESS OR IMPLIED, INCLUDING, BUT NOT LIMITED TO, NONINFRINGEMENT, IMPLIED 
  33:main_cm0p.c   **** * WARRANTIES OF MERCHANTABILITY AND FITNESS FOR A PARTICULAR PURPOSE. Cypress 
  34:main_cm0p.c   **** * reserves the right to make changes to the Software without notice. Cypress 
  35:main_cm0p.c   **** * does not assume any liability arising out of the application or use of the 
  36:main_cm0p.c   **** * Software or any product or circuit described in the Software. Cypress does 
  37:main_cm0p.c   **** * not authorize its products for use in any products where a malfunction or 
  38:main_cm0p.c   **** * failure of the Cypress product may reasonably be expected to result in 
  39:main_cm0p.c   **** * significant property damage, injury or death (“High Risk Product”). By 
  40:main_cm0p.c   **** * including Cypress’s product in a High Risk Product, the manufacturer of such 
  41:main_cm0p.c   **** * system or application assumes all risk of such use and in doing so agrees to 
  42:main_cm0p.c   **** * indemnify Cypress against all liability.
  43:main_cm0p.c   **** *******************************************************************************/
  44:main_cm0p.c   **** #include "project.h"
  45:main_cm0p.c   **** 
  46:main_cm0p.c   **** int main(void)
  47:main_cm0p.c   **** {
  28              		.loc 1 47 0
  29              		.cfi_startproc
  30              		@ Volatile: function does not return.
  31              		@ args = 0, pretend = 0, frame = 0
  32              		@ frame_needed = 0, uses_anonymous_args = 0
  33 0000 10B5     		push	{r4, lr}
  34              		.cfi_def_cfa_offset 8
  35              		.cfi_offset 4, -8
  36              		.cfi_offset 14, -4
  48:main_cm0p.c   ****     /*__enable_irq(); */ /* Enable global interrupts. */
  49:main_cm0p.c   ****     
  50:main_cm0p.c   **** 	/* Enable CM4.  CY_CORTEX_M4_APPL_ADDR must be updated if CM4 memory layout is changed. */
  51:main_cm0p.c   ****     Cy_SysEnableCM4(CY_CORTEX_M4_APPL_ADDR); 
  37              		.loc 1 51 0
  38 0002 0348     		ldr	r0, .L3
  39 0004 FFF7FEFF 		bl	Cy_SysEnableCM4
  40              	.LVL0:
  41              	.L2:
  52:main_cm0p.c   **** 
  53:main_cm0p.c   ****     /* Place your initialization/startup code here (e.g. MyInst_Start()) */
  54:main_cm0p.c   **** 
  55:main_cm0p.c   ****     for(;;)
  56:main_cm0p.c   ****     {
  57:main_cm0p.c   ****         /* Place your application code here. */
  58:main_cm0p.c   **** 		Cy_SysPm_DeepSleep(CY_SYSPM_WAIT_FOR_INTERRUPT);
  42              		.loc 1 58 0 discriminator 1
  43 0008 0020     		movs	r0, #0
  44 000a FFF7FEFF 		bl	Cy_SysPm_DeepSleep
  45              	.LVL1:
  46 000e FBE7     		b	.L2
  47              	.L4:
  48              		.align	2
  49              	.L3:
  50 0010 00000810 		.word	268959744
  51              		.cfi_endproc
  52              	.LFE405:
  53              		.size	main, .-main
  54              		.text
  55              	.Letext0:
  56              		.file 2 "c:\\program files (x86)\\cypress\\psoc creator\\4.4\\psoc creator\\import\\gnu\\arm\\5.4.
ARM GAS  C:\Users\fatim\AppData\Local\Temp\ccbgHeRh.s 			page 3


  57              		.file 3 "c:\\program files (x86)\\cypress\\psoc creator\\4.4\\psoc creator\\import\\gnu\\arm\\5.4.
  58              		.file 4 "Generated_Source\\PSoC6\\pdl\\drivers/peripheral/syspm/cy_syspm.h"
  59              		.file 5 "Generated_Source\\PSoC6\\pdl\\drivers/peripheral/scb/cy_scb_i2c.h"
  60              		.file 6 "Generated_Source\\PSoC6\\pdl\\drivers/peripheral/scb/cy_scb_uart.h"
  61              		.file 7 "Generated_Source\\PSoC6/I2C.h"
  62              		.file 8 "Generated_Source\\PSoC6/UART_1.h"
  63              		.file 9 "./system_psoc63.h"
  64              		.section	.debug_info,"",%progbits
  65              	.Ldebug_info0:
  66 0000 C3030000 		.4byte	0x3c3
  67 0004 0400     		.2byte	0x4
  68 0006 00000000 		.4byte	.Ldebug_abbrev0
  69 000a 04       		.byte	0x4
  70 000b 01       		.uleb128 0x1
  71 000c B3000000 		.4byte	.LASF69
  72 0010 0C       		.byte	0xc
  73 0011 6C040000 		.4byte	.LASF70
  74 0015 C8030000 		.4byte	.LASF71
  75 0019 00000000 		.4byte	.Ldebug_ranges0+0
  76 001d 00000000 		.4byte	0
  77 0021 00000000 		.4byte	.Ldebug_line0
  78 0025 02       		.uleb128 0x2
  79 0026 02       		.byte	0x2
  80 0027 05       		.byte	0x5
  81 0028 7B000000 		.4byte	.LASF0
  82 002c 02       		.uleb128 0x2
  83 002d 01       		.byte	0x1
  84 002e 08       		.byte	0x8
  85 002f 4D020000 		.4byte	.LASF1
  86 0033 02       		.uleb128 0x2
  87 0034 01       		.byte	0x1
  88 0035 06       		.byte	0x6
  89 0036 65020000 		.4byte	.LASF2
  90 003a 03       		.uleb128 0x3
  91 003b F2010000 		.4byte	.LASF5
  92 003f 02       		.byte	0x2
  93 0040 1D       		.byte	0x1d
  94 0041 2C000000 		.4byte	0x2c
  95 0045 02       		.uleb128 0x2
  96 0046 02       		.byte	0x2
  97 0047 07       		.byte	0x7
  98 0048 50030000 		.4byte	.LASF3
  99 004c 02       		.uleb128 0x2
 100 004d 04       		.byte	0x4
 101 004e 05       		.byte	0x5
 102 004f 78040000 		.4byte	.LASF4
 103 0053 03       		.uleb128 0x3
 104 0054 5B010000 		.4byte	.LASF6
 105 0058 02       		.byte	0x2
 106 0059 41       		.byte	0x41
 107 005a 5E000000 		.4byte	0x5e
 108 005e 02       		.uleb128 0x2
 109 005f 04       		.byte	0x4
 110 0060 07       		.byte	0x7
 111 0061 E5020000 		.4byte	.LASF7
 112 0065 02       		.uleb128 0x2
 113 0066 08       		.byte	0x8
ARM GAS  C:\Users\fatim\AppData\Local\Temp\ccbgHeRh.s 			page 4


 114 0067 05       		.byte	0x5
 115 0068 B3010000 		.4byte	.LASF8
 116 006c 02       		.uleb128 0x2
 117 006d 08       		.byte	0x8
 118 006e 07       		.byte	0x7
 119 006f 82020000 		.4byte	.LASF9
 120 0073 04       		.uleb128 0x4
 121 0074 04       		.byte	0x4
 122 0075 05       		.byte	0x5
 123 0076 696E7400 		.ascii	"int\000"
 124 007a 02       		.uleb128 0x2
 125 007b 04       		.byte	0x4
 126 007c 07       		.byte	0x7
 127 007d C0020000 		.4byte	.LASF10
 128 0081 03       		.uleb128 0x3
 129 0082 87010000 		.4byte	.LASF11
 130 0086 03       		.byte	0x3
 131 0087 18       		.byte	0x18
 132 0088 3A000000 		.4byte	0x3a
 133 008c 03       		.uleb128 0x3
 134 008d 99020000 		.4byte	.LASF12
 135 0091 03       		.byte	0x3
 136 0092 30       		.byte	0x30
 137 0093 53000000 		.4byte	0x53
 138 0097 02       		.uleb128 0x2
 139 0098 04       		.byte	0x4
 140 0099 07       		.byte	0x7
 141 009a 85000000 		.4byte	.LASF13
 142 009e 05       		.uleb128 0x5
 143 009f 8C000000 		.4byte	0x8c
 144 00a3 02       		.uleb128 0x2
 145 00a4 08       		.byte	0x8
 146 00a5 04       		.byte	0x4
 147 00a6 38020000 		.4byte	.LASF14
 148 00aa 02       		.uleb128 0x2
 149 00ab 01       		.byte	0x1
 150 00ac 08       		.byte	0x8
 151 00ad C1010000 		.4byte	.LASF15
 152 00b1 02       		.uleb128 0x2
 153 00b2 04       		.byte	0x4
 154 00b3 04       		.byte	0x4
 155 00b4 9D010000 		.4byte	.LASF16
 156 00b8 02       		.uleb128 0x2
 157 00b9 08       		.byte	0x8
 158 00ba 04       		.byte	0x4
 159 00bb 95030000 		.4byte	.LASF17
 160 00bf 06       		.uleb128 0x6
 161 00c0 01       		.byte	0x1
 162 00c1 2C000000 		.4byte	0x2c
 163 00c5 04       		.byte	0x4
 164 00c6 CE03     		.2byte	0x3ce
 165 00c8 D9000000 		.4byte	0xd9
 166 00cc 07       		.uleb128 0x7
 167 00cd 50040000 		.4byte	.LASF18
 168 00d1 00       		.byte	0
 169 00d2 07       		.uleb128 0x7
 170 00d3 01030000 		.4byte	.LASF19
ARM GAS  C:\Users\fatim\AppData\Local\Temp\ccbgHeRh.s 			page 5


 171 00d7 01       		.byte	0x1
 172 00d8 00       		.byte	0
 173 00d9 08       		.uleb128 0x8
 174 00da 04       		.byte	0x4
 175 00db 02       		.uleb128 0x2
 176 00dc 01       		.byte	0x1
 177 00dd 02       		.byte	0x2
 178 00de 70030000 		.4byte	.LASF20
 179 00e2 06       		.uleb128 0x6
 180 00e3 01       		.byte	0x1
 181 00e4 2C000000 		.4byte	0x2c
 182 00e8 05       		.byte	0x5
 183 00e9 DE01     		.2byte	0x1de
 184 00eb FC000000 		.4byte	0xfc
 185 00ef 07       		.uleb128 0x7
 186 00f0 A8030000 		.4byte	.LASF21
 187 00f4 00       		.byte	0
 188 00f5 07       		.uleb128 0x7
 189 00f6 86030000 		.4byte	.LASF22
 190 00fa 01       		.byte	0x1
 191 00fb 00       		.byte	0
 192 00fc 09       		.uleb128 0x9
 193 00fd CD020000 		.4byte	.LASF23
 194 0101 05       		.byte	0x5
 195 0102 E101     		.2byte	0x1e1
 196 0104 E2000000 		.4byte	0xe2
 197 0108 09       		.uleb128 0x9
 198 0109 A2020000 		.4byte	.LASF24
 199 010d 05       		.byte	0x5
 200 010e F301     		.2byte	0x1f3
 201 0110 14010000 		.4byte	0x114
 202 0114 0A       		.uleb128 0xa
 203 0115 04       		.byte	0x4
 204 0116 1A010000 		.4byte	0x11a
 205 011a 0B       		.uleb128 0xb
 206 011b 25010000 		.4byte	0x125
 207 011f 0C       		.uleb128 0xc
 208 0120 8C000000 		.4byte	0x8c
 209 0124 00       		.byte	0
 210 0125 09       		.uleb128 0x9
 211 0126 2B030000 		.4byte	.LASF25
 212 012a 05       		.byte	0x5
 213 012b FE01     		.2byte	0x1fe
 214 012d 31010000 		.4byte	0x131
 215 0131 0A       		.uleb128 0xa
 216 0132 04       		.byte	0x4
 217 0133 37010000 		.4byte	0x137
 218 0137 0D       		.uleb128 0xd
 219 0138 FC000000 		.4byte	0xfc
 220 013c 46010000 		.4byte	0x146
 221 0140 0C       		.uleb128 0xc
 222 0141 8C000000 		.4byte	0x8c
 223 0145 00       		.byte	0
 224 0146 0E       		.uleb128 0xe
 225 0147 AB040000 		.4byte	.LASF49
 226 014b 4C       		.byte	0x4c
 227 014c 05       		.byte	0x5
ARM GAS  C:\Users\fatim\AppData\Local\Temp\ccbgHeRh.s 			page 6


 228 014d 6502     		.2byte	0x265
 229 014f 65020000 		.4byte	0x265
 230 0153 0F       		.uleb128 0xf
 231 0154 18040000 		.4byte	.LASF26
 232 0158 05       		.byte	0x5
 233 0159 6802     		.2byte	0x268
 234 015b DB000000 		.4byte	0xdb
 235 015f 00       		.byte	0
 236 0160 0F       		.uleb128 0xf
 237 0161 A3010000 		.4byte	.LASF27
 238 0165 05       		.byte	0x5
 239 0166 6902     		.2byte	0x269
 240 0168 DB000000 		.4byte	0xdb
 241 016c 01       		.byte	0x1
 242 016d 0F       		.uleb128 0xf
 243 016e 56000000 		.4byte	.LASF28
 244 0172 05       		.byte	0x5
 245 0173 6B02     		.2byte	0x26b
 246 0175 9E000000 		.4byte	0x9e
 247 0179 04       		.byte	0x4
 248 017a 0F       		.uleb128 0xf
 249 017b 8E000000 		.4byte	.LASF29
 250 017f 05       		.byte	0x5
 251 0180 6D02     		.2byte	0x26d
 252 0182 9E000000 		.4byte	0x9e
 253 0186 08       		.byte	0x8
 254 0187 0F       		.uleb128 0xf
 255 0188 2A040000 		.4byte	.LASF30
 256 018c 05       		.byte	0x5
 257 018d 6E02     		.2byte	0x26e
 258 018f DB000000 		.4byte	0xdb
 259 0193 0C       		.byte	0xc
 260 0194 0F       		.uleb128 0xf
 261 0195 E6010000 		.4byte	.LASF31
 262 0199 05       		.byte	0x5
 263 019a 6F02     		.2byte	0x26f
 264 019c DB000000 		.4byte	0xdb
 265 01a0 0D       		.byte	0xd
 266 01a1 0F       		.uleb128 0xf
 267 01a2 63030000 		.4byte	.LASF32
 268 01a6 05       		.byte	0x5
 269 01a7 7102     		.2byte	0x271
 270 01a9 65020000 		.4byte	0x265
 271 01ad 10       		.byte	0x10
 272 01ae 0F       		.uleb128 0xf
 273 01af 71020000 		.4byte	.LASF33
 274 01b3 05       		.byte	0x5
 275 01b4 7202     		.2byte	0x272
 276 01b6 8C000000 		.4byte	0x8c
 277 01ba 14       		.byte	0x14
 278 01bb 0F       		.uleb128 0xf
 279 01bc 20000000 		.4byte	.LASF34
 280 01c0 05       		.byte	0x5
 281 01c1 7302     		.2byte	0x273
 282 01c3 9E000000 		.4byte	0x9e
 283 01c7 18       		.byte	0x18
 284 01c8 0F       		.uleb128 0xf
ARM GAS  C:\Users\fatim\AppData\Local\Temp\ccbgHeRh.s 			page 7


 285 01c9 11000000 		.4byte	.LASF35
 286 01cd 05       		.byte	0x5
 287 01ce 7402     		.2byte	0x274
 288 01d0 9E000000 		.4byte	0x9e
 289 01d4 1C       		.byte	0x1c
 290 01d5 0F       		.uleb128 0xf
 291 01d6 9C030000 		.4byte	.LASF36
 292 01da 05       		.byte	0x5
 293 01db 7602     		.2byte	0x276
 294 01dd 9E000000 		.4byte	0x9e
 295 01e1 20       		.byte	0x20
 296 01e2 0F       		.uleb128 0xf
 297 01e3 9B040000 		.4byte	.LASF37
 298 01e7 05       		.byte	0x5
 299 01e8 7702     		.2byte	0x277
 300 01ea 6B020000 		.4byte	0x26b
 301 01ee 24       		.byte	0x24
 302 01ef 0F       		.uleb128 0xf
 303 01f0 C2040000 		.4byte	.LASF38
 304 01f4 05       		.byte	0x5
 305 01f5 7902     		.2byte	0x279
 306 01f7 65020000 		.4byte	0x265
 307 01fb 28       		.byte	0x28
 308 01fc 0F       		.uleb128 0xf
 309 01fd 0D020000 		.4byte	.LASF39
 310 0201 05       		.byte	0x5
 311 0202 7A02     		.2byte	0x27a
 312 0204 8C000000 		.4byte	0x8c
 313 0208 2C       		.byte	0x2c
 314 0209 0F       		.uleb128 0xf
 315 020a B7030000 		.4byte	.LASF40
 316 020e 05       		.byte	0x5
 317 020f 7B02     		.2byte	0x27b
 318 0211 9E000000 		.4byte	0x9e
 319 0215 30       		.byte	0x30
 320 0216 0F       		.uleb128 0xf
 321 0217 45010000 		.4byte	.LASF41
 322 021b 05       		.byte	0x5
 323 021c 7C02     		.2byte	0x27c
 324 021e 9E000000 		.4byte	0x9e
 325 0222 34       		.byte	0x34
 326 0223 0F       		.uleb128 0xf
 327 0224 3E000000 		.4byte	.LASF42
 328 0228 05       		.byte	0x5
 329 0229 7E02     		.2byte	0x27e
 330 022b 65020000 		.4byte	0x265
 331 022f 38       		.byte	0x38
 332 0230 0F       		.uleb128 0xf
 333 0231 C6010000 		.4byte	.LASF43
 334 0235 05       		.byte	0x5
 335 0236 7F02     		.2byte	0x27f
 336 0238 8C000000 		.4byte	0x8c
 337 023c 3C       		.byte	0x3c
 338 023d 0F       		.uleb128 0xf
 339 023e FC010000 		.4byte	.LASF44
 340 0242 05       		.byte	0x5
 341 0243 8002     		.2byte	0x280
ARM GAS  C:\Users\fatim\AppData\Local\Temp\ccbgHeRh.s 			page 8


 342 0245 9E000000 		.4byte	0x9e
 343 0249 40       		.byte	0x40
 344 024a 0F       		.uleb128 0xf
 345 024b 47030000 		.4byte	.LASF45
 346 024f 05       		.byte	0x5
 347 0250 8602     		.2byte	0x286
 348 0252 08010000 		.4byte	0x108
 349 0256 44       		.byte	0x44
 350 0257 0F       		.uleb128 0xf
 351 0258 94040000 		.4byte	.LASF46
 352 025c 05       		.byte	0x5
 353 025d 8D02     		.2byte	0x28d
 354 025f 25010000 		.4byte	0x125
 355 0263 48       		.byte	0x48
 356 0264 00       		.byte	0
 357 0265 0A       		.uleb128 0xa
 358 0266 04       		.byte	0x4
 359 0267 81000000 		.4byte	0x81
 360 026b 05       		.uleb128 0x5
 361 026c DB000000 		.4byte	0xdb
 362 0270 09       		.uleb128 0x9
 363 0271 1F020000 		.4byte	.LASF47
 364 0275 05       		.byte	0x5
 365 0276 9002     		.2byte	0x290
 366 0278 46010000 		.4byte	0x146
 367 027c 09       		.uleb128 0x9
 368 027d 5C000000 		.4byte	.LASF48
 369 0281 06       		.byte	0x6
 370 0282 AB01     		.2byte	0x1ab
 371 0284 14010000 		.4byte	0x114
 372 0288 0E       		.uleb128 0xe
 373 0289 9B000000 		.4byte	.LASF50
 374 028d 38       		.byte	0x38
 375 028e 06       		.byte	0x6
 376 028f 4702     		.2byte	0x247
 377 0291 4C030000 		.4byte	0x34c
 378 0295 0F       		.uleb128 0xf
 379 0296 66010000 		.4byte	.LASF51
 380 029a 06       		.byte	0x6
 381 029b 4A02     		.2byte	0x24a
 382 029d 9E000000 		.4byte	0x9e
 383 02a1 00       		.byte	0
 384 02a2 0F       		.uleb128 0xf
 385 02a3 44020000 		.4byte	.LASF52
 386 02a7 06       		.byte	0x6
 387 02a8 4B02     		.2byte	0x24b
 388 02aa 9E000000 		.4byte	0x9e
 389 02ae 04       		.byte	0x4
 390 02af 0F       		.uleb128 0xf
 391 02b0 5B020000 		.4byte	.LASF53
 392 02b4 06       		.byte	0x6
 393 02b5 4D02     		.2byte	0x24d
 394 02b7 D9000000 		.4byte	0xd9
 395 02bb 08       		.byte	0x8
 396 02bc 0F       		.uleb128 0xf
 397 02bd D8010000 		.4byte	.LASF54
 398 02c1 06       		.byte	0x6
ARM GAS  C:\Users\fatim\AppData\Local\Temp\ccbgHeRh.s 			page 9


 399 02c2 4E02     		.2byte	0x24e
 400 02c4 8C000000 		.4byte	0x8c
 401 02c8 0C       		.byte	0xc
 402 02c9 0F       		.uleb128 0xf
 403 02ca 8F010000 		.4byte	.LASF55
 404 02ce 06       		.byte	0x6
 405 02cf 4F02     		.2byte	0x24f
 406 02d1 9E000000 		.4byte	0x9e
 407 02d5 10       		.byte	0x10
 408 02d6 0F       		.uleb128 0xf
 409 02d7 30000000 		.4byte	.LASF56
 410 02db 06       		.byte	0x6
 411 02dc 5002     		.2byte	0x250
 412 02de 9E000000 		.4byte	0x9e
 413 02e2 14       		.byte	0x14
 414 02e3 0F       		.uleb128 0xf
 415 02e4 19030000 		.4byte	.LASF57
 416 02e8 06       		.byte	0x6
 417 02e9 5202     		.2byte	0x252
 418 02eb D9000000 		.4byte	0xd9
 419 02ef 18       		.byte	0x18
 420 02f0 0F       		.uleb128 0xf
 421 02f1 4C000000 		.4byte	.LASF58
 422 02f5 06       		.byte	0x6
 423 02f6 5302     		.2byte	0x253
 424 02f8 8C000000 		.4byte	0x8c
 425 02fc 1C       		.byte	0x1c
 426 02fd 0F       		.uleb128 0xf
 427 02fe 6F010000 		.4byte	.LASF59
 428 0302 06       		.byte	0x6
 429 0303 5402     		.2byte	0x254
 430 0305 9E000000 		.4byte	0x9e
 431 0309 20       		.byte	0x20
 432 030a 0F       		.uleb128 0xf
 433 030b AD010000 		.4byte	.LASF60
 434 030f 06       		.byte	0x6
 435 0310 5602     		.2byte	0x256
 436 0312 D9000000 		.4byte	0xd9
 437 0316 24       		.byte	0x24
 438 0317 0F       		.uleb128 0xf
 439 0318 F7020000 		.4byte	.LASF61
 440 031c 06       		.byte	0x6
 441 031d 5702     		.2byte	0x257
 442 031f 8C000000 		.4byte	0x8c
 443 0323 28       		.byte	0x28
 444 0324 0F       		.uleb128 0xf
 445 0325 00000000 		.4byte	.LASF62
 446 0329 06       		.byte	0x6
 447 032a 5802     		.2byte	0x258
 448 032c 9E000000 		.4byte	0x9e
 449 0330 2C       		.byte	0x2c
 450 0331 0F       		.uleb128 0xf
 451 0332 47030000 		.4byte	.LASF45
 452 0336 06       		.byte	0x6
 453 0337 5D02     		.2byte	0x25d
 454 0339 7C020000 		.4byte	0x27c
 455 033d 30       		.byte	0x30
ARM GAS  C:\Users\fatim\AppData\Local\Temp\ccbgHeRh.s 			page 10


 456 033e 0F       		.uleb128 0xf
 457 033f 22040000 		.4byte	.LASF63
 458 0343 06       		.byte	0x6
 459 0344 6002     		.2byte	0x260
 460 0346 8C000000 		.4byte	0x8c
 461 034a 34       		.byte	0x34
 462 034b 00       		.byte	0
 463 034c 09       		.uleb128 0x9
 464 034d 36040000 		.4byte	.LASF64
 465 0351 06       		.byte	0x6
 466 0352 6302     		.2byte	0x263
 467 0354 88020000 		.4byte	0x288
 468 0358 10       		.uleb128 0x10
 469 0359 56010000 		.4byte	.LASF72
 470 035d 01       		.byte	0x1
 471 035e 2E       		.byte	0x2e
 472 035f 73000000 		.4byte	0x73
 473 0363 00000000 		.4byte	.LFB405
 474 0367 14000000 		.4byte	.LFE405-.LFB405
 475 036b 01       		.uleb128 0x1
 476 036c 9C       		.byte	0x9c
 477 036d 98030000 		.4byte	0x398
 478 0371 11       		.uleb128 0x11
 479 0372 08000000 		.4byte	.LVL0
 480 0376 AE030000 		.4byte	0x3ae
 481 037a 88030000 		.4byte	0x388
 482 037e 12       		.uleb128 0x12
 483 037f 01       		.uleb128 0x1
 484 0380 50       		.byte	0x50
 485 0381 05       		.uleb128 0x5
 486 0382 0C       		.byte	0xc
 487 0383 00000810 		.4byte	0x10080000
 488 0387 00       		.byte	0
 489 0388 13       		.uleb128 0x13
 490 0389 0E000000 		.4byte	.LVL1
 491 038d BA030000 		.4byte	0x3ba
 492 0391 12       		.uleb128 0x12
 493 0392 01       		.uleb128 0x1
 494 0393 50       		.byte	0x50
 495 0394 01       		.uleb128 0x1
 496 0395 30       		.byte	0x30
 497 0396 00       		.byte	0
 498 0397 00       		.byte	0
 499 0398 14       		.uleb128 0x14
 500 0399 1F030000 		.4byte	.LASF65
 501 039d 07       		.byte	0x7
 502 039e 7F       		.byte	0x7f
 503 039f 70020000 		.4byte	0x270
 504 03a3 14       		.uleb128 0x14
 505 03a4 78010000 		.4byte	.LASF66
 506 03a8 08       		.byte	0x8
 507 03a9 87       		.byte	0x87
 508 03aa 4C030000 		.4byte	0x34c
 509 03ae 15       		.uleb128 0x15
 510 03af 76030000 		.4byte	.LASF67
 511 03b3 76030000 		.4byte	.LASF67
 512 03b7 09       		.byte	0x9
ARM GAS  C:\Users\fatim\AppData\Local\Temp\ccbgHeRh.s 			page 11


 513 03b8 FE01     		.2byte	0x1fe
 514 03ba 15       		.uleb128 0x15
 515 03bb 81040000 		.4byte	.LASF68
 516 03bf 81040000 		.4byte	.LASF68
 517 03c3 04       		.byte	0x4
 518 03c4 F004     		.2byte	0x4f0
 519 03c6 00       		.byte	0
 520              		.section	.debug_abbrev,"",%progbits
 521              	.Ldebug_abbrev0:
 522 0000 01       		.uleb128 0x1
 523 0001 11       		.uleb128 0x11
 524 0002 01       		.byte	0x1
 525 0003 25       		.uleb128 0x25
 526 0004 0E       		.uleb128 0xe
 527 0005 13       		.uleb128 0x13
 528 0006 0B       		.uleb128 0xb
 529 0007 03       		.uleb128 0x3
 530 0008 0E       		.uleb128 0xe
 531 0009 1B       		.uleb128 0x1b
 532 000a 0E       		.uleb128 0xe
 533 000b 55       		.uleb128 0x55
 534 000c 17       		.uleb128 0x17
 535 000d 11       		.uleb128 0x11
 536 000e 01       		.uleb128 0x1
 537 000f 10       		.uleb128 0x10
 538 0010 17       		.uleb128 0x17
 539 0011 00       		.byte	0
 540 0012 00       		.byte	0
 541 0013 02       		.uleb128 0x2
 542 0014 24       		.uleb128 0x24
 543 0015 00       		.byte	0
 544 0016 0B       		.uleb128 0xb
 545 0017 0B       		.uleb128 0xb
 546 0018 3E       		.uleb128 0x3e
 547 0019 0B       		.uleb128 0xb
 548 001a 03       		.uleb128 0x3
 549 001b 0E       		.uleb128 0xe
 550 001c 00       		.byte	0
 551 001d 00       		.byte	0
 552 001e 03       		.uleb128 0x3
 553 001f 16       		.uleb128 0x16
 554 0020 00       		.byte	0
 555 0021 03       		.uleb128 0x3
 556 0022 0E       		.uleb128 0xe
 557 0023 3A       		.uleb128 0x3a
 558 0024 0B       		.uleb128 0xb
 559 0025 3B       		.uleb128 0x3b
 560 0026 0B       		.uleb128 0xb
 561 0027 49       		.uleb128 0x49
 562 0028 13       		.uleb128 0x13
 563 0029 00       		.byte	0
 564 002a 00       		.byte	0
 565 002b 04       		.uleb128 0x4
 566 002c 24       		.uleb128 0x24
 567 002d 00       		.byte	0
 568 002e 0B       		.uleb128 0xb
 569 002f 0B       		.uleb128 0xb
ARM GAS  C:\Users\fatim\AppData\Local\Temp\ccbgHeRh.s 			page 12


 570 0030 3E       		.uleb128 0x3e
 571 0031 0B       		.uleb128 0xb
 572 0032 03       		.uleb128 0x3
 573 0033 08       		.uleb128 0x8
 574 0034 00       		.byte	0
 575 0035 00       		.byte	0
 576 0036 05       		.uleb128 0x5
 577 0037 35       		.uleb128 0x35
 578 0038 00       		.byte	0
 579 0039 49       		.uleb128 0x49
 580 003a 13       		.uleb128 0x13
 581 003b 00       		.byte	0
 582 003c 00       		.byte	0
 583 003d 06       		.uleb128 0x6
 584 003e 04       		.uleb128 0x4
 585 003f 01       		.byte	0x1
 586 0040 0B       		.uleb128 0xb
 587 0041 0B       		.uleb128 0xb
 588 0042 49       		.uleb128 0x49
 589 0043 13       		.uleb128 0x13
 590 0044 3A       		.uleb128 0x3a
 591 0045 0B       		.uleb128 0xb
 592 0046 3B       		.uleb128 0x3b
 593 0047 05       		.uleb128 0x5
 594 0048 01       		.uleb128 0x1
 595 0049 13       		.uleb128 0x13
 596 004a 00       		.byte	0
 597 004b 00       		.byte	0
 598 004c 07       		.uleb128 0x7
 599 004d 28       		.uleb128 0x28
 600 004e 00       		.byte	0
 601 004f 03       		.uleb128 0x3
 602 0050 0E       		.uleb128 0xe
 603 0051 1C       		.uleb128 0x1c
 604 0052 0B       		.uleb128 0xb
 605 0053 00       		.byte	0
 606 0054 00       		.byte	0
 607 0055 08       		.uleb128 0x8
 608 0056 0F       		.uleb128 0xf
 609 0057 00       		.byte	0
 610 0058 0B       		.uleb128 0xb
 611 0059 0B       		.uleb128 0xb
 612 005a 00       		.byte	0
 613 005b 00       		.byte	0
 614 005c 09       		.uleb128 0x9
 615 005d 16       		.uleb128 0x16
 616 005e 00       		.byte	0
 617 005f 03       		.uleb128 0x3
 618 0060 0E       		.uleb128 0xe
 619 0061 3A       		.uleb128 0x3a
 620 0062 0B       		.uleb128 0xb
 621 0063 3B       		.uleb128 0x3b
 622 0064 05       		.uleb128 0x5
 623 0065 49       		.uleb128 0x49
 624 0066 13       		.uleb128 0x13
 625 0067 00       		.byte	0
 626 0068 00       		.byte	0
ARM GAS  C:\Users\fatim\AppData\Local\Temp\ccbgHeRh.s 			page 13


 627 0069 0A       		.uleb128 0xa
 628 006a 0F       		.uleb128 0xf
 629 006b 00       		.byte	0
 630 006c 0B       		.uleb128 0xb
 631 006d 0B       		.uleb128 0xb
 632 006e 49       		.uleb128 0x49
 633 006f 13       		.uleb128 0x13
 634 0070 00       		.byte	0
 635 0071 00       		.byte	0
 636 0072 0B       		.uleb128 0xb
 637 0073 15       		.uleb128 0x15
 638 0074 01       		.byte	0x1
 639 0075 27       		.uleb128 0x27
 640 0076 19       		.uleb128 0x19
 641 0077 01       		.uleb128 0x1
 642 0078 13       		.uleb128 0x13
 643 0079 00       		.byte	0
 644 007a 00       		.byte	0
 645 007b 0C       		.uleb128 0xc
 646 007c 05       		.uleb128 0x5
 647 007d 00       		.byte	0
 648 007e 49       		.uleb128 0x49
 649 007f 13       		.uleb128 0x13
 650 0080 00       		.byte	0
 651 0081 00       		.byte	0
 652 0082 0D       		.uleb128 0xd
 653 0083 15       		.uleb128 0x15
 654 0084 01       		.byte	0x1
 655 0085 27       		.uleb128 0x27
 656 0086 19       		.uleb128 0x19
 657 0087 49       		.uleb128 0x49
 658 0088 13       		.uleb128 0x13
 659 0089 01       		.uleb128 0x1
 660 008a 13       		.uleb128 0x13
 661 008b 00       		.byte	0
 662 008c 00       		.byte	0
 663 008d 0E       		.uleb128 0xe
 664 008e 13       		.uleb128 0x13
 665 008f 01       		.byte	0x1
 666 0090 03       		.uleb128 0x3
 667 0091 0E       		.uleb128 0xe
 668 0092 0B       		.uleb128 0xb
 669 0093 0B       		.uleb128 0xb
 670 0094 3A       		.uleb128 0x3a
 671 0095 0B       		.uleb128 0xb
 672 0096 3B       		.uleb128 0x3b
 673 0097 05       		.uleb128 0x5
 674 0098 01       		.uleb128 0x1
 675 0099 13       		.uleb128 0x13
 676 009a 00       		.byte	0
 677 009b 00       		.byte	0
 678 009c 0F       		.uleb128 0xf
 679 009d 0D       		.uleb128 0xd
 680 009e 00       		.byte	0
 681 009f 03       		.uleb128 0x3
 682 00a0 0E       		.uleb128 0xe
 683 00a1 3A       		.uleb128 0x3a
ARM GAS  C:\Users\fatim\AppData\Local\Temp\ccbgHeRh.s 			page 14


 684 00a2 0B       		.uleb128 0xb
 685 00a3 3B       		.uleb128 0x3b
 686 00a4 05       		.uleb128 0x5
 687 00a5 49       		.uleb128 0x49
 688 00a6 13       		.uleb128 0x13
 689 00a7 38       		.uleb128 0x38
 690 00a8 0B       		.uleb128 0xb
 691 00a9 00       		.byte	0
 692 00aa 00       		.byte	0
 693 00ab 10       		.uleb128 0x10
 694 00ac 2E       		.uleb128 0x2e
 695 00ad 01       		.byte	0x1
 696 00ae 3F       		.uleb128 0x3f
 697 00af 19       		.uleb128 0x19
 698 00b0 03       		.uleb128 0x3
 699 00b1 0E       		.uleb128 0xe
 700 00b2 3A       		.uleb128 0x3a
 701 00b3 0B       		.uleb128 0xb
 702 00b4 3B       		.uleb128 0x3b
 703 00b5 0B       		.uleb128 0xb
 704 00b6 27       		.uleb128 0x27
 705 00b7 19       		.uleb128 0x19
 706 00b8 49       		.uleb128 0x49
 707 00b9 13       		.uleb128 0x13
 708 00ba 8701     		.uleb128 0x87
 709 00bc 19       		.uleb128 0x19
 710 00bd 11       		.uleb128 0x11
 711 00be 01       		.uleb128 0x1
 712 00bf 12       		.uleb128 0x12
 713 00c0 06       		.uleb128 0x6
 714 00c1 40       		.uleb128 0x40
 715 00c2 18       		.uleb128 0x18
 716 00c3 9742     		.uleb128 0x2117
 717 00c5 19       		.uleb128 0x19
 718 00c6 01       		.uleb128 0x1
 719 00c7 13       		.uleb128 0x13
 720 00c8 00       		.byte	0
 721 00c9 00       		.byte	0
 722 00ca 11       		.uleb128 0x11
 723 00cb 898201   		.uleb128 0x4109
 724 00ce 01       		.byte	0x1
 725 00cf 11       		.uleb128 0x11
 726 00d0 01       		.uleb128 0x1
 727 00d1 31       		.uleb128 0x31
 728 00d2 13       		.uleb128 0x13
 729 00d3 01       		.uleb128 0x1
 730 00d4 13       		.uleb128 0x13
 731 00d5 00       		.byte	0
 732 00d6 00       		.byte	0
 733 00d7 12       		.uleb128 0x12
 734 00d8 8A8201   		.uleb128 0x410a
 735 00db 00       		.byte	0
 736 00dc 02       		.uleb128 0x2
 737 00dd 18       		.uleb128 0x18
 738 00de 9142     		.uleb128 0x2111
 739 00e0 18       		.uleb128 0x18
 740 00e1 00       		.byte	0
ARM GAS  C:\Users\fatim\AppData\Local\Temp\ccbgHeRh.s 			page 15


 741 00e2 00       		.byte	0
 742 00e3 13       		.uleb128 0x13
 743 00e4 898201   		.uleb128 0x4109
 744 00e7 01       		.byte	0x1
 745 00e8 11       		.uleb128 0x11
 746 00e9 01       		.uleb128 0x1
 747 00ea 31       		.uleb128 0x31
 748 00eb 13       		.uleb128 0x13
 749 00ec 00       		.byte	0
 750 00ed 00       		.byte	0
 751 00ee 14       		.uleb128 0x14
 752 00ef 34       		.uleb128 0x34
 753 00f0 00       		.byte	0
 754 00f1 03       		.uleb128 0x3
 755 00f2 0E       		.uleb128 0xe
 756 00f3 3A       		.uleb128 0x3a
 757 00f4 0B       		.uleb128 0xb
 758 00f5 3B       		.uleb128 0x3b
 759 00f6 0B       		.uleb128 0xb
 760 00f7 49       		.uleb128 0x49
 761 00f8 13       		.uleb128 0x13
 762 00f9 3F       		.uleb128 0x3f
 763 00fa 19       		.uleb128 0x19
 764 00fb 3C       		.uleb128 0x3c
 765 00fc 19       		.uleb128 0x19
 766 00fd 00       		.byte	0
 767 00fe 00       		.byte	0
 768 00ff 15       		.uleb128 0x15
 769 0100 2E       		.uleb128 0x2e
 770 0101 00       		.byte	0
 771 0102 3F       		.uleb128 0x3f
 772 0103 19       		.uleb128 0x19
 773 0104 3C       		.uleb128 0x3c
 774 0105 19       		.uleb128 0x19
 775 0106 6E       		.uleb128 0x6e
 776 0107 0E       		.uleb128 0xe
 777 0108 03       		.uleb128 0x3
 778 0109 0E       		.uleb128 0xe
 779 010a 3A       		.uleb128 0x3a
 780 010b 0B       		.uleb128 0xb
 781 010c 3B       		.uleb128 0x3b
 782 010d 05       		.uleb128 0x5
 783 010e 00       		.byte	0
 784 010f 00       		.byte	0
 785 0110 00       		.byte	0
 786              		.section	.debug_aranges,"",%progbits
 787 0000 1C000000 		.4byte	0x1c
 788 0004 0200     		.2byte	0x2
 789 0006 00000000 		.4byte	.Ldebug_info0
 790 000a 04       		.byte	0x4
 791 000b 00       		.byte	0
 792 000c 0000     		.2byte	0
 793 000e 0000     		.2byte	0
 794 0010 00000000 		.4byte	.LFB405
 795 0014 14000000 		.4byte	.LFE405-.LFB405
 796 0018 00000000 		.4byte	0
 797 001c 00000000 		.4byte	0
ARM GAS  C:\Users\fatim\AppData\Local\Temp\ccbgHeRh.s 			page 16


 798              		.section	.debug_ranges,"",%progbits
 799              	.Ldebug_ranges0:
 800 0000 00000000 		.4byte	.LFB405
 801 0004 14000000 		.4byte	.LFE405
 802 0008 00000000 		.4byte	0
 803 000c 00000000 		.4byte	0
 804              		.section	.debug_line,"",%progbits
 805              	.Ldebug_line0:
 806 0000 10020000 		.section	.debug_str,"MS",%progbits,1
 806      0200F501 
 806      00000201 
 806      FB0E0D00 
 806      01010101 
 807              	.LASF62:
 808 0000 74784C65 		.ascii	"txLeftToTransmit\000"
 808      6674546F 
 808      5472616E 
 808      736D6974 
 808      00
 809              	.LASF35:
 810 0011 6D617374 		.ascii	"masterNumBytes\000"
 810      65724E75 
 810      6D427974 
 810      657300
 811              	.LASF34:
 812 0020 6D617374 		.ascii	"masterBufferIdx\000"
 812      65724275 
 812      66666572 
 812      49647800 
 813              	.LASF56:
 814 0030 72785269 		.ascii	"rxRingBufTail\000"
 814      6E674275 
 814      66546169 
 814      6C00
 815              	.LASF42:
 816 003e 736C6176 		.ascii	"slaveRxBuffer\000"
 816      65527842 
 816      75666665 
 816      7200
 817              	.LASF58:
 818 004c 72784275 		.ascii	"rxBufSize\000"
 818      6653697A 
 818      6500
 819              	.LASF28:
 820 0056 73746174 		.ascii	"state\000"
 820      6500
 821              	.LASF48:
 822 005c 63795F63 		.ascii	"cy_cb_scb_uart_handle_events_t\000"
 822      625F7363 
 822      625F7561 
 822      72745F68 
 822      616E646C 
 823              	.LASF0:
 824 007b 73686F72 		.ascii	"short int\000"
 824      7420696E 
 824      7400
 825              	.LASF13:
ARM GAS  C:\Users\fatim\AppData\Local\Temp\ccbgHeRh.s 			page 17


 826 0085 73697A65 		.ascii	"sizetype\000"
 826      74797065 
 826      00
 827              	.LASF29:
 828 008e 6D617374 		.ascii	"masterStatus\000"
 828      65725374 
 828      61747573 
 828      00
 829              	.LASF50:
 830 009b 63795F73 		.ascii	"cy_stc_scb_uart_context\000"
 830      74635F73 
 830      63625F75 
 830      6172745F 
 830      636F6E74 
 831              	.LASF69:
 832 00b3 474E5520 		.ascii	"GNU C11 5.4.1 20160609 (release) [ARM/embedded-5-br"
 832      43313120 
 832      352E342E 
 832      31203230 
 832      31363036 
 833 00e6 616E6368 		.ascii	"anch revision 237715] -mcpu=cortex-m0plus -mthumb -"
 833      20726576 
 833      6973696F 
 833      6E203233 
 833      37373135 
 834 0119 67202D4F 		.ascii	"g -Og -ffunction-sections -ffat-lto-objects\000"
 834      67202D66 
 834      66756E63 
 834      74696F6E 
 834      2D736563 
 835              	.LASF41:
 836 0145 736C6176 		.ascii	"slaveTxBufferCnt\000"
 836      65547842 
 836      75666665 
 836      72436E74 
 836      00
 837              	.LASF72:
 838 0156 6D61696E 		.ascii	"main\000"
 838      00
 839              	.LASF6:
 840 015b 5F5F7569 		.ascii	"__uint32_t\000"
 840      6E743332 
 840      5F7400
 841              	.LASF51:
 842 0166 74785374 		.ascii	"txStatus\000"
 842      61747573 
 842      00
 843              	.LASF59:
 844 016f 72784275 		.ascii	"rxBufIdx\000"
 844      66496478 
 844      00
 845              	.LASF66:
 846 0178 55415254 		.ascii	"UART_1_context\000"
 846      5F315F63 
 846      6F6E7465 
 846      787400
 847              	.LASF11:
ARM GAS  C:\Users\fatim\AppData\Local\Temp\ccbgHeRh.s 			page 18


 848 0187 75696E74 		.ascii	"uint8_t\000"
 848      385F7400 
 849              	.LASF55:
 850 018f 72785269 		.ascii	"rxRingBufHead\000"
 850      6E674275 
 850      66486561 
 850      6400
 851              	.LASF16:
 852 019d 666C6F61 		.ascii	"float\000"
 852      7400
 853              	.LASF27:
 854 01a3 75736554 		.ascii	"useTxFifo\000"
 854      78466966 
 854      6F00
 855              	.LASF60:
 856 01ad 74784275 		.ascii	"txBuf\000"
 856      6600
 857              	.LASF8:
 858 01b3 6C6F6E67 		.ascii	"long long int\000"
 858      206C6F6E 
 858      6720696E 
 858      7400
 859              	.LASF15:
 860 01c1 63686172 		.ascii	"char\000"
 860      00
 861              	.LASF43:
 862 01c6 736C6176 		.ascii	"slaveRxBufferSize\000"
 862      65527842 
 862      75666665 
 862      7253697A 
 862      6500
 863              	.LASF54:
 864 01d8 72785269 		.ascii	"rxRingBufSize\000"
 864      6E674275 
 864      6653697A 
 864      6500
 865              	.LASF31:
 866 01e6 6D617374 		.ascii	"masterRdDir\000"
 866      65725264 
 866      44697200 
 867              	.LASF5:
 868 01f2 5F5F7569 		.ascii	"__uint8_t\000"
 868      6E74385F 
 868      7400
 869              	.LASF44:
 870 01fc 736C6176 		.ascii	"slaveRxBufferIdx\000"
 870      65527842 
 870      75666665 
 870      72496478 
 870      00
 871              	.LASF39:
 872 020d 736C6176 		.ascii	"slaveTxBufferSize\000"
 872      65547842 
 872      75666665 
 872      7253697A 
 872      6500
 873              	.LASF47:
ARM GAS  C:\Users\fatim\AppData\Local\Temp\ccbgHeRh.s 			page 19


 874 021f 63795F73 		.ascii	"cy_stc_scb_i2c_context_t\000"
 874      74635F73 
 874      63625F69 
 874      32635F63 
 874      6F6E7465 
 875              	.LASF14:
 876 0238 6C6F6E67 		.ascii	"long double\000"
 876      20646F75 
 876      626C6500 
 877              	.LASF52:
 878 0244 72785374 		.ascii	"rxStatus\000"
 878      61747573 
 878      00
 879              	.LASF1:
 880 024d 756E7369 		.ascii	"unsigned char\000"
 880      676E6564 
 880      20636861 
 880      7200
 881              	.LASF53:
 882 025b 72785269 		.ascii	"rxRingBuf\000"
 882      6E674275 
 882      6600
 883              	.LASF2:
 884 0265 7369676E 		.ascii	"signed char\000"
 884      65642063 
 884      68617200 
 885              	.LASF33:
 886 0271 6D617374 		.ascii	"masterBufferSize\000"
 886      65724275 
 886      66666572 
 886      53697A65 
 886      00
 887              	.LASF9:
 888 0282 6C6F6E67 		.ascii	"long long unsigned int\000"
 888      206C6F6E 
 888      6720756E 
 888      7369676E 
 888      65642069 
 889              	.LASF12:
 890 0299 75696E74 		.ascii	"uint32_t\000"
 890      33325F74 
 890      00
 891              	.LASF24:
 892 02a2 63795F63 		.ascii	"cy_cb_scb_i2c_handle_events_t\000"
 892      625F7363 
 892      625F6932 
 892      635F6861 
 892      6E646C65 
 893              	.LASF10:
 894 02c0 756E7369 		.ascii	"unsigned int\000"
 894      676E6564 
 894      20696E74 
 894      00
 895              	.LASF23:
 896 02cd 63795F65 		.ascii	"cy_en_scb_i2c_command_t\000"
 896      6E5F7363 
 896      625F6932 
ARM GAS  C:\Users\fatim\AppData\Local\Temp\ccbgHeRh.s 			page 20


 896      635F636F 
 896      6D6D616E 
 897              	.LASF7:
 898 02e5 6C6F6E67 		.ascii	"long unsigned int\000"
 898      20756E73 
 898      69676E65 
 898      6420696E 
 898      7400
 899              	.LASF61:
 900 02f7 74784275 		.ascii	"txBufSize\000"
 900      6653697A 
 900      6500
 901              	.LASF19:
 902 0301 43595F53 		.ascii	"CY_SYSPM_WAIT_FOR_EVENT\000"
 902      5953504D 
 902      5F574149 
 902      545F464F 
 902      525F4556 
 903              	.LASF57:
 904 0319 72784275 		.ascii	"rxBuf\000"
 904      6600
 905              	.LASF65:
 906 031f 4932435F 		.ascii	"I2C_context\000"
 906      636F6E74 
 906      65787400 
 907              	.LASF25:
 908 032b 63795F63 		.ascii	"cy_cb_scb_i2c_handle_addr_t\000"
 908      625F7363 
 908      625F6932 
 908      635F6861 
 908      6E646C65 
 909              	.LASF45:
 910 0347 63624576 		.ascii	"cbEvents\000"
 910      656E7473 
 910      00
 911              	.LASF3:
 912 0350 73686F72 		.ascii	"short unsigned int\000"
 912      7420756E 
 912      7369676E 
 912      65642069 
 912      6E7400
 913              	.LASF32:
 914 0363 6D617374 		.ascii	"masterBuffer\000"
 914      65724275 
 914      66666572 
 914      00
 915              	.LASF20:
 916 0370 5F426F6F 		.ascii	"_Bool\000"
 916      6C00
 917              	.LASF67:
 918 0376 43795F53 		.ascii	"Cy_SysEnableCM4\000"
 918      7973456E 
 918      61626C65 
 918      434D3400 
 919              	.LASF22:
 920 0386 43595F53 		.ascii	"CY_SCB_I2C_NAK\000"
 920      43425F49 
ARM GAS  C:\Users\fatim\AppData\Local\Temp\ccbgHeRh.s 			page 21


 920      32435F4E 
 920      414B00
 921              	.LASF17:
 922 0395 646F7562 		.ascii	"double\000"
 922      6C6500
 923              	.LASF36:
 924 039c 736C6176 		.ascii	"slaveStatus\000"
 924      65537461 
 924      74757300 
 925              	.LASF21:
 926 03a8 43595F53 		.ascii	"CY_SCB_I2C_ACK\000"
 926      43425F49 
 926      32435F41 
 926      434B00
 927              	.LASF40:
 928 03b7 736C6176 		.ascii	"slaveTxBufferIdx\000"
 928      65547842 
 928      75666665 
 928      72496478 
 928      00
 929              	.LASF71:
 930 03c8 433A5C55 		.ascii	"C:\\Users\\fatim\\Desktop\\Polytechnique\\Annee 2\\"
 930      73657273 
 930      5C666174 
 930      696D5C44 
 930      65736B74 
 931 03f5 48323032 		.ascii	"H2021\\GBM2100\\Projet\\GBM2100.cydsn\000"
 931      315C4742 
 931      4D323130 
 931      305C5072 
 931      6F6A6574 
 932              	.LASF26:
 933 0418 75736552 		.ascii	"useRxFifo\000"
 933      78466966 
 933      6F00
 934              	.LASF63:
 935 0422 696E6974 		.ascii	"initKey\000"
 935      4B657900 
 936              	.LASF30:
 937 042a 6D617374 		.ascii	"masterPause\000"
 937      65725061 
 937      75736500 
 938              	.LASF64:
 939 0436 63795F73 		.ascii	"cy_stc_scb_uart_context_t\000"
 939      74635F73 
 939      63625F75 
 939      6172745F 
 939      636F6E74 
 940              	.LASF18:
 941 0450 43595F53 		.ascii	"CY_SYSPM_WAIT_FOR_INTERRUPT\000"
 941      5953504D 
 941      5F574149 
 941      545F464F 
 941      525F494E 
 942              	.LASF70:
 943 046c 6D61696E 		.ascii	"main_cm0p.c\000"
 943      5F636D30 
ARM GAS  C:\Users\fatim\AppData\Local\Temp\ccbgHeRh.s 			page 22


 943      702E6300 
 944              	.LASF4:
 945 0478 6C6F6E67 		.ascii	"long int\000"
 945      20696E74 
 945      00
 946              	.LASF68:
 947 0481 43795F53 		.ascii	"Cy_SysPm_DeepSleep\000"
 947      7973506D 
 947      5F446565 
 947      70536C65 
 947      657000
 948              	.LASF46:
 949 0494 63624164 		.ascii	"cbAddr\000"
 949      647200
 950              	.LASF37:
 951 049b 736C6176 		.ascii	"slaveRdBufEmpty\000"
 951      65526442 
 951      7566456D 
 951      70747900 
 952              	.LASF49:
 953 04ab 63795F73 		.ascii	"cy_stc_scb_i2c_context\000"
 953      74635F73 
 953      63625F69 
 953      32635F63 
 953      6F6E7465 
 954              	.LASF38:
 955 04c2 736C6176 		.ascii	"slaveTxBuffer\000"
 955      65547842 
 955      75666665 
 955      7200
 956              		.ident	"GCC: (GNU Tools for ARM Embedded Processors) 5.4.1 20160609 (release) [ARM/embedded-5-bran
