ARM GAS  C:\Users\VALRIE~1\AppData\Local\Temp\cceLvkke.s 			page 1


   1              		.syntax unified
   2              		.cpu cortex-m4
   3              		.eabi_attribute 27, 1
   4              		.fpu fpv4-sp-d16
   5              		.eabi_attribute 20, 1
   6              		.eabi_attribute 21, 1
   7              		.eabi_attribute 23, 3
   8              		.eabi_attribute 24, 1
   9              		.eabi_attribute 25, 1
  10              		.eabi_attribute 26, 1
  11              		.eabi_attribute 30, 1
  12              		.eabi_attribute 34, 1
  13              		.eabi_attribute 18, 4
  14              		.thumb
  15              		.syntax unified
  16              		.file	"cyfitter_sysint_cfg.c"
  17              		.text
  18              	.Ltext0:
  19              		.cfi_sections	.debug_frame
  20              		.global	CY_EINK_SPIM_SCB_IRQ_cfg
  21              		.section	.rodata
  22              		.align	2
  23              		.type	CY_EINK_SPIM_SCB_IRQ_cfg, %object
  24              		.size	CY_EINK_SPIM_SCB_IRQ_cfg, 8
  25              	CY_EINK_SPIM_SCB_IRQ_cfg:
  26 0000 2F00     		.short	47
  27 0002 0000     		.space	2
  28 0004 07000000 		.word	7
  29              		.text
  30              	.Letext0:
  31              		.file 1 "Generated_Source\\PSoC6\\pdl\\devices/psoc6/include/cy8c6347bzi_bld53.h"
  32              		.file 2 "c:\\program files (x86)\\cypress\\psoc creator\\4.4\\psoc creator\\import\\gnu\\arm\\5.4.
  33              		.file 3 "c:\\program files (x86)\\cypress\\psoc creator\\4.4\\psoc creator\\import\\gnu\\arm\\5.4.
  34              		.file 4 "Generated_Source\\PSoC6\\pdl\\drivers/peripheral/device/cy_device.h"
  35              		.file 5 "Generated_Source\\PSoC6\\pdl\\drivers/peripheral/sysint/cy_sysint.h"
  36              		.file 6 ".\\CMSIS\\Core\\Include/core_cm4.h"
  37              		.file 7 "Generated_Source\\PSoC6\\cyfitter_sysint_cfg.c"
  38              		.section	.debug_info,"",%progbits
  39              	.Ldebug_info0:
  40 0000 46090000 		.4byte	0x946
  41 0004 0400     		.2byte	0x4
  42 0006 00000000 		.4byte	.Ldebug_abbrev0
  43 000a 04       		.byte	0x4
  44 000b 01       		.uleb128 0x1
  45 000c 69030000 		.4byte	.LASF276
  46 0010 0C       		.byte	0xc
  47 0011 F9130000 		.4byte	.LASF277
  48 0015 5A070000 		.4byte	.LASF278
  49 0019 00000000 		.4byte	.Ldebug_line0
  50 001d 02       		.uleb128 0x2
  51 001e 02       		.byte	0x2
  52 001f DE030000 		.4byte	0x3de
  53 0023 01       		.byte	0x1
  54 0024 24       		.byte	0x24
  55 0025 DE030000 		.4byte	0x3de
  56 0029 03       		.uleb128 0x3
  57 002a 0F150000 		.4byte	.LASF0
ARM GAS  C:\Users\VALRIE~1\AppData\Local\Temp\cceLvkke.s 			page 2


  58 002e 71       		.sleb128 -15
  59 002f 03       		.uleb128 0x3
  60 0030 AC100000 		.4byte	.LASF1
  61 0034 72       		.sleb128 -14
  62 0035 03       		.uleb128 0x3
  63 0036 48150000 		.4byte	.LASF2
  64 003a 73       		.sleb128 -13
  65 003b 03       		.uleb128 0x3
  66 003c 86040000 		.4byte	.LASF3
  67 0040 74       		.sleb128 -12
  68 0041 03       		.uleb128 0x3
  69 0042 D00C0000 		.4byte	.LASF4
  70 0046 75       		.sleb128 -11
  71 0047 03       		.uleb128 0x3
  72 0048 AB130000 		.4byte	.LASF5
  73 004c 76       		.sleb128 -10
  74 004d 03       		.uleb128 0x3
  75 004e D8060000 		.4byte	.LASF6
  76 0052 7B       		.sleb128 -5
  77 0053 03       		.uleb128 0x3
  78 0054 99130000 		.4byte	.LASF7
  79 0058 7C       		.sleb128 -4
  80 0059 03       		.uleb128 0x3
  81 005a 5D030000 		.4byte	.LASF8
  82 005e 7E       		.sleb128 -2
  83 005f 03       		.uleb128 0x3
  84 0060 96120000 		.4byte	.LASF9
  85 0064 7F       		.sleb128 -1
  86 0065 04       		.uleb128 0x4
  87 0066 56160000 		.4byte	.LASF10
  88 006a 00       		.byte	0
  89 006b 04       		.uleb128 0x4
  90 006c 2A0E0000 		.4byte	.LASF11
  91 0070 01       		.byte	0x1
  92 0071 04       		.uleb128 0x4
  93 0072 29020000 		.4byte	.LASF12
  94 0076 02       		.byte	0x2
  95 0077 04       		.uleb128 0x4
  96 0078 C0110000 		.4byte	.LASF13
  97 007c 03       		.byte	0x3
  98 007d 04       		.uleb128 0x4
  99 007e A2090000 		.4byte	.LASF14
 100 0082 04       		.byte	0x4
 101 0083 04       		.uleb128 0x4
 102 0084 D0150000 		.4byte	.LASF15
 103 0088 05       		.byte	0x5
 104 0089 04       		.uleb128 0x4
 105 008a 6C0D0000 		.4byte	.LASF16
 106 008e 06       		.byte	0x6
 107 008f 04       		.uleb128 0x4
 108 0090 F1040000 		.4byte	.LASF17
 109 0094 07       		.byte	0x7
 110 0095 04       		.uleb128 0x4
 111 0096 66110000 		.4byte	.LASF18
 112 009a 08       		.byte	0x8
 113 009b 04       		.uleb128 0x4
 114 009c 38090000 		.4byte	.LASF19
ARM GAS  C:\Users\VALRIE~1\AppData\Local\Temp\cceLvkke.s 			page 3


 115 00a0 09       		.byte	0x9
 116 00a1 04       		.uleb128 0x4
 117 00a2 BE090000 		.4byte	.LASF20
 118 00a6 0A       		.byte	0xa
 119 00a7 04       		.uleb128 0x4
 120 00a8 3D070000 		.4byte	.LASF21
 121 00ac 0B       		.byte	0xb
 122 00ad 04       		.uleb128 0x4
 123 00ae 2E100000 		.4byte	.LASF22
 124 00b2 0C       		.byte	0xc
 125 00b3 04       		.uleb128 0x4
 126 00b4 0D050000 		.4byte	.LASF23
 127 00b8 0D       		.byte	0xd
 128 00b9 04       		.uleb128 0x4
 129 00ba 2D110000 		.4byte	.LASF24
 130 00be 0E       		.byte	0xe
 131 00bf 04       		.uleb128 0x4
 132 00c0 24000000 		.4byte	.LASF25
 133 00c4 0F       		.byte	0xf
 134 00c5 04       		.uleb128 0x4
 135 00c6 D0140000 		.4byte	.LASF26
 136 00ca 10       		.byte	0x10
 137 00cb 04       		.uleb128 0x4
 138 00cc D80B0000 		.4byte	.LASF27
 139 00d0 11       		.byte	0x11
 140 00d1 04       		.uleb128 0x4
 141 00d2 71040000 		.4byte	.LASF28
 142 00d6 12       		.byte	0x12
 143 00d7 04       		.uleb128 0x4
 144 00d8 A70B0000 		.4byte	.LASF29
 145 00dc 13       		.byte	0x13
 146 00dd 04       		.uleb128 0x4
 147 00de 0D020000 		.4byte	.LASF30
 148 00e2 14       		.byte	0x14
 149 00e3 04       		.uleb128 0x4
 150 00e4 98060000 		.4byte	.LASF31
 151 00e8 15       		.byte	0x15
 152 00e9 04       		.uleb128 0x4
 153 00ea F8090000 		.4byte	.LASF32
 154 00ee 16       		.byte	0x16
 155 00ef 04       		.uleb128 0x4
 156 00f0 D0010000 		.4byte	.LASF33
 157 00f4 17       		.byte	0x17
 158 00f5 04       		.uleb128 0x4
 159 00f6 4B100000 		.4byte	.LASF34
 160 00fa 18       		.byte	0x18
 161 00fb 04       		.uleb128 0x4
 162 00fc 480C0000 		.4byte	.LASF35
 163 0100 19       		.byte	0x19
 164 0101 04       		.uleb128 0x4
 165 0102 B1000000 		.4byte	.LASF36
 166 0106 1A       		.byte	0x1a
 167 0107 04       		.uleb128 0x4
 168 0108 E5070000 		.4byte	.LASF37
 169 010c 1B       		.byte	0x1b
 170 010d 04       		.uleb128 0x4
 171 010e 1A170000 		.4byte	.LASF38
ARM GAS  C:\Users\VALRIE~1\AppData\Local\Temp\cceLvkke.s 			page 4


 172 0112 1C       		.byte	0x1c
 173 0113 04       		.uleb128 0x4
 174 0114 60140000 		.4byte	.LASF39
 175 0118 1D       		.byte	0x1d
 176 0119 04       		.uleb128 0x4
 177 011a EE0B0000 		.4byte	.LASF40
 178 011e 1E       		.byte	0x1e
 179 011f 04       		.uleb128 0x4
 180 0120 4A110000 		.4byte	.LASF41
 181 0124 1F       		.byte	0x1f
 182 0125 04       		.uleb128 0x4
 183 0126 9B0F0000 		.4byte	.LASF42
 184 012a 20       		.byte	0x20
 185 012b 04       		.uleb128 0x4
 186 012c 6B070000 		.4byte	.LASF43
 187 0130 21       		.byte	0x21
 188 0131 04       		.uleb128 0x4
 189 0132 EC150000 		.4byte	.LASF44
 190 0136 22       		.byte	0x22
 191 0137 04       		.uleb128 0x4
 192 0138 DB0A0000 		.4byte	.LASF45
 193 013c 23       		.byte	0x23
 194 013d 04       		.uleb128 0x4
 195 013e 6B010000 		.4byte	.LASF46
 196 0142 24       		.byte	0x24
 197 0143 04       		.uleb128 0x4
 198 0144 10110000 		.4byte	.LASF47
 199 0148 25       		.byte	0x25
 200 0149 04       		.uleb128 0x4
 201 014a 6E060000 		.4byte	.LASF48
 202 014e 26       		.byte	0x26
 203 014f 04       		.uleb128 0x4
 204 0150 F2140000 		.4byte	.LASF49
 205 0154 27       		.byte	0x27
 206 0155 04       		.uleb128 0x4
 207 0156 930C0000 		.4byte	.LASF50
 208 015a 28       		.byte	0x28
 209 015b 04       		.uleb128 0x4
 210 015c E4060000 		.4byte	.LASF51
 211 0160 29       		.byte	0x29
 212 0161 04       		.uleb128 0x4
 213 0162 3C0D0000 		.4byte	.LASF52
 214 0166 2A       		.byte	0x2a
 215 0167 04       		.uleb128 0x4
 216 0168 AB110000 		.4byte	.LASF53
 217 016c 2B       		.byte	0x2b
 218 016d 04       		.uleb128 0x4
 219 016e CD000000 		.4byte	.LASF54
 220 0172 2C       		.byte	0x2c
 221 0173 04       		.uleb128 0x4
 222 0174 9B050000 		.4byte	.LASF55
 223 0178 2D       		.byte	0x2d
 224 0179 04       		.uleb128 0x4
 225 017a 7E0C0000 		.4byte	.LASF56
 226 017e 2E       		.byte	0x2e
 227 017f 04       		.uleb128 0x4
 228 0180 FB100000 		.4byte	.LASF57
ARM GAS  C:\Users\VALRIE~1\AppData\Local\Temp\cceLvkke.s 			page 5


 229 0184 2F       		.byte	0x2f
 230 0185 04       		.uleb128 0x4
 231 0186 36170000 		.4byte	.LASF58
 232 018a 30       		.byte	0x30
 233 018b 04       		.uleb128 0x4
 234 018c 13070000 		.4byte	.LASF59
 235 0190 31       		.byte	0x31
 236 0191 04       		.uleb128 0x4
 237 0192 40120000 		.4byte	.LASF60
 238 0196 32       		.byte	0x32
 239 0197 04       		.uleb128 0x4
 240 0198 560A0000 		.4byte	.LASF61
 241 019c 33       		.byte	0x33
 242 019d 04       		.uleb128 0x4
 243 019e 24010000 		.4byte	.LASF62
 244 01a2 34       		.byte	0x34
 245 01a3 04       		.uleb128 0x4
 246 01a4 000E0000 		.4byte	.LASF63
 247 01a8 35       		.byte	0x35
 248 01a9 04       		.uleb128 0x4
 249 01aa 12130000 		.4byte	.LASF64
 250 01ae 36       		.byte	0x36
 251 01af 04       		.uleb128 0x4
 252 01b0 8C140000 		.4byte	.LASF65
 253 01b4 37       		.byte	0x37
 254 01b5 04       		.uleb128 0x4
 255 01b6 86090000 		.4byte	.LASF66
 256 01ba 38       		.byte	0x38
 257 01bb 04       		.uleb128 0x4
 258 01bc 90000000 		.4byte	.LASF67
 259 01c0 39       		.byte	0x39
 260 01c1 04       		.uleb128 0x4
 261 01c2 12100000 		.4byte	.LASF68
 262 01c6 3A       		.byte	0x3a
 263 01c7 04       		.uleb128 0x4
 264 01c8 E40D0000 		.4byte	.LASF69
 265 01cc 3B       		.byte	0x3b
 266 01cd 04       		.uleb128 0x4
 267 01ce 00090000 		.4byte	.LASF70
 268 01d2 3C       		.byte	0x3c
 269 01d3 04       		.uleb128 0x4
 270 01d4 72160000 		.4byte	.LASF71
 271 01d8 3D       		.byte	0x3d
 272 01d9 04       		.uleb128 0x4
 273 01da 460E0000 		.4byte	.LASF72
 274 01de 3E       		.byte	0x3e
 275 01df 04       		.uleb128 0x4
 276 01e0 5A020000 		.4byte	.LASF73
 277 01e4 3F       		.byte	0x3f
 278 01e5 04       		.uleb128 0x4
 279 01e6 DC110000 		.4byte	.LASF74
 280 01ea 40       		.byte	0x40
 281 01eb 04       		.uleb128 0x4
 282 01ec DB090000 		.4byte	.LASF75
 283 01f0 41       		.byte	0x41
 284 01f1 04       		.uleb128 0x4
 285 01f2 27030000 		.4byte	.LASF76
ARM GAS  C:\Users\VALRIE~1\AppData\Local\Temp\cceLvkke.s 			page 6


 286 01f6 42       		.byte	0x42
 287 01f7 04       		.uleb128 0x4
 288 01f8 B0120000 		.4byte	.LASF77
 289 01fc 43       		.byte	0x43
 290 01fd 04       		.uleb128 0x4
 291 01fe 980A0000 		.4byte	.LASF78
 292 0202 44       		.byte	0x44
 293 0203 04       		.uleb128 0x4
 294 0204 A3160000 		.4byte	.LASF79
 295 0208 45       		.byte	0x45
 296 0209 04       		.uleb128 0x4
 297 020a 630E0000 		.4byte	.LASF80
 298 020e 46       		.byte	0x46
 299 020f 04       		.uleb128 0x4
 300 0210 BB050000 		.4byte	.LASF81
 301 0214 47       		.byte	0x47
 302 0215 04       		.uleb128 0x4
 303 0216 09120000 		.4byte	.LASF82
 304 021a 48       		.byte	0x48
 305 021b 04       		.uleb128 0x4
 306 021c 1D0A0000 		.4byte	.LASF83
 307 0220 49       		.byte	0x49
 308 0221 04       		.uleb128 0x4
 309 0222 E2000000 		.4byte	.LASF84
 310 0226 4A       		.byte	0x4a
 311 0227 04       		.uleb128 0x4
 312 0228 C80D0000 		.4byte	.LASF85
 313 022c 4B       		.byte	0x4b
 314 022d 04       		.uleb128 0x4
 315 022e 7F0E0000 		.4byte	.LASF86
 316 0232 4C       		.byte	0x4c
 317 0233 04       		.uleb128 0x4
 318 0234 EA050000 		.4byte	.LASF87
 319 0238 4D       		.byte	0x4d
 320 0239 04       		.uleb128 0x4
 321 023a B3140000 		.4byte	.LASF88
 322 023e 4E       		.byte	0x4e
 323 023f 04       		.uleb128 0x4
 324 0240 390A0000 		.4byte	.LASF89
 325 0244 4F       		.byte	0x4f
 326 0245 04       		.uleb128 0x4
 327 0246 FE000000 		.4byte	.LASF90
 328 024a 50       		.byte	0x50
 329 024b 04       		.uleb128 0x4
 330 024c 69100000 		.4byte	.LASF91
 331 0250 51       		.byte	0x51
 332 0251 04       		.uleb128 0x4
 333 0252 87070000 		.4byte	.LASF92
 334 0256 52       		.byte	0x52
 335 0257 04       		.uleb128 0x4
 336 0258 14160000 		.4byte	.LASF93
 337 025c 53       		.byte	0x53
 338 025d 04       		.uleb128 0x4
 339 025e D9160000 		.4byte	.LASF94
 340 0262 54       		.byte	0x54
 341 0263 04       		.uleb128 0x4
 342 0264 F80A0000 		.4byte	.LASF95
ARM GAS  C:\Users\VALRIE~1\AppData\Local\Temp\cceLvkke.s 			page 7


 343 0268 55       		.byte	0x55
 344 0269 04       		.uleb128 0x4
 345 026a A80D0000 		.4byte	.LASF96
 346 026e 56       		.byte	0x56
 347 026f 04       		.uleb128 0x4
 348 0270 55050000 		.4byte	.LASF97
 349 0274 57       		.byte	0x57
 350 0275 04       		.uleb128 0x4
 351 0276 4B170000 		.4byte	.LASF98
 352 027a 58       		.byte	0x58
 353 027b 04       		.uleb128 0x4
 354 027c 260F0000 		.4byte	.LASF99
 355 0280 59       		.byte	0x59
 356 0281 04       		.uleb128 0x4
 357 0282 F5160000 		.4byte	.LASF100
 358 0286 5A       		.byte	0x5a
 359 0287 04       		.uleb128 0x4
 360 0288 640C0000 		.4byte	.LASF101
 361 028c 5B       		.byte	0x5b
 362 028d 04       		.uleb128 0x4
 363 028e 43030000 		.4byte	.LASF102
 364 0292 5C       		.byte	0x5c
 365 0293 04       		.uleb128 0x4
 366 0294 EC120000 		.4byte	.LASF103
 367 0298 5D       		.byte	0x5d
 368 0299 04       		.uleb128 0x4
 369 029a 01080000 		.4byte	.LASF104
 370 029e 5E       		.byte	0x5e
 371 029f 04       		.uleb128 0x4
 372 02a0 BF160000 		.4byte	.LASF105
 373 02a4 5F       		.byte	0x5f
 374 02a5 04       		.uleb128 0x4
 375 02a6 9C0E0000 		.4byte	.LASF106
 376 02aa 60       		.byte	0x60
 377 02ab 04       		.uleb128 0x4
 378 02ac DB020000 		.4byte	.LASF107
 379 02b0 61       		.byte	0x61
 380 02b1 04       		.uleb128 0x4
 381 02b2 BB130000 		.4byte	.LASF108
 382 02b6 62       		.byte	0x62
 383 02b7 04       		.uleb128 0x4
 384 02b8 B5080000 		.4byte	.LASF109
 385 02bc 63       		.byte	0x63
 386 02bd 04       		.uleb128 0x4
 387 02be 6B170000 		.4byte	.LASF110
 388 02c2 64       		.byte	0x64
 389 02c3 04       		.uleb128 0x4
 390 02c4 460F0000 		.4byte	.LASF111
 391 02c8 65       		.byte	0x65
 392 02c9 04       		.uleb128 0x4
 393 02ca F9060000 		.4byte	.LASF112
 394 02ce 66       		.byte	0x66
 395 02cf 04       		.uleb128 0x4
 396 02d0 46130000 		.4byte	.LASF113
 397 02d4 67       		.byte	0x67
 398 02d5 04       		.uleb128 0x4
 399 02d6 100B0000 		.4byte	.LASF114
ARM GAS  C:\Users\VALRIE~1\AppData\Local\Temp\cceLvkke.s 			page 8


 400 02da 68       		.byte	0x68
 401 02db 04       		.uleb128 0x4
 402 02dc AC010000 		.4byte	.LASF115
 403 02e0 69       		.byte	0x69
 404 02e1 04       		.uleb128 0x4
 405 02e2 C90E0000 		.4byte	.LASF116
 406 02e6 6A       		.byte	0x6a
 407 02e7 04       		.uleb128 0x4
 408 02e8 B3060000 		.4byte	.LASF117
 409 02ec 6B       		.byte	0x6b
 410 02ed 04       		.uleb128 0x4
 411 02ee B5150000 		.4byte	.LASF118
 412 02f2 6C       		.byte	0x6c
 413 02f3 04       		.uleb128 0x4
 414 02f4 510D0000 		.4byte	.LASF119
 415 02f8 6D       		.byte	0x6d
 416 02f9 04       		.uleb128 0x4
 417 02fa D6040000 		.4byte	.LASF120
 418 02fe 6E       		.byte	0x6e
 419 02ff 04       		.uleb128 0x4
 420 0300 45140000 		.4byte	.LASF121
 421 0304 6F       		.byte	0x6f
 422 0305 04       		.uleb128 0x4
 423 0306 1D090000 		.4byte	.LASF122
 424 030a 70       		.byte	0x70
 425 030b 04       		.uleb128 0x4
 426 030c 3D000000 		.4byte	.LASF123
 427 0310 71       		.byte	0x71
 428 0311 04       		.uleb128 0x4
 429 0312 800F0000 		.4byte	.LASF124
 430 0316 72       		.byte	0x72
 431 0317 04       		.uleb128 0x4
 432 0318 9C040000 		.4byte	.LASF125
 433 031c 73       		.byte	0x73
 434 031d 04       		.uleb128 0x4
 435 031e 7E130000 		.4byte	.LASF126
 436 0322 74       		.byte	0x74
 437 0323 04       		.uleb128 0x4
 438 0324 700B0000 		.4byte	.LASF127
 439 0328 75       		.byte	0x75
 440 0329 04       		.uleb128 0x4
 441 032a C0100000 		.4byte	.LASF128
 442 032e 76       		.byte	0x76
 443 032f 04       		.uleb128 0x4
 444 0330 9C020000 		.4byte	.LASF129
 445 0334 77       		.byte	0x77
 446 0335 04       		.uleb128 0x4
 447 0336 25120000 		.4byte	.LASF130
 448 033a 78       		.byte	0x78
 449 033b 04       		.uleb128 0x4
 450 033c 81020000 		.4byte	.LASF131
 451 0340 79       		.byte	0x79
 452 0341 04       		.uleb128 0x4
 453 0342 7B150000 		.4byte	.LASF132
 454 0346 7A       		.byte	0x7a
 455 0347 04       		.uleb128 0x4
 456 0348 040D0000 		.4byte	.LASF133
ARM GAS  C:\Users\VALRIE~1\AppData\Local\Temp\cceLvkke.s 			page 9


 457 034c 7B       		.byte	0x7b
 458 034d 04       		.uleb128 0x4
 459 034e B7040000 		.4byte	.LASF134
 460 0352 7C       		.byte	0x7c
 461 0353 04       		.uleb128 0x4
 462 0354 D5130000 		.4byte	.LASF135
 463 0358 7D       		.byte	0x7d
 464 0359 04       		.uleb128 0x4
 465 035a CF080000 		.4byte	.LASF136
 466 035e 7E       		.byte	0x7e
 467 035f 04       		.uleb128 0x4
 468 0360 B70F0000 		.4byte	.LASF137
 469 0364 7F       		.byte	0x7f
 470 0365 04       		.uleb128 0x4
 471 0366 600F0000 		.4byte	.LASF138
 472 036a 80       		.byte	0x80
 473 036b 04       		.uleb128 0x4
 474 036c 5B040000 		.4byte	.LASF139
 475 0370 81       		.byte	0x81
 476 0371 04       		.uleb128 0x4
 477 0372 60130000 		.4byte	.LASF140
 478 0376 82       		.byte	0x82
 479 0377 04       		.uleb128 0x4
 480 0378 2A0B0000 		.4byte	.LASF141
 481 037c 83       		.byte	0x83
 482 037d 04       		.uleb128 0x4
 483 037e 62000000 		.4byte	.LASF142
 484 0382 84       		.byte	0x84
 485 0383 04       		.uleb128 0x4
 486 0384 CE070000 		.4byte	.LASF143
 487 0388 85       		.byte	0x85
 488 0389 04       		.uleb128 0x4
 489 038a 7F120000 		.4byte	.LASF144
 490 038e 86       		.byte	0x86
 491 038f 04       		.uleb128 0x4
 492 0390 510B0000 		.4byte	.LASF145
 493 0394 87       		.byte	0x87
 494 0395 04       		.uleb128 0x4
 495 0396 B7020000 		.4byte	.LASF146
 496 039a 88       		.byte	0x88
 497 039b 04       		.uleb128 0x4
 498 039c 2A050000 		.4byte	.LASF147
 499 03a0 89       		.byte	0x89
 500 03a1 04       		.uleb128 0x4
 501 03a2 63150000 		.4byte	.LASF148
 502 03a6 8A       		.byte	0x8a
 503 03a7 04       		.uleb128 0x4
 504 03a8 78080000 		.4byte	.LASF149
 505 03ac 8B       		.byte	0x8b
 506 03ad 04       		.uleb128 0x4
 507 03ae E5080000 		.4byte	.LASF150
 508 03b2 8C       		.byte	0x8c
 509 03b3 04       		.uleb128 0x4
 510 03b4 26070000 		.4byte	.LASF151
 511 03b8 8D       		.byte	0x8d
 512 03b9 04       		.uleb128 0x4
 513 03ba 97110000 		.4byte	.LASF152
ARM GAS  C:\Users\VALRIE~1\AppData\Local\Temp\cceLvkke.s 			page 10


 514 03be 8E       		.byte	0x8e
 515 03bf 04       		.uleb128 0x4
 516 03c0 260D0000 		.4byte	.LASF153
 517 03c4 8F       		.byte	0x8f
 518 03c5 04       		.uleb128 0x4
 519 03c6 07060000 		.4byte	.LASF154
 520 03ca 90       		.byte	0x90
 521 03cb 04       		.uleb128 0x4
 522 03cc C50A0000 		.4byte	.LASF155
 523 03d0 91       		.byte	0x91
 524 03d1 04       		.uleb128 0x4
 525 03d2 9C080000 		.4byte	.LASF156
 526 03d6 92       		.byte	0x92
 527 03d7 04       		.uleb128 0x4
 528 03d8 870A0000 		.4byte	.LASF157
 529 03dc F0       		.byte	0xf0
 530 03dd 00       		.byte	0
 531 03de 05       		.uleb128 0x5
 532 03df 02       		.byte	0x2
 533 03e0 05       		.byte	0x5
 534 03e1 77020000 		.4byte	.LASF158
 535 03e5 06       		.uleb128 0x6
 536 03e6 B9070000 		.4byte	.LASF160
 537 03ea 01       		.byte	0x1
 538 03eb F4       		.byte	0xf4
 539 03ec 1D000000 		.4byte	0x1d
 540 03f0 05       		.uleb128 0x5
 541 03f1 01       		.byte	0x1
 542 03f2 06       		.byte	0x6
 543 03f3 57150000 		.4byte	.LASF159
 544 03f7 06       		.uleb128 0x6
 545 03f8 E8140000 		.4byte	.LASF161
 546 03fc 02       		.byte	0x2
 547 03fd 1D       		.byte	0x1d
 548 03fe 02040000 		.4byte	0x402
 549 0402 05       		.uleb128 0x5
 550 0403 01       		.byte	0x1
 551 0404 08       		.byte	0x8
 552 0405 EB130000 		.4byte	.LASF162
 553 0409 06       		.uleb128 0x6
 554 040a B00C0000 		.4byte	.LASF163
 555 040e 02       		.byte	0x2
 556 040f 29       		.byte	0x29
 557 0410 DE030000 		.4byte	0x3de
 558 0414 06       		.uleb128 0x6
 559 0415 CD060000 		.4byte	.LASF164
 560 0419 02       		.byte	0x2
 561 041a 2B       		.byte	0x2b
 562 041b 1F040000 		.4byte	0x41f
 563 041f 05       		.uleb128 0x5
 564 0420 02       		.byte	0x2
 565 0421 07       		.byte	0x7
 566 0422 E30E0000 		.4byte	.LASF165
 567 0426 06       		.uleb128 0x6
 568 0427 C6010000 		.4byte	.LASF166
 569 042b 02       		.byte	0x2
 570 042c 3F       		.byte	0x3f
ARM GAS  C:\Users\VALRIE~1\AppData\Local\Temp\cceLvkke.s 			page 11


 571 042d 31040000 		.4byte	0x431
 572 0431 05       		.uleb128 0x5
 573 0432 04       		.byte	0x4
 574 0433 05       		.byte	0x5
 575 0434 60100000 		.4byte	.LASF167
 576 0438 06       		.uleb128 0x6
 577 0439 26140000 		.4byte	.LASF168
 578 043d 02       		.byte	0x2
 579 043e 41       		.byte	0x41
 580 043f 43040000 		.4byte	0x443
 581 0443 05       		.uleb128 0x5
 582 0444 04       		.byte	0x4
 583 0445 07       		.byte	0x7
 584 0446 DA120000 		.4byte	.LASF169
 585 044a 05       		.uleb128 0x5
 586 044b 08       		.byte	0x8
 587 044c 05       		.byte	0x5
 588 044d 180C0000 		.4byte	.LASF170
 589 0451 05       		.uleb128 0x5
 590 0452 08       		.byte	0x8
 591 0453 07       		.byte	0x7
 592 0454 2E060000 		.4byte	.LASF171
 593 0458 07       		.uleb128 0x7
 594 0459 04       		.byte	0x4
 595 045a 05       		.byte	0x5
 596 045b 696E7400 		.ascii	"int\000"
 597 045f 05       		.uleb128 0x5
 598 0460 04       		.byte	0x4
 599 0461 07       		.byte	0x7
 600 0462 5E010000 		.4byte	.LASF172
 601 0466 06       		.uleb128 0x6
 602 0467 680B0000 		.4byte	.LASF173
 603 046b 03       		.byte	0x3
 604 046c 18       		.byte	0x18
 605 046d F7030000 		.4byte	0x3f7
 606 0471 06       		.uleb128 0x6
 607 0472 28040000 		.4byte	.LASF174
 608 0476 03       		.byte	0x3
 609 0477 20       		.byte	0x20
 610 0478 09040000 		.4byte	0x409
 611 047c 06       		.uleb128 0x6
 612 047d 020F0000 		.4byte	.LASF175
 613 0481 03       		.byte	0x3
 614 0482 24       		.byte	0x24
 615 0483 14040000 		.4byte	0x414
 616 0487 06       		.uleb128 0x6
 617 0488 2E130000 		.4byte	.LASF176
 618 048c 03       		.byte	0x3
 619 048d 2C       		.byte	0x2c
 620 048e 26040000 		.4byte	0x426
 621 0492 06       		.uleb128 0x6
 622 0493 CD040000 		.4byte	.LASF177
 623 0497 03       		.byte	0x3
 624 0498 30       		.byte	0x30
 625 0499 38040000 		.4byte	0x438
 626 049d 05       		.uleb128 0x5
 627 049e 04       		.byte	0x4
ARM GAS  C:\Users\VALRIE~1\AppData\Local\Temp\cceLvkke.s 			page 12


 628 049f 07       		.byte	0x7
 629 04a0 CD0F0000 		.4byte	.LASF178
 630 04a4 05       		.uleb128 0x5
 631 04a5 08       		.byte	0x8
 632 04a6 04       		.byte	0x4
 633 04a7 F60E0000 		.4byte	.LASF179
 634 04ab 08       		.uleb128 0x8
 635 04ac B8       		.byte	0xb8
 636 04ad 04       		.byte	0x4
 637 04ae 34       		.byte	0x34
 638 04af BC080000 		.4byte	0x8bc
 639 04b3 09       		.uleb128 0x9
 640 04b4 F8010000 		.4byte	.LASF180
 641 04b8 04       		.byte	0x4
 642 04b9 37       		.byte	0x37
 643 04ba 92040000 		.4byte	0x492
 644 04be 00       		.byte	0
 645 04bf 09       		.uleb128 0x9
 646 04c0 B0050000 		.4byte	.LASF181
 647 04c4 04       		.byte	0x4
 648 04c5 38       		.byte	0x38
 649 04c6 92040000 		.4byte	0x492
 650 04ca 04       		.byte	0x4
 651 04cb 09       		.uleb128 0x9
 652 04cc 1B010000 		.4byte	.LASF182
 653 04d0 04       		.byte	0x4
 654 04d1 39       		.byte	0x39
 655 04d2 92040000 		.4byte	0x492
 656 04d6 08       		.byte	0x8
 657 04d7 09       		.uleb128 0x9
 658 04d8 76130000 		.4byte	.LASF183
 659 04dc 04       		.byte	0x4
 660 04dd 3A       		.byte	0x3a
 661 04de 92040000 		.4byte	0x492
 662 04e2 0C       		.byte	0xc
 663 04e3 09       		.uleb128 0x9
 664 04e4 0B0F0000 		.4byte	.LASF184
 665 04e8 04       		.byte	0x4
 666 04e9 3B       		.byte	0x3b
 667 04ea 92040000 		.4byte	0x492
 668 04ee 10       		.byte	0x10
 669 04ef 09       		.uleb128 0x9
 670 04f0 C60C0000 		.4byte	.LASF185
 671 04f4 04       		.byte	0x4
 672 04f5 3C       		.byte	0x3c
 673 04f6 92040000 		.4byte	0x492
 674 04fa 14       		.byte	0x14
 675 04fb 09       		.uleb128 0x9
 676 04fc 93080000 		.4byte	.LASF186
 677 0500 04       		.byte	0x4
 678 0501 3D       		.byte	0x3d
 679 0502 92040000 		.4byte	0x492
 680 0506 18       		.byte	0x18
 681 0507 09       		.uleb128 0x9
 682 0508 39160000 		.4byte	.LASF187
 683 050c 04       		.byte	0x4
 684 050d 3E       		.byte	0x3e
ARM GAS  C:\Users\VALRIE~1\AppData\Local\Temp\cceLvkke.s 			page 13


 685 050e 92040000 		.4byte	0x492
 686 0512 1C       		.byte	0x1c
 687 0513 09       		.uleb128 0x9
 688 0514 260C0000 		.4byte	.LASF188
 689 0518 04       		.byte	0x4
 690 0519 3F       		.byte	0x3f
 691 051a 92040000 		.4byte	0x492
 692 051e 20       		.byte	0x20
 693 051f 09       		.uleb128 0x9
 694 0520 3D0C0000 		.4byte	.LASF189
 695 0524 04       		.byte	0x4
 696 0525 40       		.byte	0x40
 697 0526 92040000 		.4byte	0x492
 698 052a 24       		.byte	0x24
 699 052b 09       		.uleb128 0x9
 700 052c 86100000 		.4byte	.LASF190
 701 0530 04       		.byte	0x4
 702 0531 43       		.byte	0x43
 703 0532 66040000 		.4byte	0x466
 704 0536 28       		.byte	0x28
 705 0537 09       		.uleb128 0x9
 706 0538 7B050000 		.4byte	.LASF191
 707 053c 04       		.byte	0x4
 708 053d 44       		.byte	0x44
 709 053e 66040000 		.4byte	0x466
 710 0542 29       		.byte	0x29
 711 0543 09       		.uleb128 0x9
 712 0544 760F0000 		.4byte	.LASF192
 713 0548 04       		.byte	0x4
 714 0549 45       		.byte	0x45
 715 054a 66040000 		.4byte	0x466
 716 054e 2A       		.byte	0x2a
 717 054f 09       		.uleb128 0x9
 718 0550 DB100000 		.4byte	.LASF193
 719 0554 04       		.byte	0x4
 720 0555 46       		.byte	0x46
 721 0556 66040000 		.4byte	0x466
 722 055a 2B       		.byte	0x2b
 723 055b 09       		.uleb128 0x9
 724 055c A0100000 		.4byte	.LASF194
 725 0560 04       		.byte	0x4
 726 0561 47       		.byte	0x47
 727 0562 66040000 		.4byte	0x466
 728 0566 2C       		.byte	0x2c
 729 0567 09       		.uleb128 0x9
 730 0568 A3120000 		.4byte	.LASF195
 731 056c 04       		.byte	0x4
 732 056d 48       		.byte	0x48
 733 056e 66040000 		.4byte	0x466
 734 0572 2D       		.byte	0x2d
 735 0573 09       		.uleb128 0x9
 736 0574 0F170000 		.4byte	.LASF196
 737 0578 04       		.byte	0x4
 738 0579 49       		.byte	0x49
 739 057a 66040000 		.4byte	0x466
 740 057e 2E       		.byte	0x2e
 741 057f 09       		.uleb128 0x9
ARM GAS  C:\Users\VALRIE~1\AppData\Local\Temp\cceLvkke.s 			page 14


 742 0580 08160000 		.4byte	.LASF197
 743 0584 04       		.byte	0x4
 744 0585 4A       		.byte	0x4a
 745 0586 66040000 		.4byte	0x466
 746 058a 2F       		.byte	0x2f
 747 058b 09       		.uleb128 0x9
 748 058c 1C040000 		.4byte	.LASF198
 749 0590 04       		.byte	0x4
 750 0591 4B       		.byte	0x4b
 751 0592 66040000 		.4byte	0x466
 752 0596 30       		.byte	0x30
 753 0597 09       		.uleb128 0x9
 754 0598 880D0000 		.4byte	.LASF199
 755 059c 04       		.byte	0x4
 756 059d 4E       		.byte	0x4e
 757 059e 66040000 		.4byte	0x466
 758 05a2 31       		.byte	0x31
 759 05a3 09       		.uleb128 0x9
 760 05a4 91150000 		.4byte	.LASF200
 761 05a8 04       		.byte	0x4
 762 05a9 4F       		.byte	0x4f
 763 05aa 66040000 		.4byte	0x466
 764 05ae 32       		.byte	0x32
 765 05af 09       		.uleb128 0x9
 766 05b0 1A0D0000 		.4byte	.LASF201
 767 05b4 04       		.byte	0x4
 768 05b5 50       		.byte	0x50
 769 05b6 66040000 		.4byte	0x466
 770 05ba 33       		.byte	0x33
 771 05bb 09       		.uleb128 0x9
 772 05bc 0C0A0000 		.4byte	.LASF202
 773 05c0 04       		.byte	0x4
 774 05c1 51       		.byte	0x51
 775 05c2 66040000 		.4byte	0x466
 776 05c6 34       		.byte	0x34
 777 05c7 09       		.uleb128 0x9
 778 05c8 8B060000 		.4byte	.LASF203
 779 05cc 04       		.byte	0x4
 780 05cd 52       		.byte	0x52
 781 05ce 71040000 		.4byte	0x471
 782 05d2 36       		.byte	0x36
 783 05d3 09       		.uleb128 0x9
 784 05d4 02020000 		.4byte	.LASF204
 785 05d8 04       		.byte	0x4
 786 05d9 53       		.byte	0x53
 787 05da 71040000 		.4byte	0x471
 788 05de 38       		.byte	0x38
 789 05df 09       		.uleb128 0x9
 790 05e0 45020000 		.4byte	.LASF205
 791 05e4 04       		.byte	0x4
 792 05e5 54       		.byte	0x54
 793 05e6 71040000 		.4byte	0x471
 794 05ea 3A       		.byte	0x3a
 795 05eb 09       		.uleb128 0x9
 796 05ec E9010000 		.4byte	.LASF206
 797 05f0 04       		.byte	0x4
 798 05f1 55       		.byte	0x55
ARM GAS  C:\Users\VALRIE~1\AppData\Local\Temp\cceLvkke.s 			page 15


 799 05f2 66040000 		.4byte	0x466
 800 05f6 3C       		.byte	0x3c
 801 05f7 09       		.uleb128 0x9
 802 05f8 C3070000 		.4byte	.LASF207
 803 05fc 04       		.byte	0x4
 804 05fd 56       		.byte	0x56
 805 05fe 66040000 		.4byte	0x466
 806 0602 3D       		.byte	0x3d
 807 0603 09       		.uleb128 0x9
 808 0604 56080000 		.4byte	.LASF208
 809 0608 04       		.byte	0x4
 810 0609 57       		.byte	0x57
 811 060a 66040000 		.4byte	0x466
 812 060e 3E       		.byte	0x3e
 813 060f 09       		.uleb128 0x9
 814 0610 BA0C0000 		.4byte	.LASF209
 815 0614 04       		.byte	0x4
 816 0615 58       		.byte	0x58
 817 0616 66040000 		.4byte	0x466
 818 061a 3F       		.byte	0x3f
 819 061b 09       		.uleb128 0x9
 820 061c 88010000 		.4byte	.LASF210
 821 0620 04       		.byte	0x4
 822 0621 59       		.byte	0x59
 823 0622 66040000 		.4byte	0x466
 824 0626 40       		.byte	0x40
 825 0627 09       		.uleb128 0x9
 826 0628 F9110000 		.4byte	.LASF211
 827 062c 04       		.byte	0x4
 828 062d 5A       		.byte	0x5a
 829 062e 66040000 		.4byte	0x466
 830 0632 41       		.byte	0x41
 831 0633 09       		.uleb128 0x9
 832 0634 3C150000 		.4byte	.LASF212
 833 0638 04       		.byte	0x4
 834 0639 5B       		.byte	0x5b
 835 063a 66040000 		.4byte	0x466
 836 063e 42       		.byte	0x42
 837 063f 09       		.uleb128 0x9
 838 0640 6A090000 		.4byte	.LASF213
 839 0644 04       		.byte	0x4
 840 0645 5C       		.byte	0x5c
 841 0646 66040000 		.4byte	0x466
 842 064a 43       		.byte	0x43
 843 064b 09       		.uleb128 0x9
 844 064c B40A0000 		.4byte	.LASF214
 845 0650 04       		.byte	0x4
 846 0651 5D       		.byte	0x5d
 847 0652 66040000 		.4byte	0x466
 848 0656 44       		.byte	0x44
 849 0657 09       		.uleb128 0x9
 850 0658 E9100000 		.4byte	.LASF215
 851 065c 04       		.byte	0x4
 852 065d 5E       		.byte	0x5e
 853 065e 92040000 		.4byte	0x492
 854 0662 48       		.byte	0x48
 855 0663 09       		.uleb128 0x9
ARM GAS  C:\Users\VALRIE~1\AppData\Local\Temp\cceLvkke.s 			page 16


 856 0664 0B030000 		.4byte	.LASF216
 857 0668 04       		.byte	0x4
 858 0669 5F       		.byte	0x5f
 859 066a 92040000 		.4byte	0x492
 860 066e 4C       		.byte	0x4c
 861 066f 09       		.uleb128 0x9
 862 0670 1A150000 		.4byte	.LASF217
 863 0674 04       		.byte	0x4
 864 0675 60       		.byte	0x60
 865 0676 66040000 		.4byte	0x466
 866 067a 50       		.byte	0x50
 867 067b 09       		.uleb128 0x9
 868 067c 1B080000 		.4byte	.LASF218
 869 0680 04       		.byte	0x4
 870 0681 61       		.byte	0x61
 871 0682 66040000 		.4byte	0x466
 872 0686 51       		.byte	0x51
 873 0687 09       		.uleb128 0x9
 874 0688 1E060000 		.4byte	.LASF219
 875 068c 04       		.byte	0x4
 876 068d 62       		.byte	0x62
 877 068e 66040000 		.4byte	0x466
 878 0692 52       		.byte	0x52
 879 0693 09       		.uleb128 0x9
 880 0694 89050000 		.4byte	.LASF220
 881 0698 04       		.byte	0x4
 882 0699 63       		.byte	0x63
 883 069a 66040000 		.4byte	0x466
 884 069e 53       		.byte	0x53
 885 069f 09       		.uleb128 0x9
 886 06a0 7C140000 		.4byte	.LASF221
 887 06a4 04       		.byte	0x4
 888 06a5 64       		.byte	0x64
 889 06a6 66040000 		.4byte	0x466
 890 06aa 54       		.byte	0x54
 891 06ab 09       		.uleb128 0x9
 892 06ac 64080000 		.4byte	.LASF222
 893 06b0 04       		.byte	0x4
 894 06b1 65       		.byte	0x65
 895 06b2 66040000 		.4byte	0x466
 896 06b6 55       		.byte	0x55
 897 06b7 09       		.uleb128 0x9
 898 06b8 00000000 		.4byte	.LASF223
 899 06bc 04       		.byte	0x4
 900 06bd 66       		.byte	0x66
 901 06be 66040000 		.4byte	0x466
 902 06c2 56       		.byte	0x56
 903 06c3 09       		.uleb128 0x9
 904 06c4 42160000 		.4byte	.LASF224
 905 06c8 04       		.byte	0x4
 906 06c9 67       		.byte	0x67
 907 06ca 66040000 		.4byte	0x466
 908 06ce 57       		.byte	0x57
 909 06cf 09       		.uleb128 0x9
 910 06d0 A5070000 		.4byte	.LASF225
 911 06d4 04       		.byte	0x4
 912 06d5 68       		.byte	0x68
ARM GAS  C:\Users\VALRIE~1\AppData\Local\Temp\cceLvkke.s 			page 17


 913 06d6 66040000 		.4byte	0x466
 914 06da 58       		.byte	0x58
 915 06db 09       		.uleb128 0x9
 916 06dc 8F160000 		.4byte	.LASF226
 917 06e0 04       		.byte	0x4
 918 06e1 69       		.byte	0x69
 919 06e2 66040000 		.4byte	0x466
 920 06e6 59       		.byte	0x59
 921 06e7 09       		.uleb128 0x9
 922 06e8 A8140000 		.4byte	.LASF227
 923 06ec 04       		.byte	0x4
 924 06ed 6E       		.byte	0x6e
 925 06ee 7C040000 		.4byte	0x47c
 926 06f2 5A       		.byte	0x5a
 927 06f3 09       		.uleb128 0x9
 928 06f4 55010000 		.4byte	.LASF228
 929 06f8 04       		.byte	0x4
 930 06f9 6F       		.byte	0x6f
 931 06fa 7C040000 		.4byte	0x47c
 932 06fe 5C       		.byte	0x5c
 933 06ff 09       		.uleb128 0x9
 934 0700 2E0C0000 		.4byte	.LASF229
 935 0704 04       		.byte	0x4
 936 0705 70       		.byte	0x70
 937 0706 66040000 		.4byte	0x466
 938 070a 5E       		.byte	0x5e
 939 070b 09       		.uleb128 0x9
 940 070c 9F150000 		.4byte	.LASF230
 941 0710 04       		.byte	0x4
 942 0711 71       		.byte	0x71
 943 0712 66040000 		.4byte	0x466
 944 0716 5F       		.byte	0x5f
 945 0717 09       		.uleb128 0x9
 946 0718 75090000 		.4byte	.LASF231
 947 071c 04       		.byte	0x4
 948 071d 72       		.byte	0x72
 949 071e 66040000 		.4byte	0x466
 950 0722 60       		.byte	0x60
 951 0723 09       		.uleb128 0x9
 952 0724 400B0000 		.4byte	.LASF232
 953 0728 04       		.byte	0x4
 954 0729 73       		.byte	0x73
 955 072a 92040000 		.4byte	0x492
 956 072e 64       		.byte	0x64
 957 072f 09       		.uleb128 0x9
 958 0730 46080000 		.4byte	.LASF233
 959 0734 04       		.byte	0x4
 960 0735 76       		.byte	0x76
 961 0736 7C040000 		.4byte	0x47c
 962 073a 68       		.byte	0x68
 963 073b 09       		.uleb128 0x9
 964 073c 140F0000 		.4byte	.LASF234
 965 0740 04       		.byte	0x4
 966 0741 77       		.byte	0x77
 967 0742 7C040000 		.4byte	0x47c
 968 0746 6A       		.byte	0x6a
 969 0747 09       		.uleb128 0x9
ARM GAS  C:\Users\VALRIE~1\AppData\Local\Temp\cceLvkke.s 			page 18


 970 0748 F50C0000 		.4byte	.LASF235
 971 074c 04       		.byte	0x4
 972 074d 78       		.byte	0x78
 973 074e 7C040000 		.4byte	0x47c
 974 0752 6C       		.byte	0x6c
 975 0753 09       		.uleb128 0x9
 976 0754 CE020000 		.4byte	.LASF236
 977 0758 04       		.byte	0x4
 978 0759 79       		.byte	0x79
 979 075a 7C040000 		.4byte	0x47c
 980 075e 6E       		.byte	0x6e
 981 075f 09       		.uleb128 0x9
 982 0760 930B0000 		.4byte	.LASF237
 983 0764 04       		.byte	0x4
 984 0765 7B       		.byte	0x7b
 985 0766 66040000 		.4byte	0x466
 986 076a 70       		.byte	0x70
 987 076b 09       		.uleb128 0x9
 988 076c 30040000 		.4byte	.LASF238
 989 0770 04       		.byte	0x4
 990 0771 7C       		.byte	0x7c
 991 0772 66040000 		.4byte	0x466
 992 0776 71       		.byte	0x71
 993 0777 09       		.uleb128 0x9
 994 0778 F5020000 		.4byte	.LASF239
 995 077c 04       		.byte	0x4
 996 077d 7D       		.byte	0x7d
 997 077e 66040000 		.4byte	0x466
 998 0782 72       		.byte	0x72
 999 0783 09       		.uleb128 0x9
 1000 0784 95010000 		.4byte	.LASF240
 1001 0788 04       		.byte	0x4
 1002 0789 7E       		.byte	0x7e
 1003 078a 66040000 		.4byte	0x466
 1004 078e 73       		.byte	0x73
 1005 078f 09       		.uleb128 0x9
 1006 0790 00100000 		.4byte	.LASF241
 1007 0794 04       		.byte	0x4
 1008 0795 80       		.byte	0x80
 1009 0796 7C040000 		.4byte	0x47c
 1010 079a 74       		.byte	0x74
 1011 079b 09       		.uleb128 0x9
 1012 079c B60E0000 		.4byte	.LASF242
 1013 07a0 04       		.byte	0x4
 1014 07a1 81       		.byte	0x81
 1015 07a2 7C040000 		.4byte	0x47c
 1016 07a6 76       		.byte	0x76
 1017 07a7 09       		.uleb128 0x9
 1018 07a8 720A0000 		.4byte	.LASF243
 1019 07ac 04       		.byte	0x4
 1020 07ad 82       		.byte	0x82
 1021 07ae 7C040000 		.4byte	0x47c
 1022 07b2 78       		.byte	0x78
 1023 07b3 09       		.uleb128 0x9
 1024 07b4 45060000 		.4byte	.LASF244
 1025 07b8 04       		.byte	0x4
 1026 07b9 83       		.byte	0x83
ARM GAS  C:\Users\VALRIE~1\AppData\Local\Temp\cceLvkke.s 			page 19


 1027 07ba 7C040000 		.4byte	0x47c
 1028 07be 7A       		.byte	0x7a
 1029 07bf 09       		.uleb128 0x9
 1030 07c0 C30B0000 		.4byte	.LASF245
 1031 07c4 04       		.byte	0x4
 1032 07c5 86       		.byte	0x86
 1033 07c6 66040000 		.4byte	0x466
 1034 07ca 7C       		.byte	0x7c
 1035 07cb 09       		.uleb128 0x9
 1036 07cc 2B150000 		.4byte	.LASF246
 1037 07d0 04       		.byte	0x4
 1038 07d1 87       		.byte	0x87
 1039 07d2 66040000 		.4byte	0x466
 1040 07d6 7D       		.byte	0x7d
 1041 07d7 09       		.uleb128 0x9
 1042 07d8 D7050000 		.4byte	.LASF247
 1043 07dc 04       		.byte	0x4
 1044 07dd 88       		.byte	0x88
 1045 07de 66040000 		.4byte	0x466
 1046 07e2 7E       		.byte	0x7e
 1047 07e3 09       		.uleb128 0x9
 1048 07e4 41050000 		.4byte	.LASF248
 1049 07e8 04       		.byte	0x4
 1050 07e9 89       		.byte	0x89
 1051 07ea 66040000 		.4byte	0x466
 1052 07ee 7F       		.byte	0x7f
 1053 07ef 09       		.uleb128 0x9
 1054 07f0 5A060000 		.4byte	.LASF249
 1055 07f4 04       		.byte	0x4
 1056 07f5 8A       		.byte	0x8a
 1057 07f6 66040000 		.4byte	0x466
 1058 07fa 80       		.byte	0x80
 1059 07fb 09       		.uleb128 0x9
 1060 07fc 79000000 		.4byte	.LASF250
 1061 0800 04       		.byte	0x4
 1062 0801 8D       		.byte	0x8d
 1063 0802 92040000 		.4byte	0x492
 1064 0806 84       		.byte	0x84
 1065 0807 09       		.uleb128 0x9
 1066 0808 DE0C0000 		.4byte	.LASF251
 1067 080c 04       		.byte	0x4
 1068 080d 8E       		.byte	0x8e
 1069 080e 92040000 		.4byte	0x492
 1070 0812 88       		.byte	0x88
 1071 0813 09       		.uleb128 0x9
 1072 0814 930D0000 		.4byte	.LASF252
 1073 0818 04       		.byte	0x4
 1074 0819 8F       		.byte	0x8f
 1075 081a 92040000 		.4byte	0x492
 1076 081e 8C       		.byte	0x8c
 1077 081f 09       		.uleb128 0x9
 1078 0820 EB0F0000 		.4byte	.LASF253
 1079 0824 04       		.byte	0x4
 1080 0825 90       		.byte	0x90
 1081 0826 92040000 		.4byte	0x492
 1082 082a 90       		.byte	0x90
 1083 082b 09       		.uleb128 0x9
ARM GAS  C:\Users\VALRIE~1\AppData\Local\Temp\cceLvkke.s 			page 20


 1084 082c 82110000 		.4byte	.LASF254
 1085 0830 04       		.byte	0x4
 1086 0831 91       		.byte	0x91
 1087 0832 92040000 		.4byte	0x492
 1088 0836 94       		.byte	0x94
 1089 0837 09       		.uleb128 0x9
 1090 0838 45040000 		.4byte	.LASF255
 1091 083c 04       		.byte	0x4
 1092 083d 92       		.byte	0x92
 1093 083e 92040000 		.4byte	0x492
 1094 0842 98       		.byte	0x98
 1095 0843 09       		.uleb128 0x9
 1096 0844 5C120000 		.4byte	.LASF256
 1097 0848 04       		.byte	0x4
 1098 0849 93       		.byte	0x93
 1099 084a 92040000 		.4byte	0x492
 1100 084e 9C       		.byte	0x9c
 1101 084f 09       		.uleb128 0x9
 1102 0850 54090000 		.4byte	.LASF257
 1103 0854 04       		.byte	0x4
 1104 0855 94       		.byte	0x94
 1105 0856 92040000 		.4byte	0x492
 1106 085a A0       		.byte	0xa0
 1107 085b 09       		.uleb128 0x9
 1108 085c 40010000 		.4byte	.LASF258
 1109 0860 04       		.byte	0x4
 1110 0861 95       		.byte	0x95
 1111 0862 7C040000 		.4byte	0x47c
 1112 0866 A4       		.byte	0xa4
 1113 0867 09       		.uleb128 0x9
 1114 0868 D60F0000 		.4byte	.LASF259
 1115 086c 04       		.byte	0x4
 1116 086d 96       		.byte	0x96
 1117 086e 7C040000 		.4byte	0x47c
 1118 0872 A6       		.byte	0xa6
 1119 0873 09       		.uleb128 0x9
 1120 0874 06130000 		.4byte	.LASF260
 1121 0878 04       		.byte	0x4
 1122 0879 97       		.byte	0x97
 1123 087a 7C040000 		.4byte	0x47c
 1124 087e A8       		.byte	0xa8
 1125 087f 09       		.uleb128 0x9
 1126 0880 0A0C0000 		.4byte	.LASF261
 1127 0884 04       		.byte	0x4
 1128 0885 98       		.byte	0x98
 1129 0886 7C040000 		.4byte	0x47c
 1130 088a AA       		.byte	0xaa
 1131 088b 09       		.uleb128 0x9
 1132 088c 19030000 		.4byte	.LASF262
 1133 0890 04       		.byte	0x4
 1134 0891 99       		.byte	0x99
 1135 0892 7C040000 		.4byte	0x47c
 1136 0896 AC       		.byte	0xac
 1137 0897 09       		.uleb128 0x9
 1138 0898 1C0E0000 		.4byte	.LASF263
 1139 089c 04       		.byte	0x4
 1140 089d 9A       		.byte	0x9a
ARM GAS  C:\Users\VALRIE~1\AppData\Local\Temp\cceLvkke.s 			page 21


 1141 089e 7C040000 		.4byte	0x47c
 1142 08a2 AE       		.byte	0xae
 1143 08a3 09       		.uleb128 0x9
 1144 08a4 CC120000 		.4byte	.LASF264
 1145 08a8 04       		.byte	0x4
 1146 08a9 9D       		.byte	0x9d
 1147 08aa 7C040000 		.4byte	0x47c
 1148 08ae B0       		.byte	0xb0
 1149 08af 09       		.uleb128 0x9
 1150 08b0 31140000 		.4byte	.LASF265
 1151 08b4 04       		.byte	0x4
 1152 08b5 9E       		.byte	0x9e
 1153 08b6 92040000 		.4byte	0x492
 1154 08ba B4       		.byte	0xb4
 1155 08bb 00       		.byte	0
 1156 08bc 06       		.uleb128 0x6
 1157 08bd 36130000 		.4byte	.LASF266
 1158 08c1 04       		.byte	0x4
 1159 08c2 9F       		.byte	0x9f
 1160 08c3 AB040000 		.4byte	0x4ab
 1161 08c7 05       		.uleb128 0x5
 1162 08c8 01       		.byte	0x1
 1163 08c9 08       		.byte	0x8
 1164 08ca AC000000 		.4byte	.LASF267
 1165 08ce 05       		.uleb128 0x5
 1166 08cf 04       		.byte	0x4
 1167 08d0 04       		.byte	0x4
 1168 08d1 75050000 		.4byte	.LASF268
 1169 08d5 05       		.uleb128 0x5
 1170 08d6 08       		.byte	0x8
 1171 08d7 04       		.byte	0x4
 1172 08d8 32160000 		.4byte	.LASF269
 1173 08dc 0A       		.uleb128 0xa
 1174 08dd 08       		.byte	0x8
 1175 08de 05       		.byte	0x5
 1176 08df 2D01     		.2byte	0x12d
 1177 08e1 00090000 		.4byte	0x900
 1178 08e5 0B       		.uleb128 0xb
 1179 08e6 8B0B0000 		.4byte	.LASF270
 1180 08ea 05       		.byte	0x5
 1181 08eb 2E01     		.2byte	0x12e
 1182 08ed E5030000 		.4byte	0x3e5
 1183 08f1 00       		.byte	0
 1184 08f2 0B       		.uleb128 0xb
 1185 08f3 72120000 		.4byte	.LASF271
 1186 08f7 05       		.byte	0x5
 1187 08f8 3201     		.2byte	0x132
 1188 08fa 92040000 		.4byte	0x492
 1189 08fe 04       		.byte	0x4
 1190 08ff 00       		.byte	0
 1191 0900 0C       		.uleb128 0xc
 1192 0901 14000000 		.4byte	.LASF272
 1193 0905 05       		.byte	0x5
 1194 0906 3301     		.2byte	0x133
 1195 0908 DC080000 		.4byte	0x8dc
 1196 090c 0D       		.uleb128 0xd
 1197 090d 93100000 		.4byte	.LASF273
ARM GAS  C:\Users\VALRIE~1\AppData\Local\Temp\cceLvkke.s 			page 22


 1198 0911 06       		.byte	0x6
 1199 0912 0108     		.2byte	0x801
 1200 0914 18090000 		.4byte	0x918
 1201 0918 0E       		.uleb128 0xe
 1202 0919 87040000 		.4byte	0x487
 1203 091d 0F       		.uleb128 0xf
 1204 091e 58000000 		.4byte	.LASF274
 1205 0922 04       		.byte	0x4
 1206 0923 A7       		.byte	0xa7
 1207 0924 28090000 		.4byte	0x928
 1208 0928 10       		.uleb128 0x10
 1209 0929 04       		.byte	0x4
 1210 092a 2E090000 		.4byte	0x92e
 1211 092e 11       		.uleb128 0x11
 1212 092f BC080000 		.4byte	0x8bc
 1213 0933 12       		.uleb128 0x12
 1214 0934 2D080000 		.4byte	.LASF275
 1215 0938 07       		.byte	0x7
 1216 0939 18       		.byte	0x18
 1217 093a 44090000 		.4byte	0x944
 1218 093e 05       		.uleb128 0x5
 1219 093f 03       		.byte	0x3
 1220 0940 00000000 		.4byte	CY_EINK_SPIM_SCB_IRQ_cfg
 1221 0944 11       		.uleb128 0x11
 1222 0945 00090000 		.4byte	0x900
 1223 0949 00       		.byte	0
 1224              		.section	.debug_abbrev,"",%progbits
 1225              	.Ldebug_abbrev0:
 1226 0000 01       		.uleb128 0x1
 1227 0001 11       		.uleb128 0x11
 1228 0002 01       		.byte	0x1
 1229 0003 25       		.uleb128 0x25
 1230 0004 0E       		.uleb128 0xe
 1231 0005 13       		.uleb128 0x13
 1232 0006 0B       		.uleb128 0xb
 1233 0007 03       		.uleb128 0x3
 1234 0008 0E       		.uleb128 0xe
 1235 0009 1B       		.uleb128 0x1b
 1236 000a 0E       		.uleb128 0xe
 1237 000b 10       		.uleb128 0x10
 1238 000c 17       		.uleb128 0x17
 1239 000d 00       		.byte	0
 1240 000e 00       		.byte	0
 1241 000f 02       		.uleb128 0x2
 1242 0010 04       		.uleb128 0x4
 1243 0011 01       		.byte	0x1
 1244 0012 0B       		.uleb128 0xb
 1245 0013 0B       		.uleb128 0xb
 1246 0014 49       		.uleb128 0x49
 1247 0015 13       		.uleb128 0x13
 1248 0016 3A       		.uleb128 0x3a
 1249 0017 0B       		.uleb128 0xb
 1250 0018 3B       		.uleb128 0x3b
 1251 0019 0B       		.uleb128 0xb
 1252 001a 01       		.uleb128 0x1
 1253 001b 13       		.uleb128 0x13
 1254 001c 00       		.byte	0
ARM GAS  C:\Users\VALRIE~1\AppData\Local\Temp\cceLvkke.s 			page 23


 1255 001d 00       		.byte	0
 1256 001e 03       		.uleb128 0x3
 1257 001f 28       		.uleb128 0x28
 1258 0020 00       		.byte	0
 1259 0021 03       		.uleb128 0x3
 1260 0022 0E       		.uleb128 0xe
 1261 0023 1C       		.uleb128 0x1c
 1262 0024 0D       		.uleb128 0xd
 1263 0025 00       		.byte	0
 1264 0026 00       		.byte	0
 1265 0027 04       		.uleb128 0x4
 1266 0028 28       		.uleb128 0x28
 1267 0029 00       		.byte	0
 1268 002a 03       		.uleb128 0x3
 1269 002b 0E       		.uleb128 0xe
 1270 002c 1C       		.uleb128 0x1c
 1271 002d 0B       		.uleb128 0xb
 1272 002e 00       		.byte	0
 1273 002f 00       		.byte	0
 1274 0030 05       		.uleb128 0x5
 1275 0031 24       		.uleb128 0x24
 1276 0032 00       		.byte	0
 1277 0033 0B       		.uleb128 0xb
 1278 0034 0B       		.uleb128 0xb
 1279 0035 3E       		.uleb128 0x3e
 1280 0036 0B       		.uleb128 0xb
 1281 0037 03       		.uleb128 0x3
 1282 0038 0E       		.uleb128 0xe
 1283 0039 00       		.byte	0
 1284 003a 00       		.byte	0
 1285 003b 06       		.uleb128 0x6
 1286 003c 16       		.uleb128 0x16
 1287 003d 00       		.byte	0
 1288 003e 03       		.uleb128 0x3
 1289 003f 0E       		.uleb128 0xe
 1290 0040 3A       		.uleb128 0x3a
 1291 0041 0B       		.uleb128 0xb
 1292 0042 3B       		.uleb128 0x3b
 1293 0043 0B       		.uleb128 0xb
 1294 0044 49       		.uleb128 0x49
 1295 0045 13       		.uleb128 0x13
 1296 0046 00       		.byte	0
 1297 0047 00       		.byte	0
 1298 0048 07       		.uleb128 0x7
 1299 0049 24       		.uleb128 0x24
 1300 004a 00       		.byte	0
 1301 004b 0B       		.uleb128 0xb
 1302 004c 0B       		.uleb128 0xb
 1303 004d 3E       		.uleb128 0x3e
 1304 004e 0B       		.uleb128 0xb
 1305 004f 03       		.uleb128 0x3
 1306 0050 08       		.uleb128 0x8
 1307 0051 00       		.byte	0
 1308 0052 00       		.byte	0
 1309 0053 08       		.uleb128 0x8
 1310 0054 13       		.uleb128 0x13
 1311 0055 01       		.byte	0x1
ARM GAS  C:\Users\VALRIE~1\AppData\Local\Temp\cceLvkke.s 			page 24


 1312 0056 0B       		.uleb128 0xb
 1313 0057 0B       		.uleb128 0xb
 1314 0058 3A       		.uleb128 0x3a
 1315 0059 0B       		.uleb128 0xb
 1316 005a 3B       		.uleb128 0x3b
 1317 005b 0B       		.uleb128 0xb
 1318 005c 01       		.uleb128 0x1
 1319 005d 13       		.uleb128 0x13
 1320 005e 00       		.byte	0
 1321 005f 00       		.byte	0
 1322 0060 09       		.uleb128 0x9
 1323 0061 0D       		.uleb128 0xd
 1324 0062 00       		.byte	0
 1325 0063 03       		.uleb128 0x3
 1326 0064 0E       		.uleb128 0xe
 1327 0065 3A       		.uleb128 0x3a
 1328 0066 0B       		.uleb128 0xb
 1329 0067 3B       		.uleb128 0x3b
 1330 0068 0B       		.uleb128 0xb
 1331 0069 49       		.uleb128 0x49
 1332 006a 13       		.uleb128 0x13
 1333 006b 38       		.uleb128 0x38
 1334 006c 0B       		.uleb128 0xb
 1335 006d 00       		.byte	0
 1336 006e 00       		.byte	0
 1337 006f 0A       		.uleb128 0xa
 1338 0070 13       		.uleb128 0x13
 1339 0071 01       		.byte	0x1
 1340 0072 0B       		.uleb128 0xb
 1341 0073 0B       		.uleb128 0xb
 1342 0074 3A       		.uleb128 0x3a
 1343 0075 0B       		.uleb128 0xb
 1344 0076 3B       		.uleb128 0x3b
 1345 0077 05       		.uleb128 0x5
 1346 0078 01       		.uleb128 0x1
 1347 0079 13       		.uleb128 0x13
 1348 007a 00       		.byte	0
 1349 007b 00       		.byte	0
 1350 007c 0B       		.uleb128 0xb
 1351 007d 0D       		.uleb128 0xd
 1352 007e 00       		.byte	0
 1353 007f 03       		.uleb128 0x3
 1354 0080 0E       		.uleb128 0xe
 1355 0081 3A       		.uleb128 0x3a
 1356 0082 0B       		.uleb128 0xb
 1357 0083 3B       		.uleb128 0x3b
 1358 0084 05       		.uleb128 0x5
 1359 0085 49       		.uleb128 0x49
 1360 0086 13       		.uleb128 0x13
 1361 0087 38       		.uleb128 0x38
 1362 0088 0B       		.uleb128 0xb
 1363 0089 00       		.byte	0
 1364 008a 00       		.byte	0
 1365 008b 0C       		.uleb128 0xc
 1366 008c 16       		.uleb128 0x16
 1367 008d 00       		.byte	0
 1368 008e 03       		.uleb128 0x3
ARM GAS  C:\Users\VALRIE~1\AppData\Local\Temp\cceLvkke.s 			page 25


 1369 008f 0E       		.uleb128 0xe
 1370 0090 3A       		.uleb128 0x3a
 1371 0091 0B       		.uleb128 0xb
 1372 0092 3B       		.uleb128 0x3b
 1373 0093 05       		.uleb128 0x5
 1374 0094 49       		.uleb128 0x49
 1375 0095 13       		.uleb128 0x13
 1376 0096 00       		.byte	0
 1377 0097 00       		.byte	0
 1378 0098 0D       		.uleb128 0xd
 1379 0099 34       		.uleb128 0x34
 1380 009a 00       		.byte	0
 1381 009b 03       		.uleb128 0x3
 1382 009c 0E       		.uleb128 0xe
 1383 009d 3A       		.uleb128 0x3a
 1384 009e 0B       		.uleb128 0xb
 1385 009f 3B       		.uleb128 0x3b
 1386 00a0 05       		.uleb128 0x5
 1387 00a1 49       		.uleb128 0x49
 1388 00a2 13       		.uleb128 0x13
 1389 00a3 3F       		.uleb128 0x3f
 1390 00a4 19       		.uleb128 0x19
 1391 00a5 3C       		.uleb128 0x3c
 1392 00a6 19       		.uleb128 0x19
 1393 00a7 00       		.byte	0
 1394 00a8 00       		.byte	0
 1395 00a9 0E       		.uleb128 0xe
 1396 00aa 35       		.uleb128 0x35
 1397 00ab 00       		.byte	0
 1398 00ac 49       		.uleb128 0x49
 1399 00ad 13       		.uleb128 0x13
 1400 00ae 00       		.byte	0
 1401 00af 00       		.byte	0
 1402 00b0 0F       		.uleb128 0xf
 1403 00b1 34       		.uleb128 0x34
 1404 00b2 00       		.byte	0
 1405 00b3 03       		.uleb128 0x3
 1406 00b4 0E       		.uleb128 0xe
 1407 00b5 3A       		.uleb128 0x3a
 1408 00b6 0B       		.uleb128 0xb
 1409 00b7 3B       		.uleb128 0x3b
 1410 00b8 0B       		.uleb128 0xb
 1411 00b9 49       		.uleb128 0x49
 1412 00ba 13       		.uleb128 0x13
 1413 00bb 3F       		.uleb128 0x3f
 1414 00bc 19       		.uleb128 0x19
 1415 00bd 3C       		.uleb128 0x3c
 1416 00be 19       		.uleb128 0x19
 1417 00bf 00       		.byte	0
 1418 00c0 00       		.byte	0
 1419 00c1 10       		.uleb128 0x10
 1420 00c2 0F       		.uleb128 0xf
 1421 00c3 00       		.byte	0
 1422 00c4 0B       		.uleb128 0xb
 1423 00c5 0B       		.uleb128 0xb
 1424 00c6 49       		.uleb128 0x49
 1425 00c7 13       		.uleb128 0x13
ARM GAS  C:\Users\VALRIE~1\AppData\Local\Temp\cceLvkke.s 			page 26


 1426 00c8 00       		.byte	0
 1427 00c9 00       		.byte	0
 1428 00ca 11       		.uleb128 0x11
 1429 00cb 26       		.uleb128 0x26
 1430 00cc 00       		.byte	0
 1431 00cd 49       		.uleb128 0x49
 1432 00ce 13       		.uleb128 0x13
 1433 00cf 00       		.byte	0
 1434 00d0 00       		.byte	0
 1435 00d1 12       		.uleb128 0x12
 1436 00d2 34       		.uleb128 0x34
 1437 00d3 00       		.byte	0
 1438 00d4 03       		.uleb128 0x3
 1439 00d5 0E       		.uleb128 0xe
 1440 00d6 3A       		.uleb128 0x3a
 1441 00d7 0B       		.uleb128 0xb
 1442 00d8 3B       		.uleb128 0x3b
 1443 00d9 0B       		.uleb128 0xb
 1444 00da 49       		.uleb128 0x49
 1445 00db 13       		.uleb128 0x13
 1446 00dc 3F       		.uleb128 0x3f
 1447 00dd 19       		.uleb128 0x19
 1448 00de 02       		.uleb128 0x2
 1449 00df 18       		.uleb128 0x18
 1450 00e0 00       		.byte	0
 1451 00e1 00       		.byte	0
 1452 00e2 00       		.byte	0
 1453              		.section	.debug_aranges,"",%progbits
 1454 0000 14000000 		.4byte	0x14
 1455 0004 0200     		.2byte	0x2
 1456 0006 00000000 		.4byte	.Ldebug_info0
 1457 000a 04       		.byte	0x4
 1458 000b 00       		.byte	0
 1459 000c 0000     		.2byte	0
 1460 000e 0000     		.2byte	0
 1461 0010 00000000 		.4byte	0
 1462 0014 00000000 		.4byte	0
 1463              		.section	.debug_line,"",%progbits
 1464              	.Ldebug_line0:
 1465 0000 39020000 		.section	.debug_str,"MS",%progbits,1
 1465      02003302 
 1465      00000201 
 1465      FB0E0D00 
 1465      01010101 
 1466              	.LASF223:
 1467 0000 666C6173 		.ascii	"flashCtlMainWs1Freq\000"
 1467      6843746C 
 1467      4D61696E 
 1467      57733146 
 1467      72657100 
 1468              	.LASF272:
 1469 0014 63795F73 		.ascii	"cy_stc_sysint_t\000"
 1469      74635F73 
 1469      7973696E 
 1469      745F7400 
 1470              	.LASF25:
 1471 0024 696F7373 		.ascii	"ioss_interrupt_gpio_IRQn\000"
ARM GAS  C:\Users\VALRIE~1\AppData\Local\Temp\cceLvkke.s 			page 27


 1471      5F696E74 
 1471      65727275 
 1471      70745F67 
 1471      70696F5F 
 1472              	.LASF123:
 1473 003d 74637077 		.ascii	"tcpwm_1_interrupts_15_IRQn\000"
 1473      6D5F315F 
 1473      696E7465 
 1473      72727570 
 1473      74735F31 
 1474              	.LASF274:
 1475 0058 63795F64 		.ascii	"cy_device\000"
 1475      65766963 
 1475      6500
 1476              	.LASF142:
 1477 0062 7564625F 		.ascii	"udb_interrupts_10_IRQn\000"
 1477      696E7465 
 1477      72727570 
 1477      74735F31 
 1477      305F4952 
 1478              	.LASF250:
 1479 0079 63707573 		.ascii	"cpussCm0ClockCtlOffset\000"
 1479      73436D30 
 1479      436C6F63 
 1479      6B43746C 
 1479      4F666673 
 1480              	.LASF67:
 1481 0090 63707573 		.ascii	"cpuss_interrupts_dw0_7_IRQn\000"
 1481      735F696E 
 1481      74657272 
 1481      75707473 
 1481      5F647730 
 1482              	.LASF267:
 1483 00ac 63686172 		.ascii	"char\000"
 1483      00
 1484              	.LASF36:
 1485 00b1 63707573 		.ascii	"cpuss_interrupts_ipc_1_IRQn\000"
 1485      735F696E 
 1485      74657272 
 1485      75707473 
 1485      5F697063 
 1486              	.LASF54:
 1487 00cd 7363625F 		.ascii	"scb_3_interrupt_IRQn\000"
 1487      335F696E 
 1487      74657272 
 1487      7570745F 
 1487      4952516E 
 1488              	.LASF84:
 1489 00e2 63707573 		.ascii	"cpuss_interrupts_dw1_8_IRQn\000"
 1489      735F696E 
 1489      74657272 
 1489      75707473 
 1489      5F647731 
 1490              	.LASF90:
 1491 00fe 63707573 		.ascii	"cpuss_interrupts_dw1_14_IRQn\000"
 1491      735F696E 
 1491      74657272 
ARM GAS  C:\Users\VALRIE~1\AppData\Local\Temp\cceLvkke.s 			page 28


 1491      75707473 
 1491      5F647731 
 1492              	.LASF182:
 1493 011b 70657269 		.ascii	"periBase\000"
 1493      42617365 
 1493      00
 1494              	.LASF62:
 1495 0124 63707573 		.ascii	"cpuss_interrupts_dw0_2_IRQn\000"
 1495      735F696E 
 1495      74657272 
 1495      75707473 
 1495      5F647730 
 1496              	.LASF258:
 1497 0140 63707573 		.ascii	"cpussCm0NmiCtlOffset\000"
 1497      73436D30 
 1497      4E6D6943 
 1497      746C4F66 
 1497      66736574 
 1498              	.LASF228:
 1499 0155 64774368 		.ascii	"dwChSize\000"
 1499      53697A65 
 1499      00
 1500              	.LASF172:
 1501 015e 756E7369 		.ascii	"unsigned int\000"
 1501      676E6564 
 1501      20696E74 
 1501      00
 1502              	.LASF46:
 1503 016b 63707573 		.ascii	"cpuss_interrupts_ipc_11_IRQn\000"
 1503      735F696E 
 1503      74657272 
 1503      75707473 
 1503      5F697063 
 1504              	.LASF210:
 1505 0188 736D6966 		.ascii	"smifDeviceNr\000"
 1505      44657669 
 1505      63654E72 
 1505      00
 1506              	.LASF240:
 1507 0195 70657269 		.ascii	"periDivCmdPaTypeSelPos\000"
 1507      44697643 
 1507      6D645061 
 1507      54797065 
 1507      53656C50 
 1508              	.LASF115:
 1509 01ac 74637077 		.ascii	"tcpwm_1_interrupts_7_IRQn\000"
 1509      6D5F315F 
 1509      696E7465 
 1509      72727570 
 1509      74735F37 
 1510              	.LASF166:
 1511 01c6 5F5F696E 		.ascii	"__int32_t\000"
 1511      7433325F 
 1511      7400
 1512              	.LASF33:
 1513 01d0 70617373 		.ascii	"pass_interrupt_ctbs_IRQn\000"
 1513      5F696E74 
ARM GAS  C:\Users\VALRIE~1\AppData\Local\Temp\cceLvkke.s 			page 29


 1513      65727275 
 1513      70745F63 
 1513      7462735F 
 1514              	.LASF206:
 1515 01e9 73727373 		.ascii	"srssNumClkpath\000"
 1515      4E756D43 
 1515      6C6B7061 
 1515      746800
 1516              	.LASF180:
 1517 01f8 63707573 		.ascii	"cpussBase\000"
 1517      73426173 
 1517      6500
 1518              	.LASF204:
 1519 0202 63707573 		.ascii	"cpussFmIrq\000"
 1519      73466D49 
 1519      727100
 1520              	.LASF30:
 1521 020d 73727373 		.ascii	"srss_interrupt_mcwdt_1_IRQn\000"
 1521      5F696E74 
 1521      65727275 
 1521      70745F6D 
 1521      63776474 
 1522              	.LASF12:
 1523 0229 696F7373 		.ascii	"ioss_interrupts_gpio_2_IRQn\000"
 1523      5F696E74 
 1523      65727275 
 1523      7074735F 
 1523      6770696F 
 1524              	.LASF205:
 1525 0245 63707573 		.ascii	"cpussNotConnectedIrq\000"
 1525      734E6F74 
 1525      436F6E6E 
 1525      65637465 
 1525      64497271 
 1526              	.LASF73:
 1527 025a 63707573 		.ascii	"cpuss_interrupts_dw0_13_IRQn\000"
 1527      735F696E 
 1527      74657272 
 1527      75707473 
 1527      5F647730 
 1528              	.LASF158:
 1529 0277 73686F72 		.ascii	"short int\000"
 1529      7420696E 
 1529      7400
 1530              	.LASF131:
 1531 0281 74637077 		.ascii	"tcpwm_1_interrupts_23_IRQn\000"
 1531      6D5F315F 
 1531      696E7465 
 1531      72727570 
 1531      74735F32 
 1532              	.LASF129:
 1533 029c 74637077 		.ascii	"tcpwm_1_interrupts_21_IRQn\000"
 1533      6D5F315F 
 1533      696E7465 
 1533      72727570 
 1533      74735F32 
 1534              	.LASF146:
ARM GAS  C:\Users\VALRIE~1\AppData\Local\Temp\cceLvkke.s 			page 30


 1535 02b7 7564625F 		.ascii	"udb_interrupts_14_IRQn\000"
 1535      696E7465 
 1535      72727570 
 1535      74735F31 
 1535      345F4952 
 1536              	.LASF236:
 1537 02ce 70657269 		.ascii	"periTrGrSize\000"
 1537      54724772 
 1537      53697A65 
 1537      00
 1538              	.LASF107:
 1539 02db 74637077 		.ascii	"tcpwm_0_interrupts_7_IRQn\000"
 1539      6D5F305F 
 1539      696E7465 
 1539      72727570 
 1539      74735F37 
 1540              	.LASF239:
 1541 02f5 70657269 		.ascii	"periDivCmdPaDivSelPos\000"
 1541      44697643 
 1541      6D645061 
 1541      44697653 
 1541      656C506F 
 1542              	.LASF216:
 1543 030b 63727970 		.ascii	"cryptoMemSize\000"
 1543      746F4D65 
 1543      6D53697A 
 1543      6500
 1544              	.LASF262:
 1545 0319 63707573 		.ascii	"cpussRam1Ctl0\000"
 1545      7352616D 
 1545      3143746C 
 1545      3000
 1546              	.LASF76:
 1547 0327 63707573 		.ascii	"cpuss_interrupts_dw1_0_IRQn\000"
 1547      735F696E 
 1547      74657272 
 1547      75707473 
 1547      5F647731 
 1548              	.LASF102:
 1549 0343 74637077 		.ascii	"tcpwm_0_interrupts_2_IRQn\000"
 1549      6D5F305F 
 1549      696E7465 
 1549      72727570 
 1549      74735F32 
 1550              	.LASF8:
 1551 035d 50656E64 		.ascii	"PendSV_IRQn\000"
 1551      53565F49 
 1551      52516E00 
 1552              	.LASF276:
 1553 0369 474E5520 		.ascii	"GNU C11 5.4.1 20160609 (release) [ARM/embedded-5-br"
 1553      43313120 
 1553      352E342E 
 1553      31203230 
 1553      31363036 
 1554 039c 616E6368 		.ascii	"anch revision 237715] -mcpu=cortex-m4 -mfloat-abi=s"
 1554      20726576 
 1554      6973696F 
ARM GAS  C:\Users\VALRIE~1\AppData\Local\Temp\cceLvkke.s 			page 31


 1554      6E203233 
 1554      37373135 
 1555 03cf 6F667466 		.ascii	"oftfp -mfpu=fpv4-sp-d16 -mthumb -g -Og -ffunction-s"
 1555      70202D6D 
 1555      6670753D 
 1555      66707634 
 1555      2D73702D 
 1556 0402 65637469 		.ascii	"ections -ffat-lto-objects\000"
 1556      6F6E7320 
 1556      2D666661 
 1556      742D6C74 
 1556      6F2D6F62 
 1557              	.LASF198:
 1558 041c 70726F74 		.ascii	"protVersion\000"
 1558      56657273 
 1558      696F6E00 
 1559              	.LASF174:
 1560 0428 696E7431 		.ascii	"int16_t\000"
 1560      365F7400 
 1561              	.LASF238:
 1562 0430 70657269 		.ascii	"periDivCmdTypeSelPos\000"
 1562      44697643 
 1562      6D645479 
 1562      70655365 
 1562      6C506F73 
 1563              	.LASF255:
 1564 0445 63707573 		.ascii	"cpussTrimRamCtlOffset\000"
 1564      73547269 
 1564      6D52616D 
 1564      43746C4F 
 1564      66667365 
 1565              	.LASF139:
 1566 045b 7564625F 		.ascii	"udb_interrupts_7_IRQn\000"
 1566      696E7465 
 1566      72727570 
 1566      74735F37 
 1566      5F495251 
 1567              	.LASF28:
 1568 0471 7363625F 		.ascii	"scb_8_interrupt_IRQn\000"
 1568      385F696E 
 1568      74657272 
 1568      7570745F 
 1568      4952516E 
 1569              	.LASF3:
 1570 0486 4D656D6F 		.ascii	"MemoryManagement_IRQn\000"
 1570      72794D61 
 1570      6E616765 
 1570      6D656E74 
 1570      5F495251 
 1571              	.LASF125:
 1572 049c 74637077 		.ascii	"tcpwm_1_interrupts_17_IRQn\000"
 1572      6D5F315F 
 1572      696E7465 
 1572      72727570 
 1572      74735F31 
 1573              	.LASF134:
 1574 04b7 7564625F 		.ascii	"udb_interrupts_2_IRQn\000"
ARM GAS  C:\Users\VALRIE~1\AppData\Local\Temp\cceLvkke.s 			page 32


 1574      696E7465 
 1574      72727570 
 1574      74735F32 
 1574      5F495251 
 1575              	.LASF177:
 1576 04cd 75696E74 		.ascii	"uint32_t\000"
 1576      33325F74 
 1576      00
 1577              	.LASF120:
 1578 04d6 74637077 		.ascii	"tcpwm_1_interrupts_12_IRQn\000"
 1578      6D5F315F 
 1578      696E7465 
 1578      72727570 
 1578      74735F31 
 1579              	.LASF17:
 1580 04f1 696F7373 		.ascii	"ioss_interrupts_gpio_7_IRQn\000"
 1580      5F696E74 
 1580      65727275 
 1580      7074735F 
 1580      6770696F 
 1581              	.LASF23:
 1582 050d 696F7373 		.ascii	"ioss_interrupts_gpio_13_IRQn\000"
 1582      5F696E74 
 1582      65727275 
 1582      7074735F 
 1582      6770696F 
 1583              	.LASF147:
 1584 052a 7564625F 		.ascii	"udb_interrupts_15_IRQn\000"
 1584      696E7465 
 1584      72727570 
 1584      74735F31 
 1584      355F4952 
 1585              	.LASF248:
 1586 0541 6770696F 		.ascii	"gpioPrtCfgOutOffset\000"
 1586      50727443 
 1586      66674F75 
 1586      744F6666 
 1586      73657400 
 1587              	.LASF97:
 1588 0555 63707573 		.ascii	"cpuss_interrupts_cm0_cti_1_IRQn\000"
 1588      735F696E 
 1588      74657272 
 1588      75707473 
 1588      5F636D30 
 1589              	.LASF268:
 1590 0575 666C6F61 		.ascii	"float\000"
 1590      7400
 1591              	.LASF191:
 1592 057b 63727970 		.ascii	"cryptoVersion\000"
 1592      746F5665 
 1592      7273696F 
 1592      6E00
 1593              	.LASF220:
 1594 0589 666C6173 		.ascii	"flashProgramDelay\000"
 1594      6850726F 
 1594      6772616D 
 1594      44656C61 
ARM GAS  C:\Users\VALRIE~1\AppData\Local\Temp\cceLvkke.s 			page 33


 1594      7900
 1595              	.LASF55:
 1596 059b 7363625F 		.ascii	"scb_4_interrupt_IRQn\000"
 1596      345F696E 
 1596      74657272 
 1596      7570745F 
 1596      4952516E 
 1597              	.LASF181:
 1598 05b0 666C6173 		.ascii	"flashcBase\000"
 1598      68634261 
 1598      736500
 1599              	.LASF81:
 1600 05bb 63707573 		.ascii	"cpuss_interrupts_dw1_5_IRQn\000"
 1600      735F696E 
 1600      74657272 
 1600      75707473 
 1600      5F647731 
 1601              	.LASF247:
 1602 05d7 6770696F 		.ascii	"gpioPrtCfgInOffset\000"
 1602      50727443 
 1602      6667496E 
 1602      4F666673 
 1602      657400
 1603              	.LASF87:
 1604 05ea 63707573 		.ascii	"cpuss_interrupts_dw1_11_IRQn\000"
 1604      735F696E 
 1604      74657272 
 1604      75707473 
 1604      5F647731 
 1605              	.LASF154:
 1606 0607 7573625F 		.ascii	"usb_interrupt_med_IRQn\000"
 1606      696E7465 
 1606      72727570 
 1606      745F6D65 
 1606      645F4952 
 1607              	.LASF219:
 1608 061e 666C6173 		.ascii	"flashWriteDelay\000"
 1608      68577269 
 1608      74654465 
 1608      6C617900 
 1609              	.LASF171:
 1610 062e 6C6F6E67 		.ascii	"long long unsigned int\000"
 1610      206C6F6E 
 1610      6720756E 
 1610      7369676E 
 1610      65642069 
 1611              	.LASF244:
 1612 0645 70657269 		.ascii	"periDiv24_5CtlOffset\000"
 1612      44697632 
 1612      345F3543 
 1612      746C4F66 
 1612      66736574 
 1613              	.LASF249:
 1614 065a 6770696F 		.ascii	"gpioPrtCfgSioOffset\000"
 1614      50727443 
 1614      66675369 
 1614      6F4F6666 
ARM GAS  C:\Users\VALRIE~1\AppData\Local\Temp\cceLvkke.s 			page 34


 1614      73657400 
 1615              	.LASF48:
 1616 066e 63707573 		.ascii	"cpuss_interrupts_ipc_13_IRQn\000"
 1616      735F696E 
 1616      74657272 
 1616      75707473 
 1616      5F697063 
 1617              	.LASF203:
 1618 068b 63707573 		.ascii	"cpussIpc0Irq\000"
 1618      73497063 
 1618      30497271 
 1618      00
 1619              	.LASF31:
 1620 0698 73727373 		.ascii	"srss_interrupt_backup_IRQn\000"
 1620      5F696E74 
 1620      65727275 
 1620      70745F62 
 1620      61636B75 
 1621              	.LASF117:
 1622 06b3 74637077 		.ascii	"tcpwm_1_interrupts_9_IRQn\000"
 1622      6D5F315F 
 1622      696E7465 
 1622      72727570 
 1622      74735F39 
 1623              	.LASF164:
 1624 06cd 5F5F7569 		.ascii	"__uint16_t\000"
 1624      6E743136 
 1624      5F7400
 1625              	.LASF6:
 1626 06d8 53564361 		.ascii	"SVCall_IRQn\000"
 1626      6C6C5F49 
 1626      52516E00 
 1627              	.LASF51:
 1628 06e4 7363625F 		.ascii	"scb_0_interrupt_IRQn\000"
 1628      305F696E 
 1628      74657272 
 1628      7570745F 
 1628      4952516E 
 1629              	.LASF112:
 1630 06f9 74637077 		.ascii	"tcpwm_1_interrupts_4_IRQn\000"
 1630      6D5F315F 
 1630      696E7465 
 1630      72727570 
 1630      74735F34 
 1631              	.LASF59:
 1632 0713 6373645F 		.ascii	"csd_interrupt_IRQn\000"
 1632      696E7465 
 1632      72727570 
 1632      745F4952 
 1632      516E00
 1633              	.LASF151:
 1634 0726 70726F66 		.ascii	"profile_interrupt_IRQn\000"
 1634      696C655F 
 1634      696E7465 
 1634      72727570 
 1634      745F4952 
 1635              	.LASF21:
ARM GAS  C:\Users\VALRIE~1\AppData\Local\Temp\cceLvkke.s 			page 35


 1636 073d 696F7373 		.ascii	"ioss_interrupts_gpio_11_IRQn\000"
 1636      5F696E74 
 1636      65727275 
 1636      7074735F 
 1636      6770696F 
 1637              	.LASF278:
 1638 075a 433A5C47 		.ascii	"C:\\GBM2100.cydsn\000"
 1638      424D3231 
 1638      30302E63 
 1638      7964736E 
 1638      00
 1639              	.LASF43:
 1640 076b 63707573 		.ascii	"cpuss_interrupts_ipc_8_IRQn\000"
 1640      735F696E 
 1640      74657272 
 1640      75707473 
 1640      5F697063 
 1641              	.LASF92:
 1642 0787 63707573 		.ascii	"cpuss_interrupts_fault_0_IRQn\000"
 1642      735F696E 
 1642      74657272 
 1642      75707473 
 1642      5F666175 
 1643              	.LASF225:
 1644 07a5 666C6173 		.ascii	"flashCtlMainWs3Freq\000"
 1644      6843746C 
 1644      4D61696E 
 1644      57733346 
 1644      72657100 
 1645              	.LASF160:
 1646 07b9 4952516E 		.ascii	"IRQn_Type\000"
 1646      5F547970 
 1646      6500
 1647              	.LASF207:
 1648 07c3 73727373 		.ascii	"srssNumPll\000"
 1648      4E756D50 
 1648      6C6C00
 1649              	.LASF143:
 1650 07ce 7564625F 		.ascii	"udb_interrupts_11_IRQn\000"
 1650      696E7465 
 1650      72727570 
 1650      74735F31 
 1650      315F4952 
 1651              	.LASF37:
 1652 07e5 63707573 		.ascii	"cpuss_interrupts_ipc_2_IRQn\000"
 1652      735F696E 
 1652      74657272 
 1652      75707473 
 1652      5F697063 
 1653              	.LASF104:
 1654 0801 74637077 		.ascii	"tcpwm_0_interrupts_4_IRQn\000"
 1654      6D5F305F 
 1654      696E7465 
 1654      72727570 
 1654      74735F34 
 1655              	.LASF218:
 1656 081b 666C6173 		.ascii	"flashPipeRequired\000"
ARM GAS  C:\Users\VALRIE~1\AppData\Local\Temp\cceLvkke.s 			page 36


 1656      68506970 
 1656      65526571 
 1656      75697265 
 1656      6400
 1657              	.LASF275:
 1658 082d 43595F45 		.ascii	"CY_EINK_SPIM_SCB_IRQ_cfg\000"
 1658      494E4B5F 
 1658      5350494D 
 1658      5F534342 
 1658      5F495251 
 1659              	.LASF233:
 1660 0846 70657269 		.ascii	"periTrCmdOffset\000"
 1660      5472436D 
 1660      644F6666 
 1660      73657400 
 1661              	.LASF208:
 1662 0856 73727373 		.ascii	"srssNumHfroot\000"
 1662      4E756D48 
 1662      66726F6F 
 1662      7400
 1663              	.LASF222:
 1664 0864 666C6173 		.ascii	"flashCtlMainWs0Freq\000"
 1664      6843746C 
 1664      4D61696E 
 1664      57733046 
 1664      72657100 
 1665              	.LASF149:
 1666 0878 61756469 		.ascii	"audioss_interrupt_i2s_IRQn\000"
 1666      6F73735F 
 1666      696E7465 
 1666      72727570 
 1666      745F6932 
 1667              	.LASF186:
 1668 0893 6770696F 		.ascii	"gpioBase\000"
 1668      42617365 
 1668      00
 1669              	.LASF156:
 1670 089c 70617373 		.ascii	"pass_interrupt_dacs_IRQn\000"
 1670      5F696E74 
 1670      65727275 
 1670      70745F64 
 1670      6163735F 
 1671              	.LASF109:
 1672 08b5 74637077 		.ascii	"tcpwm_1_interrupts_1_IRQn\000"
 1672      6D5F315F 
 1672      696E7465 
 1672      72727570 
 1672      74735F31 
 1673              	.LASF136:
 1674 08cf 7564625F 		.ascii	"udb_interrupts_4_IRQn\000"
 1674      696E7465 
 1674      72727570 
 1674      74735F34 
 1674      5F495251 
 1675              	.LASF150:
 1676 08e5 61756469 		.ascii	"audioss_interrupt_pdm_IRQn\000"
 1676      6F73735F 
ARM GAS  C:\Users\VALRIE~1\AppData\Local\Temp\cceLvkke.s 			page 37


 1676      696E7465 
 1676      72727570 
 1676      745F7064 
 1677              	.LASF70:
 1678 0900 63707573 		.ascii	"cpuss_interrupts_dw0_10_IRQn\000"
 1678      735F696E 
 1678      74657272 
 1678      75707473 
 1678      5F647730 
 1679              	.LASF122:
 1680 091d 74637077 		.ascii	"tcpwm_1_interrupts_14_IRQn\000"
 1680      6D5F315F 
 1680      696E7465 
 1680      72727570 
 1680      74735F31 
 1681              	.LASF19:
 1682 0938 696F7373 		.ascii	"ioss_interrupts_gpio_9_IRQn\000"
 1682      5F696E74 
 1682      65727275 
 1682      7074735F 
 1682      6770696F 
 1683              	.LASF257:
 1684 0954 63707573 		.ascii	"cpussSysTickCtlOffset\000"
 1684      73537973 
 1684      5469636B 
 1684      43746C4F 
 1684      66667365 
 1685              	.LASF213:
 1686 096a 75646250 		.ascii	"udbPresent\000"
 1686      72657365 
 1686      6E7400
 1687              	.LASF231:
 1688 0975 64775374 		.ascii	"dwStatusChIdxPos\000"
 1688      61747573 
 1688      43684964 
 1688      78506F73 
 1688      00
 1689              	.LASF66:
 1690 0986 63707573 		.ascii	"cpuss_interrupts_dw0_6_IRQn\000"
 1690      735F696E 
 1690      74657272 
 1690      75707473 
 1690      5F647730 
 1691              	.LASF14:
 1692 09a2 696F7373 		.ascii	"ioss_interrupts_gpio_4_IRQn\000"
 1692      5F696E74 
 1692      65727275 
 1692      7074735F 
 1692      6770696F 
 1693              	.LASF20:
 1694 09be 696F7373 		.ascii	"ioss_interrupts_gpio_10_IRQn\000"
 1694      5F696E74 
 1694      65727275 
 1694      7074735F 
 1694      6770696F 
 1695              	.LASF75:
 1696 09db 63707573 		.ascii	"cpuss_interrupts_dw0_15_IRQn\000"
ARM GAS  C:\Users\VALRIE~1\AppData\Local\Temp\cceLvkke.s 			page 38


 1696      735F696E 
 1696      74657272 
 1696      75707473 
 1696      5F647730 
 1697              	.LASF32:
 1698 09f8 73727373 		.ascii	"srss_interrupt_IRQn\000"
 1698      5F696E74 
 1698      65727275 
 1698      70745F49 
 1698      52516E00 
 1699              	.LASF202:
 1700 0a0c 63707573 		.ascii	"cpussFlashPaSize\000"
 1700      73466C61 
 1700      73685061 
 1700      53697A65 
 1700      00
 1701              	.LASF83:
 1702 0a1d 63707573 		.ascii	"cpuss_interrupts_dw1_7_IRQn\000"
 1702      735F696E 
 1702      74657272 
 1702      75707473 
 1702      5F647731 
 1703              	.LASF89:
 1704 0a39 63707573 		.ascii	"cpuss_interrupts_dw1_13_IRQn\000"
 1704      735F696E 
 1704      74657272 
 1704      75707473 
 1704      5F647731 
 1705              	.LASF61:
 1706 0a56 63707573 		.ascii	"cpuss_interrupts_dw0_1_IRQn\000"
 1706      735F696E 
 1706      74657272 
 1706      75707473 
 1706      5F647730 
 1707              	.LASF243:
 1708 0a72 70657269 		.ascii	"periDiv16_5CtlOffset\000"
 1708      44697631 
 1708      365F3543 
 1708      746C4F66 
 1708      66736574 
 1709              	.LASF157:
 1710 0a87 756E636F 		.ascii	"unconnected_IRQn\000"
 1710      6E6E6563 
 1710      7465645F 
 1710      4952516E 
 1710      00
 1711              	.LASF78:
 1712 0a98 63707573 		.ascii	"cpuss_interrupts_dw1_2_IRQn\000"
 1712      735F696E 
 1712      74657272 
 1712      75707473 
 1712      5F647731 
 1713              	.LASF214:
 1714 0ab4 73797350 		.ascii	"sysPmSimoPresent\000"
 1714      6D53696D 
 1714      6F507265 
 1714      73656E74 
ARM GAS  C:\Users\VALRIE~1\AppData\Local\Temp\cceLvkke.s 			page 39


 1714      00
 1715              	.LASF155:
 1716 0ac5 7573625F 		.ascii	"usb_interrupt_lo_IRQn\000"
 1716      696E7465 
 1716      72727570 
 1716      745F6C6F 
 1716      5F495251 
 1717              	.LASF45:
 1718 0adb 63707573 		.ascii	"cpuss_interrupts_ipc_10_IRQn\000"
 1718      735F696E 
 1718      74657272 
 1718      75707473 
 1718      5F697063 
 1719              	.LASF95:
 1720 0af8 63707573 		.ascii	"cpuss_interrupt_fm_IRQn\000"
 1720      735F696E 
 1720      74657272 
 1720      7570745F 
 1720      666D5F49 
 1721              	.LASF114:
 1722 0b10 74637077 		.ascii	"tcpwm_1_interrupts_6_IRQn\000"
 1722      6D5F315F 
 1722      696E7465 
 1722      72727570 
 1722      74735F36 
 1723              	.LASF141:
 1724 0b2a 7564625F 		.ascii	"udb_interrupts_9_IRQn\000"
 1724      696E7465 
 1724      72727570 
 1724      74735F39 
 1724      5F495251 
 1725              	.LASF232:
 1726 0b40 64775374 		.ascii	"dwStatusChIdxMsk\000"
 1726      61747573 
 1726      43684964 
 1726      784D736B 
 1726      00
 1727              	.LASF145:
 1728 0b51 7564625F 		.ascii	"udb_interrupts_13_IRQn\000"
 1728      696E7465 
 1728      72727570 
 1728      74735F31 
 1728      335F4952 
 1729              	.LASF173:
 1730 0b68 75696E74 		.ascii	"uint8_t\000"
 1730      385F7400 
 1731              	.LASF127:
 1732 0b70 74637077 		.ascii	"tcpwm_1_interrupts_19_IRQn\000"
 1732      6D5F315F 
 1732      696E7465 
 1732      72727570 
 1732      74735F31 
 1733              	.LASF270:
 1734 0b8b 696E7472 		.ascii	"intrSrc\000"
 1734      53726300 
 1735              	.LASF237:
 1736 0b93 70657269 		.ascii	"periDivCmdDivSelMsk\000"
ARM GAS  C:\Users\VALRIE~1\AppData\Local\Temp\cceLvkke.s 			page 40


 1736      44697643 
 1736      6D644469 
 1736      7653656C 
 1736      4D736B00 
 1737              	.LASF29:
 1738 0ba7 73727373 		.ascii	"srss_interrupt_mcwdt_0_IRQn\000"
 1738      5F696E74 
 1738      65727275 
 1738      70745F6D 
 1738      63776474 
 1739              	.LASF245:
 1740 0bc3 6770696F 		.ascii	"gpioPrtIntrCfgOffset\000"
 1740      50727449 
 1740      6E747243 
 1740      66674F66 
 1740      66736574 
 1741              	.LASF27:
 1742 0bd8 6C70636F 		.ascii	"lpcomp_interrupt_IRQn\000"
 1742      6D705F69 
 1742      6E746572 
 1742      72757074 
 1742      5F495251 
 1743              	.LASF40:
 1744 0bee 63707573 		.ascii	"cpuss_interrupts_ipc_5_IRQn\000"
 1744      735F696E 
 1744      74657272 
 1744      75707473 
 1744      5F697063 
 1745              	.LASF261:
 1746 0c0a 63707573 		.ascii	"cpussRam0Ctl0\000"
 1746      7352616D 
 1746      3043746C 
 1746      3000
 1747              	.LASF170:
 1748 0c18 6C6F6E67 		.ascii	"long long int\000"
 1748      206C6F6E 
 1748      6720696E 
 1748      7400
 1749              	.LASF188:
 1750 0c26 69706342 		.ascii	"ipcBase\000"
 1750      61736500 
 1751              	.LASF229:
 1752 0c2e 64774368 		.ascii	"dwChCtlPrioPos\000"
 1752      43746C50 
 1752      72696F50 
 1752      6F7300
 1753              	.LASF189:
 1754 0c3d 63727970 		.ascii	"cryptoBase\000"
 1754      746F4261 
 1754      736500
 1755              	.LASF35:
 1756 0c48 63707573 		.ascii	"cpuss_interrupts_ipc_0_IRQn\000"
 1756      735F696E 
 1756      74657272 
 1756      75707473 
 1756      5F697063 
 1757              	.LASF101:
ARM GAS  C:\Users\VALRIE~1\AppData\Local\Temp\cceLvkke.s 			page 41


 1758 0c64 74637077 		.ascii	"tcpwm_0_interrupts_1_IRQn\000"
 1758      6D5F305F 
 1758      696E7465 
 1758      72727570 
 1758      74735F31 
 1759              	.LASF56:
 1760 0c7e 7363625F 		.ascii	"scb_5_interrupt_IRQn\000"
 1760      355F696E 
 1760      74657272 
 1760      7570745F 
 1760      4952516E 
 1761              	.LASF50:
 1762 0c93 63707573 		.ascii	"cpuss_interrupts_ipc_15_IRQn\000"
 1762      735F696E 
 1762      74657272 
 1762      75707473 
 1762      5F697063 
 1763              	.LASF163:
 1764 0cb0 5F5F696E 		.ascii	"__int16_t\000"
 1764      7431365F 
 1764      7400
 1765              	.LASF209:
 1766 0cba 70657269 		.ascii	"periClockNr\000"
 1766      436C6F63 
 1766      6B4E7200 
 1767              	.LASF185:
 1768 0cc6 6873696F 		.ascii	"hsiomBase\000"
 1768      6D426173 
 1768      6500
 1769              	.LASF4:
 1770 0cd0 42757346 		.ascii	"BusFault_IRQn\000"
 1770      61756C74 
 1770      5F495251 
 1770      6E00
 1771              	.LASF251:
 1772 0cde 63707573 		.ascii	"cpussCm4ClockCtlOffset\000"
 1772      73436D34 
 1772      436C6F63 
 1772      6B43746C 
 1772      4F666673 
 1773              	.LASF235:
 1774 0cf5 70657269 		.ascii	"periTrGrOffset\000"
 1774      54724772 
 1774      4F666673 
 1774      657400
 1775              	.LASF133:
 1776 0d04 7564625F 		.ascii	"udb_interrupts_1_IRQn\000"
 1776      696E7465 
 1776      72727570 
 1776      74735F31 
 1776      5F495251 
 1777              	.LASF201:
 1778 0d1a 63707573 		.ascii	"cpussDwChNr\000"
 1778      73447743 
 1778      684E7200 
 1779              	.LASF153:
 1780 0d26 7573625F 		.ascii	"usb_interrupt_hi_IRQn\000"
ARM GAS  C:\Users\VALRIE~1\AppData\Local\Temp\cceLvkke.s 			page 42


 1780      696E7465 
 1780      72727570 
 1780      745F6869 
 1780      5F495251 
 1781              	.LASF52:
 1782 0d3c 7363625F 		.ascii	"scb_1_interrupt_IRQn\000"
 1782      315F696E 
 1782      74657272 
 1782      7570745F 
 1782      4952516E 
 1783              	.LASF119:
 1784 0d51 74637077 		.ascii	"tcpwm_1_interrupts_11_IRQn\000"
 1784      6D5F315F 
 1784      696E7465 
 1784      72727570 
 1784      74735F31 
 1785              	.LASF16:
 1786 0d6c 696F7373 		.ascii	"ioss_interrupts_gpio_6_IRQn\000"
 1786      5F696E74 
 1786      65727275 
 1786      7074735F 
 1786      6770696F 
 1787              	.LASF199:
 1788 0d88 63707573 		.ascii	"cpussIpcNr\000"
 1788      73497063 
 1788      4E7200
 1789              	.LASF252:
 1790 0d93 63707573 		.ascii	"cpussCm4StatusOffset\000"
 1790      73436D34 
 1790      53746174 
 1790      75734F66 
 1790      66736574 
 1791              	.LASF96:
 1792 0da8 63707573 		.ascii	"cpuss_interrupts_cm0_cti_0_IRQn\000"
 1792      735F696E 
 1792      74657272 
 1792      75707473 
 1792      5F636D30 
 1793              	.LASF85:
 1794 0dc8 63707573 		.ascii	"cpuss_interrupts_dw1_9_IRQn\000"
 1794      735F696E 
 1794      74657272 
 1794      75707473 
 1794      5F647731 
 1795              	.LASF69:
 1796 0de4 63707573 		.ascii	"cpuss_interrupts_dw0_9_IRQn\000"
 1796      735F696E 
 1796      74657272 
 1796      75707473 
 1796      5F647730 
 1797              	.LASF63:
 1798 0e00 63707573 		.ascii	"cpuss_interrupts_dw0_3_IRQn\000"
 1798      735F696E 
 1798      74657272 
 1798      75707473 
 1798      5F647730 
 1799              	.LASF263:
ARM GAS  C:\Users\VALRIE~1\AppData\Local\Temp\cceLvkke.s 			page 43


 1800 0e1c 63707573 		.ascii	"cpussRam2Ctl0\000"
 1800      7352616D 
 1800      3243746C 
 1800      3000
 1801              	.LASF11:
 1802 0e2a 696F7373 		.ascii	"ioss_interrupts_gpio_1_IRQn\000"
 1802      5F696E74 
 1802      65727275 
 1802      7074735F 
 1802      6770696F 
 1803              	.LASF72:
 1804 0e46 63707573 		.ascii	"cpuss_interrupts_dw0_12_IRQn\000"
 1804      735F696E 
 1804      74657272 
 1804      75707473 
 1804      5F647730 
 1805              	.LASF80:
 1806 0e63 63707573 		.ascii	"cpuss_interrupts_dw1_4_IRQn\000"
 1806      735F696E 
 1806      74657272 
 1806      75707473 
 1806      5F647731 
 1807              	.LASF86:
 1808 0e7f 63707573 		.ascii	"cpuss_interrupts_dw1_10_IRQn\000"
 1808      735F696E 
 1808      74657272 
 1808      75707473 
 1808      5F647731 
 1809              	.LASF106:
 1810 0e9c 74637077 		.ascii	"tcpwm_0_interrupts_6_IRQn\000"
 1810      6D5F305F 
 1810      696E7465 
 1810      72727570 
 1810      74735F36 
 1811              	.LASF242:
 1812 0eb6 70657269 		.ascii	"periDiv16CtlOffset\000"
 1812      44697631 
 1812      3643746C 
 1812      4F666673 
 1812      657400
 1813              	.LASF116:
 1814 0ec9 74637077 		.ascii	"tcpwm_1_interrupts_8_IRQn\000"
 1814      6D5F315F 
 1814      696E7465 
 1814      72727570 
 1814      74735F38 
 1815              	.LASF165:
 1816 0ee3 73686F72 		.ascii	"short unsigned int\000"
 1816      7420756E 
 1816      7369676E 
 1816      65642069 
 1816      6E7400
 1817              	.LASF179:
 1818 0ef6 6C6F6E67 		.ascii	"long double\000"
 1818      20646F75 
 1818      626C6500 
 1819              	.LASF175:
ARM GAS  C:\Users\VALRIE~1\AppData\Local\Temp\cceLvkke.s 			page 44


 1820 0f02 75696E74 		.ascii	"uint16_t\000"
 1820      31365F74 
 1820      00
 1821              	.LASF184:
 1822 0f0b 70726F74 		.ascii	"protBase\000"
 1822      42617365 
 1822      00
 1823              	.LASF234:
 1824 0f14 70657269 		.ascii	"periTrCmdGrSelMsk\000"
 1824      5472436D 
 1824      64477253 
 1824      656C4D73 
 1824      6B00
 1825              	.LASF99:
 1826 0f26 63707573 		.ascii	"cpuss_interrupts_cm4_cti_1_IRQn\000"
 1826      735F696E 
 1826      74657272 
 1826      75707473 
 1826      5F636D34 
 1827              	.LASF111:
 1828 0f46 74637077 		.ascii	"tcpwm_1_interrupts_3_IRQn\000"
 1828      6D5F315F 
 1828      696E7465 
 1828      72727570 
 1828      74735F33 
 1829              	.LASF138:
 1830 0f60 7564625F 		.ascii	"udb_interrupts_6_IRQn\000"
 1830      696E7465 
 1830      72727570 
 1830      74735F36 
 1830      5F495251 
 1831              	.LASF192:
 1832 0f76 64775665 		.ascii	"dwVersion\000"
 1832      7273696F 
 1832      6E00
 1833              	.LASF124:
 1834 0f80 74637077 		.ascii	"tcpwm_1_interrupts_16_IRQn\000"
 1834      6D5F315F 
 1834      696E7465 
 1834      72727570 
 1834      74735F31 
 1835              	.LASF42:
 1836 0f9b 63707573 		.ascii	"cpuss_interrupts_ipc_7_IRQn\000"
 1836      735F696E 
 1836      74657272 
 1836      75707473 
 1836      5F697063 
 1837              	.LASF137:
 1838 0fb7 7564625F 		.ascii	"udb_interrupts_5_IRQn\000"
 1838      696E7465 
 1838      72727570 
 1838      74735F35 
 1838      5F495251 
 1839              	.LASF178:
 1840 0fcd 73697A65 		.ascii	"sizetype\000"
 1840      74797065 
 1840      00
ARM GAS  C:\Users\VALRIE~1\AppData\Local\Temp\cceLvkke.s 			page 45


 1841              	.LASF259:
 1842 0fd6 63707573 		.ascii	"cpussCm4NmiCtlOffset\000"
 1842      73436D34 
 1842      4E6D6943 
 1842      746C4F66 
 1842      66736574 
 1843              	.LASF253:
 1844 0feb 63707573 		.ascii	"cpussCm0StatusOffset\000"
 1844      73436D30 
 1844      53746174 
 1844      75734F66 
 1844      66736574 
 1845              	.LASF241:
 1846 1000 70657269 		.ascii	"periDiv8CtlOffset\000"
 1846      44697638 
 1846      43746C4F 
 1846      66667365 
 1846      7400
 1847              	.LASF68:
 1848 1012 63707573 		.ascii	"cpuss_interrupts_dw0_8_IRQn\000"
 1848      735F696E 
 1848      74657272 
 1848      75707473 
 1848      5F647730 
 1849              	.LASF22:
 1850 102e 696F7373 		.ascii	"ioss_interrupts_gpio_12_IRQn\000"
 1850      5F696E74 
 1850      65727275 
 1850      7074735F 
 1850      6770696F 
 1851              	.LASF34:
 1852 104b 626C6573 		.ascii	"bless_interrupt_IRQn\000"
 1852      735F696E 
 1852      74657272 
 1852      7570745F 
 1852      4952516E 
 1853              	.LASF167:
 1854 1060 6C6F6E67 		.ascii	"long int\000"
 1854      20696E74 
 1854      00
 1855              	.LASF91:
 1856 1069 63707573 		.ascii	"cpuss_interrupts_dw1_15_IRQn\000"
 1856      735F696E 
 1856      74657272 
 1856      75707473 
 1856      5F647731 
 1857              	.LASF190:
 1858 1086 63707573 		.ascii	"cpussVersion\000"
 1858      73566572 
 1858      73696F6E 
 1858      00
 1859              	.LASF273:
 1860 1093 49544D5F 		.ascii	"ITM_RxBuffer\000"
 1860      52784275 
 1860      66666572 
 1860      00
 1861              	.LASF194:
ARM GAS  C:\Users\VALRIE~1\AppData\Local\Temp\cceLvkke.s 			page 46


 1862 10a0 6770696F 		.ascii	"gpioVersion\000"
 1862      56657273 
 1862      696F6E00 
 1863              	.LASF1:
 1864 10ac 4E6F6E4D 		.ascii	"NonMaskableInt_IRQn\000"
 1864      61736B61 
 1864      626C6549 
 1864      6E745F49 
 1864      52516E00 
 1865              	.LASF128:
 1866 10c0 74637077 		.ascii	"tcpwm_1_interrupts_20_IRQn\000"
 1866      6D5F315F 
 1866      696E7465 
 1866      72727570 
 1866      74735F32 
 1867              	.LASF193:
 1868 10db 666C6173 		.ascii	"flashcVersion\000"
 1868      68635665 
 1868      7273696F 
 1868      6E00
 1869              	.LASF215:
 1870 10e9 70726F74 		.ascii	"protBusMasterMask\000"
 1870      4275734D 
 1870      61737465 
 1870      724D6173 
 1870      6B00
 1871              	.LASF57:
 1872 10fb 7363625F 		.ascii	"scb_6_interrupt_IRQn\000"
 1872      365F696E 
 1872      74657272 
 1872      7570745F 
 1872      4952516E 
 1873              	.LASF47:
 1874 1110 63707573 		.ascii	"cpuss_interrupts_ipc_12_IRQn\000"
 1874      735F696E 
 1874      74657272 
 1874      75707473 
 1874      5F697063 
 1875              	.LASF24:
 1876 112d 696F7373 		.ascii	"ioss_interrupts_gpio_14_IRQn\000"
 1876      5F696E74 
 1876      65727275 
 1876      7074735F 
 1876      6770696F 
 1877              	.LASF41:
 1878 114a 63707573 		.ascii	"cpuss_interrupts_ipc_6_IRQn\000"
 1878      735F696E 
 1878      74657272 
 1878      75707473 
 1878      5F697063 
 1879              	.LASF18:
 1880 1166 696F7373 		.ascii	"ioss_interrupts_gpio_8_IRQn\000"
 1880      5F696E74 
 1880      65727275 
 1880      7074735F 
 1880      6770696F 
 1881              	.LASF254:
ARM GAS  C:\Users\VALRIE~1\AppData\Local\Temp\cceLvkke.s 			page 47


 1882 1182 63707573 		.ascii	"cpussCm4PwrCtlOffset\000"
 1882      73436D34 
 1882      50777243 
 1882      746C4F66 
 1882      66736574 
 1883              	.LASF152:
 1884 1197 736D6966 		.ascii	"smif_interrupt_IRQn\000"
 1884      5F696E74 
 1884      65727275 
 1884      70745F49 
 1884      52516E00 
 1885              	.LASF53:
 1886 11ab 7363625F 		.ascii	"scb_2_interrupt_IRQn\000"
 1886      325F696E 
 1886      74657272 
 1886      7570745F 
 1886      4952516E 
 1887              	.LASF13:
 1888 11c0 696F7373 		.ascii	"ioss_interrupts_gpio_3_IRQn\000"
 1888      5F696E74 
 1888      65727275 
 1888      7074735F 
 1888      6770696F 
 1889              	.LASF74:
 1890 11dc 63707573 		.ascii	"cpuss_interrupts_dw0_14_IRQn\000"
 1890      735F696E 
 1890      74657272 
 1890      75707473 
 1890      5F647730 
 1891              	.LASF211:
 1892 11f9 70617373 		.ascii	"passSarChannels\000"
 1892      53617243 
 1892      68616E6E 
 1892      656C7300 
 1893              	.LASF82:
 1894 1209 63707573 		.ascii	"cpuss_interrupts_dw1_6_IRQn\000"
 1894      735F696E 
 1894      74657272 
 1894      75707473 
 1894      5F647731 
 1895              	.LASF130:
 1896 1225 74637077 		.ascii	"tcpwm_1_interrupts_22_IRQn\000"
 1896      6D5F315F 
 1896      696E7465 
 1896      72727570 
 1896      74735F32 
 1897              	.LASF60:
 1898 1240 63707573 		.ascii	"cpuss_interrupts_dw0_0_IRQn\000"
 1898      735F696E 
 1898      74657272 
 1898      75707473 
 1898      5F647730 
 1899              	.LASF256:
 1900 125c 63707573 		.ascii	"cpussTrimRomCtlOffset\000"
 1900      73547269 
 1900      6D526F6D 
 1900      43746C4F 
ARM GAS  C:\Users\VALRIE~1\AppData\Local\Temp\cceLvkke.s 			page 48


 1900      66667365 
 1901              	.LASF271:
 1902 1272 696E7472 		.ascii	"intrPriority\000"
 1902      5072696F 
 1902      72697479 
 1902      00
 1903              	.LASF144:
 1904 127f 7564625F 		.ascii	"udb_interrupts_12_IRQn\000"
 1904      696E7465 
 1904      72727570 
 1904      74735F31 
 1904      325F4952 
 1905              	.LASF9:
 1906 1296 53797354 		.ascii	"SysTick_IRQn\000"
 1906      69636B5F 
 1906      4952516E 
 1906      00
 1907              	.LASF195:
 1908 12a3 6873696F 		.ascii	"hsiomVersion\000"
 1908      6D566572 
 1908      73696F6E 
 1908      00
 1909              	.LASF77:
 1910 12b0 63707573 		.ascii	"cpuss_interrupts_dw1_1_IRQn\000"
 1910      735F696E 
 1910      74657272 
 1910      75707473 
 1910      5F647731 
 1911              	.LASF264:
 1912 12cc 69706353 		.ascii	"ipcStructSize\000"
 1912      74727563 
 1912      7453697A 
 1912      6500
 1913              	.LASF169:
 1914 12da 6C6F6E67 		.ascii	"long unsigned int\000"
 1914      20756E73 
 1914      69676E65 
 1914      6420696E 
 1914      7400
 1915              	.LASF103:
 1916 12ec 74637077 		.ascii	"tcpwm_0_interrupts_3_IRQn\000"
 1916      6D5F305F 
 1916      696E7465 
 1916      72727570 
 1916      74735F33 
 1917              	.LASF260:
 1918 1306 63707573 		.ascii	"cpussRomCtl\000"
 1918      73526F6D 
 1918      43746C00 
 1919              	.LASF64:
 1920 1312 63707573 		.ascii	"cpuss_interrupts_dw0_4_IRQn\000"
 1920      735F696E 
 1920      74657272 
 1920      75707473 
 1920      5F647730 
 1921              	.LASF176:
 1922 132e 696E7433 		.ascii	"int32_t\000"
ARM GAS  C:\Users\VALRIE~1\AppData\Local\Temp\cceLvkke.s 			page 49


 1922      325F7400 
 1923              	.LASF266:
 1924 1336 63795F73 		.ascii	"cy_stc_device_t\000"
 1924      74635F64 
 1924      65766963 
 1924      655F7400 
 1925              	.LASF113:
 1926 1346 74637077 		.ascii	"tcpwm_1_interrupts_5_IRQn\000"
 1926      6D5F315F 
 1926      696E7465 
 1926      72727570 
 1926      74735F35 
 1927              	.LASF140:
 1928 1360 7564625F 		.ascii	"udb_interrupts_8_IRQn\000"
 1928      696E7465 
 1928      72727570 
 1928      74735F38 
 1928      5F495251 
 1929              	.LASF183:
 1930 1376 75646242 		.ascii	"udbBase\000"
 1930      61736500 
 1931              	.LASF126:
 1932 137e 74637077 		.ascii	"tcpwm_1_interrupts_18_IRQn\000"
 1932      6D5F315F 
 1932      696E7465 
 1932      72727570 
 1932      74735F31 
 1933              	.LASF7:
 1934 1399 44656275 		.ascii	"DebugMonitor_IRQn\000"
 1934      674D6F6E 
 1934      69746F72 
 1934      5F495251 
 1934      6E00
 1935              	.LASF5:
 1936 13ab 55736167 		.ascii	"UsageFault_IRQn\000"
 1936      65466175 
 1936      6C745F49 
 1936      52516E00 
 1937              	.LASF108:
 1938 13bb 74637077 		.ascii	"tcpwm_1_interrupts_0_IRQn\000"
 1938      6D5F315F 
 1938      696E7465 
 1938      72727570 
 1938      74735F30 
 1939              	.LASF135:
 1940 13d5 7564625F 		.ascii	"udb_interrupts_3_IRQn\000"
 1940      696E7465 
 1940      72727570 
 1940      74735F33 
 1940      5F495251 
 1941              	.LASF162:
 1942 13eb 756E7369 		.ascii	"unsigned char\000"
 1942      676E6564 
 1942      20636861 
 1942      7200
 1943              	.LASF277:
 1944 13f9 47656E65 		.ascii	"Generated_Source\\PSoC6\\cyfitter_sysint_cfg.c\000"
ARM GAS  C:\Users\VALRIE~1\AppData\Local\Temp\cceLvkke.s 			page 50


 1944      72617465 
 1944      645F536F 
 1944      75726365 
 1944      5C50536F 
 1945              	.LASF168:
 1946 1426 5F5F7569 		.ascii	"__uint32_t\000"
 1946      6E743332 
 1946      5F7400
 1947              	.LASF265:
 1948 1431 6970634C 		.ascii	"ipcLockStatusOffset\000"
 1948      6F636B53 
 1948      74617475 
 1948      734F6666 
 1948      73657400 
 1949              	.LASF121:
 1950 1445 74637077 		.ascii	"tcpwm_1_interrupts_13_IRQn\000"
 1950      6D5F315F 
 1950      696E7465 
 1950      72727570 
 1950      74735F31 
 1951              	.LASF39:
 1952 1460 63707573 		.ascii	"cpuss_interrupts_ipc_4_IRQn\000"
 1952      735F696E 
 1952      74657272 
 1952      75707473 
 1952      5F697063 
 1953              	.LASF221:
 1954 147c 666C6173 		.ascii	"flashEraseDelay\000"
 1954      68457261 
 1954      73654465 
 1954      6C617900 
 1955              	.LASF65:
 1956 148c 63707573 		.ascii	"cpuss_interrupts_dw0_5_IRQn\000"
 1956      735F696E 
 1956      74657272 
 1956      75707473 
 1956      5F647730 
 1957              	.LASF227:
 1958 14a8 64774368 		.ascii	"dwChOffset\000"
 1958      4F666673 
 1958      657400
 1959              	.LASF88:
 1960 14b3 63707573 		.ascii	"cpuss_interrupts_dw1_12_IRQn\000"
 1960      735F696E 
 1960      74657272 
 1960      75707473 
 1960      5F647731 
 1961              	.LASF26:
 1962 14d0 696F7373 		.ascii	"ioss_interrupt_vdd_IRQn\000"
 1962      5F696E74 
 1962      65727275 
 1962      70745F76 
 1962      64645F49 
 1963              	.LASF161:
 1964 14e8 5F5F7569 		.ascii	"__uint8_t\000"
 1964      6E74385F 
 1964      7400
ARM GAS  C:\Users\VALRIE~1\AppData\Local\Temp\cceLvkke.s 			page 51


 1965              	.LASF49:
 1966 14f2 63707573 		.ascii	"cpuss_interrupts_ipc_14_IRQn\000"
 1966      735F696E 
 1966      74657272 
 1966      75707473 
 1966      5F697063 
 1967              	.LASF0:
 1968 150f 52657365 		.ascii	"Reset_IRQn\000"
 1968      745F4952 
 1968      516E00
 1969              	.LASF217:
 1970 151a 666C6173 		.ascii	"flashRwwRequired\000"
 1970      68527777 
 1970      52657175 
 1970      69726564 
 1970      00
 1971              	.LASF246:
 1972 152b 6770696F 		.ascii	"gpioPrtCfgOffset\000"
 1972      50727443 
 1972      66674F66 
 1972      66736574 
 1972      00
 1973              	.LASF212:
 1974 153c 65704D6F 		.ascii	"epMonitorNr\000"
 1974      6E69746F 
 1974      724E7200 
 1975              	.LASF2:
 1976 1548 48617264 		.ascii	"HardFault_IRQn\000"
 1976      4661756C 
 1976      745F4952 
 1976      516E00
 1977              	.LASF159:
 1978 1557 7369676E 		.ascii	"signed char\000"
 1978      65642063 
 1978      68617200 
 1979              	.LASF148:
 1980 1563 70617373 		.ascii	"pass_interrupt_sar_IRQn\000"
 1980      5F696E74 
 1980      65727275 
 1980      70745F73 
 1980      61725F49 
 1981              	.LASF132:
 1982 157b 7564625F 		.ascii	"udb_interrupts_0_IRQn\000"
 1982      696E7465 
 1982      72727570 
 1982      74735F30 
 1982      5F495251 
 1983              	.LASF200:
 1984 1591 63707573 		.ascii	"cpussIpcIrqNr\000"
 1984      73497063 
 1984      4972714E 
 1984      7200
 1985              	.LASF230:
 1986 159f 64774368 		.ascii	"dwChCtlPreemptablePos\000"
 1986      43746C50 
 1986      7265656D 
 1986      70746162 
ARM GAS  C:\Users\VALRIE~1\AppData\Local\Temp\cceLvkke.s 			page 52


 1986      6C65506F 
 1987              	.LASF118:
 1988 15b5 74637077 		.ascii	"tcpwm_1_interrupts_10_IRQn\000"
 1988      6D5F315F 
 1988      696E7465 
 1988      72727570 
 1988      74735F31 
 1989              	.LASF15:
 1990 15d0 696F7373 		.ascii	"ioss_interrupts_gpio_5_IRQn\000"
 1990      5F696E74 
 1990      65727275 
 1990      7074735F 
 1990      6770696F 
 1991              	.LASF44:
 1992 15ec 63707573 		.ascii	"cpuss_interrupts_ipc_9_IRQn\000"
 1992      735F696E 
 1992      74657272 
 1992      75707473 
 1992      5F697063 
 1993              	.LASF197:
 1994 1608 70657269 		.ascii	"periVersion\000"
 1994      56657273 
 1994      696F6E00 
 1995              	.LASF93:
 1996 1614 63707573 		.ascii	"cpuss_interrupts_fault_1_IRQn\000"
 1996      735F696E 
 1996      74657272 
 1996      75707473 
 1996      5F666175 
 1997              	.LASF269:
 1998 1632 646F7562 		.ascii	"double\000"
 1998      6C6500
 1999              	.LASF187:
 2000 1639 70617373 		.ascii	"passBase\000"
 2000      42617365 
 2000      00
 2001              	.LASF224:
 2002 1642 666C6173 		.ascii	"flashCtlMainWs2Freq\000"
 2002      6843746C 
 2002      4D61696E 
 2002      57733246 
 2002      72657100 
 2003              	.LASF10:
 2004 1656 696F7373 		.ascii	"ioss_interrupts_gpio_0_IRQn\000"
 2004      5F696E74 
 2004      65727275 
 2004      7074735F 
 2004      6770696F 
 2005              	.LASF71:
 2006 1672 63707573 		.ascii	"cpuss_interrupts_dw0_11_IRQn\000"
 2006      735F696E 
 2006      74657272 
 2006      75707473 
 2006      5F647730 
 2007              	.LASF226:
 2008 168f 666C6173 		.ascii	"flashCtlMainWs4Freq\000"
 2008      6843746C 
ARM GAS  C:\Users\VALRIE~1\AppData\Local\Temp\cceLvkke.s 			page 53


 2008      4D61696E 
 2008      57733446 
 2008      72657100 
 2009              	.LASF79:
 2010 16a3 63707573 		.ascii	"cpuss_interrupts_dw1_3_IRQn\000"
 2010      735F696E 
 2010      74657272 
 2010      75707473 
 2010      5F647731 
 2011              	.LASF105:
 2012 16bf 74637077 		.ascii	"tcpwm_0_interrupts_5_IRQn\000"
 2012      6D5F305F 
 2012      696E7465 
 2012      72727570 
 2012      74735F35 
 2013              	.LASF94:
 2014 16d9 63707573 		.ascii	"cpuss_interrupt_crypto_IRQn\000"
 2014      735F696E 
 2014      74657272 
 2014      7570745F 
 2014      63727970 
 2015              	.LASF100:
 2016 16f5 74637077 		.ascii	"tcpwm_0_interrupts_0_IRQn\000"
 2016      6D5F305F 
 2016      696E7465 
 2016      72727570 
 2016      74735F30 
 2017              	.LASF196:
 2018 170f 69706356 		.ascii	"ipcVersion\000"
 2018      65727369 
 2018      6F6E00
 2019              	.LASF38:
 2020 171a 63707573 		.ascii	"cpuss_interrupts_ipc_3_IRQn\000"
 2020      735F696E 
 2020      74657272 
 2020      75707473 
 2020      5F697063 
 2021              	.LASF58:
 2022 1736 7363625F 		.ascii	"scb_7_interrupt_IRQn\000"
 2022      375F696E 
 2022      74657272 
 2022      7570745F 
 2022      4952516E 
 2023              	.LASF98:
 2024 174b 63707573 		.ascii	"cpuss_interrupts_cm4_cti_0_IRQn\000"
 2024      735F696E 
 2024      74657272 
 2024      75707473 
 2024      5F636D34 
 2025              	.LASF110:
 2026 176b 74637077 		.ascii	"tcpwm_1_interrupts_2_IRQn\000"
 2026      6D5F315F 
 2026      696E7465 
 2026      72727570 
 2026      74735F32 
 2027              		.ident	"GCC: (GNU Tools for ARM Embedded Processors) 5.4.1 20160609 (release) [ARM/embedded-5-bran
