ARM GAS  C:\Users\marie\AppData\Local\Temp\ccf3e4XW.s 			page 1


   1              		.syntax unified
   2              		.cpu cortex-m4
   3              		.eabi_attribute 27, 1
   4              		.fpu fpv4-sp-d16
   5              		.eabi_attribute 20, 1
   6              		.eabi_attribute 21, 1
   7              		.eabi_attribute 23, 3
   8              		.eabi_attribute 24, 1
   9              		.eabi_attribute 25, 1
  10              		.eabi_attribute 26, 1
  11              		.eabi_attribute 30, 1
  12              		.eabi_attribute 34, 1
  13              		.eabi_attribute 18, 4
  14              		.thumb
  15              		.syntax unified
  16              		.file	"main_cm4.c"
  17              		.text
  18              	.Ltext0:
  19              		.cfi_sections	.debug_frame
  20              		.section	.text.main,"ax",%progbits
  21              		.align	2
  22              		.global	main
  23              		.thumb
  24              		.thumb_func
  25              		.type	main, %function
  26              	main:
  27              	.LFB589:
  28              		.file 1 "main_cm4.c"
   1:main_cm4.c    **** /******************************************************************************
   2:main_cm4.c    **** * File Name: main_cm4.c
   3:main_cm4.c    **** *
   4:main_cm4.c    **** * Version: 1.2
   5:main_cm4.c    **** *
   6:main_cm4.c    **** * Description: This file main application code for the CE223727 EmWin Graphics
   7:main_cm4.c    **** *				library EInk Display 
   8:main_cm4.c    **** 
   9:main_cm4.c    **** ********************************************************************************
  10:main_cm4.c    **** *************MODIFIED by Christophe Cloutier-Tremblay.**************************
  11:main_cm4.c    **** ********************************************************************************
  12:main_cm4.c    **** * 
  13:main_cm4.c    **** *
  14:main_cm4.c    **** * Hardware Dependency: CY8CKIT-028-EPD E-Ink Display Shield
  15:main_cm4.c    **** *					   CY8CKIT-062-BLE PSoC6 BLE Pioneer Kit
  16:main_cm4.c    **** *
  17:main_cm4.c    **** ******************************************************************************* 
  18:main_cm4.c    **** * Copyright (2019), Cypress Semiconductor Corporation. All rights reserved. 
  19:main_cm4.c    **** ******************************************************************************* 
  20:main_cm4.c    **** * This software, including source code, documentation and related materials 
  21:main_cm4.c    **** * (“Software”), is owned by Cypress Semiconductor Corporation or one of its 
  22:main_cm4.c    **** * subsidiaries (“Cypress”) and is protected by and subject to worldwide patent 
  23:main_cm4.c    **** * protection (United States and foreign), United States copyright laws and 
  24:main_cm4.c    **** * international treaty provisions. Therefore, you may use this Software only 
  25:main_cm4.c    **** * as provided in the license agreement accompanying the software package from 
  26:main_cm4.c    **** * which you obtained this Software (“EULA”). 
  27:main_cm4.c    **** * 
  28:main_cm4.c    **** * If no EULA applies, Cypress hereby grants you a personal, non-exclusive, 
  29:main_cm4.c    **** * non-transferable license to copy, modify, and compile the Software source 
ARM GAS  C:\Users\marie\AppData\Local\Temp\ccf3e4XW.s 			page 2


  30:main_cm4.c    **** * code solely for use in connection with Cypress’s integrated circuit products. 
  31:main_cm4.c    **** * Any reproduction, modification, translation, compilation, or representation 
  32:main_cm4.c    **** * of this Software except as specified above is prohibited without the express 
  33:main_cm4.c    **** * written permission of Cypress. 
  34:main_cm4.c    **** * 
  35:main_cm4.c    **** * Disclaimer: THIS SOFTWARE IS PROVIDED AS-IS, WITH NO WARRANTY OF ANY KIND, 
  36:main_cm4.c    **** * EXPRESS OR IMPLIED, INCLUDING, BUT NOT LIMITED TO, NONINFRINGEMENT, IMPLIED 
  37:main_cm4.c    **** * WARRANTIES OF MERCHANTABILITY AND FITNESS FOR A PARTICULAR PURPOSE. Cypress 
  38:main_cm4.c    **** * reserves the right to make changes to the Software without notice. Cypress 
  39:main_cm4.c    **** * does not assume any liability arising out of the application or use of the 
  40:main_cm4.c    **** * Software or any product or circuit described in the Software. Cypress does 
  41:main_cm4.c    **** * not authorize its products for use in any products where a malfunction or 
  42:main_cm4.c    **** * failure of the Cypress product may reasonably be expected to result in 
  43:main_cm4.c    **** * significant property damage, injury or death (“High Risk Product”). By 
  44:main_cm4.c    **** * including Cypress’s product in a High Risk Product, the manufacturer of such 
  45:main_cm4.c    **** * system or application assumes all risk of such use and in doing so agrees to 
  46:main_cm4.c    **** * indemnify Cypress against all liability.
  47:main_cm4.c    **** ********************************************************************************/
  48:main_cm4.c    **** //allo
  49:main_cm4.c    **** 
  50:main_cm4.c    **** 
  51:main_cm4.c    **** //#include "GUI.h"
  52:main_cm4.c    **** //#include "pervasive_eink_hardware_driver.h"
  53:main_cm4.c    **** //#include "cy_eink_library.h"
  54:main_cm4.c    **** //#include "LCDConf.h"
  55:main_cm4.c    **** #include "project.h"
  56:main_cm4.c    **** #include <stdlib.h>
  57:main_cm4.c    **** #include <core_cm4.h>
  58:main_cm4.c    **** #include <arm_math.h>
  59:main_cm4.c    **** #include <algorithme.h>
  60:main_cm4.c    **** 
  61:main_cm4.c    **** //#include <algorithme.h>
  62:main_cm4.c    **** 
  63:main_cm4.c    **** 
  64:main_cm4.c    **** 
  65:main_cm4.c    **** /*******************************************************************************
  66:main_cm4.c    **** * Function Name: int main(void)
  67:main_cm4.c    **** ********************************************************************************
  68:main_cm4.c    **** *
  69:main_cm4.c    **** * Summary: À Remplir
  70:main_cm4.c    **** *
  71:main_cm4.c    **** * Parameters:
  72:main_cm4.c    **** *  None
  73:main_cm4.c    **** *
  74:main_cm4.c    **** * Return:
  75:main_cm4.c    **** *  None
  76:main_cm4.c    **** *
  77:main_cm4.c    **** *******************************************************************************/
  78:main_cm4.c    **** int main(void)
  79:main_cm4.c    **** {
  29              		.loc 1 79 0
  30              		.cfi_startproc
  31              		@ Volatile: function does not return.
  32              		@ args = 0, pretend = 0, frame = 0
  33              		@ frame_needed = 0, uses_anonymous_args = 0
  34 0000 08B5     		push	{r3, lr}
  35              		.cfi_def_cfa_offset 8
ARM GAS  C:\Users\marie\AppData\Local\Temp\ccf3e4XW.s 			page 3


  36              		.cfi_offset 3, -8
  37              		.cfi_offset 14, -4
  80:main_cm4.c    ****     SystemInit();
  38              		.loc 1 80 0
  39 0002 FFF7FEFF 		bl	SystemInit
  40              	.LVL0:
  41              	.LBB4:
  42              	.LBB5:
  43              		.file 2 ".\\CMSIS\\Core\\Include/cmsis_gcc.h"
   1:.\CMSIS\Core\Include/cmsis_gcc.h **** /**************************************************************************//**
   2:.\CMSIS\Core\Include/cmsis_gcc.h ****  * @file     cmsis_gcc.h
   3:.\CMSIS\Core\Include/cmsis_gcc.h ****  * @brief    CMSIS compiler GCC header file
   4:.\CMSIS\Core\Include/cmsis_gcc.h ****  * @version  V5.0.4
   5:.\CMSIS\Core\Include/cmsis_gcc.h ****  * @date     09. April 2018
   6:.\CMSIS\Core\Include/cmsis_gcc.h ****  ******************************************************************************/
   7:.\CMSIS\Core\Include/cmsis_gcc.h **** /*
   8:.\CMSIS\Core\Include/cmsis_gcc.h ****  * Copyright (c) 2009-2018 Arm Limited. All rights reserved.
   9:.\CMSIS\Core\Include/cmsis_gcc.h ****  *
  10:.\CMSIS\Core\Include/cmsis_gcc.h ****  * SPDX-License-Identifier: Apache-2.0
  11:.\CMSIS\Core\Include/cmsis_gcc.h ****  *
  12:.\CMSIS\Core\Include/cmsis_gcc.h ****  * Licensed under the Apache License, Version 2.0 (the License); you may
  13:.\CMSIS\Core\Include/cmsis_gcc.h ****  * not use this file except in compliance with the License.
  14:.\CMSIS\Core\Include/cmsis_gcc.h ****  * You may obtain a copy of the License at
  15:.\CMSIS\Core\Include/cmsis_gcc.h ****  *
  16:.\CMSIS\Core\Include/cmsis_gcc.h ****  * www.apache.org/licenses/LICENSE-2.0
  17:.\CMSIS\Core\Include/cmsis_gcc.h ****  *
  18:.\CMSIS\Core\Include/cmsis_gcc.h ****  * Unless required by applicable law or agreed to in writing, software
  19:.\CMSIS\Core\Include/cmsis_gcc.h ****  * distributed under the License is distributed on an AS IS BASIS, WITHOUT
  20:.\CMSIS\Core\Include/cmsis_gcc.h ****  * WARRANTIES OR CONDITIONS OF ANY KIND, either express or implied.
  21:.\CMSIS\Core\Include/cmsis_gcc.h ****  * See the License for the specific language governing permissions and
  22:.\CMSIS\Core\Include/cmsis_gcc.h ****  * limitations under the License.
  23:.\CMSIS\Core\Include/cmsis_gcc.h ****  */
  24:.\CMSIS\Core\Include/cmsis_gcc.h **** 
  25:.\CMSIS\Core\Include/cmsis_gcc.h **** #ifndef __CMSIS_GCC_H
  26:.\CMSIS\Core\Include/cmsis_gcc.h **** #define __CMSIS_GCC_H
  27:.\CMSIS\Core\Include/cmsis_gcc.h **** 
  28:.\CMSIS\Core\Include/cmsis_gcc.h **** /* ignore some GCC warnings */
  29:.\CMSIS\Core\Include/cmsis_gcc.h **** #pragma GCC diagnostic push
  30:.\CMSIS\Core\Include/cmsis_gcc.h **** #pragma GCC diagnostic ignored "-Wsign-conversion"
  31:.\CMSIS\Core\Include/cmsis_gcc.h **** #pragma GCC diagnostic ignored "-Wconversion"
  32:.\CMSIS\Core\Include/cmsis_gcc.h **** #pragma GCC diagnostic ignored "-Wunused-parameter"
  33:.\CMSIS\Core\Include/cmsis_gcc.h **** 
  34:.\CMSIS\Core\Include/cmsis_gcc.h **** /* Fallback for __has_builtin */
  35:.\CMSIS\Core\Include/cmsis_gcc.h **** #ifndef __has_builtin
  36:.\CMSIS\Core\Include/cmsis_gcc.h ****   #define __has_builtin(x) (0)
  37:.\CMSIS\Core\Include/cmsis_gcc.h **** #endif
  38:.\CMSIS\Core\Include/cmsis_gcc.h **** 
  39:.\CMSIS\Core\Include/cmsis_gcc.h **** /* CMSIS compiler specific defines */
  40:.\CMSIS\Core\Include/cmsis_gcc.h **** #ifndef   __ASM
  41:.\CMSIS\Core\Include/cmsis_gcc.h ****   #define __ASM                                  __asm
  42:.\CMSIS\Core\Include/cmsis_gcc.h **** #endif
  43:.\CMSIS\Core\Include/cmsis_gcc.h **** #ifndef   __INLINE
  44:.\CMSIS\Core\Include/cmsis_gcc.h ****   #define __INLINE                               inline
  45:.\CMSIS\Core\Include/cmsis_gcc.h **** #endif
  46:.\CMSIS\Core\Include/cmsis_gcc.h **** #ifndef   __STATIC_INLINE
  47:.\CMSIS\Core\Include/cmsis_gcc.h ****   #define __STATIC_INLINE                        static inline
  48:.\CMSIS\Core\Include/cmsis_gcc.h **** #endif
ARM GAS  C:\Users\marie\AppData\Local\Temp\ccf3e4XW.s 			page 4


  49:.\CMSIS\Core\Include/cmsis_gcc.h **** #ifndef   __STATIC_FORCEINLINE                 
  50:.\CMSIS\Core\Include/cmsis_gcc.h ****   #define __STATIC_FORCEINLINE                   __attribute__((always_inline)) static inline
  51:.\CMSIS\Core\Include/cmsis_gcc.h **** #endif                                           
  52:.\CMSIS\Core\Include/cmsis_gcc.h **** #ifndef   __NO_RETURN
  53:.\CMSIS\Core\Include/cmsis_gcc.h ****   #define __NO_RETURN                            __attribute__((__noreturn__))
  54:.\CMSIS\Core\Include/cmsis_gcc.h **** #endif
  55:.\CMSIS\Core\Include/cmsis_gcc.h **** #ifndef   __USED
  56:.\CMSIS\Core\Include/cmsis_gcc.h ****   #define __USED                                 __attribute__((used))
  57:.\CMSIS\Core\Include/cmsis_gcc.h **** #endif
  58:.\CMSIS\Core\Include/cmsis_gcc.h **** #ifndef   __WEAK
  59:.\CMSIS\Core\Include/cmsis_gcc.h ****   #define __WEAK                                 __attribute__((weak))
  60:.\CMSIS\Core\Include/cmsis_gcc.h **** #endif
  61:.\CMSIS\Core\Include/cmsis_gcc.h **** #ifndef   __PACKED
  62:.\CMSIS\Core\Include/cmsis_gcc.h ****   #define __PACKED                               __attribute__((packed, aligned(1)))
  63:.\CMSIS\Core\Include/cmsis_gcc.h **** #endif
  64:.\CMSIS\Core\Include/cmsis_gcc.h **** #ifndef   __PACKED_STRUCT
  65:.\CMSIS\Core\Include/cmsis_gcc.h ****   #define __PACKED_STRUCT                        struct __attribute__((packed, aligned(1)))
  66:.\CMSIS\Core\Include/cmsis_gcc.h **** #endif
  67:.\CMSIS\Core\Include/cmsis_gcc.h **** #ifndef   __PACKED_UNION
  68:.\CMSIS\Core\Include/cmsis_gcc.h ****   #define __PACKED_UNION                         union __attribute__((packed, aligned(1)))
  69:.\CMSIS\Core\Include/cmsis_gcc.h **** #endif
  70:.\CMSIS\Core\Include/cmsis_gcc.h **** #ifndef   __UNALIGNED_UINT32        /* deprecated */
  71:.\CMSIS\Core\Include/cmsis_gcc.h ****   #pragma GCC diagnostic push
  72:.\CMSIS\Core\Include/cmsis_gcc.h ****   #pragma GCC diagnostic ignored "-Wpacked"
  73:.\CMSIS\Core\Include/cmsis_gcc.h ****   #pragma GCC diagnostic ignored "-Wattributes"
  74:.\CMSIS\Core\Include/cmsis_gcc.h ****   struct __attribute__((packed)) T_UINT32 { uint32_t v; };
  75:.\CMSIS\Core\Include/cmsis_gcc.h ****   #pragma GCC diagnostic pop
  76:.\CMSIS\Core\Include/cmsis_gcc.h ****   #define __UNALIGNED_UINT32(x)                  (((struct T_UINT32 *)(x))->v)
  77:.\CMSIS\Core\Include/cmsis_gcc.h **** #endif
  78:.\CMSIS\Core\Include/cmsis_gcc.h **** #ifndef   __UNALIGNED_UINT16_WRITE
  79:.\CMSIS\Core\Include/cmsis_gcc.h ****   #pragma GCC diagnostic push
  80:.\CMSIS\Core\Include/cmsis_gcc.h ****   #pragma GCC diagnostic ignored "-Wpacked"
  81:.\CMSIS\Core\Include/cmsis_gcc.h ****   #pragma GCC diagnostic ignored "-Wattributes"
  82:.\CMSIS\Core\Include/cmsis_gcc.h ****   __PACKED_STRUCT T_UINT16_WRITE { uint16_t v; };
  83:.\CMSIS\Core\Include/cmsis_gcc.h ****   #pragma GCC diagnostic pop
  84:.\CMSIS\Core\Include/cmsis_gcc.h ****   #define __UNALIGNED_UINT16_WRITE(addr, val)    (void)((((struct T_UINT16_WRITE *)(void *)(addr))-
  85:.\CMSIS\Core\Include/cmsis_gcc.h **** #endif
  86:.\CMSIS\Core\Include/cmsis_gcc.h **** #ifndef   __UNALIGNED_UINT16_READ
  87:.\CMSIS\Core\Include/cmsis_gcc.h ****   #pragma GCC diagnostic push
  88:.\CMSIS\Core\Include/cmsis_gcc.h ****   #pragma GCC diagnostic ignored "-Wpacked"
  89:.\CMSIS\Core\Include/cmsis_gcc.h ****   #pragma GCC diagnostic ignored "-Wattributes"
  90:.\CMSIS\Core\Include/cmsis_gcc.h ****   __PACKED_STRUCT T_UINT16_READ { uint16_t v; };
  91:.\CMSIS\Core\Include/cmsis_gcc.h ****   #pragma GCC diagnostic pop
  92:.\CMSIS\Core\Include/cmsis_gcc.h ****   #define __UNALIGNED_UINT16_READ(addr)          (((const struct T_UINT16_READ *)(const void *)(add
  93:.\CMSIS\Core\Include/cmsis_gcc.h **** #endif
  94:.\CMSIS\Core\Include/cmsis_gcc.h **** #ifndef   __UNALIGNED_UINT32_WRITE
  95:.\CMSIS\Core\Include/cmsis_gcc.h ****   #pragma GCC diagnostic push
  96:.\CMSIS\Core\Include/cmsis_gcc.h ****   #pragma GCC diagnostic ignored "-Wpacked"
  97:.\CMSIS\Core\Include/cmsis_gcc.h ****   #pragma GCC diagnostic ignored "-Wattributes"
  98:.\CMSIS\Core\Include/cmsis_gcc.h ****   __PACKED_STRUCT T_UINT32_WRITE { uint32_t v; };
  99:.\CMSIS\Core\Include/cmsis_gcc.h ****   #pragma GCC diagnostic pop
 100:.\CMSIS\Core\Include/cmsis_gcc.h ****   #define __UNALIGNED_UINT32_WRITE(addr, val)    (void)((((struct T_UINT32_WRITE *)(void *)(addr))-
 101:.\CMSIS\Core\Include/cmsis_gcc.h **** #endif
 102:.\CMSIS\Core\Include/cmsis_gcc.h **** #ifndef   __UNALIGNED_UINT32_READ
 103:.\CMSIS\Core\Include/cmsis_gcc.h ****   #pragma GCC diagnostic push
 104:.\CMSIS\Core\Include/cmsis_gcc.h ****   #pragma GCC diagnostic ignored "-Wpacked"
 105:.\CMSIS\Core\Include/cmsis_gcc.h ****   #pragma GCC diagnostic ignored "-Wattributes"
ARM GAS  C:\Users\marie\AppData\Local\Temp\ccf3e4XW.s 			page 5


 106:.\CMSIS\Core\Include/cmsis_gcc.h ****   __PACKED_STRUCT T_UINT32_READ { uint32_t v; };
 107:.\CMSIS\Core\Include/cmsis_gcc.h ****   #pragma GCC diagnostic pop
 108:.\CMSIS\Core\Include/cmsis_gcc.h ****   #define __UNALIGNED_UINT32_READ(addr)          (((const struct T_UINT32_READ *)(const void *)(add
 109:.\CMSIS\Core\Include/cmsis_gcc.h **** #endif
 110:.\CMSIS\Core\Include/cmsis_gcc.h **** #ifndef   __ALIGNED
 111:.\CMSIS\Core\Include/cmsis_gcc.h ****   #define __ALIGNED(x)                           __attribute__((aligned(x)))
 112:.\CMSIS\Core\Include/cmsis_gcc.h **** #endif
 113:.\CMSIS\Core\Include/cmsis_gcc.h **** #ifndef   __RESTRICT
 114:.\CMSIS\Core\Include/cmsis_gcc.h ****   #define __RESTRICT                             __restrict
 115:.\CMSIS\Core\Include/cmsis_gcc.h **** #endif
 116:.\CMSIS\Core\Include/cmsis_gcc.h **** 
 117:.\CMSIS\Core\Include/cmsis_gcc.h **** 
 118:.\CMSIS\Core\Include/cmsis_gcc.h **** /* ###########################  Core Function Access  ########################### */
 119:.\CMSIS\Core\Include/cmsis_gcc.h **** /** \ingroup  CMSIS_Core_FunctionInterface
 120:.\CMSIS\Core\Include/cmsis_gcc.h ****     \defgroup CMSIS_Core_RegAccFunctions CMSIS Core Register Access Functions
 121:.\CMSIS\Core\Include/cmsis_gcc.h ****   @{
 122:.\CMSIS\Core\Include/cmsis_gcc.h ****  */
 123:.\CMSIS\Core\Include/cmsis_gcc.h **** 
 124:.\CMSIS\Core\Include/cmsis_gcc.h **** /**
 125:.\CMSIS\Core\Include/cmsis_gcc.h ****   \brief   Enable IRQ Interrupts
 126:.\CMSIS\Core\Include/cmsis_gcc.h ****   \details Enables IRQ interrupts by clearing the I-bit in the CPSR.
 127:.\CMSIS\Core\Include/cmsis_gcc.h ****            Can only be executed in Privileged modes.
 128:.\CMSIS\Core\Include/cmsis_gcc.h ****  */
 129:.\CMSIS\Core\Include/cmsis_gcc.h **** __STATIC_FORCEINLINE void __enable_irq(void)
 130:.\CMSIS\Core\Include/cmsis_gcc.h **** {
 131:.\CMSIS\Core\Include/cmsis_gcc.h ****   __ASM volatile ("cpsie i" : : : "memory");
  44              		.loc 2 131 0
  45              		.syntax unified
  46              	@ 131 ".\CMSIS\Core\Include/cmsis_gcc.h" 1
  47 0006 62B6     		cpsie i
  48              	@ 0 "" 2
  49              		.thumb
  50              		.syntax unified
  51              	.L2:
  52 0008 FEE7     		b	.L2
  53              	.LBE5:
  54              	.LBE4:
  55              		.cfi_endproc
  56              	.LFE589:
  57              		.size	main, .-main
  58 000a 00BF     		.text
  59              	.Letext0:
  60              		.file 3 "c:\\program files (x86)\\cypress\\psoc creator\\4.4\\psoc creator\\import\\gnu\\arm\\5.4.
  61              		.file 4 "c:\\program files (x86)\\cypress\\psoc creator\\4.4\\psoc creator\\import\\gnu\\arm\\5.4.
  62              		.file 5 "Generated_Source\\PSoC6\\pdl\\drivers/peripheral/device/cy_device.h"
  63              		.file 6 "Generated_Source\\PSoC6\\pdl\\drivers/peripheral/scb/cy_scb_spi.h"
  64              		.file 7 "Generated_Source\\PSoC6\\pdl\\drivers/peripheral/tcpwm/cy_tcpwm_counter.h"
  65              		.file 8 ".\\CMSIS\\Core\\Include/core_cm4.h"
  66              		.file 9 "Generated_Source\\PSoC6/CY_EINK_SPIM.h"
  67              		.file 10 "Generated_Source\\PSoC6/CY_EINK_Timer.h"
  68              		.file 11 "./system_psoc6.h"
  69              		.section	.debug_info,"",%progbits
  70              	.Ldebug_info0:
  71 0000 53070000 		.4byte	0x753
  72 0004 0400     		.2byte	0x4
  73 0006 00000000 		.4byte	.Ldebug_abbrev0
  74 000a 04       		.byte	0x4
ARM GAS  C:\Users\marie\AppData\Local\Temp\ccf3e4XW.s 			page 6


  75 000b 01       		.uleb128 0x1
  76 000c DD050000 		.4byte	.LASF149
  77 0010 0C       		.byte	0xc
  78 0011 8F090000 		.4byte	.LASF150
  79 0015 21040000 		.4byte	.LASF151
  80 0019 00000000 		.4byte	.Ldebug_ranges0+0
  81 001d 00000000 		.4byte	0
  82 0021 00000000 		.4byte	.Ldebug_line0
  83 0025 02       		.uleb128 0x2
  84 0026 02       		.byte	0x2
  85 0027 05       		.byte	0x5
  86 0028 16070000 		.4byte	.LASF0
  87 002c 02       		.uleb128 0x2
  88 002d 01       		.byte	0x1
  89 002e 06       		.byte	0x6
  90 002f A1080000 		.4byte	.LASF1
  91 0033 03       		.uleb128 0x3
  92 0034 93000000 		.4byte	.LASF3
  93 0038 03       		.byte	0x3
  94 0039 1D       		.byte	0x1d
  95 003a 3E000000 		.4byte	0x3e
  96 003e 02       		.uleb128 0x2
  97 003f 01       		.byte	0x1
  98 0040 08       		.byte	0x8
  99 0041 F4060000 		.4byte	.LASF2
 100 0045 03       		.uleb128 0x3
 101 0046 14030000 		.4byte	.LASF4
 102 004a 03       		.byte	0x3
 103 004b 29       		.byte	0x29
 104 004c 25000000 		.4byte	0x25
 105 0050 03       		.uleb128 0x3
 106 0051 AB070000 		.4byte	.LASF5
 107 0055 03       		.byte	0x3
 108 0056 2B       		.byte	0x2b
 109 0057 5B000000 		.4byte	0x5b
 110 005b 02       		.uleb128 0x2
 111 005c 02       		.byte	0x2
 112 005d 07       		.byte	0x7
 113 005e FD070000 		.4byte	.LASF6
 114 0062 03       		.uleb128 0x3
 115 0063 C9070000 		.4byte	.LASF7
 116 0067 03       		.byte	0x3
 117 0068 3F       		.byte	0x3f
 118 0069 6D000000 		.4byte	0x6d
 119 006d 02       		.uleb128 0x2
 120 006e 04       		.byte	0x4
 121 006f 05       		.byte	0x5
 122 0070 4F020000 		.4byte	.LASF8
 123 0074 03       		.uleb128 0x3
 124 0075 F9020000 		.4byte	.LASF9
 125 0079 03       		.byte	0x3
 126 007a 41       		.byte	0x41
 127 007b 7F000000 		.4byte	0x7f
 128 007f 02       		.uleb128 0x2
 129 0080 04       		.byte	0x4
 130 0081 07       		.byte	0x7
 131 0082 A2030000 		.4byte	.LASF10
ARM GAS  C:\Users\marie\AppData\Local\Temp\ccf3e4XW.s 			page 7


 132 0086 02       		.uleb128 0x2
 133 0087 08       		.byte	0x8
 134 0088 05       		.byte	0x5
 135 0089 97010000 		.4byte	.LASF11
 136 008d 02       		.uleb128 0x2
 137 008e 08       		.byte	0x8
 138 008f 07       		.byte	0x7
 139 0090 10010000 		.4byte	.LASF12
 140 0094 04       		.uleb128 0x4
 141 0095 04       		.byte	0x4
 142 0096 05       		.byte	0x5
 143 0097 696E7400 		.ascii	"int\000"
 144 009b 02       		.uleb128 0x2
 145 009c 04       		.byte	0x4
 146 009d 07       		.byte	0x7
 147 009e 66030000 		.4byte	.LASF13
 148 00a2 03       		.uleb128 0x3
 149 00a3 D9080000 		.4byte	.LASF14
 150 00a7 04       		.byte	0x4
 151 00a8 18       		.byte	0x18
 152 00a9 33000000 		.4byte	0x33
 153 00ad 03       		.uleb128 0x3
 154 00ae 8F010000 		.4byte	.LASF15
 155 00b2 04       		.byte	0x4
 156 00b3 20       		.byte	0x20
 157 00b4 45000000 		.4byte	0x45
 158 00b8 03       		.uleb128 0x3
 159 00b9 73030000 		.4byte	.LASF16
 160 00bd 04       		.byte	0x4
 161 00be 24       		.byte	0x24
 162 00bf 50000000 		.4byte	0x50
 163 00c3 03       		.uleb128 0x3
 164 00c4 EC060000 		.4byte	.LASF17
 165 00c8 04       		.byte	0x4
 166 00c9 2C       		.byte	0x2c
 167 00ca 62000000 		.4byte	0x62
 168 00ce 03       		.uleb128 0x3
 169 00cf 63070000 		.4byte	.LASF18
 170 00d3 04       		.byte	0x4
 171 00d4 30       		.byte	0x30
 172 00d5 74000000 		.4byte	0x74
 173 00d9 02       		.uleb128 0x2
 174 00da 04       		.byte	0x4
 175 00db 07       		.byte	0x7
 176 00dc 44050000 		.4byte	.LASF19
 177 00e0 05       		.uleb128 0x5
 178 00e1 CE000000 		.4byte	0xce
 179 00e5 02       		.uleb128 0x2
 180 00e6 08       		.byte	0x8
 181 00e7 04       		.byte	0x4
 182 00e8 75070000 		.4byte	.LASF20
 183 00ec 06       		.uleb128 0x6
 184 00ed B8       		.byte	0xb8
 185 00ee 05       		.byte	0x5
 186 00ef 34       		.byte	0x34
 187 00f0 FD040000 		.4byte	0x4fd
 188 00f4 07       		.uleb128 0x7
ARM GAS  C:\Users\marie\AppData\Local\Temp\ccf3e4XW.s 			page 8


 189 00f5 E6000000 		.4byte	.LASF21
 190 00f9 05       		.byte	0x5
 191 00fa 37       		.byte	0x37
 192 00fb CE000000 		.4byte	0xce
 193 00ff 00       		.byte	0
 194 0100 07       		.uleb128 0x7
 195 0101 EE020000 		.4byte	.LASF22
 196 0105 05       		.byte	0x5
 197 0106 38       		.byte	0x38
 198 0107 CE000000 		.4byte	0xce
 199 010b 04       		.byte	0x4
 200 010c 07       		.uleb128 0x7
 201 010d 66020000 		.4byte	.LASF23
 202 0111 05       		.byte	0x5
 203 0112 39       		.byte	0x39
 204 0113 CE000000 		.4byte	0xce
 205 0117 08       		.byte	0x8
 206 0118 07       		.uleb128 0x7
 207 0119 DE060000 		.4byte	.LASF24
 208 011d 05       		.byte	0x5
 209 011e 3A       		.byte	0x3a
 210 011f CE000000 		.4byte	0xce
 211 0123 0C       		.byte	0xc
 212 0124 07       		.uleb128 0x7
 213 0125 EF010000 		.4byte	.LASF25
 214 0129 05       		.byte	0x5
 215 012a 3B       		.byte	0x3b
 216 012b CE000000 		.4byte	0xce
 217 012f 10       		.byte	0x10
 218 0130 07       		.uleb128 0x7
 219 0131 45020000 		.4byte	.LASF26
 220 0135 05       		.byte	0x5
 221 0136 3C       		.byte	0x3c
 222 0137 CE000000 		.4byte	0xce
 223 013b 14       		.byte	0x14
 224 013c 07       		.uleb128 0x7
 225 013d D1030000 		.4byte	.LASF27
 226 0141 05       		.byte	0x5
 227 0142 3D       		.byte	0x3d
 228 0143 CE000000 		.4byte	0xce
 229 0147 18       		.byte	0x18
 230 0148 07       		.uleb128 0x7
 231 0149 7C000000 		.4byte	.LASF28
 232 014d 05       		.byte	0x5
 233 014e 3E       		.byte	0x3e
 234 014f CE000000 		.4byte	0xce
 235 0153 1C       		.byte	0x1c
 236 0154 07       		.uleb128 0x7
 237 0155 5F090000 		.4byte	.LASF29
 238 0159 05       		.byte	0x5
 239 015a 3F       		.byte	0x3f
 240 015b CE000000 		.4byte	0xce
 241 015f 20       		.byte	0x20
 242 0160 07       		.uleb128 0x7
 243 0161 B8050000 		.4byte	.LASF30
 244 0165 05       		.byte	0x5
 245 0166 40       		.byte	0x40
ARM GAS  C:\Users\marie\AppData\Local\Temp\ccf3e4XW.s 			page 9


 246 0167 CE000000 		.4byte	0xce
 247 016b 24       		.byte	0x24
 248 016c 07       		.uleb128 0x7
 249 016d FA040000 		.4byte	.LASF31
 250 0171 05       		.byte	0x5
 251 0172 43       		.byte	0x43
 252 0173 A2000000 		.4byte	0xa2
 253 0177 28       		.byte	0x28
 254 0178 07       		.uleb128 0x7
 255 0179 5F000000 		.4byte	.LASF32
 256 017d 05       		.byte	0x5
 257 017e 44       		.byte	0x44
 258 017f A2000000 		.4byte	0xa2
 259 0183 29       		.byte	0x29
 260 0184 07       		.uleb128 0x7
 261 0185 55090000 		.4byte	.LASF33
 262 0189 05       		.byte	0x5
 263 018a 45       		.byte	0x45
 264 018b A2000000 		.4byte	0xa2
 265 018f 2A       		.byte	0x2a
 266 0190 07       		.uleb128 0x7
 267 0191 AA050000 		.4byte	.LASF34
 268 0195 05       		.byte	0x5
 269 0196 46       		.byte	0x46
 270 0197 A2000000 		.4byte	0xa2
 271 019b 2B       		.byte	0x2b
 272 019c 07       		.uleb128 0x7
 273 019d 7D040000 		.4byte	.LASF35
 274 01a1 05       		.byte	0x5
 275 01a2 47       		.byte	0x47
 276 01a3 A2000000 		.4byte	0xa2
 277 01a7 2C       		.byte	0x2c
 278 01a8 07       		.uleb128 0x7
 279 01a9 D3070000 		.4byte	.LASF36
 280 01ad 05       		.byte	0x5
 281 01ae 48       		.byte	0x48
 282 01af A2000000 		.4byte	0xa2
 283 01b3 2D       		.byte	0x2d
 284 01b4 07       		.uleb128 0x7
 285 01b5 F8010000 		.4byte	.LASF37
 286 01b9 05       		.byte	0x5
 287 01ba 49       		.byte	0x49
 288 01bb A2000000 		.4byte	0xa2
 289 01bf 2E       		.byte	0x2e
 290 01c0 07       		.uleb128 0x7
 291 01c1 07050000 		.4byte	.LASF38
 292 01c5 05       		.byte	0x5
 293 01c6 4A       		.byte	0x4a
 294 01c7 A2000000 		.4byte	0xa2
 295 01cb 2F       		.byte	0x2f
 296 01cc 07       		.uleb128 0x7
 297 01cd 91070000 		.4byte	.LASF39
 298 01d1 05       		.byte	0x5
 299 01d2 4B       		.byte	0x4b
 300 01d3 A2000000 		.4byte	0xa2
 301 01d7 30       		.byte	0x30
 302 01d8 07       		.uleb128 0x7
ARM GAS  C:\Users\marie\AppData\Local\Temp\ccf3e4XW.s 			page 10


 303 01d9 C6030000 		.4byte	.LASF40
 304 01dd 05       		.byte	0x5
 305 01de 4E       		.byte	0x4e
 306 01df A2000000 		.4byte	0xa2
 307 01e3 31       		.byte	0x31
 308 01e4 07       		.uleb128 0x7
 309 01e5 85000000 		.4byte	.LASF41
 310 01e9 05       		.byte	0x5
 311 01ea 4F       		.byte	0x4f
 312 01eb A2000000 		.4byte	0xa2
 313 01ef 32       		.byte	0x32
 314 01f0 07       		.uleb128 0x7
 315 01f1 5A030000 		.4byte	.LASF42
 316 01f5 05       		.byte	0x5
 317 01f6 50       		.byte	0x50
 318 01f7 A2000000 		.4byte	0xa2
 319 01fb 33       		.byte	0x33
 320 01fc 07       		.uleb128 0x7
 321 01fd 58050000 		.4byte	.LASF43
 322 0201 05       		.byte	0x5
 323 0202 51       		.byte	0x51
 324 0203 A2000000 		.4byte	0xa2
 325 0207 34       		.byte	0x34
 326 0208 07       		.uleb128 0x7
 327 0209 40080000 		.4byte	.LASF44
 328 020d 05       		.byte	0x5
 329 020e 52       		.byte	0x52
 330 020f AD000000 		.4byte	0xad
 331 0213 36       		.byte	0x36
 332 0214 07       		.uleb128 0x7
 333 0215 80020000 		.4byte	.LASF45
 334 0219 05       		.byte	0x5
 335 021a 53       		.byte	0x53
 336 021b AD000000 		.4byte	0xad
 337 021f 38       		.byte	0x38
 338 0220 07       		.uleb128 0x7
 339 0221 B4080000 		.4byte	.LASF46
 340 0225 05       		.byte	0x5
 341 0226 54       		.byte	0x54
 342 0227 AD000000 		.4byte	0xad
 343 022b 3A       		.byte	0x3a
 344 022c 07       		.uleb128 0x7
 345 022d 36020000 		.4byte	.LASF47
 346 0231 05       		.byte	0x5
 347 0232 55       		.byte	0x55
 348 0233 A2000000 		.4byte	0xa2
 349 0237 3C       		.byte	0x3c
 350 0238 07       		.uleb128 0x7
 351 0239 A7020000 		.4byte	.LASF48
 352 023d 05       		.byte	0x5
 353 023e 56       		.byte	0x56
 354 023f A2000000 		.4byte	0xa2
 355 0243 3D       		.byte	0x3d
 356 0244 07       		.uleb128 0x7
 357 0245 45070000 		.4byte	.LASF49
 358 0249 05       		.byte	0x5
 359 024a 57       		.byte	0x57
ARM GAS  C:\Users\marie\AppData\Local\Temp\ccf3e4XW.s 			page 11


 360 024b A2000000 		.4byte	0xa2
 361 024f 3E       		.byte	0x3e
 362 0250 07       		.uleb128 0x7
 363 0251 F7000000 		.4byte	.LASF50
 364 0255 05       		.byte	0x5
 365 0256 58       		.byte	0x58
 366 0257 A2000000 		.4byte	0xa2
 367 025b 3F       		.byte	0x3f
 368 025c 07       		.uleb128 0x7
 369 025d C3050000 		.4byte	.LASF51
 370 0261 05       		.byte	0x5
 371 0262 59       		.byte	0x59
 372 0263 A2000000 		.4byte	0xa2
 373 0267 40       		.byte	0x40
 374 0268 07       		.uleb128 0x7
 375 0269 04030000 		.4byte	.LASF52
 376 026d 05       		.byte	0x5
 377 026e 5A       		.byte	0x5a
 378 026f A2000000 		.4byte	0xa2
 379 0273 41       		.byte	0x41
 380 0274 07       		.uleb128 0x7
 381 0275 B8040000 		.4byte	.LASF53
 382 0279 05       		.byte	0x5
 383 027a 5B       		.byte	0x5b
 384 027b A2000000 		.4byte	0xa2
 385 027f 42       		.byte	0x42
 386 0280 07       		.uleb128 0x7
 387 0281 9F050000 		.4byte	.LASF54
 388 0285 05       		.byte	0x5
 389 0286 5C       		.byte	0x5c
 390 0287 A2000000 		.4byte	0xa2
 391 028b 43       		.byte	0x43
 392 028c 07       		.uleb128 0x7
 393 028d 6F020000 		.4byte	.LASF55
 394 0291 05       		.byte	0x5
 395 0292 5D       		.byte	0x5d
 396 0293 A2000000 		.4byte	0xa2
 397 0297 44       		.byte	0x44
 398 0298 07       		.uleb128 0x7
 399 0299 00000000 		.4byte	.LASF56
 400 029d 05       		.byte	0x5
 401 029e 5E       		.byte	0x5e
 402 029f CE000000 		.4byte	0xce
 403 02a3 48       		.byte	0x48
 404 02a4 07       		.uleb128 0x7
 405 02a5 58020000 		.4byte	.LASF57
 406 02a9 05       		.byte	0x5
 407 02aa 5F       		.byte	0x5f
 408 02ab CE000000 		.4byte	0xce
 409 02af 4C       		.byte	0x4c
 410 02b0 07       		.uleb128 0x7
 411 02b1 9A090000 		.4byte	.LASF58
 412 02b5 05       		.byte	0x5
 413 02b6 60       		.byte	0x60
 414 02b7 A2000000 		.4byte	0xa2
 415 02bb 50       		.byte	0x50
 416 02bc 07       		.uleb128 0x7
ARM GAS  C:\Users\marie\AppData\Local\Temp\ccf3e4XW.s 			page 12


 417 02bd 69010000 		.4byte	.LASF59
 418 02c1 05       		.byte	0x5
 419 02c2 61       		.byte	0x61
 420 02c3 A2000000 		.4byte	0xa2
 421 02c7 51       		.byte	0x51
 422 02c8 07       		.uleb128 0x7
 423 02c9 C9080000 		.4byte	.LASF60
 424 02cd 05       		.byte	0x5
 425 02ce 62       		.byte	0x62
 426 02cf A2000000 		.4byte	0xa2
 427 02d3 52       		.byte	0x52
 428 02d4 07       		.uleb128 0x7
 429 02d5 7D090000 		.4byte	.LASF61
 430 02d9 05       		.byte	0x5
 431 02da 63       		.byte	0x63
 432 02db A2000000 		.4byte	0xa2
 433 02df 53       		.byte	0x53
 434 02e0 07       		.uleb128 0x7
 435 02e1 53070000 		.4byte	.LASF62
 436 02e5 05       		.byte	0x5
 437 02e6 64       		.byte	0x64
 438 02e7 A2000000 		.4byte	0xa2
 439 02eb 54       		.byte	0x54
 440 02ec 07       		.uleb128 0x7
 441 02ed 7B010000 		.4byte	.LASF63
 442 02f1 05       		.byte	0x5
 443 02f2 65       		.byte	0x65
 444 02f3 A2000000 		.4byte	0xa2
 445 02f7 55       		.byte	0x55
 446 02f8 07       		.uleb128 0x7
 447 02f9 8E030000 		.4byte	.LASF64
 448 02fd 05       		.byte	0x5
 449 02fe 66       		.byte	0x66
 450 02ff A2000000 		.4byte	0xa2
 451 0303 56       		.byte	0x56
 452 0304 07       		.uleb128 0x7
 453 0305 DA030000 		.4byte	.LASF65
 454 0309 05       		.byte	0x5
 455 030a 67       		.byte	0x67
 456 030b A2000000 		.4byte	0xa2
 457 030f 57       		.byte	0x57
 458 0310 07       		.uleb128 0x7
 459 0311 24000000 		.4byte	.LASF66
 460 0315 05       		.byte	0x5
 461 0316 68       		.byte	0x68
 462 0317 A2000000 		.4byte	0xa2
 463 031b 58       		.byte	0x58
 464 031c 07       		.uleb128 0x7
 465 031d 02070000 		.4byte	.LASF67
 466 0321 05       		.byte	0x5
 467 0322 69       		.byte	0x69
 468 0323 A2000000 		.4byte	0xa2
 469 0327 59       		.byte	0x59
 470 0328 07       		.uleb128 0x7
 471 0329 4D050000 		.4byte	.LASF68
 472 032d 05       		.byte	0x5
 473 032e 6E       		.byte	0x6e
ARM GAS  C:\Users\marie\AppData\Local\Temp\ccf3e4XW.s 			page 13


 474 032f B8000000 		.4byte	0xb8
 475 0333 5A       		.byte	0x5a
 476 0334 07       		.uleb128 0x7
 477 0335 10080000 		.4byte	.LASF69
 478 0339 05       		.byte	0x5
 479 033a 6F       		.byte	0x6f
 480 033b B8000000 		.4byte	0xb8
 481 033f 5C       		.byte	0x5c
 482 0340 07       		.uleb128 0x7
 483 0341 6D000000 		.4byte	.LASF70
 484 0345 05       		.byte	0x5
 485 0346 70       		.byte	0x70
 486 0347 A2000000 		.4byte	0xa2
 487 034b 5E       		.byte	0x5e
 488 034c 07       		.uleb128 0x7
 489 034d BD060000 		.4byte	.LASF71
 490 0351 05       		.byte	0x5
 491 0352 71       		.byte	0x71
 492 0353 A2000000 		.4byte	0xa2
 493 0357 5F       		.byte	0x5f
 494 0358 07       		.uleb128 0x7
 495 0359 8E050000 		.4byte	.LASF72
 496 035d 05       		.byte	0x5
 497 035e 72       		.byte	0x72
 498 035f A2000000 		.4byte	0xa2
 499 0363 60       		.byte	0x60
 500 0364 07       		.uleb128 0x7
 501 0365 96060000 		.4byte	.LASF73
 502 0369 05       		.byte	0x5
 503 036a 73       		.byte	0x73
 504 036b CE000000 		.4byte	0xce
 505 036f 64       		.byte	0x64
 506 0370 07       		.uleb128 0x7
 507 0371 36010000 		.4byte	.LASF74
 508 0375 05       		.byte	0x5
 509 0376 76       		.byte	0x76
 510 0377 B8000000 		.4byte	0xb8
 511 037b 68       		.byte	0x68
 512 037c 07       		.uleb128 0x7
 513 037d 7C030000 		.4byte	.LASF75
 514 0381 05       		.byte	0x5
 515 0382 77       		.byte	0x77
 516 0383 B8000000 		.4byte	0xb8
 517 0387 6A       		.byte	0x6a
 518 0388 07       		.uleb128 0x7
 519 0389 EE030000 		.4byte	.LASF76
 520 038d 05       		.byte	0x5
 521 038e 78       		.byte	0x78
 522 038f B8000000 		.4byte	0xb8
 523 0393 6C       		.byte	0x6c
 524 0394 07       		.uleb128 0x7
 525 0395 14040000 		.4byte	.LASF77
 526 0399 05       		.byte	0x5
 527 039a 79       		.byte	0x79
 528 039b B8000000 		.4byte	0xb8
 529 039f 6E       		.byte	0x6e
 530 03a0 07       		.uleb128 0x7
ARM GAS  C:\Users\marie\AppData\Local\Temp\ccf3e4XW.s 			page 14


 531 03a1 20070000 		.4byte	.LASF78
 532 03a5 05       		.byte	0x5
 533 03a6 7B       		.byte	0x7b
 534 03a7 A2000000 		.4byte	0xa2
 535 03ab 70       		.byte	0x70
 536 03ac 07       		.uleb128 0x7
 537 03ad DA010000 		.4byte	.LASF79
 538 03b1 05       		.byte	0x5
 539 03b2 7C       		.byte	0x7c
 540 03b3 A2000000 		.4byte	0xa2
 541 03b7 71       		.byte	0x71
 542 03b8 07       		.uleb128 0x7
 543 03b9 67090000 		.4byte	.LASF80
 544 03bd 05       		.byte	0x5
 545 03be 7D       		.byte	0x7d
 546 03bf A2000000 		.4byte	0xa2
 547 03c3 72       		.byte	0x72
 548 03c4 07       		.uleb128 0x7
 549 03c5 69050000 		.4byte	.LASF81
 550 03c9 05       		.byte	0x5
 551 03ca 7E       		.byte	0x7e
 552 03cb A2000000 		.4byte	0xa2
 553 03cf 73       		.byte	0x73
 554 03d0 07       		.uleb128 0x7
 555 03d1 C8020000 		.4byte	.LASF82
 556 03d5 05       		.byte	0x5
 557 03d6 80       		.byte	0x80
 558 03d7 B8000000 		.4byte	0xb8
 559 03db 74       		.byte	0x74
 560 03dc 07       		.uleb128 0x7
 561 03dd B6070000 		.4byte	.LASF83
 562 03e1 05       		.byte	0x5
 563 03e2 81       		.byte	0x81
 564 03e3 B8000000 		.4byte	0xb8
 565 03e7 76       		.byte	0x76
 566 03e8 07       		.uleb128 0x7
 567 03e9 92020000 		.4byte	.LASF84
 568 03ed 05       		.byte	0x5
 569 03ee 82       		.byte	0x82
 570 03ef B8000000 		.4byte	0xb8
 571 03f3 78       		.byte	0x78
 572 03f4 07       		.uleb128 0x7
 573 03f5 9D000000 		.4byte	.LASF85
 574 03f9 05       		.byte	0x5
 575 03fa 83       		.byte	0x83
 576 03fb B8000000 		.4byte	0xb8
 577 03ff 7A       		.byte	0x7a
 578 0400 07       		.uleb128 0x7
 579 0401 0B090000 		.4byte	.LASF86
 580 0405 05       		.byte	0x5
 581 0406 86       		.byte	0x86
 582 0407 A2000000 		.4byte	0xa2
 583 040b 7C       		.byte	0x7c
 584 040c 07       		.uleb128 0x7
 585 040d 82080000 		.4byte	.LASF87
 586 0411 05       		.byte	0x5
 587 0412 87       		.byte	0x87
ARM GAS  C:\Users\marie\AppData\Local\Temp\ccf3e4XW.s 			page 15


 588 0413 A2000000 		.4byte	0xa2
 589 0417 7D       		.byte	0x7d
 590 0418 07       		.uleb128 0x7
 591 0419 38000000 		.4byte	.LASF88
 592 041d 05       		.byte	0x5
 593 041e 88       		.byte	0x88
 594 041f A2000000 		.4byte	0xa2
 595 0423 7E       		.byte	0x7e
 596 0424 07       		.uleb128 0x7
 597 0425 DA020000 		.4byte	.LASF89
 598 0429 05       		.byte	0x5
 599 042a 89       		.byte	0x89
 600 042b A2000000 		.4byte	0xa2
 601 042f 7F       		.byte	0x7f
 602 0430 07       		.uleb128 0x7
 603 0431 46030000 		.4byte	.LASF90
 604 0435 05       		.byte	0x5
 605 0436 8A       		.byte	0x8a
 606 0437 A2000000 		.4byte	0xa2
 607 043b 80       		.byte	0x80
 608 043c 07       		.uleb128 0x7
 609 043d 6B080000 		.4byte	.LASF91
 610 0441 05       		.byte	0x5
 611 0442 8D       		.byte	0x8d
 612 0443 CE000000 		.4byte	0xce
 613 0447 84       		.byte	0x84
 614 0448 07       		.uleb128 0x7
 615 0449 B2000000 		.4byte	.LASF92
 616 044d 05       		.byte	0x5
 617 044e 8E       		.byte	0x8e
 618 044f CE000000 		.4byte	0xce
 619 0453 88       		.byte	0x88
 620 0454 07       		.uleb128 0x7
 621 0455 F6080000 		.4byte	.LASF93
 622 0459 05       		.byte	0x5
 623 045a 8F       		.byte	0x8f
 624 045b CE000000 		.4byte	0xce
 625 045f 8C       		.byte	0x8c
 626 0460 07       		.uleb128 0x7
 627 0461 13050000 		.4byte	.LASF94
 628 0465 05       		.byte	0x5
 629 0466 90       		.byte	0x90
 630 0467 CE000000 		.4byte	0xce
 631 046b 90       		.byte	0x90
 632 046c 07       		.uleb128 0x7
 633 046d 27030000 		.4byte	.LASF95
 634 0471 05       		.byte	0x5
 635 0472 91       		.byte	0x91
 636 0473 CE000000 		.4byte	0xce
 637 0477 94       		.byte	0x94
 638 0478 07       		.uleb128 0x7
 639 0479 D9040000 		.4byte	.LASF96
 640 047d 05       		.byte	0x5
 641 047e 92       		.byte	0x92
 642 047f CE000000 		.4byte	0xce
 643 0483 98       		.byte	0x98
 644 0484 07       		.uleb128 0x7
ARM GAS  C:\Users\marie\AppData\Local\Temp\ccf3e4XW.s 			page 16


 645 0485 30090000 		.4byte	.LASF97
 646 0489 05       		.byte	0x5
 647 048a 93       		.byte	0x93
 648 048b CE000000 		.4byte	0xce
 649 048f 9C       		.byte	0x9c
 650 0490 07       		.uleb128 0x7
 651 0491 46010000 		.4byte	.LASF98
 652 0495 05       		.byte	0x5
 653 0496 94       		.byte	0x94
 654 0497 CE000000 		.4byte	0xce
 655 049b A0       		.byte	0xa0
 656 049c 07       		.uleb128 0x7
 657 049d 03020000 		.4byte	.LASF99
 658 04a1 05       		.byte	0x5
 659 04a2 95       		.byte	0x95
 660 04a3 B8000000 		.4byte	0xb8
 661 04a7 A4       		.byte	0xa4
 662 04a8 07       		.uleb128 0x7
 663 04a9 C4040000 		.4byte	.LASF100
 664 04ad 05       		.byte	0x5
 665 04ae 96       		.byte	0x96
 666 04af B8000000 		.4byte	0xb8
 667 04b3 A6       		.byte	0xa6
 668 04b4 07       		.uleb128 0x7
 669 04b5 B1060000 		.4byte	.LASF101
 670 04b9 05       		.byte	0x5
 671 04ba 97       		.byte	0x97
 672 04bb B8000000 		.4byte	0xb8
 673 04bf A8       		.byte	0xa8
 674 04c0 07       		.uleb128 0x7
 675 04c1 9D070000 		.4byte	.LASF102
 676 04c5 05       		.byte	0x5
 677 04c6 98       		.byte	0x98
 678 04c7 B8000000 		.4byte	0xb8
 679 04cb AA       		.byte	0xaa
 680 04cc 07       		.uleb128 0x7
 681 04cd FD030000 		.4byte	.LASF103
 682 04d1 05       		.byte	0x5
 683 04d2 99       		.byte	0x99
 684 04d3 B8000000 		.4byte	0xb8
 685 04d7 AC       		.byte	0xac
 686 04d8 07       		.uleb128 0x7
 687 04d9 80050000 		.4byte	.LASF104
 688 04dd 05       		.byte	0x5
 689 04de 9A       		.byte	0x9a
 690 04df B8000000 		.4byte	0xb8
 691 04e3 AE       		.byte	0xae
 692 04e4 07       		.uleb128 0x7
 693 04e5 23080000 		.4byte	.LASF105
 694 04e9 05       		.byte	0x5
 695 04ea 9D       		.byte	0x9d
 696 04eb B8000000 		.4byte	0xb8
 697 04ef B0       		.byte	0xb0
 698 04f0 07       		.uleb128 0x7
 699 04f1 4B000000 		.4byte	.LASF106
 700 04f5 05       		.byte	0x5
 701 04f6 9E       		.byte	0x9e
ARM GAS  C:\Users\marie\AppData\Local\Temp\ccf3e4XW.s 			page 17


 702 04f7 CE000000 		.4byte	0xce
 703 04fb B4       		.byte	0xb4
 704 04fc 00       		.byte	0
 705 04fd 03       		.uleb128 0x3
 706 04fe 8F040000 		.4byte	.LASF107
 707 0502 05       		.byte	0x5
 708 0503 9F       		.byte	0x9f
 709 0504 EC000000 		.4byte	0xec
 710 0508 02       		.uleb128 0x2
 711 0509 01       		.byte	0x1
 712 050a 08       		.byte	0x8
 713 050b 81070000 		.4byte	.LASF108
 714 050f 02       		.uleb128 0x2
 715 0510 04       		.byte	0x4
 716 0511 04       		.byte	0x4
 717 0512 90060000 		.4byte	.LASF109
 718 0516 02       		.uleb128 0x2
 719 0517 08       		.byte	0x8
 720 0518 04       		.byte	0x4
 721 0519 8B020000 		.4byte	.LASF110
 722 051d 08       		.uleb128 0x8
 723 051e 04       		.byte	0x4
 724 051f 02       		.uleb128 0x2
 725 0520 01       		.byte	0x1
 726 0521 02       		.byte	0x2
 727 0522 E6060000 		.4byte	.LASF111
 728 0526 09       		.uleb128 0x9
 729 0527 04       		.byte	0x4
 730 0528 2C050000 		.4byte	0x52c
 731 052c 0A       		.uleb128 0xa
 732 052d 37050000 		.4byte	0x537
 733 0531 0B       		.uleb128 0xb
 734 0532 CE000000 		.4byte	0xce
 735 0536 00       		.byte	0
 736 0537 0C       		.uleb128 0xc
 737 0538 18020000 		.4byte	.LASF112
 738 053c 06       		.byte	0x6
 739 053d F201     		.2byte	0x1f2
 740 053f 26050000 		.4byte	0x526
 741 0543 0D       		.uleb128 0xd
 742 0544 C3010000 		.4byte	.LASF123
 743 0548 24       		.byte	0x24
 744 0549 06       		.byte	0x6
 745 054a 7402     		.2byte	0x274
 746 054c C6050000 		.4byte	0x5c6
 747 0550 0E       		.uleb128 0xe
 748 0551 AD080000 		.4byte	.LASF113
 749 0555 06       		.byte	0x6
 750 0556 7702     		.2byte	0x277
 751 0558 E0000000 		.4byte	0xe0
 752 055c 00       		.byte	0
 753 055d 0E       		.uleb128 0xe
 754 055e 9B080000 		.4byte	.LASF114
 755 0562 06       		.byte	0x6
 756 0563 7902     		.2byte	0x279
 757 0565 1D050000 		.4byte	0x51d
 758 0569 04       		.byte	0x4
ARM GAS  C:\Users\marie\AppData\Local\Temp\ccf3e4XW.s 			page 18


 759 056a 0E       		.uleb128 0xe
 760 056b 1A000000 		.4byte	.LASF115
 761 056f 06       		.byte	0x6
 762 0570 7A02     		.2byte	0x27a
 763 0572 CE000000 		.4byte	0xce
 764 0576 08       		.byte	0x8
 765 0577 0E       		.uleb128 0xe
 766 0578 1E030000 		.4byte	.LASF116
 767 057c 06       		.byte	0x6
 768 057d 7B02     		.2byte	0x27b
 769 057f E0000000 		.4byte	0xe0
 770 0583 0C       		.byte	0xc
 771 0584 0E       		.uleb128 0xe
 772 0585 89040000 		.4byte	.LASF117
 773 0589 06       		.byte	0x6
 774 058a 7D02     		.2byte	0x27d
 775 058c 1D050000 		.4byte	0x51d
 776 0590 10       		.byte	0x10
 777 0591 0E       		.uleb128 0xe
 778 0592 3C030000 		.4byte	.LASF118
 779 0596 06       		.byte	0x6
 780 0597 7E02     		.2byte	0x27e
 781 0599 CE000000 		.4byte	0xce
 782 059d 14       		.byte	0x14
 783 059e 0E       		.uleb128 0xe
 784 059f AB090000 		.4byte	.LASF119
 785 05a3 06       		.byte	0x6
 786 05a4 7F02     		.2byte	0x27f
 787 05a6 E0000000 		.4byte	0xe0
 788 05aa 18       		.byte	0x18
 789 05ab 0E       		.uleb128 0xe
 790 05ac 0B040000 		.4byte	.LASF120
 791 05b0 06       		.byte	0x6
 792 05b1 8502     		.2byte	0x285
 793 05b3 37050000 		.4byte	0x537
 794 05b7 1C       		.byte	0x1c
 795 05b8 0E       		.uleb128 0xe
 796 05b9 93080000 		.4byte	.LASF121
 797 05bd 06       		.byte	0x6
 798 05be 8802     		.2byte	0x288
 799 05c0 CE000000 		.4byte	0xce
 800 05c4 20       		.byte	0x20
 801 05c5 00       		.byte	0
 802 05c6 0C       		.uleb128 0xc
 803 05c7 9F040000 		.4byte	.LASF122
 804 05cb 06       		.byte	0x6
 805 05cc 8B02     		.2byte	0x28b
 806 05ce 43050000 		.4byte	0x543
 807 05d2 0F       		.uleb128 0xf
 808 05d3 28050000 		.4byte	.LASF124
 809 05d7 4C       		.byte	0x4c
 810 05d8 07       		.byte	0x7
 811 05d9 2F       		.byte	0x2f
 812 05da C3060000 		.4byte	0x6c3
 813 05de 07       		.uleb128 0x7
 814 05df F0000000 		.4byte	.LASF125
 815 05e3 07       		.byte	0x7
ARM GAS  C:\Users\marie\AppData\Local\Temp\ccf3e4XW.s 			page 19


 816 05e4 31       		.byte	0x31
 817 05e5 CE000000 		.4byte	0xce
 818 05e9 00       		.byte	0
 819 05ea 07       		.uleb128 0x7
 820 05eb 27010000 		.4byte	.LASF126
 821 05ef 07       		.byte	0x7
 822 05f0 33       		.byte	0x33
 823 05f1 CE000000 		.4byte	0xce
 824 05f5 04       		.byte	0x4
 825 05f6 07       		.uleb128 0x7
 826 05f7 12000000 		.4byte	.LASF127
 827 05fb 07       		.byte	0x7
 828 05fc 34       		.byte	0x34
 829 05fd CE000000 		.4byte	0xce
 830 0601 08       		.byte	0x8
 831 0602 07       		.uleb128 0x7
 832 0603 C9000000 		.4byte	.LASF128
 833 0607 07       		.byte	0x7
 834 0608 35       		.byte	0x35
 835 0609 CE000000 		.4byte	0xce
 836 060d 0C       		.byte	0xc
 837 060e 07       		.uleb128 0x7
 838 060f 34070000 		.4byte	.LASF129
 839 0613 07       		.byte	0x7
 840 0614 37       		.byte	0x37
 841 0615 CE000000 		.4byte	0xce
 842 0619 10       		.byte	0x10
 843 061a 07       		.uleb128 0x7
 844 061b 6C070000 		.4byte	.LASF130
 845 061f 07       		.byte	0x7
 846 0620 38       		.byte	0x38
 847 0621 CE000000 		.4byte	0xce
 848 0625 14       		.byte	0x14
 849 0626 07       		.uleb128 0x7
 850 0627 62080000 		.4byte	.LASF131
 851 062b 07       		.byte	0x7
 852 062c 39       		.byte	0x39
 853 062d CE000000 		.4byte	0xce
 854 0631 18       		.byte	0x18
 855 0632 07       		.uleb128 0x7
 856 0633 B4030000 		.4byte	.LASF132
 857 0637 07       		.byte	0x7
 858 0638 3A       		.byte	0x3a
 859 0639 1F050000 		.4byte	0x51f
 860 063d 1C       		.byte	0x1c
 861 063e 07       		.uleb128 0x7
 862 063f E0070000 		.4byte	.LASF133
 863 0643 07       		.byte	0x7
 864 0644 3C       		.byte	0x3c
 865 0645 CE000000 		.4byte	0xce
 866 0649 20       		.byte	0x20
 867 064a 07       		.uleb128 0x7
 868 064b B7020000 		.4byte	.LASF134
 869 064f 07       		.byte	0x7
 870 0650 3D       		.byte	0x3d
 871 0651 CE000000 		.4byte	0xce
 872 0655 24       		.byte	0x24
ARM GAS  C:\Users\marie\AppData\Local\Temp\ccf3e4XW.s 			page 20


 873 0656 07       		.uleb128 0x7
 874 0657 03010000 		.4byte	.LASF135
 875 065b 07       		.byte	0x7
 876 065c 3F       		.byte	0x3f
 877 065d CE000000 		.4byte	0xce
 878 0661 28       		.byte	0x28
 879 0662 07       		.uleb128 0x7
 880 0663 20090000 		.4byte	.LASF136
 881 0667 07       		.byte	0x7
 882 0668 40       		.byte	0x40
 883 0669 CE000000 		.4byte	0xce
 884 066d 2C       		.byte	0x2c
 885 066e 07       		.uleb128 0x7
 886 066f F1070000 		.4byte	.LASF137
 887 0673 07       		.byte	0x7
 888 0674 42       		.byte	0x42
 889 0675 CE000000 		.4byte	0xce
 890 0679 30       		.byte	0x30
 891 067a 07       		.uleb128 0x7
 892 067b 31080000 		.4byte	.LASF138
 893 067f 07       		.byte	0x7
 894 0680 43       		.byte	0x43
 895 0681 CE000000 		.4byte	0xce
 896 0685 34       		.byte	0x34
 897 0686 07       		.uleb128 0x7
 898 0687 EF040000 		.4byte	.LASF139
 899 068b 07       		.byte	0x7
 900 068c 45       		.byte	0x45
 901 068d CE000000 		.4byte	0xce
 902 0691 38       		.byte	0x38
 903 0692 07       		.uleb128 0x7
 904 0693 D8000000 		.4byte	.LASF140
 905 0697 07       		.byte	0x7
 906 0698 46       		.byte	0x46
 907 0699 CE000000 		.4byte	0xce
 908 069d 3C       		.byte	0x3c
 909 069e 07       		.uleb128 0x7
 910 069f 19080000 		.4byte	.LASF141
 911 06a3 07       		.byte	0x7
 912 06a4 48       		.byte	0x48
 913 06a5 CE000000 		.4byte	0xce
 914 06a9 40       		.byte	0x40
 915 06aa 07       		.uleb128 0x7
 916 06ab 46090000 		.4byte	.LASF142
 917 06af 07       		.byte	0x7
 918 06b0 49       		.byte	0x49
 919 06b1 CE000000 		.4byte	0xce
 920 06b5 44       		.byte	0x44
 921 06b6 07       		.uleb128 0x7
 922 06b7 86070000 		.4byte	.LASF143
 923 06bb 07       		.byte	0x7
 924 06bc 4B       		.byte	0x4b
 925 06bd CE000000 		.4byte	0xce
 926 06c1 48       		.byte	0x48
 927 06c2 00       		.byte	0
 928 06c3 03       		.uleb128 0x3
 929 06c4 A5010000 		.4byte	.LASF144
ARM GAS  C:\Users\marie\AppData\Local\Temp\ccf3e4XW.s 			page 21


 930 06c8 07       		.byte	0x7
 931 06c9 4C       		.byte	0x4c
 932 06ca D2050000 		.4byte	0x5d2
 933 06ce 10       		.uleb128 0x10
 934 06cf D0050000 		.4byte	.LASF152
 935 06d3 02       		.byte	0x2
 936 06d4 81       		.byte	0x81
 937 06d5 03       		.byte	0x3
 938 06d6 11       		.uleb128 0x11
 939 06d7 B2020000 		.4byte	.LASF153
 940 06db 01       		.byte	0x1
 941 06dc 4E       		.byte	0x4e
 942 06dd 94000000 		.4byte	0x94
 943 06e1 00000000 		.4byte	.LFB589
 944 06e5 0A000000 		.4byte	.LFE589-.LFB589
 945 06e9 01       		.uleb128 0x1
 946 06ea 9C       		.byte	0x9c
 947 06eb 08070000 		.4byte	0x708
 948 06ef 12       		.uleb128 0x12
 949 06f0 CE060000 		.4byte	0x6ce
 950 06f4 06000000 		.4byte	.LBB4
 951 06f8 04000000 		.4byte	.LBE4-.LBB4
 952 06fc 01       		.byte	0x1
 953 06fd 53       		.byte	0x53
 954 06fe 13       		.uleb128 0x13
 955 06ff 06000000 		.4byte	.LVL0
 956 0703 4A070000 		.4byte	0x74a
 957 0707 00       		.byte	0
 958 0708 14       		.uleb128 0x14
 959 0709 5C010000 		.4byte	.LASF145
 960 070d 08       		.byte	0x8
 961 070e 0108     		.2byte	0x801
 962 0710 14070000 		.4byte	0x714
 963 0714 05       		.uleb128 0x5
 964 0715 C3000000 		.4byte	0xc3
 965 0719 15       		.uleb128 0x15
 966 071a A7060000 		.4byte	.LASF146
 967 071e 05       		.byte	0x5
 968 071f A7       		.byte	0xa7
 969 0720 24070000 		.4byte	0x724
 970 0724 09       		.uleb128 0x9
 971 0725 04       		.byte	0x4
 972 0726 2A070000 		.4byte	0x72a
 973 072a 16       		.uleb128 0x16
 974 072b FD040000 		.4byte	0x4fd
 975 072f 15       		.uleb128 0x15
 976 0730 4D080000 		.4byte	.LASF147
 977 0734 09       		.byte	0x9
 978 0735 5E       		.byte	0x5e
 979 0736 C6050000 		.4byte	0x5c6
 980 073a 15       		.uleb128 0x15
 981 073b E1080000 		.4byte	.LASF148
 982 073f 0A       		.byte	0xa
 983 0740 1F       		.byte	0x1f
 984 0741 45070000 		.4byte	0x745
 985 0745 16       		.uleb128 0x16
 986 0746 C3060000 		.4byte	0x6c3
ARM GAS  C:\Users\marie\AppData\Local\Temp\ccf3e4XW.s 			page 22


 987 074a 17       		.uleb128 0x17
 988 074b D3060000 		.4byte	.LASF154
 989 074f D3060000 		.4byte	.LASF154
 990 0753 0B       		.byte	0xb
 991 0754 1902     		.2byte	0x219
 992 0756 00       		.byte	0
 993              		.section	.debug_abbrev,"",%progbits
 994              	.Ldebug_abbrev0:
 995 0000 01       		.uleb128 0x1
 996 0001 11       		.uleb128 0x11
 997 0002 01       		.byte	0x1
 998 0003 25       		.uleb128 0x25
 999 0004 0E       		.uleb128 0xe
 1000 0005 13       		.uleb128 0x13
 1001 0006 0B       		.uleb128 0xb
 1002 0007 03       		.uleb128 0x3
 1003 0008 0E       		.uleb128 0xe
 1004 0009 1B       		.uleb128 0x1b
 1005 000a 0E       		.uleb128 0xe
 1006 000b 55       		.uleb128 0x55
 1007 000c 17       		.uleb128 0x17
 1008 000d 11       		.uleb128 0x11
 1009 000e 01       		.uleb128 0x1
 1010 000f 10       		.uleb128 0x10
 1011 0010 17       		.uleb128 0x17
 1012 0011 00       		.byte	0
 1013 0012 00       		.byte	0
 1014 0013 02       		.uleb128 0x2
 1015 0014 24       		.uleb128 0x24
 1016 0015 00       		.byte	0
 1017 0016 0B       		.uleb128 0xb
 1018 0017 0B       		.uleb128 0xb
 1019 0018 3E       		.uleb128 0x3e
 1020 0019 0B       		.uleb128 0xb
 1021 001a 03       		.uleb128 0x3
 1022 001b 0E       		.uleb128 0xe
 1023 001c 00       		.byte	0
 1024 001d 00       		.byte	0
 1025 001e 03       		.uleb128 0x3
 1026 001f 16       		.uleb128 0x16
 1027 0020 00       		.byte	0
 1028 0021 03       		.uleb128 0x3
 1029 0022 0E       		.uleb128 0xe
 1030 0023 3A       		.uleb128 0x3a
 1031 0024 0B       		.uleb128 0xb
 1032 0025 3B       		.uleb128 0x3b
 1033 0026 0B       		.uleb128 0xb
 1034 0027 49       		.uleb128 0x49
 1035 0028 13       		.uleb128 0x13
 1036 0029 00       		.byte	0
 1037 002a 00       		.byte	0
 1038 002b 04       		.uleb128 0x4
 1039 002c 24       		.uleb128 0x24
 1040 002d 00       		.byte	0
 1041 002e 0B       		.uleb128 0xb
 1042 002f 0B       		.uleb128 0xb
 1043 0030 3E       		.uleb128 0x3e
ARM GAS  C:\Users\marie\AppData\Local\Temp\ccf3e4XW.s 			page 23


 1044 0031 0B       		.uleb128 0xb
 1045 0032 03       		.uleb128 0x3
 1046 0033 08       		.uleb128 0x8
 1047 0034 00       		.byte	0
 1048 0035 00       		.byte	0
 1049 0036 05       		.uleb128 0x5
 1050 0037 35       		.uleb128 0x35
 1051 0038 00       		.byte	0
 1052 0039 49       		.uleb128 0x49
 1053 003a 13       		.uleb128 0x13
 1054 003b 00       		.byte	0
 1055 003c 00       		.byte	0
 1056 003d 06       		.uleb128 0x6
 1057 003e 13       		.uleb128 0x13
 1058 003f 01       		.byte	0x1
 1059 0040 0B       		.uleb128 0xb
 1060 0041 0B       		.uleb128 0xb
 1061 0042 3A       		.uleb128 0x3a
 1062 0043 0B       		.uleb128 0xb
 1063 0044 3B       		.uleb128 0x3b
 1064 0045 0B       		.uleb128 0xb
 1065 0046 01       		.uleb128 0x1
 1066 0047 13       		.uleb128 0x13
 1067 0048 00       		.byte	0
 1068 0049 00       		.byte	0
 1069 004a 07       		.uleb128 0x7
 1070 004b 0D       		.uleb128 0xd
 1071 004c 00       		.byte	0
 1072 004d 03       		.uleb128 0x3
 1073 004e 0E       		.uleb128 0xe
 1074 004f 3A       		.uleb128 0x3a
 1075 0050 0B       		.uleb128 0xb
 1076 0051 3B       		.uleb128 0x3b
 1077 0052 0B       		.uleb128 0xb
 1078 0053 49       		.uleb128 0x49
 1079 0054 13       		.uleb128 0x13
 1080 0055 38       		.uleb128 0x38
 1081 0056 0B       		.uleb128 0xb
 1082 0057 00       		.byte	0
 1083 0058 00       		.byte	0
 1084 0059 08       		.uleb128 0x8
 1085 005a 0F       		.uleb128 0xf
 1086 005b 00       		.byte	0
 1087 005c 0B       		.uleb128 0xb
 1088 005d 0B       		.uleb128 0xb
 1089 005e 00       		.byte	0
 1090 005f 00       		.byte	0
 1091 0060 09       		.uleb128 0x9
 1092 0061 0F       		.uleb128 0xf
 1093 0062 00       		.byte	0
 1094 0063 0B       		.uleb128 0xb
 1095 0064 0B       		.uleb128 0xb
 1096 0065 49       		.uleb128 0x49
 1097 0066 13       		.uleb128 0x13
 1098 0067 00       		.byte	0
 1099 0068 00       		.byte	0
 1100 0069 0A       		.uleb128 0xa
ARM GAS  C:\Users\marie\AppData\Local\Temp\ccf3e4XW.s 			page 24


 1101 006a 15       		.uleb128 0x15
 1102 006b 01       		.byte	0x1
 1103 006c 27       		.uleb128 0x27
 1104 006d 19       		.uleb128 0x19
 1105 006e 01       		.uleb128 0x1
 1106 006f 13       		.uleb128 0x13
 1107 0070 00       		.byte	0
 1108 0071 00       		.byte	0
 1109 0072 0B       		.uleb128 0xb
 1110 0073 05       		.uleb128 0x5
 1111 0074 00       		.byte	0
 1112 0075 49       		.uleb128 0x49
 1113 0076 13       		.uleb128 0x13
 1114 0077 00       		.byte	0
 1115 0078 00       		.byte	0
 1116 0079 0C       		.uleb128 0xc
 1117 007a 16       		.uleb128 0x16
 1118 007b 00       		.byte	0
 1119 007c 03       		.uleb128 0x3
 1120 007d 0E       		.uleb128 0xe
 1121 007e 3A       		.uleb128 0x3a
 1122 007f 0B       		.uleb128 0xb
 1123 0080 3B       		.uleb128 0x3b
 1124 0081 05       		.uleb128 0x5
 1125 0082 49       		.uleb128 0x49
 1126 0083 13       		.uleb128 0x13
 1127 0084 00       		.byte	0
 1128 0085 00       		.byte	0
 1129 0086 0D       		.uleb128 0xd
 1130 0087 13       		.uleb128 0x13
 1131 0088 01       		.byte	0x1
 1132 0089 03       		.uleb128 0x3
 1133 008a 0E       		.uleb128 0xe
 1134 008b 0B       		.uleb128 0xb
 1135 008c 0B       		.uleb128 0xb
 1136 008d 3A       		.uleb128 0x3a
 1137 008e 0B       		.uleb128 0xb
 1138 008f 3B       		.uleb128 0x3b
 1139 0090 05       		.uleb128 0x5
 1140 0091 01       		.uleb128 0x1
 1141 0092 13       		.uleb128 0x13
 1142 0093 00       		.byte	0
 1143 0094 00       		.byte	0
 1144 0095 0E       		.uleb128 0xe
 1145 0096 0D       		.uleb128 0xd
 1146 0097 00       		.byte	0
 1147 0098 03       		.uleb128 0x3
 1148 0099 0E       		.uleb128 0xe
 1149 009a 3A       		.uleb128 0x3a
 1150 009b 0B       		.uleb128 0xb
 1151 009c 3B       		.uleb128 0x3b
 1152 009d 05       		.uleb128 0x5
 1153 009e 49       		.uleb128 0x49
 1154 009f 13       		.uleb128 0x13
 1155 00a0 38       		.uleb128 0x38
 1156 00a1 0B       		.uleb128 0xb
 1157 00a2 00       		.byte	0
ARM GAS  C:\Users\marie\AppData\Local\Temp\ccf3e4XW.s 			page 25


 1158 00a3 00       		.byte	0
 1159 00a4 0F       		.uleb128 0xf
 1160 00a5 13       		.uleb128 0x13
 1161 00a6 01       		.byte	0x1
 1162 00a7 03       		.uleb128 0x3
 1163 00a8 0E       		.uleb128 0xe
 1164 00a9 0B       		.uleb128 0xb
 1165 00aa 0B       		.uleb128 0xb
 1166 00ab 3A       		.uleb128 0x3a
 1167 00ac 0B       		.uleb128 0xb
 1168 00ad 3B       		.uleb128 0x3b
 1169 00ae 0B       		.uleb128 0xb
 1170 00af 01       		.uleb128 0x1
 1171 00b0 13       		.uleb128 0x13
 1172 00b1 00       		.byte	0
 1173 00b2 00       		.byte	0
 1174 00b3 10       		.uleb128 0x10
 1175 00b4 2E       		.uleb128 0x2e
 1176 00b5 00       		.byte	0
 1177 00b6 03       		.uleb128 0x3
 1178 00b7 0E       		.uleb128 0xe
 1179 00b8 3A       		.uleb128 0x3a
 1180 00b9 0B       		.uleb128 0xb
 1181 00ba 3B       		.uleb128 0x3b
 1182 00bb 0B       		.uleb128 0xb
 1183 00bc 27       		.uleb128 0x27
 1184 00bd 19       		.uleb128 0x19
 1185 00be 20       		.uleb128 0x20
 1186 00bf 0B       		.uleb128 0xb
 1187 00c0 00       		.byte	0
 1188 00c1 00       		.byte	0
 1189 00c2 11       		.uleb128 0x11
 1190 00c3 2E       		.uleb128 0x2e
 1191 00c4 01       		.byte	0x1
 1192 00c5 3F       		.uleb128 0x3f
 1193 00c6 19       		.uleb128 0x19
 1194 00c7 03       		.uleb128 0x3
 1195 00c8 0E       		.uleb128 0xe
 1196 00c9 3A       		.uleb128 0x3a
 1197 00ca 0B       		.uleb128 0xb
 1198 00cb 3B       		.uleb128 0x3b
 1199 00cc 0B       		.uleb128 0xb
 1200 00cd 27       		.uleb128 0x27
 1201 00ce 19       		.uleb128 0x19
 1202 00cf 49       		.uleb128 0x49
 1203 00d0 13       		.uleb128 0x13
 1204 00d1 8701     		.uleb128 0x87
 1205 00d3 19       		.uleb128 0x19
 1206 00d4 11       		.uleb128 0x11
 1207 00d5 01       		.uleb128 0x1
 1208 00d6 12       		.uleb128 0x12
 1209 00d7 06       		.uleb128 0x6
 1210 00d8 40       		.uleb128 0x40
 1211 00d9 18       		.uleb128 0x18
 1212 00da 9742     		.uleb128 0x2117
 1213 00dc 19       		.uleb128 0x19
 1214 00dd 01       		.uleb128 0x1
ARM GAS  C:\Users\marie\AppData\Local\Temp\ccf3e4XW.s 			page 26


 1215 00de 13       		.uleb128 0x13
 1216 00df 00       		.byte	0
 1217 00e0 00       		.byte	0
 1218 00e1 12       		.uleb128 0x12
 1219 00e2 1D       		.uleb128 0x1d
 1220 00e3 00       		.byte	0
 1221 00e4 31       		.uleb128 0x31
 1222 00e5 13       		.uleb128 0x13
 1223 00e6 11       		.uleb128 0x11
 1224 00e7 01       		.uleb128 0x1
 1225 00e8 12       		.uleb128 0x12
 1226 00e9 06       		.uleb128 0x6
 1227 00ea 58       		.uleb128 0x58
 1228 00eb 0B       		.uleb128 0xb
 1229 00ec 59       		.uleb128 0x59
 1230 00ed 0B       		.uleb128 0xb
 1231 00ee 00       		.byte	0
 1232 00ef 00       		.byte	0
 1233 00f0 13       		.uleb128 0x13
 1234 00f1 898201   		.uleb128 0x4109
 1235 00f4 00       		.byte	0
 1236 00f5 11       		.uleb128 0x11
 1237 00f6 01       		.uleb128 0x1
 1238 00f7 31       		.uleb128 0x31
 1239 00f8 13       		.uleb128 0x13
 1240 00f9 00       		.byte	0
 1241 00fa 00       		.byte	0
 1242 00fb 14       		.uleb128 0x14
 1243 00fc 34       		.uleb128 0x34
 1244 00fd 00       		.byte	0
 1245 00fe 03       		.uleb128 0x3
 1246 00ff 0E       		.uleb128 0xe
 1247 0100 3A       		.uleb128 0x3a
 1248 0101 0B       		.uleb128 0xb
 1249 0102 3B       		.uleb128 0x3b
 1250 0103 05       		.uleb128 0x5
 1251 0104 49       		.uleb128 0x49
 1252 0105 13       		.uleb128 0x13
 1253 0106 3F       		.uleb128 0x3f
 1254 0107 19       		.uleb128 0x19
 1255 0108 3C       		.uleb128 0x3c
 1256 0109 19       		.uleb128 0x19
 1257 010a 00       		.byte	0
 1258 010b 00       		.byte	0
 1259 010c 15       		.uleb128 0x15
 1260 010d 34       		.uleb128 0x34
 1261 010e 00       		.byte	0
 1262 010f 03       		.uleb128 0x3
 1263 0110 0E       		.uleb128 0xe
 1264 0111 3A       		.uleb128 0x3a
 1265 0112 0B       		.uleb128 0xb
 1266 0113 3B       		.uleb128 0x3b
 1267 0114 0B       		.uleb128 0xb
 1268 0115 49       		.uleb128 0x49
 1269 0116 13       		.uleb128 0x13
 1270 0117 3F       		.uleb128 0x3f
 1271 0118 19       		.uleb128 0x19
ARM GAS  C:\Users\marie\AppData\Local\Temp\ccf3e4XW.s 			page 27


 1272 0119 3C       		.uleb128 0x3c
 1273 011a 19       		.uleb128 0x19
 1274 011b 00       		.byte	0
 1275 011c 00       		.byte	0
 1276 011d 16       		.uleb128 0x16
 1277 011e 26       		.uleb128 0x26
 1278 011f 00       		.byte	0
 1279 0120 49       		.uleb128 0x49
 1280 0121 13       		.uleb128 0x13
 1281 0122 00       		.byte	0
 1282 0123 00       		.byte	0
 1283 0124 17       		.uleb128 0x17
 1284 0125 2E       		.uleb128 0x2e
 1285 0126 00       		.byte	0
 1286 0127 3F       		.uleb128 0x3f
 1287 0128 19       		.uleb128 0x19
 1288 0129 3C       		.uleb128 0x3c
 1289 012a 19       		.uleb128 0x19
 1290 012b 6E       		.uleb128 0x6e
 1291 012c 0E       		.uleb128 0xe
 1292 012d 03       		.uleb128 0x3
 1293 012e 0E       		.uleb128 0xe
 1294 012f 3A       		.uleb128 0x3a
 1295 0130 0B       		.uleb128 0xb
 1296 0131 3B       		.uleb128 0x3b
 1297 0132 05       		.uleb128 0x5
 1298 0133 00       		.byte	0
 1299 0134 00       		.byte	0
 1300 0135 00       		.byte	0
 1301              		.section	.debug_aranges,"",%progbits
 1302 0000 1C000000 		.4byte	0x1c
 1303 0004 0200     		.2byte	0x2
 1304 0006 00000000 		.4byte	.Ldebug_info0
 1305 000a 04       		.byte	0x4
 1306 000b 00       		.byte	0
 1307 000c 0000     		.2byte	0
 1308 000e 0000     		.2byte	0
 1309 0010 00000000 		.4byte	.LFB589
 1310 0014 0A000000 		.4byte	.LFE589-.LFB589
 1311 0018 00000000 		.4byte	0
 1312 001c 00000000 		.4byte	0
 1313              		.section	.debug_ranges,"",%progbits
 1314              	.Ldebug_ranges0:
 1315 0000 00000000 		.4byte	.LFB589
 1316 0004 0A000000 		.4byte	.LFE589
 1317 0008 00000000 		.4byte	0
 1318 000c 00000000 		.4byte	0
 1319              		.section	.debug_line,"",%progbits
 1320              	.Ldebug_line0:
 1321 0000 8C020000 		.section	.debug_str,"MS",%progbits,1
 1321      02007002 
 1321      00000201 
 1321      FB0E0D00 
 1321      01010101 
 1322              	.LASF56:
 1323 0000 70726F74 		.ascii	"protBusMasterMask\000"
 1323      4275734D 
ARM GAS  C:\Users\marie\AppData\Local\Temp\ccf3e4XW.s 			page 28


 1323      61737465 
 1323      724D6173 
 1323      6B00
 1324              	.LASF127:
 1325 0012 72756E4D 		.ascii	"runMode\000"
 1325      6F646500 
 1326              	.LASF115:
 1327 001a 72784275 		.ascii	"rxBufSize\000"
 1327      6653697A 
 1327      6500
 1328              	.LASF66:
 1329 0024 666C6173 		.ascii	"flashCtlMainWs3Freq\000"
 1329      6843746C 
 1329      4D61696E 
 1329      57733346 
 1329      72657100 
 1330              	.LASF88:
 1331 0038 6770696F 		.ascii	"gpioPrtCfgInOffset\000"
 1331      50727443 
 1331      6667496E 
 1331      4F666673 
 1331      657400
 1332              	.LASF106:
 1333 004b 6970634C 		.ascii	"ipcLockStatusOffset\000"
 1333      6F636B53 
 1333      74617475 
 1333      734F6666 
 1333      73657400 
 1334              	.LASF32:
 1335 005f 63727970 		.ascii	"cryptoVersion\000"
 1335      746F5665 
 1335      7273696F 
 1335      6E00
 1336              	.LASF70:
 1337 006d 64774368 		.ascii	"dwChCtlPrioPos\000"
 1337      43746C50 
 1337      72696F50 
 1337      6F7300
 1338              	.LASF28:
 1339 007c 70617373 		.ascii	"passBase\000"
 1339      42617365 
 1339      00
 1340              	.LASF41:
 1341 0085 63707573 		.ascii	"cpussIpcIrqNr\000"
 1341      73497063 
 1341      4972714E 
 1341      7200
 1342              	.LASF3:
 1343 0093 5F5F7569 		.ascii	"__uint8_t\000"
 1343      6E74385F 
 1343      7400
 1344              	.LASF85:
 1345 009d 70657269 		.ascii	"periDiv24_5CtlOffset\000"
 1345      44697632 
 1345      345F3543 
 1345      746C4F66 
 1345      66736574 
ARM GAS  C:\Users\marie\AppData\Local\Temp\ccf3e4XW.s 			page 29


 1346              	.LASF92:
 1347 00b2 63707573 		.ascii	"cpussCm4ClockCtlOffset\000"
 1347      73436D34 
 1347      436C6F63 
 1347      6B43746C 
 1347      4F666673 
 1348              	.LASF128:
 1349 00c9 636F756E 		.ascii	"countDirection\000"
 1349      74446972 
 1349      65637469 
 1349      6F6E00
 1350              	.LASF140:
 1351 00d8 73746F70 		.ascii	"stopInputMode\000"
 1351      496E7075 
 1351      744D6F64 
 1351      6500
 1352              	.LASF21:
 1353 00e6 63707573 		.ascii	"cpussBase\000"
 1353      73426173 
 1353      6500
 1354              	.LASF125:
 1355 00f0 70657269 		.ascii	"period\000"
 1355      6F6400
 1356              	.LASF50:
 1357 00f7 70657269 		.ascii	"periClockNr\000"
 1357      436C6F63 
 1357      6B4E7200 
 1358              	.LASF135:
 1359 0103 63617074 		.ascii	"captureInput\000"
 1359      75726549 
 1359      6E707574 
 1359      00
 1360              	.LASF12:
 1361 0110 6C6F6E67 		.ascii	"long long unsigned int\000"
 1361      206C6F6E 
 1361      6720756E 
 1361      7369676E 
 1361      65642069 
 1362              	.LASF126:
 1363 0127 636C6F63 		.ascii	"clockPrescaler\000"
 1363      6B507265 
 1363      7363616C 
 1363      657200
 1364              	.LASF74:
 1365 0136 70657269 		.ascii	"periTrCmdOffset\000"
 1365      5472436D 
 1365      644F6666 
 1365      73657400 
 1366              	.LASF98:
 1367 0146 63707573 		.ascii	"cpussSysTickCtlOffset\000"
 1367      73537973 
 1367      5469636B 
 1367      43746C4F 
 1367      66667365 
 1368              	.LASF145:
 1369 015c 49544D5F 		.ascii	"ITM_RxBuffer\000"
 1369      52784275 
ARM GAS  C:\Users\marie\AppData\Local\Temp\ccf3e4XW.s 			page 30


 1369      66666572 
 1369      00
 1370              	.LASF59:
 1371 0169 666C6173 		.ascii	"flashPipeRequired\000"
 1371      68506970 
 1371      65526571 
 1371      75697265 
 1371      6400
 1372              	.LASF63:
 1373 017b 666C6173 		.ascii	"flashCtlMainWs0Freq\000"
 1373      6843746C 
 1373      4D61696E 
 1373      57733046 
 1373      72657100 
 1374              	.LASF15:
 1375 018f 696E7431 		.ascii	"int16_t\000"
 1375      365F7400 
 1376              	.LASF11:
 1377 0197 6C6F6E67 		.ascii	"long long int\000"
 1377      206C6F6E 
 1377      6720696E 
 1377      7400
 1378              	.LASF144:
 1379 01a5 63795F73 		.ascii	"cy_stc_tcpwm_counter_config_t\000"
 1379      74635F74 
 1379      6370776D 
 1379      5F636F75 
 1379      6E746572 
 1380              	.LASF123:
 1381 01c3 63795F73 		.ascii	"cy_stc_scb_spi_context\000"
 1381      74635F73 
 1381      63625F73 
 1381      70695F63 
 1381      6F6E7465 
 1382              	.LASF79:
 1383 01da 70657269 		.ascii	"periDivCmdTypeSelPos\000"
 1383      44697643 
 1383      6D645479 
 1383      70655365 
 1383      6C506F73 
 1384              	.LASF25:
 1385 01ef 70726F74 		.ascii	"protBase\000"
 1385      42617365 
 1385      00
 1386              	.LASF37:
 1387 01f8 69706356 		.ascii	"ipcVersion\000"
 1387      65727369 
 1387      6F6E00
 1388              	.LASF99:
 1389 0203 63707573 		.ascii	"cpussCm0NmiCtlOffset\000"
 1389      73436D30 
 1389      4E6D6943 
 1389      746C4F66 
 1389      66736574 
 1390              	.LASF112:
 1391 0218 63795F63 		.ascii	"cy_cb_scb_spi_handle_events_t\000"
 1391      625F7363 
ARM GAS  C:\Users\marie\AppData\Local\Temp\ccf3e4XW.s 			page 31


 1391      625F7370 
 1391      695F6861 
 1391      6E646C65 
 1392              	.LASF47:
 1393 0236 73727373 		.ascii	"srssNumClkpath\000"
 1393      4E756D43 
 1393      6C6B7061 
 1393      746800
 1394              	.LASF26:
 1395 0245 6873696F 		.ascii	"hsiomBase\000"
 1395      6D426173 
 1395      6500
 1396              	.LASF8:
 1397 024f 6C6F6E67 		.ascii	"long int\000"
 1397      20696E74 
 1397      00
 1398              	.LASF57:
 1399 0258 63727970 		.ascii	"cryptoMemSize\000"
 1399      746F4D65 
 1399      6D53697A 
 1399      6500
 1400              	.LASF23:
 1401 0266 70657269 		.ascii	"periBase\000"
 1401      42617365 
 1401      00
 1402              	.LASF55:
 1403 026f 73797350 		.ascii	"sysPmSimoPresent\000"
 1403      6D53696D 
 1403      6F507265 
 1403      73656E74 
 1403      00
 1404              	.LASF45:
 1405 0280 63707573 		.ascii	"cpussFmIrq\000"
 1405      73466D49 
 1405      727100
 1406              	.LASF110:
 1407 028b 646F7562 		.ascii	"double\000"
 1407      6C6500
 1408              	.LASF84:
 1409 0292 70657269 		.ascii	"periDiv16_5CtlOffset\000"
 1409      44697631 
 1409      365F3543 
 1409      746C4F66 
 1409      66736574 
 1410              	.LASF48:
 1411 02a7 73727373 		.ascii	"srssNumPll\000"
 1411      4E756D50 
 1411      6C6C00
 1412              	.LASF153:
 1413 02b2 6D61696E 		.ascii	"main\000"
 1413      00
 1414              	.LASF134:
 1415 02b7 63617074 		.ascii	"captureInputMode\000"
 1415      75726549 
 1415      6E707574 
 1415      4D6F6465 
 1415      00
ARM GAS  C:\Users\marie\AppData\Local\Temp\ccf3e4XW.s 			page 32


 1416              	.LASF82:
 1417 02c8 70657269 		.ascii	"periDiv8CtlOffset\000"
 1417      44697638 
 1417      43746C4F 
 1417      66667365 
 1417      7400
 1418              	.LASF89:
 1419 02da 6770696F 		.ascii	"gpioPrtCfgOutOffset\000"
 1419      50727443 
 1419      66674F75 
 1419      744F6666 
 1419      73657400 
 1420              	.LASF22:
 1421 02ee 666C6173 		.ascii	"flashcBase\000"
 1421      68634261 
 1421      736500
 1422              	.LASF9:
 1423 02f9 5F5F7569 		.ascii	"__uint32_t\000"
 1423      6E743332 
 1423      5F7400
 1424              	.LASF52:
 1425 0304 70617373 		.ascii	"passSarChannels\000"
 1425      53617243 
 1425      68616E6E 
 1425      656C7300 
 1426              	.LASF4:
 1427 0314 5F5F696E 		.ascii	"__int16_t\000"
 1427      7431365F 
 1427      7400
 1428              	.LASF116:
 1429 031e 72784275 		.ascii	"rxBufIdx\000"
 1429      66496478 
 1429      00
 1430              	.LASF95:
 1431 0327 63707573 		.ascii	"cpussCm4PwrCtlOffset\000"
 1431      73436D34 
 1431      50777243 
 1431      746C4F66 
 1431      66736574 
 1432              	.LASF118:
 1433 033c 74784275 		.ascii	"txBufSize\000"
 1433      6653697A 
 1433      6500
 1434              	.LASF90:
 1435 0346 6770696F 		.ascii	"gpioPrtCfgSioOffset\000"
 1435      50727443 
 1435      66675369 
 1435      6F4F6666 
 1435      73657400 
 1436              	.LASF42:
 1437 035a 63707573 		.ascii	"cpussDwChNr\000"
 1437      73447743 
 1437      684E7200 
 1438              	.LASF13:
 1439 0366 756E7369 		.ascii	"unsigned int\000"
 1439      676E6564 
 1439      20696E74 
ARM GAS  C:\Users\marie\AppData\Local\Temp\ccf3e4XW.s 			page 33


 1439      00
 1440              	.LASF16:
 1441 0373 75696E74 		.ascii	"uint16_t\000"
 1441      31365F74 
 1441      00
 1442              	.LASF75:
 1443 037c 70657269 		.ascii	"periTrCmdGrSelMsk\000"
 1443      5472436D 
 1443      64477253 
 1443      656C4D73 
 1443      6B00
 1444              	.LASF64:
 1445 038e 666C6173 		.ascii	"flashCtlMainWs1Freq\000"
 1445      6843746C 
 1445      4D61696E 
 1445      57733146 
 1445      72657100 
 1446              	.LASF10:
 1447 03a2 6C6F6E67 		.ascii	"long unsigned int\000"
 1447      20756E73 
 1447      69676E65 
 1447      6420696E 
 1447      7400
 1448              	.LASF132:
 1449 03b4 656E6162 		.ascii	"enableCompareSwap\000"
 1449      6C65436F 
 1449      6D706172 
 1449      65537761 
 1449      7000
 1450              	.LASF40:
 1451 03c6 63707573 		.ascii	"cpussIpcNr\000"
 1451      73497063 
 1451      4E7200
 1452              	.LASF27:
 1453 03d1 6770696F 		.ascii	"gpioBase\000"
 1453      42617365 
 1453      00
 1454              	.LASF65:
 1455 03da 666C6173 		.ascii	"flashCtlMainWs2Freq\000"
 1455      6843746C 
 1455      4D61696E 
 1455      57733246 
 1455      72657100 
 1456              	.LASF76:
 1457 03ee 70657269 		.ascii	"periTrGrOffset\000"
 1457      54724772 
 1457      4F666673 
 1457      657400
 1458              	.LASF103:
 1459 03fd 63707573 		.ascii	"cpussRam1Ctl0\000"
 1459      7352616D 
 1459      3143746C 
 1459      3000
 1460              	.LASF120:
 1461 040b 63624576 		.ascii	"cbEvents\000"
 1461      656E7473 
 1461      00
ARM GAS  C:\Users\marie\AppData\Local\Temp\ccf3e4XW.s 			page 34


 1462              	.LASF77:
 1463 0414 70657269 		.ascii	"periTrGrSize\000"
 1463      54724772 
 1463      53697A65 
 1463      00
 1464              	.LASF151:
 1465 0421 433A5C55 		.ascii	"C:\\Users\\marie\\Documents\\Polytechnique\\Session"
 1465      73657273 
 1465      5C6D6172 
 1465      69655C44 
 1465      6F63756D 
 1466 044f 20342028 		.ascii	" 4 (hiver 2021)\\GBM2100 Projets\\GBM2100.cydsn\000"
 1466      68697665 
 1466      72203230 
 1466      3231295C 
 1466      47424D32 
 1467              	.LASF35:
 1468 047d 6770696F 		.ascii	"gpioVersion\000"
 1468      56657273 
 1468      696F6E00 
 1469              	.LASF117:
 1470 0489 74784275 		.ascii	"txBuf\000"
 1470      6600
 1471              	.LASF107:
 1472 048f 63795F73 		.ascii	"cy_stc_device_t\000"
 1472      74635F64 
 1472      65766963 
 1472      655F7400 
 1473              	.LASF122:
 1474 049f 63795F73 		.ascii	"cy_stc_scb_spi_context_t\000"
 1474      74635F73 
 1474      63625F73 
 1474      70695F63 
 1474      6F6E7465 
 1475              	.LASF53:
 1476 04b8 65704D6F 		.ascii	"epMonitorNr\000"
 1476      6E69746F 
 1476      724E7200 
 1477              	.LASF100:
 1478 04c4 63707573 		.ascii	"cpussCm4NmiCtlOffset\000"
 1478      73436D34 
 1478      4E6D6943 
 1478      746C4F66 
 1478      66736574 
 1479              	.LASF96:
 1480 04d9 63707573 		.ascii	"cpussTrimRamCtlOffset\000"
 1480      73547269 
 1480      6D52616D 
 1480      43746C4F 
 1480      66667365 
 1481              	.LASF139:
 1482 04ef 73746172 		.ascii	"startInput\000"
 1482      74496E70 
 1482      757400
 1483              	.LASF31:
 1484 04fa 63707573 		.ascii	"cpussVersion\000"
 1484      73566572 
ARM GAS  C:\Users\marie\AppData\Local\Temp\ccf3e4XW.s 			page 35


 1484      73696F6E 
 1484      00
 1485              	.LASF38:
 1486 0507 70657269 		.ascii	"periVersion\000"
 1486      56657273 
 1486      696F6E00 
 1487              	.LASF94:
 1488 0513 63707573 		.ascii	"cpussCm0StatusOffset\000"
 1488      73436D30 
 1488      53746174 
 1488      75734F66 
 1488      66736574 
 1489              	.LASF124:
 1490 0528 63795F73 		.ascii	"cy_stc_tcpwm_counter_config\000"
 1490      74635F74 
 1490      6370776D 
 1490      5F636F75 
 1490      6E746572 
 1491              	.LASF19:
 1492 0544 73697A65 		.ascii	"sizetype\000"
 1492      74797065 
 1492      00
 1493              	.LASF68:
 1494 054d 64774368 		.ascii	"dwChOffset\000"
 1494      4F666673 
 1494      657400
 1495              	.LASF43:
 1496 0558 63707573 		.ascii	"cpussFlashPaSize\000"
 1496      73466C61 
 1496      73685061 
 1496      53697A65 
 1496      00
 1497              	.LASF81:
 1498 0569 70657269 		.ascii	"periDivCmdPaTypeSelPos\000"
 1498      44697643 
 1498      6D645061 
 1498      54797065 
 1498      53656C50 
 1499              	.LASF104:
 1500 0580 63707573 		.ascii	"cpussRam2Ctl0\000"
 1500      7352616D 
 1500      3243746C 
 1500      3000
 1501              	.LASF72:
 1502 058e 64775374 		.ascii	"dwStatusChIdxPos\000"
 1502      61747573 
 1502      43684964 
 1502      78506F73 
 1502      00
 1503              	.LASF54:
 1504 059f 75646250 		.ascii	"udbPresent\000"
 1504      72657365 
 1504      6E7400
 1505              	.LASF34:
 1506 05aa 666C6173 		.ascii	"flashcVersion\000"
 1506      68635665 
 1506      7273696F 
ARM GAS  C:\Users\marie\AppData\Local\Temp\ccf3e4XW.s 			page 36


 1506      6E00
 1507              	.LASF30:
 1508 05b8 63727970 		.ascii	"cryptoBase\000"
 1508      746F4261 
 1508      736500
 1509              	.LASF51:
 1510 05c3 736D6966 		.ascii	"smifDeviceNr\000"
 1510      44657669 
 1510      63654E72 
 1510      00
 1511              	.LASF152:
 1512 05d0 5F5F656E 		.ascii	"__enable_irq\000"
 1512      61626C65 
 1512      5F697271 
 1512      00
 1513              	.LASF149:
 1514 05dd 474E5520 		.ascii	"GNU C11 5.4.1 20160609 (release) [ARM/embedded-5-br"
 1514      43313120 
 1514      352E342E 
 1514      31203230 
 1514      31363036 
 1515 0610 616E6368 		.ascii	"anch revision 237715] -mcpu=cortex-m4 -mfloat-abi=s"
 1515      20726576 
 1515      6973696F 
 1515      6E203233 
 1515      37373135 
 1516 0643 6F667466 		.ascii	"oftfp -mfpu=fpv4-sp-d16 -mthumb -g -Og -ffunction-s"
 1516      70202D6D 
 1516      6670753D 
 1516      66707634 
 1516      2D73702D 
 1517 0676 65637469 		.ascii	"ections -ffat-lto-objects\000"
 1517      6F6E7320 
 1517      2D666661 
 1517      742D6C74 
 1517      6F2D6F62 
 1518              	.LASF109:
 1519 0690 666C6F61 		.ascii	"float\000"
 1519      7400
 1520              	.LASF73:
 1521 0696 64775374 		.ascii	"dwStatusChIdxMsk\000"
 1521      61747573 
 1521      43684964 
 1521      784D736B 
 1521      00
 1522              	.LASF146:
 1523 06a7 63795F64 		.ascii	"cy_device\000"
 1523      65766963 
 1523      6500
 1524              	.LASF101:
 1525 06b1 63707573 		.ascii	"cpussRomCtl\000"
 1525      73526F6D 
 1525      43746C00 
 1526              	.LASF71:
 1527 06bd 64774368 		.ascii	"dwChCtlPreemptablePos\000"
 1527      43746C50 
 1527      7265656D 
ARM GAS  C:\Users\marie\AppData\Local\Temp\ccf3e4XW.s 			page 37


 1527      70746162 
 1527      6C65506F 
 1528              	.LASF154:
 1529 06d3 53797374 		.ascii	"SystemInit\000"
 1529      656D496E 
 1529      697400
 1530              	.LASF24:
 1531 06de 75646242 		.ascii	"udbBase\000"
 1531      61736500 
 1532              	.LASF111:
 1533 06e6 5F426F6F 		.ascii	"_Bool\000"
 1533      6C00
 1534              	.LASF17:
 1535 06ec 696E7433 		.ascii	"int32_t\000"
 1535      325F7400 
 1536              	.LASF2:
 1537 06f4 756E7369 		.ascii	"unsigned char\000"
 1537      676E6564 
 1537      20636861 
 1537      7200
 1538              	.LASF67:
 1539 0702 666C6173 		.ascii	"flashCtlMainWs4Freq\000"
 1539      6843746C 
 1539      4D61696E 
 1539      57733446 
 1539      72657100 
 1540              	.LASF0:
 1541 0716 73686F72 		.ascii	"short int\000"
 1541      7420696E 
 1541      7400
 1542              	.LASF78:
 1543 0720 70657269 		.ascii	"periDivCmdDivSelMsk\000"
 1543      44697643 
 1543      6D644469 
 1543      7653656C 
 1543      4D736B00 
 1544              	.LASF129:
 1545 0734 636F6D70 		.ascii	"compareOrCapture\000"
 1545      6172654F 
 1545      72436170 
 1545      74757265 
 1545      00
 1546              	.LASF49:
 1547 0745 73727373 		.ascii	"srssNumHfroot\000"
 1547      4E756D48 
 1547      66726F6F 
 1547      7400
 1548              	.LASF62:
 1549 0753 666C6173 		.ascii	"flashEraseDelay\000"
 1549      68457261 
 1549      73654465 
 1549      6C617900 
 1550              	.LASF18:
 1551 0763 75696E74 		.ascii	"uint32_t\000"
 1551      33325F74 
 1551      00
 1552              	.LASF130:
ARM GAS  C:\Users\marie\AppData\Local\Temp\ccf3e4XW.s 			page 38


 1553 076c 636F6D70 		.ascii	"compare0\000"
 1553      61726530 
 1553      00
 1554              	.LASF20:
 1555 0775 6C6F6E67 		.ascii	"long double\000"
 1555      20646F75 
 1555      626C6500 
 1556              	.LASF108:
 1557 0781 63686172 		.ascii	"char\000"
 1557      00
 1558              	.LASF143:
 1559 0786 636F756E 		.ascii	"countInput\000"
 1559      74496E70 
 1559      757400
 1560              	.LASF39:
 1561 0791 70726F74 		.ascii	"protVersion\000"
 1561      56657273 
 1561      696F6E00 
 1562              	.LASF102:
 1563 079d 63707573 		.ascii	"cpussRam0Ctl0\000"
 1563      7352616D 
 1563      3043746C 
 1563      3000
 1564              	.LASF5:
 1565 07ab 5F5F7569 		.ascii	"__uint16_t\000"
 1565      6E743136 
 1565      5F7400
 1566              	.LASF83:
 1567 07b6 70657269 		.ascii	"periDiv16CtlOffset\000"
 1567      44697631 
 1567      3643746C 
 1567      4F666673 
 1567      657400
 1568              	.LASF7:
 1569 07c9 5F5F696E 		.ascii	"__int32_t\000"
 1569      7433325F 
 1569      7400
 1570              	.LASF36:
 1571 07d3 6873696F 		.ascii	"hsiomVersion\000"
 1571      6D566572 
 1571      73696F6E 
 1571      00
 1572              	.LASF133:
 1573 07e0 696E7465 		.ascii	"interruptSources\000"
 1573      72727570 
 1573      74536F75 
 1573      72636573 
 1573      00
 1574              	.LASF137:
 1575 07f1 72656C6F 		.ascii	"reloadInput\000"
 1575      6164496E 
 1575      70757400 
 1576              	.LASF6:
 1577 07fd 73686F72 		.ascii	"short unsigned int\000"
 1577      7420756E 
 1577      7369676E 
 1577      65642069 
ARM GAS  C:\Users\marie\AppData\Local\Temp\ccf3e4XW.s 			page 39


 1577      6E7400
 1578              	.LASF69:
 1579 0810 64774368 		.ascii	"dwChSize\000"
 1579      53697A65 
 1579      00
 1580              	.LASF141:
 1581 0819 73746F70 		.ascii	"stopInput\000"
 1581      496E7075 
 1581      7400
 1582              	.LASF105:
 1583 0823 69706353 		.ascii	"ipcStructSize\000"
 1583      74727563 
 1583      7453697A 
 1583      6500
 1584              	.LASF138:
 1585 0831 73746172 		.ascii	"startInputMode\000"
 1585      74496E70 
 1585      75744D6F 
 1585      646500
 1586              	.LASF44:
 1587 0840 63707573 		.ascii	"cpussIpc0Irq\000"
 1587      73497063 
 1587      30497271 
 1587      00
 1588              	.LASF147:
 1589 084d 43595F45 		.ascii	"CY_EINK_SPIM_context\000"
 1589      494E4B5F 
 1589      5350494D 
 1589      5F636F6E 
 1589      74657874 
 1590              	.LASF131:
 1591 0862 636F6D70 		.ascii	"compare1\000"
 1591      61726531 
 1591      00
 1592              	.LASF91:
 1593 086b 63707573 		.ascii	"cpussCm0ClockCtlOffset\000"
 1593      73436D30 
 1593      436C6F63 
 1593      6B43746C 
 1593      4F666673 
 1594              	.LASF87:
 1595 0882 6770696F 		.ascii	"gpioPrtCfgOffset\000"
 1595      50727443 
 1595      66674F66 
 1595      66736574 
 1595      00
 1596              	.LASF121:
 1597 0893 696E6974 		.ascii	"initKey\000"
 1597      4B657900 
 1598              	.LASF114:
 1599 089b 72784275 		.ascii	"rxBuf\000"
 1599      6600
 1600              	.LASF1:
 1601 08a1 7369676E 		.ascii	"signed char\000"
 1601      65642063 
 1601      68617200 
 1602              	.LASF113:
ARM GAS  C:\Users\marie\AppData\Local\Temp\ccf3e4XW.s 			page 40


 1603 08ad 73746174 		.ascii	"status\000"
 1603      757300
 1604              	.LASF46:
 1605 08b4 63707573 		.ascii	"cpussNotConnectedIrq\000"
 1605      734E6F74 
 1605      436F6E6E 
 1605      65637465 
 1605      64497271 
 1606              	.LASF60:
 1607 08c9 666C6173 		.ascii	"flashWriteDelay\000"
 1607      68577269 
 1607      74654465 
 1607      6C617900 
 1608              	.LASF14:
 1609 08d9 75696E74 		.ascii	"uint8_t\000"
 1609      385F7400 
 1610              	.LASF148:
 1611 08e1 43595F45 		.ascii	"CY_EINK_Timer_config\000"
 1611      494E4B5F 
 1611      54696D65 
 1611      725F636F 
 1611      6E666967 
 1612              	.LASF93:
 1613 08f6 63707573 		.ascii	"cpussCm4StatusOffset\000"
 1613      73436D34 
 1613      53746174 
 1613      75734F66 
 1613      66736574 
 1614              	.LASF86:
 1615 090b 6770696F 		.ascii	"gpioPrtIntrCfgOffset\000"
 1615      50727449 
 1615      6E747243 
 1615      66674F66 
 1615      66736574 
 1616              	.LASF136:
 1617 0920 72656C6F 		.ascii	"reloadInputMode\000"
 1617      6164496E 
 1617      7075744D 
 1617      6F646500 
 1618              	.LASF97:
 1619 0930 63707573 		.ascii	"cpussTrimRomCtlOffset\000"
 1619      73547269 
 1619      6D526F6D 
 1619      43746C4F 
 1619      66667365 
 1620              	.LASF142:
 1621 0946 636F756E 		.ascii	"countInputMode\000"
 1621      74496E70 
 1621      75744D6F 
 1621      646500
 1622              	.LASF33:
 1623 0955 64775665 		.ascii	"dwVersion\000"
 1623      7273696F 
 1623      6E00
 1624              	.LASF29:
 1625 095f 69706342 		.ascii	"ipcBase\000"
 1625      61736500 
ARM GAS  C:\Users\marie\AppData\Local\Temp\ccf3e4XW.s 			page 41


 1626              	.LASF80:
 1627 0967 70657269 		.ascii	"periDivCmdPaDivSelPos\000"
 1627      44697643 
 1627      6D645061 
 1627      44697653 
 1627      656C506F 
 1628              	.LASF61:
 1629 097d 666C6173 		.ascii	"flashProgramDelay\000"
 1629      6850726F 
 1629      6772616D 
 1629      44656C61 
 1629      7900
 1630              	.LASF150:
 1631 098f 6D61696E 		.ascii	"main_cm4.c\000"
 1631      5F636D34 
 1631      2E6300
 1632              	.LASF58:
 1633 099a 666C6173 		.ascii	"flashRwwRequired\000"
 1633      68527777 
 1633      52657175 
 1633      69726564 
 1633      00
 1634              	.LASF119:
 1635 09ab 74784275 		.ascii	"txBufIdx\000"
 1635      66496478 
 1635      00
 1636              		.ident	"GCC: (GNU Tools for ARM Embedded Processors) 5.4.1 20160609 (release) [ARM/embedded-5-bran
